#ts enqueued_b enqueued_t,visible=1,subplot=2 bwe,visible=1,subplot=1 cur,visible=1,subplot=1 level,visible=1,subplot=3 max_level player_status,visible=1,subplot=3 paused_time downloaded_bytes cpu,visible=1,subplot=4 mem,visible=1,subplot=5 rss vms ts_start_req ts_stop_req alpha view q0,visible=0 q1,visible=0 q2,visible=0

1569321306.61 0 0.000 0.000 218750 0 2 0 0.000 0 0.000 0.537 43925504.000 342048768.000 -1.000 -1.000 0 0 218750 406250 781250
1569321306.71 0 0.000 0.000 218750 0 2 0 0.000 0 10.000 0.539 44257280.000 342192128.000 1569321306.608 -1.000 0 0 218750 406250 781250
1569321306.81 0 0.000 0.000 218750 0 2 0 0.000 0 10.000 0.540 44396544.000 342327296.000 1569321306.608 -1.000 0 0 218750 406250 781250
1569321306.91 0 0.000 0.000 218750 0 2 0 0.000 0 10.000 0.541 44494848.000 342327296.000 1569321306.608 -1.000 0 0 218750 406250 781250
1569321307.01 0 0.000 0.000 218750 0 2 0 0.000 0 9.091 0.543 44597248.000 342470656.000 1569321306.608 -1.000 0 0 218750 406250 781250
1569321307.12 0 0.000 0.000 218750 0 2 0 0.000 0 10.000 0.544 44703744.000 342614016.000 1569321306.608 -1.000 0 0 218750 406250 781250
1569321307.22 0 0.000 0.000 218750 0 2 0 0.000 0 10.000 0.545 44818432.000 342757376.000 1569321306.608 -1.000 0 0 218750 406250 781250
1569321307.32 0 0.000 0.000 218750 0 2 0 0.000 0 10.000 0.547 44924928.000 342757376.000 1569321306.608 -1.000 0 0 218750 406250 781250
1569321307.42 0 0.000 0.000 218750 0 2 0 0.000 0 10.000 0.548 45039616.000 342900736.000 1569321306.608 -1.000 0 0 218750 406250 781250
1569321307.53 0 0.000 0.000 218750 0 2 0 0.000 0 10.000 0.549 45146112.000 343044096.000 1569321306.608 -1.000 0 0 218750 406250 781250
1569321307.63 0 0.000 0.000 218750 0 2 0 0.000 0 9.091 0.551 45248512.000 343187456.000 1569321306.608 -1.000 0 0 218750 406250 781250
1569321307.73 0 0.000 0.000 218750 0 2 0 0.000 0 10.000 0.552 45367296.000 343187456.000 1569321306.608 -1.000 0 0 218750 406250 781250
1569321307.83 0 0.000 0.000 218750 0 2 0 0.000 0 10.000 0.553 45469696.000 343330816.000 1569321306.608 -1.000 0 0 218750 406250 781250
1569321307.93 0 0.000 0.000 218750 0 2 0 0.000 0 10.000 0.555 45588480.000 343474176.000 1569321306.608 -1.000 0 0 218750 406250 781250
1569321308.03 0 0.000 0.000 218750 0 2 0 0.000 0 20.000 0.556 45690880.000 343617536.000 1569321306.608 -1.000 0 0 218750 406250 781250
1569321308.14 0 0.000 0.000 218750 0 2 0 0.000 0 0.000 0.557 45797376.000 343760896.000 1569321306.608 -1.000 0 0 218750 406250 781250
1569321308.24 0 0.000 0.000 218750 0 2 0 0.000 0 20.000 0.558 45912064.000 343760896.000 1569321306.608 -1.000 0 0 218750 406250 781250
1569321308.34 0 0.000 0.000 218750 0 2 0 0.000 0 0.000 0.558 45977600.000 343760896.000 1569321306.608 -1.000 0 0 218750 406250 781250
1569321308.44 0 0.000 0.000 218750 0 2 0 0.000 0 0.000 0.561 45977600.000 343969792.000 1569321306.608 -1.000 0 0 218750 406250 781250
1569321308.54 0 0.000 0.000 218750 0 2 0 0.000 0 20.000 0.563 46239744.000 344113152.000 1569321306.608 -1.000 0 0 218750 406250 781250
1569321308.64 0 0.000 0.000 218750 0 2 0 0.000 0 20.000 0.564 46358528.000 344256512.000 1569321306.608 -1.000 0 0 218750 406250 781250
1569321308.75 0 0.000 0.000 218750 0 2 0 0.000 0 9.091 0.556 45694976.000 343650304.000 1569321306.608 -1.000 0 0 218750 406250 781250
1569321308.85 0 0.000 0.000 218750 0 2 0 0.000 0 20.000 0.547 45064192.000 342913024.000 1569321306.608 -1.000 0 0 218750 406250 781250
1569321308.95 0 0.000 0.000 218750 0 2 0 0.000 0 30.000 0.549 45236224.000 342953984.000 1569321306.608 -1.000 0 0 218750 406250 781250

1569321309.05 815149 3.967 362327.810 218750 0 2 0 0.000 863296 50.000 0.562 46161920.000 342110208.000 1569321308.994 1569321308.991 0 0 218750 406250 781250
1569321309.15 815149 3.967 362327.810 218750 0 2 0 0.000 863296 0.000 0.562 46305280.000 342110208.000 1569321309.130 1569321308.991 0 0 218750 406250 781250
1569321309.26 815149 3.967 362327.810 218750 0 2 0 0.000 863296 10.000 0.562 46305280.000 342245376.000 1569321309.130 1569321308.991 0 0 218750 406250 781250
1569321309.36 815149 3.967 362327.810 218750 0 2 0 0.000 863296 10.000 0.564 46333952.000 342245376.000 1569321309.130 1569321308.991 0 0 218750 406250 781250
1569321309.46 815149 3.967 362327.810 218750 0 2 0 0.000 863296 10.000 0.565 46436352.000 342384640.000 1569321309.130 1569321308.991 0 0 218750 406250 781250
1569321309.56 815149 3.967 362327.810 218750 0 2 0 0.000 863296 10.000 0.566 46551040.000 342528000.000 1569321309.130 1569321308.991 0 0 218750 406250 781250
1569321309.66 815149 3.967 362327.810 218750 0 2 0 0.000 863296 10.000 0.568 46657536.000 342671360.000 1569321309.130 1569321308.991 0 0 218750 406250 781250
1569321309.77 815149 3.967 362327.810 218750 0 2 0 0.000 863296 10.000 0.569 46759936.000 342814720.000 1569321309.130 1569321308.991 0 0 218750 406250 781250
1569321309.87 815149 3.967 362327.810 218750 0 2 0 0.000 863296 0.000 0.569 46878720.000 342814720.000 1569321309.130 1569321308.991 0 0 218750 406250 781250
1569321309.97 815149 3.967 362327.810 218750 0 2 0 0.000 863296 10.000 0.569 46915584.000 342814720.000 1569321309.130 1569321308.991 0 0 218750 406250 781250
1569321310.07 815149 3.967 362327.810 218750 0 2 0 0.000 863296 0.000 0.569 46915584.000 342814720.000 1569321309.130 1569321308.991 0 0 218750 406250 781250
1569321310.17 815149 3.967 362327.810 218750 0 2 0 0.000 863296 10.000 0.571 46915584.000 342958080.000 1569321309.130 1569321308.991 0 0 218750 406250 781250
1569321310.27 815149 3.967 362327.810 218750 0 2 0 0.000 863296 9.091 0.573 47054848.000 343097344.000 1569321309.130 1569321308.991 0 0 218750 406250 781250
1569321310.38 815149 3.967 362327.810 218750 0 2 0 0.000 863296 20.000 0.575 47198208.000 343240704.000 1569321309.130 1569321308.991 0 0 218750 406250 781250
1569321310.48 815149 3.967 362327.810 218750 0 2 0 0.000 863296 10.000 0.576 47341568.000 343384064.000 1569321309.130 1569321308.991 0 0 218750 406250 781250
1569321310.58 815149 3.967 362327.810 218750 0 2 0 0.000 863296 10.000 0.578 47484928.000 343527424.000 1569321309.130 1569321308.991 0 0 218750 406250 781250
1569321310.68 815149 3.967 362327.810 218750 0 2 0 0.000 863296 20.000 0.580 47628288.000 343670784.000 1569321309.130 1569321308.991 0 0 218750 406250 781250
1569321310.78 815149 3.967 362327.810 218750 0 2 0 0.000 863296 10.000 0.582 47771648.000 343814144.000 1569321309.130 1569321308.991 0 0 218750 406250 781250
1569321310.89 815149 3.967 362327.810 218750 0 2 0 0.000 863296 10.000 0.583 47927296.000 343957504.000 1569321309.130 1569321308.991 0 0 218750 406250 781250
1569321310.99 815149 3.967 362327.810 218750 0 2 0 0.000 863296 18.182 0.585 48070656.000 344100864.000 1569321309.130 1569321308.991 0 0 218750 406250 781250
1569321311.09 815149 3.967 362327.810 218750 0 2 0 0.000 863296 20.000 0.587 48214016.000 344244224.000 1569321309.130 1569321308.991 0 0 218750 406250 781250
1569321311.19 815149 3.967 362327.810 218750 0 2 0 0.000 863296 20.000 0.589 48357376.000 344387584.000 1569321309.130 1569321308.991 0 0 218750 406250 781250
1569321311.29 815149 3.967 362327.810 218750 0 2 0 0.000 863296 10.000 0.572 47116288.000 342921216.000 1569321309.130 1569321308.991 0 0 218750 406250 781250
1569321311.39 815149 3.967 362327.810 218750 0 2 0 0.000 863296 0.000 0.572 47116288.000 342921216.000 1569321309.130 1569321308.991 0 0 218750 406250 781250
1569321311.50 815149 3.967 362327.810 218750 0 2 0 0.000 863296 0.000 0.572 47116288.000 342921216.000 1569321309.130 1569321308.991 0 0 218750 406250 781250
1569321311.60 815149 3.967 362327.810 218750 0 2 0 0.000 863296 0.000 0.572 47116288.000 342921216.000 1569321309.130 1569321308.991 0 0 218750 406250 781250

1569321311.70 1576157 7.967 327729.032 218750 0 2 0 0.000 1672260 40.000 0.582 47923200.000 342110208.000 1569321311.600 1569321311.599 327 0 218750 406250 781250
1569321311.80 1576157 7.967 327729.032 218750 0 2 0 0.000 1672260 10.000 0.582 47923200.000 342249472.000 1569321311.734 1569321311.599 327 0 218750 406250 781250
1569321311.90 1576157 7.967 327729.032 218750 0 2 0 0.000 1672260 10.000 0.583 47935488.000 342249472.000 1569321311.734 1569321311.599 327 0 218750 406250 781250
1569321312.01 1576157 7.967 327729.032 218750 0 2 0 0.000 1672260 10.000 0.585 48058368.000 342388736.000 1569321311.734 1569321311.599 327 0 218750 406250 781250
1569321312.11 1576157 7.967 327729.032 218750 0 2 0 0.000 1672260 18.182 0.587 48201728.000 342532096.000 1569321311.734 1569321311.599 327 0 218750 406250 781250
1569321312.21 1576157 7.967 327729.032 218750 0 2 0 0.000 1672260 10.000 0.588 48345088.000 342675456.000 1569321311.734 1569321311.599 327 0 218750 406250 781250
1569321312.31 1576157 7.967 327729.032 218750 0 2 0 0.000 1672260 10.000 0.590 48488448.000 342962176.000 1569321311.734 1569321311.599 327 0 218750 406250 781250
1569321312.41 1576157 7.967 327729.032 218750 0 2 0 0.000 1672260 10.000 0.592 48644096.000 343105536.000 1569321311.734 1569321311.599 327 0 218750 406250 781250
1569321312.51 1576157 7.967 327729.032 218750 0 2 0 0.000 1672260 9.091 0.594 48787456.000 343248896.000 1569321311.734 1569321311.599 327 0 218750 406250 781250
1569321312.62 1576157 7.967 327729.032 218750 0 2 0 0.000 1672260 10.000 0.596 48930816.000 343392256.000 1569321311.734 1569321311.599 327 0 218750 406250 781250
1569321312.72 1576157 7.967 327729.032 218750 0 2 0 0.000 1672260 20.000 0.597 49074176.000 343535616.000 1569321311.734 1569321311.599 327 0 218750 406250 781250
1569321312.82 1576157 7.967 327729.032 218750 0 2 0 0.000 1672260 10.000 0.599 49217536.000 343678976.000 1569321311.734 1569321311.599 327 0 218750 406250 781250
1569321312.92 1576157 7.967 327729.032 218750 0 2 0 0.000 1672260 20.000 0.601 49373184.000 343822336.000 1569321311.734 1569321311.599 327 0 218750 406250 781250
1569321313.02 1576157 7.967 327729.032 218750 0 2 0 0.000 1672260 10.000 0.602 49516544.000 343822336.000 1569321311.734 1569321311.599 327 0 218750 406250 781250
1569321313.13 1576157 7.967 327729.032 218750 0 2 0 0.000 1672260 0.000 0.602 49606656.000 343822336.000 1569321311.734 1569321311.599 327 0 218750 406250 781250
1569321313.23 1576157 7.967 327729.032 218750 0 2 0 0.000 1672260 10.000 0.606 49872896.000 344211456.000 1569321311.734 1569321311.599 327 0 218750 406250 781250
1569321313.33 1576157 7.967 327729.032 218750 0 2 0 0.000 1672260 20.000 0.608 49946624.000 344354816.000 1569321311.734 1569321311.599 327 0 218750 406250 781250

1569321313.43 2321019 11.983 483577.901 218750 0 2 0 0.000 2466748 40.000 0.602 49569792.000 342110208.000 1569321313.381 1569321313.377 327 0 218750 406250 781250
1569321313.53 2321019 11.983 483577.901 218750 0 2 1 6.962 2466748 10.000 0.602 49635328.000 342110208.000 1569321313.509 1569321313.377 327 0 218750 406250 781250
1569321313.63 2321019 11.983 483577.901 218750 0 2 1 6.962 2466748 9.091 0.603 49635328.000 342253568.000 1569321313.509 1569321313.377 327 0 218750 406250 781250
1569321313.74 2321019 11.983 483577.901 218750 0 2 1 6.962 2466748 10.000 0.605 49704960.000 342388736.000 1569321313.509 1569321313.377 327 0 218750 406250 781250
1569321313.84 2321019 11.983 483577.901 218750 0 2 1 6.962 2466748 10.000 0.607 49848320.000 342532096.000 1569321313.509 1569321313.377 327 0 218750 406250 781250
1569321313.94 2321019 11.983 483577.901 218750 0 2 1 6.962 2466748 10.000 0.609 50003968.000 342675456.000 1569321313.509 1569321313.377 327 0 218750 406250 781250
1569321314.04 2321019 11.983 483577.901 218750 0 2 1 6.962 2466748 10.000 0.610 50147328.000 342818816.000 1569321313.509 1569321313.377 327 0 218750 406250 781250
1569321314.14 2321019 11.983 483577.901 218750 0 2 1 6.962 2466748 10.000 0.612 50290688.000 342962176.000 1569321313.509 1569321313.377 327 0 218750 406250 781250
1569321314.24 2287312 11.883 483577.901 218750 0 2 1 6.962 2466748 10.000 0.614 50434048.000 343105536.000 1569321313.509 1569321313.377 327 0 218750 406250 781250
1569321314.35 2283578 11.783 483577.901 218750 0 2 1 6.962 2466748 18.182 0.616 50577408.000 343248896.000 1569321313.509 1569321313.377 327 0 218750 406250 781250
1569321314.45 2277797 11.683 483577.901 218750 0 2 1 6.962 2466748 10.000 0.618 50737152.000 343392256.000 1569321313.509 1569321313.377 327 0 218750 406250 781250
1569321314.55 2265589 11.583 483577.901 218750 0 2 1 6.962 2466748 10.000 0.619 50880512.000 343535616.000 1569321313.509 1569321313.377 327 0 218750 406250 781250
1569321314.65 2257123 11.500 483577.901 218750 0 2 1 6.962 2466748 10.000 0.621 51023872.000 343678976.000 1569321313.509 1569321313.377 327 0 218750 406250 781250
1569321314.75 2211772 11.383 483577.901 218750 0 2 1 6.962 2466748 10.000 0.623 51167232.000 343822336.000 1569321313.509 1569321313.377 327 0 218750 406250 781250
1569321314.86 2205597 11.300 483577.901 218750 0 2 1 6.962 2466748 9.091 0.623 51310592.000 343822336.000 1569321313.509 1569321313.377 327 0 218750 406250 781250
1569321314.96 2191159 11.167 483577.901 218750 0 2 1 6.962 2466748 0.000 0.623 51322880.000 343822336.000 1569321313.509 1569321313.377 327 0 218750 406250 781250
1569321315.06 2180104 11.067 483577.901 218750 0 2 1 6.962 2466748 0.000 0.623 51322880.000 343822336.000 1569321313.509 1569321313.377 327 0 218750 406250 781250
1569321315.16 2170045 10.983 483577.901 218750 0 2 1 6.962 2466748 10.000 0.625 51322880.000 344023040.000 1569321313.509 1569321313.377 327 0 218750 406250 781250
1569321315.26 2122190 10.867 483577.901 218750 0 2 1 6.962 2466748 30.000 0.628 51499008.000 344301568.000 1569321313.509 1569321313.377 327 0 218750 406250 781250

1569321315.36 2853692 14.767 442095.953 218750 0 2 1 6.962 3267440 50.000 0.619 50876416.000 342118400.000 1569321315.324 1569321315.320 124 1 218750 406250 781250
1569321315.47 2842191 14.650 442095.953 218750 0 2 1 6.962 3267440 0.000 0.619 51023872.000 342118400.000 1569321315.454 1569321315.320 124 1 218750 406250 781250
1569321315.57 2829296 14.567 442095.953 218750 0 2 1 6.962 3267440 18.182 0.621 51023872.000 342388736.000 1569321315.454 1569321315.320 124 1 218750 406250 781250
1569321315.67 2810705 14.467 442095.953 218750 0 2 1 6.962 3267440 10.000 0.624 51191808.000 342675456.000 1569321315.454 1569321315.320 124 1 218750 406250 781250
1569321315.77 2753834 14.367 442095.953 218750 0 2 1 6.962 3267440 20.000 0.627 51449856.000 342818816.000 1569321315.454 1569321315.320 124 1 218750 406250 781250
1569321315.87 2743944 14.250 442095.953 218750 0 2 1 6.962 3267440 10.000 0.631 51699712.000 343105536.000 1569321315.454 1569321315.320 124 1 218750 406250 781250
1569321315.97 2722170 14.117 442095.953 218750 0 2 1 6.962 3267440 18.182 0.634 51957760.000 343392256.000 1569321315.454 1569321315.320 124 1 218750 406250 781250
1569321316.08 2706860 14.017 442095.953 218750 0 2 1 6.962 3267440 20.000 0.637 52219904.000 343678976.000 1569321315.454 1569321315.320 124 1 218750 406250 781250
1569321316.18 2638494 13.900 442095.953 218750 0 2 1 6.962 3267440 20.000 0.639 52469760.000 343822336.000 1569321315.454 1569321315.320 124 1 218750 406250 781250
1569321316.28 2630951 13.800 442095.953 218750 0 2 1 6.962 3267440 10.000 0.643 52891648.000 344125440.000 1569321315.454 1569321315.320 124 1 218750 406250 781250
1569321316.38 2621384 13.717 442095.953 218750 0 2 1 6.962 3267440 20.000 0.646 52977664.000 344412160.000 1569321315.454 1569321315.320 124 1 218750 406250 781250

1569321316.48 3363188 17.633 845804.554 218750 0 2 1 6.962 4069448 40.000 0.632 52101120.000 342118400.000 1569321316.409 1569321316.402 124 1 218750 406250 781250
1569321316.59 3347227 17.533 845804.554 218750 0 2 1 6.962 4069448 10.000 0.633 52101120.000 342253568.000 1569321316.541 1569321316.402 124 1 218750 406250 781250
1569321316.69 3279383 17.433 845804.554 218750 0 2 1 6.962 4069448 9.091 0.635 52117504.000 342392832.000 1569321316.541 1569321316.402 124 1 218750 406250 781250
1569321316.79 3272492 17.333 845804.554 218750 0 2 1 6.962 4069448 20.000 0.639 52350976.000 342679552.000 1569321316.541 1569321316.402 124 1 218750 406250 781250
1569321316.89 3259746 17.233 845804.554 218750 0 2 1 6.962 4069448 10.000 0.642 52613120.000 342966272.000 1569321316.541 1569321316.402 124 1 218750 406250 781250
1569321316.99 3245485 17.133 845804.554 218750 0 2 1 6.962 4069448 20.000 0.645 52858880.000 343252992.000 1569321316.541 1569321316.402 124 1 218750 406250 781250
1569321317.10 3232990 17.033 845804.554 218750 0 2 1 6.962 4069448 18.182 0.648 53121024.000 343396352.000 1569321316.541 1569321316.402 124 1 218750 406250 781250
1569321317.20 3164958 16.933 845804.554 218750 0 2 1 6.962 4069448 20.000 0.651 53379072.000 343683072.000 1569321316.541 1569321316.402 124 1 218750 406250 781250
1569321317.30 3156737 16.833 845804.554 218750 0 2 1 6.962 4069448 10.000 0.652 53628928.000 343826432.000 1569321316.541 1569321316.402 124 1 218750 406250 781250
1569321317.40 3147141 16.733 845804.554 218750 0 2 1 6.962 4069448 20.000 0.657 53997568.000 344158208.000 1569321316.541 1569321316.402 124 1 218750 406250 781250
1569321317.51 3885752 20.617 845700.197 218750 0 2 1 6.962 4868260 36.364 0.649 53452800.000 342118400.000 1569321317.492 1569321317.486 128 1 218750 406250 781250

1569321317.61 3872545 20.517 845700.197 218750 0 2 1 6.962 4868260 10.000 0.649 53452800.000 342118400.000 1569321317.492 1569321317.486 128 1 218750 406250 781250
1569321317.71 3805610 20.417 845700.197 218750 0 2 1 6.962 4868260 10.000 0.650 53452800.000 342253568.000 1569321317.621 1569321317.486 128 1 218750 406250 781250
1569321317.81 3800437 20.317 845700.197 218750 0 2 1 6.962 4868260 10.000 0.653 53567488.000 342532096.000 1569321317.621 1569321317.486 128 1 218750 406250 781250
1569321317.91 3789776 20.217 845700.197 218750 0 2 1 6.962 4868260 18.182 0.656 53813248.000 342818816.000 1569321317.621 1569321317.486 128 1 218750 406250 781250
1569321318.02 3777832 20.117 845700.197 218750 0 2 1 6.962 4868260 10.000 0.659 54075392.000 343105536.000 1569321317.621 1569321317.486 128 1 218750 406250 781250
1569321318.12 3767308 19.983 845700.197 218750 0 2 1 6.962 4868260 30.000 0.662 54325248.000 343248896.000 1569321317.621 1569321317.486 128 1 218750 406250 781250
1569321318.22 3712196 19.900 845700.197 218750 0 2 1 6.962 4868260 10.000 0.666 54583296.000 343535616.000 1569321317.621 1569321317.486 128 1 218750 406250 781250
1569321318.32 3704314 19.767 845700.197 218750 0 2 1 6.962 4868260 30.000 0.669 54845440.000 343822336.000 1569321317.621 1569321317.486 128 1 218750 406250 781250
1569321318.42 3699577 19.700 845700.197 218750 0 2 1 6.962 4868260 10.000 0.672 55091200.000 344154112.000 1569321317.621 1569321317.486 128 1 218750 406250 781250
1569321318.53 3688962 19.567 845700.197 218750 0 2 1 6.962 4868260 18.182 0.675 55357440.000 344297472.000 1569321317.621 1569321317.486 128 1 218750 406250 781250

1569321318.63 4433847 23.517 845836.408 218750 0 2 1 6.962 5667824 50.000 0.669 55013376.000 342118400.000 1569321318.569 1569321318.566 128 1 218750 406250 781250
1569321318.73 4402545 23.367 845836.408 218750 0 2 1 6.962 5667824 10.000 0.669 55119872.000 342253568.000 1569321318.698 1569321318.566 128 1 218750 406250 781250
1569321318.83 4398521 23.283 845836.408 218750 0 2 1 6.962 5667824 10.000 0.672 55132160.000 342388736.000 1569321318.698 1569321318.566 128 1 218750 406250 781250
1569321318.93 4394775 23.217 845836.408 218750 0 2 1 6.962 5667824 20.000 0.675 55336960.000 342675456.000 1569321318.698 1569321318.566 128 1 218750 406250 781250
1569321319.04 4388934 23.100 845836.408 218750 0 2 1 6.962 5667824 0.000 0.678 55599104.000 342962176.000 1569321318.698 1569321318.566 128 1 218750 406250 781250
1569321319.14 4363107 23.000 845836.408 218750 0 2 1 6.962 5667824 20.000 0.681 55848960.000 343240704.000 1569321318.698 1569321318.566 128 1 218750 406250 781250
1569321319.24 4315135 22.917 845836.408 218750 0 2 1 6.962 5667824 30.000 0.684 56111104.000 343384064.000 1569321318.698 1569321318.566 128 1 218750 406250 781250
1569321319.34 4296901 22.783 845836.408 218750 0 2 1 6.962 5667824 20.000 0.687 56360960.000 343670784.000 1569321318.698 1569321318.566 128 1 218750 406250 781250
1569321319.44 4275582 22.650 845836.408 218750 0 2 1 6.962 5667824 10.000 0.689 56619008.000 343814144.000 1569321318.698 1569321318.566 128 1 218750 406250 781250
1569321319.55 4266886 22.583 845836.408 218750 0 2 1 6.962 5667824 10.000 0.693 57016320.000 344145920.000 1569321318.698 1569321318.566 128 1 218750 406250 781250
1569321319.65 4957967 26.067 845862.743 218750 0 2 1 6.962 6467764 27.273 0.700 57397248.000 344424448.000 1569321318.698 1569321319.644 14 0 218750 406250 781250

1569321319.75 4942398 26.333 845862.743 218750 0 2 1 6.962 6467764 40.000 0.686 56500224.000 342118400.000 1569321319.648 1569321319.644 14 0 218750 406250 781250
1569321319.85 4936086 26.267 845862.743 218750 0 2 1 6.962 6467764 0.000 0.687 56500224.000 342253568.000 1569321319.777 1569321319.644 14 0 218750 406250 781250
1569321319.95 4920089 26.133 845862.743 218750 0 2 1 6.962 6467764 20.000 0.689 56573952.000 342388736.000 1569321319.777 1569321319.644 14 0 218750 406250 781250
1569321320.06 4912236 26.067 845862.743 218750 0 2 1 6.962 6467764 9.091 0.691 56745984.000 342679552.000 1569321319.777 1569321319.644 14 0 218750 406250 781250
1569321320.16 4897939 25.967 845862.743 218750 0 2 1 6.962 6467764 10.000 0.693 56930304.000 342822912.000 1569321319.777 1569321319.644 14 0 218750 406250 781250
1569321320.26 4839881 25.833 845862.743 218750 0 2 1 6.962 6467764 10.000 0.695 57114624.000 342966272.000 1569321319.777 1569321319.644 14 0 218750 406250 781250
1569321320.36 4832992 25.767 845862.743 218750 0 2 1 6.962 6467764 20.000 0.698 57298944.000 343109632.000 1569321319.777 1569321319.644 14 0 218750 406250 781250
1569321320.46 4816427 25.633 845862.743 218750 0 2 1 6.962 6467764 20.000 0.700 57479168.000 343396352.000 1569321319.777 1569321319.644 14 0 218750 406250 781250
1569321320.57 4809183 25.567 845862.743 218750 0 2 1 6.962 6467764 10.000 0.702 57663488.000 343539712.000 1569321319.777 1569321319.644 14 0 218750 406250 781250
1569321320.67 4795891 25.467 845862.743 218750 0 2 1 6.962 6467764 18.182 0.704 57843712.000 343683072.000 1569321319.777 1569321319.644 14 0 218750 406250 781250
1569321320.77 4740183 25.317 845862.743 218750 0 2 1 6.962 6467764 20.000 0.706 58028032.000 343826432.000 1569321319.777 1569321319.644 14 0 218750 406250 781250
1569321320.87 4732839 25.250 845862.743 218750 0 2 1 6.962 6467764 20.000 0.709 58208256.000 344113152.000 1569321319.777 1569321319.644 14 0 218750 406250 781250
1569321320.97 4716813 25.117 845862.743 218750 0 2 1 6.962 6467764 20.000 0.711 58392576.000 344256512.000 1569321319.777 1569321319.644 14 0 218750 406250 781250
1569321321.09 5455056 29.050 615514.838 781250 2 2 1 6.962 7261876 33.333 0.700 57528320.000 342118400.000 1569321321.070 1569321321.067 14 0 218750 406250 781250

1569321321.19 5392388 28.900 615514.838 781250 2 2 1 6.962 7261876 20.000 0.700 57700352.000 342118400.000 1569321321.070 1569321321.067 14 0 218750 406250 781250
1569321321.29 5386587 28.833 615514.838 781250 2 2 1 6.962 7261876 0.000 0.701 57700352.000 342253568.000 1569321321.204 1569321321.067 14 0 218750 406250 781250
1569321321.39 5374808 28.700 615514.838 781250 2 2 1 6.962 7261876 10.000 0.703 57745408.000 342388736.000 1569321321.204 1569321321.067 14 0 218750 406250 781250
1569321321.49 5367746 28.633 615514.838 781250 2 2 1 6.962 7261876 18.182 0.705 57917440.000 342532096.000 1569321321.204 1569321321.067 14 0 218750 406250 781250
1569321321.60 5355195 28.500 615514.838 781250 2 2 1 6.962 7261876 10.000 0.707 58101760.000 342818816.000 1569321321.204 1569321321.067 14 0 218750 406250 781250
1569321321.70 5300357 28.400 615514.838 781250 2 2 1 6.962 7261876 20.000 0.710 58286080.000 342962176.000 1569321321.204 1569321321.067 14 0 218750 406250 781250
1569321321.80 5294850 28.333 615514.838 781250 2 2 1 6.962 7261876 10.000 0.712 58466304.000 343105536.000 1569321321.204 1569321321.067 14 0 218750 406250 781250
1569321321.90 5282498 28.200 615514.838 781250 2 2 1 6.962 7261876 20.000 0.714 58650624.000 343248896.000 1569321321.204 1569321321.067 14 0 218750 406250 781250
1569321322.00 5272879 28.117 615514.838 781250 2 2 1 6.962 7261876 20.000 0.716 58830848.000 343535616.000 1569321321.204 1569321321.067 14 0 218750 406250 781250
1569321322.11 5257761 27.983 615514.838 781250 2 2 1 6.962 7261876 10.000 0.718 59015168.000 343678976.000 1569321321.204 1569321321.067 14 0 218750 406250 781250
1569321322.21 5203294 27.900 615514.838 781250 2 2 1 6.962 7261876 18.182 0.721 59195392.000 343822336.000 1569321321.204 1569321321.067 14 0 218750 406250 781250
1569321322.31 5192656 27.767 615514.838 781250 2 2 1 6.962 7261876 20.000 0.723 59379712.000 344109056.000 1569321321.204 1569321321.067 14 0 218750 406250 781250
1569321322.41 5186892 27.700 615514.838 781250 2 2 1 6.962 7261876 10.000 0.724 59559936.000 344109056.000 1569321321.204 1569321321.067 14 0 218750 406250 781250
1569321322.51 5171375 27.567 615514.838 781250 2 2 1 6.962 7261876 10.000 0.727 59891712.000 344358912.000 1569321321.204 1569321321.067 14 0 218750 406250 781250
1569321322.61 5166091 27.500 615514.838 781250 2 2 1 6.962 7261876 20.000 0.719 59088896.000 343818240.000 1569321321.204 1569321321.067 14 0 218750 406250 781250
1569321322.72 5112897 27.400 615514.838 781250 2 2 1 6.962 7261876 36.364 0.711 58613760.000 343031808.000 1569321321.204 1569321321.067 14 0 218750 406250 781250
1569321322.82 5100108 27.267 615514.838 781250 2 2 1 6.962 7261876 40.000 0.712 58675200.000 343093248.000 1569321321.204 1569321321.067 14 0 218750 406250 781250
1569321322.92 5093069 27.200 615514.838 781250 2 2 1 6.962 7261876 30.000 0.713 58736640.000 343154688.000 1569321321.204 1569321321.067 14 0 218750 406250 781250
1569321323.02 5078725 27.067 615514.838 781250 2 2 1 6.962 7261876 40.000 0.712 58662912.000 343212032.000 1569321321.204 1569321321.067 14 0 218750 406250 781250
1569321323.12 5073491 27.000 615514.838 781250 2 2 1 6.962 7261876 40.000 0.713 58724352.000 343273472.000 1569321321.204 1569321321.067 14 0 218750 406250 781250
1569321323.23 5019659 26.900 615514.838 781250 2 2 1 6.962 7261876 50.000 0.714 58789888.000 343330816.000 1569321321.204 1569321321.067 14 0 218750 406250 781250
1569321323.33 5006844 26.767 615514.838 781250 2 2 1 6.962 7261876 36.364 0.714 58851328.000 343392256.000 1569321321.204 1569321321.067 14 0 218750 406250 781250
1569321323.43 5000555 26.700 615514.838 781250 2 2 1 6.962 7261876 30.000 0.731 59985920.000 344788992.000 1569321321.204 1569321321.067 14 0 218750 406250 781250
1569321323.53 4986928 26.567 615514.838 781250 2 2 1 6.962 7261876 50.000 0.733 60313600.000 344915968.000 1569321321.204 1569321321.067 14 0 218750 406250 781250
1569321323.63 4981360 26.500 615514.838 781250 2 2 1 6.962 7261876 30.000 0.718 59125760.000 343543808.000 1569321321.204 1569321321.067 14 0 218750 406250 781250
1569321323.73 4925881 26.400 615514.838 781250 2 2 1 6.962 7261876 36.364 0.736 60436480.000 345161728.000 1569321321.204 1569321321.067 14 0 218750 406250 781250
1569321323.84 4914322 26.250 615514.838 781250 2 2 1 6.962 7261876 50.000 0.737 60502016.000 345280512.000 1569321321.204 1569321321.067 14 0 218750 406250 781250
1569321323.94 4905795 26.183 615514.838 781250 2 2 1 6.962 7261876 50.000 0.739 60833792.000 345403392.000 1569321321.204 1569321321.067 14 0 218750 406250 781250
1569321324.04 4890961 26.050 615514.838 781250 2 2 1 6.962 7261876 60.000 0.721 59408384.000 343826432.000 1569321321.204 1569321321.067 14 0 218750 406250 781250
1569321324.14 4885502 25.983 615514.838 781250 2 2 1 6.962 7261876 50.000 0.720 59334656.000 343883776.000 1569321321.204 1569321321.067 14 0 218750 406250 781250
1569321324.25 4823379 25.833 615514.838 781250 2 2 1 6.962 7261876 63.636 0.721 59396096.000 343945216.000 1569321321.204 1569321321.067 14 0 218750 406250 781250
1569321324.35 4817324 25.767 615514.838 781250 2 2 1 6.962 7261876 50.000 0.722 59461632.000 344002560.000 1569321321.204 1569321321.067 14 0 218750 406250 781250
1569321324.45 4803880 25.633 615514.838 781250 2 2 1 6.962 7261876 60.000 0.724 59650048.000 344068096.000 1569321321.204 1569321321.067 14 0 218750 406250 781250
1569321324.56 4797035 25.567 615514.838 781250 2 2 1 6.962 7261876 60.000 0.725 59711488.000 344129536.000 1569321321.204 1569321321.067 14 0 218750 406250 781250
1569321324.66 4785368 25.467 615514.838 781250 2 2 1 6.962 7261876 63.636 0.724 59641856.000 344190976.000 1569321321.204 1569321321.067 14 0 218750 406250 781250
1569321324.76 4732261 25.333 615514.838 781250 2 2 1 6.962 7261876 60.000 0.725 59707392.000 344248320.000 1569321321.204 1569321321.067 14 0 218750 406250 781250
1569321324.86 4725394 25.267 615514.838 781250 2 2 1 6.962 7261876 70.000 0.725 59768832.000 344309760.000 1569321321.204 1569321321.067 14 0 218750 406250 781250
1569321324.96 4711049 25.133 615514.838 781250 2 2 1 6.962 7261876 60.000 0.726 59817984.000 344367104.000 1569321321.204 1569321321.067 14 0 218750 406250 781250
1569321325.07 4703740 25.067 615514.838 781250 2 2 1 6.962 7261876 0.000 0.726 59830272.000 344367104.000 1569321321.204 1569321321.067 14 0 218750 406250 781250
1569321325.17 4691448 24.967 615514.838 781250 2 2 1 6.962 7261876 27.273 0.728 59977728.000 344395776.000 1569321321.204 1569321321.067 14 0 218750 406250 781250
1569321325.27 4636431 24.833 615514.838 781250 2 2 1 6.962 7261876 40.000 0.727 59887616.000 344428544.000 1569321321.204 1569321321.067 14 0 218750 406250 781250
1569321325.37 4629691 24.767 615514.838 781250 2 2 1 6.962 7261876 50.000 0.727 59920384.000 344469504.000 1569321321.204 1569321321.067 14 0 218750 406250 781250
1569321325.47 4615083 24.633 615514.838 781250 2 2 1 6.962 7261876 45.455 0.729 60088320.000 344506368.000 1569321321.204 1569321321.067 14 0 218750 406250 781250
1569321325.58 4602626 24.500 615514.838 781250 2 2 1 6.962 7261876 40.000 0.728 60002304.000 344535040.000 1569321321.204 1569321321.067 14 0 218750 406250 781250
1569321325.68 4546755 24.400 615514.838 781250 2 2 1 6.962 7261876 50.000 0.759 62455808.000 347037696.000 1569321321.204 1569321321.067 14 0 218750 406250 781250
1569321325.78 4541551 24.333 615514.838 781250 2 2 1 6.962 7261876 50.000 0.731 60198912.000 344616960.000 1569321321.204 1569321321.067 14 0 218750 406250 781250
1569321325.88 4529522 24.200 615514.838 781250 2 2 1 6.962 7261876 50.000 0.731 60235776.000 344653824.000 1569321321.204 1569321321.067 14 0 218750 406250 781250
1569321325.98 4523312 24.133 615514.838 781250 2 2 1 6.962 7261876 40.000 0.761 62566400.000 347258880.000 1569321321.204 1569321321.067 14 0 218750 406250 781250
1569321326.09 4511255 24.000 615514.838 781250 2 2 1 6.962 7261876 45.455 0.762 62603264.000 347332608.000 1569321321.204 1569321321.067 14 0 218750 406250 781250
1569321326.19 4455774 23.900 615514.838 781250 2 2 1 6.962 7261876 50.000 0.732 60346368.000 344764416.000 1569321321.204 1569321321.067 14 0 218750 406250 781250
1569321326.29 4449368 23.833 615514.838 781250 2 2 1 6.962 7261876 50.000 0.764 62681088.000 347475968.000 1569321321.204 1569321321.067 14 0 218750 406250 781250
1569321326.39 4435041 23.700 615514.838 781250 2 2 1 6.962 7261876 54.545 0.765 62984192.000 347553792.000 1569321321.204 1569321321.067 14 0 218750 406250 781250
1569321326.50 4427552 23.633 615514.838 781250 2 2 1 6.962 7261876 40.000 0.734 60456960.000 344875008.000 1569321321.204 1569321321.067 14 0 218750 406250 781250

1569321326.60 7090627 27.517 519010.201 406250 1 2 1 6.962 10028860 70.000 0.723 59588608.000 342118400.000 1569321326.544 1569321326.536 130 1 218750 406250 781250
1569321326.70 7037645 27.417 519010.201 406250 1 2 1 6.962 10028860 10.000 0.723 59588608.000 342118400.000 1569321326.680 1569321326.536 130 1 218750 406250 781250
1569321326.80 7032233 27.350 519010.201 406250 1 2 1 6.962 10028860 10.000 0.724 59588608.000 342253568.000 1569321326.680 1569321326.536 130 1 218750 406250 781250
1569321326.90 7018779 27.217 519010.201 406250 1 2 1 6.962 10028860 10.000 0.725 59617280.000 342253568.000 1569321326.680 1569321326.536 130 1 218750 406250 781250
1569321327.01 7011069 27.150 519010.201 406250 1 2 1 6.962 10028860 0.000 0.726 59715584.000 342388736.000 1569321326.680 1569321326.536 130 1 218750 406250 781250
1569321327.11 6997768 27.000 519010.201 406250 1 2 1 6.962 10028860 9.091 0.727 59822080.000 342532096.000 1569321326.680 1569321326.536 130 1 218750 406250 781250
1569321327.21 6944697 26.917 519010.201 406250 1 2 1 6.962 10028860 10.000 0.729 59936768.000 342675456.000 1569321326.680 1569321326.536 130 1 218750 406250 781250
1569321327.31 6932371 26.783 519010.201 406250 1 2 1 6.962 10028860 10.000 0.730 60043264.000 342818816.000 1569321326.680 1569321326.536 130 1 218750 406250 781250
1569321327.41 6925648 26.717 519010.201 406250 1 2 1 6.962 10028860 9.091 0.731 60157952.000 342818816.000 1569321326.680 1569321326.536 130 1 218750 406250 781250
1569321327.52 6912344 26.583 519010.201 406250 1 2 1 6.962 10028860 10.000 0.733 60264448.000 342962176.000 1569321326.680 1569321326.536 130 1 218750 406250 781250
1569321327.62 6907047 26.517 519010.201 406250 1 2 1 6.962 10028860 10.000 0.734 60379136.000 343105536.000 1569321326.680 1569321326.536 130 1 218750 406250 781250
1569321327.72 6857535 26.417 519010.201 406250 1 2 1 6.962 10028860 20.000 0.735 60485632.000 343248896.000 1569321326.680 1569321326.536 130 1 218750 406250 781250
1569321327.82 6844971 26.283 519010.201 406250 1 2 1 6.962 10028860 10.000 0.737 60588032.000 343248896.000 1569321326.680 1569321326.536 130 1 218750 406250 781250
1569321327.92 6837466 26.217 519010.201 406250 1 2 1 6.962 10028860 10.000 0.738 60706816.000 343392256.000 1569321326.680 1569321326.536 130 1 218750 406250 781250
1569321328.03 6820503 26.083 519010.201 406250 1 2 1 6.962 10028860 10.000 0.739 60809216.000 343535616.000 1569321326.680 1569321326.536 130 1 218750 406250 781250
1569321328.13 6813734 26.017 519010.201 406250 1 2 1 6.962 10028860 9.091 0.741 60928000.000 343678976.000 1569321326.680 1569321326.536 130 1 218750 406250 781250
1569321328.23 6765385 25.917 519010.201 406250 1 2 1 6.962 10028860 10.000 0.742 61034496.000 343678976.000 1569321326.680 1569321326.536 130 1 218750 406250 781250
1569321328.33 6752631 25.783 519010.201 406250 1 2 1 6.962 10028860 10.000 0.743 61136896.000 343822336.000 1569321326.680 1569321326.536 130 1 218750 406250 781250
1569321328.43 6745065 25.717 519010.201 406250 1 2 1 6.962 10028860 0.000 0.743 61177856.000 343822336.000 1569321326.680 1569321326.536 130 1 218750 406250 781250
1569321328.53 6729257 25.583 519010.201 406250 1 2 1 6.962 10028860 9.091 0.746 61227008.000 344088576.000 1569321326.680 1569321326.536 130 1 218750 406250 781250
1569321328.64 6721365 25.517 519010.201 406250 1 2 1 6.962 10028860 10.000 0.747 61468672.000 344231936.000 1569321326.680 1569321326.536 130 1 218750 406250 781250
1569321328.74 6669050 25.417 519010.201 406250 1 2 1 6.962 10028860 20.000 0.749 61583360.000 344231936.000 1569321326.680 1569321326.536 130 1 218750 406250 781250
1569321328.84 6654730 25.283 519010.201 406250 1 2 1 6.962 10028860 10.000 0.750 61689856.000 344375296.000 1569321326.680 1569321326.536 130 1 218750 406250 781250
1569321328.94 6640287 25.150 519010.201 406250 1 2 1 6.962 10028860 10.000 0.751 61804544.000 344518656.000 1569321326.680 1569321326.536 130 1 218750 406250 781250
1569321329.04 6633983 25.083 519010.201 406250 1 2 1 6.962 10028860 10.000 0.753 61911040.000 344662016.000 1569321326.680 1569321326.536 130 1 218750 406250 781250
1569321329.15 6620130 25.000 519010.201 406250 1 2 1 6.962 10028860 20.000 0.754 62013440.000 344662016.000 1569321326.680 1569321326.536 130 1 218750 406250 781250
1569321329.25 6570013 24.900 519010.201 406250 1 2 1 6.962 10028860 9.091 0.755 62132224.000 344805376.000 1569321326.680 1569321326.536 130 1 218750 406250 781250
1569321329.35 6559971 24.767 519010.201 406250 1 2 1 6.962 10028860 20.000 0.757 62234624.000 344948736.000 1569321326.680 1569321326.536 130 1 218750 406250 781250
1569321329.45 6553516 24.700 519010.201 406250 1 2 1 6.962 10028860 20.000 0.758 62341120.000 345092096.000 1569321326.680 1569321326.536 130 1 218750 406250 781250
1569321329.55 6539015 24.567 519010.201 406250 1 2 1 6.962 10028860 10.000 0.759 62455808.000 345092096.000 1569321326.680 1569321326.536 130 1 218750 406250 781250
1569321329.65 6527342 24.500 519010.201 406250 1 2 1 6.962 10028860 9.091 0.761 62562304.000 345235456.000 1569321326.680 1569321326.536 130 1 218750 406250 781250
1569321329.76 6471298 24.333 519010.201 406250 1 2 1 6.962 10028860 20.000 0.762 62668800.000 345370624.000 1569321326.680 1569321326.536 130 1 218750 406250 781250
1569321329.86 6464838 24.267 519010.201 406250 1 2 1 6.962 10028860 20.000 0.763 62787584.000 345513984.000 1569321326.680 1569321326.536 130 1 218750 406250 781250
1569321329.96 6450685 24.133 519010.201 406250 1 2 1 6.962 10028860 10.000 0.764 62889984.000 345513984.000 1569321326.680 1569321326.536 130 1 218750 406250 781250
1569321330.06 6443988 24.067 519010.201 406250 1 2 1 6.962 10028860 0.000 0.764 62971904.000 345513984.000 1569321326.680 1569321326.536 130 1 218750 406250 781250
1569321330.16 6430907 23.983 519010.201 406250 1 2 1 6.962 10028860 10.000 0.764 62971904.000 345513984.000 1569321326.680 1569321326.536 130 1 218750 406250 781250
1569321330.27 6377390 23.850 519010.201 406250 1 2 1 6.962 10028860 0.000 0.764 62971904.000 345513984.000 1569321326.680 1569321326.536 130 1 218750 406250 781250
1569321330.37 6371184 23.783 519010.201 406250 1 2 1 6.962 10028860 10.000 0.766 62971904.000 345735168.000 1569321326.680 1569321326.536 130 1 218750 406250 781250
1569321330.47 6355062 23.633 519010.201 406250 1 2 1 6.962 10028860 20.000 0.768 63119360.000 345870336.000 1569321326.680 1569321326.536 130 1 218750 406250 781250
1569321330.57 6349030 23.567 519010.201 406250 1 2 1 6.962 10028860 20.000 0.770 63262720.000 346013696.000 1569321326.680 1569321326.536 130 1 218750 406250 781250
1569321330.67 6288011 23.417 519010.201 406250 1 2 1 6.962 10028860 18.182 0.771 63406080.000 346157056.000 1569321326.680 1569321326.536 130 1 218750 406250 781250
1569321330.78 6282520 23.350 519010.201 406250 1 2 1 6.962 10028860 20.000 0.773 63549440.000 346300416.000 1569321326.680 1569321326.536 130 1 218750 406250 781250
1569321330.88 6268232 23.217 519010.201 406250 1 2 1 6.962 10028860 30.000 0.775 63692800.000 346443776.000 1569321326.680 1569321326.536 130 1 218750 406250 781250
1569321330.98 6260407 23.150 519010.201 406250 1 2 1 6.962 10028860 20.000 0.777 63848448.000 346587136.000 1569321326.680 1569321326.536 130 1 218750 406250 781250
1569321331.08 6248081 23.017 519010.201 406250 1 2 1 6.962 10028860 20.000 0.778 63991808.000 346730496.000 1569321326.680 1569321326.536 130 1 218750 406250 781250

1569321331.18 7699238 26.967 355224.857 406250 1 2 1 6.962 11596592 50.000 0.792 65216512.000 346730496.000 1569321331.095 1569321331.093 130 1 218750 406250 781250
1569321331.29 7693745 26.833 355224.857 406250 1 2 1 6.962 11596592 0.000 0.792 65241088.000 346730496.000 1569321331.225 1569321331.093 130 1 218750 406250 781250
1569321331.39 7687808 26.767 355224.857 406250 1 2 1 6.962 11596592 9.091 0.792 65241088.000 346730496.000 1569321331.225 1569321331.093 130 1 218750 406250 781250
1569321331.49 7674512 26.633 355224.857 406250 1 2 1 6.962 11596592 10.000 0.792 65241088.000 346730496.000 1569321331.225 1569321331.093 130 1 218750 406250 781250
1569321331.59 7662188 26.500 355224.857 406250 1 2 1 6.962 11596592 10.000 0.792 65241088.000 346730496.000 1569321331.225 1569321331.093 130 1 218750 406250 781250
1569321331.69 7607162 26.417 355224.857 406250 1 2 1 6.962 11596592 10.000 0.792 65241088.000 346730496.000 1569321331.225 1569321331.093 130 1 218750 406250 781250
1569321331.80 7601465 26.350 355224.857 406250 1 2 1 6.962 11596592 9.091 0.792 65241088.000 346730496.000 1569321331.225 1569321331.093 130 1 218750 406250 781250
1569321331.90 7587235 26.217 355224.857 406250 1 2 1 6.962 11596592 10.000 0.792 65241088.000 346730496.000 1569321331.225 1569321331.093 130 1 218750 406250 781250
1569321332.00 7579542 26.150 355224.857 406250 1 2 1 6.962 11596592 20.000 0.792 65241088.000 346730496.000 1569321331.225 1569321331.093 130 1 218750 406250 781250
1569321332.10 7567128 26.050 355224.857 406250 1 2 1 6.962 11596592 10.000 0.792 65241088.000 346730496.000 1569321331.225 1569321331.093 130 1 218750 406250 781250
1569321332.20 7510681 25.950 355224.857 406250 1 2 1 6.962 11596592 10.000 0.792 65241088.000 346730496.000 1569321331.225 1569321331.093 130 1 218750 406250 781250
1569321332.30 7503749 25.850 355224.857 406250 1 2 1 6.962 11596592 20.000 0.792 65241088.000 346730496.000 1569321331.225 1569321331.093 130 1 218750 406250 781250
1569321332.41 7491825 25.717 355224.857 406250 1 2 1 6.962 11596592 18.182 0.792 65241088.000 346730496.000 1569321331.225 1569321331.093 130 1 218750 406250 781250
1569321332.51 7482789 25.633 355224.857 406250 1 2 1 6.962 11596592 0.000 0.792 65241088.000 346730496.000 1569321331.225 1569321331.093 130 1 218750 406250 781250
1569321332.61 7468022 25.500 355224.857 406250 1 2 1 6.962 11596592 10.000 0.792 65241088.000 346730496.000 1569321331.225 1569321331.093 130 1 218750 406250 781250
1569321332.71 7415382 25.417 355224.857 406250 1 2 1 6.962 11596592 20.000 0.792 65241088.000 346730496.000 1569321331.225 1569321331.093 130 1 218750 406250 781250
1569321332.81 7409995 25.333 355224.857 406250 1 2 1 6.962 11596592 10.000 0.792 65241088.000 346730496.000 1569321331.225 1569321331.093 130 1 218750 406250 781250
1569321332.92 7396897 25.200 355224.857 406250 1 2 1 6.962 11596592 18.182 0.792 65241088.000 346730496.000 1569321331.225 1569321331.093 130 1 218750 406250 781250
1569321333.02 7389481 25.133 355224.857 406250 1 2 1 6.962 11596592 10.000 0.792 65241088.000 346730496.000 1569321331.225 1569321331.093 130 1 218750 406250 781250
1569321333.12 7377927 25.000 355224.857 406250 1 2 1 6.962 11596592 20.000 0.792 65241088.000 346730496.000 1569321331.225 1569321331.093 130 1 218750 406250 781250
1569321333.22 7326811 24.917 355224.857 406250 1 2 1 6.962 11596592 20.000 0.792 65241088.000 346730496.000 1569321331.225 1569321331.093 130 1 218750 406250 781250
1569321333.32 7316839 24.783 355224.857 406250 1 2 1 6.962 11596592 20.000 0.792 65241088.000 346730496.000 1569321331.225 1569321331.093 130 1 218750 406250 781250
1569321333.42 7310672 24.717 355224.857 406250 1 2 1 6.962 11596592 20.000 0.792 65241088.000 346730496.000 1569321331.225 1569321331.093 130 1 218750 406250 781250
1569321333.53 7295067 24.583 355224.857 406250 1 2 1 6.962 11596592 18.182 0.792 65241088.000 346730496.000 1569321331.225 1569321331.093 130 1 218750 406250 781250
1569321333.63 7288225 24.517 355224.857 406250 1 2 1 6.962 11596592 20.000 0.792 65241088.000 346730496.000 1569321331.225 1569321331.093 130 1 218750 406250 781250
1569321333.73 7238885 24.417 355224.857 406250 1 2 1 6.962 11596592 20.000 0.792 65241088.000 346730496.000 1569321331.225 1569321331.093 130 1 218750 406250 781250
1569321333.83 7225048 24.283 355224.857 406250 1 2 1 6.962 11596592 20.000 0.792 65241088.000 346730496.000 1569321331.225 1569321331.093 130 1 218750 406250 781250
1569321333.93 7216819 24.217 355224.857 406250 1 2 1 6.962 11596592 20.000 0.792 65241088.000 346730496.000 1569321331.225 1569321331.093 130 1 218750 406250 781250
1569321334.04 7198370 24.083 355224.857 406250 1 2 1 6.962 11596592 18.182 0.792 65241088.000 346730496.000 1569321331.225 1569321331.093 130 1 218750 406250 781250
1569321334.14 7190585 24.017 355224.857 406250 1 2 1 6.962 11596592 0.000 0.792 65241088.000 346730496.000 1569321331.225 1569321331.093 130 1 218750 406250 781250
1569321334.24 7133745 23.883 355224.857 406250 1 2 1 6.962 11596592 30.000 0.792 65241088.000 346730496.000 1569321331.225 1569321331.093 130 1 218750 406250 781250
1569321334.34 7119923 23.800 355224.857 406250 1 2 1 6.962 11596592 30.000 0.792 65241088.000 346730496.000 1569321331.225 1569321331.093 130 1 218750 406250 781250
1569321334.46 8593933 27.667 480923.973 406250 1 2 1 6.962 13141012 33.333 0.812 66863104.000 346730496.000 1569321334.439 1569321334.436 284 2 218750 406250 781250

1569321334.56 8579972 27.533 480923.973 406250 1 2 1 6.962 13141012 10.000 0.812 66863104.000 346730496.000 1569321334.439 1569321334.436 284 2 218750 406250 781250
1569321334.66 8570397 27.483 480923.973 406250 1 2 1 6.962 13141012 10.000 0.812 66863104.000 346730496.000 1569321334.572 1569321334.436 284 2 218750 406250 781250
1569321334.76 8518930 27.350 480923.973 406250 1 2 1 6.962 13141012 20.000 0.812 66863104.000 346730496.000 1569321334.572 1569321334.436 284 2 218750 406250 781250
1569321334.86 8513027 27.283 480923.973 406250 1 2 1 6.962 13141012 10.000 0.812 66863104.000 346730496.000 1569321334.572 1569321334.436 284 2 218750 406250 781250
1569321334.97 8500048 27.150 480923.973 406250 1 2 1 6.962 13141012 0.000 0.812 66863104.000 346730496.000 1569321334.572 1569321334.436 284 2 218750 406250 781250
1569321335.07 8493733 27.083 480923.973 406250 1 2 1 6.962 13141012 10.000 0.812 66863104.000 346730496.000 1569321334.572 1569321334.436 284 2 218750 406250 781250
1569321335.17 8479225 26.983 480923.973 406250 1 2 1 6.962 13141012 10.000 0.812 66863104.000 346730496.000 1569321334.572 1569321334.436 284 2 218750 406250 781250
1569321335.27 8425030 26.850 480923.973 406250 1 2 1 6.962 13141012 10.000 0.812 66863104.000 346730496.000 1569321334.572 1569321334.436 284 2 218750 406250 781250
1569321335.37 8412108 26.717 480923.973 406250 1 2 1 6.962 13141012 9.091 0.812 66863104.000 346730496.000 1569321334.572 1569321334.436 284 2 218750 406250 781250
1569321335.48 8404844 26.650 480923.973 406250 1 2 1 6.962 13141012 20.000 0.812 66863104.000 346730496.000 1569321334.572 1569321334.436 284 2 218750 406250 781250
1569321335.58 8392434 26.517 480923.973 406250 1 2 1 6.962 13141012 0.000 0.812 66863104.000 346730496.000 1569321334.572 1569321334.436 284 2 218750 406250 781250
1569321335.68 8338138 26.417 480923.973 406250 1 2 1 6.962 13141012 20.000 0.812 66863104.000 346730496.000 1569321334.572 1569321334.436 284 2 218750 406250 781250
1569321335.78 8333115 26.350 480923.973 406250 1 2 1 6.962 13141012 10.000 0.812 66863104.000 346730496.000 1569321334.572 1569321334.436 284 2 218750 406250 781250
1569321335.88 8320203 26.217 480923.973 406250 1 2 1 6.962 13141012 10.000 0.812 66863104.000 346730496.000 1569321334.572 1569321334.436 284 2 218750 406250 781250
1569321335.99 8313505 26.150 480923.973 406250 1 2 1 6.962 13141012 10.000 0.812 66863104.000 346730496.000 1569321334.572 1569321334.436 284 2 218750 406250 781250
1569321336.09 8300877 26.017 480923.973 406250 1 2 1 6.962 13141012 18.182 0.812 66863104.000 346730496.000 1569321334.572 1569321334.436 284 2 218750 406250 781250
1569321336.19 8245701 25.950 480923.973 406250 1 2 1 6.962 13141012 10.000 0.812 66863104.000 346730496.000 1569321334.572 1569321334.436 284 2 218750 406250 781250
1569321336.29 8236016 25.800 480923.973 406250 1 2 1 6.962 13141012 10.000 0.812 66863104.000 346730496.000 1569321334.572 1569321334.436 284 2 218750 406250 781250
1569321336.39 8228654 25.750 480923.973 406250 1 2 1 6.962 13141012 9.091 0.812 66863104.000 346730496.000 1569321334.572 1569321334.436 284 2 218750 406250 781250
1569321336.50 8214261 25.617 480923.973 406250 1 2 1 6.962 13141012 10.000 0.812 66863104.000 346730496.000 1569321334.572 1569321334.436 284 2 218750 406250 781250
1569321336.60 8207364 25.550 480923.973 406250 1 2 1 6.962 13141012 20.000 0.812 66863104.000 346730496.000 1569321334.572 1569321334.436 284 2 218750 406250 781250
1569321336.70 8148442 25.417 480923.973 406250 1 2 1 6.962 13141012 10.000 0.812 66863104.000 346730496.000 1569321334.572 1569321334.436 284 2 218750 406250 781250
1569321336.80 8142473 25.350 480923.973 406250 1 2 1 6.962 13141012 20.000 0.812 66863104.000 346730496.000 1569321334.572 1569321334.436 284 2 218750 406250 781250
1569321336.90 8128968 25.217 480923.973 406250 1 2 1 6.962 13141012 20.000 0.812 66863104.000 346730496.000 1569321334.572 1569321334.436 284 2 218750 406250 781250
1569321337.01 8121135 25.150 480923.973 406250 1 2 1 6.962 13141012 0.000 0.812 66863104.000 346730496.000 1569321334.572 1569321334.436 284 2 218750 406250 781250
1569321337.11 8107837 25.017 480923.973 406250 1 2 1 6.962 13141012 20.000 0.812 66863104.000 346730496.000 1569321334.572 1569321334.436 284 2 218750 406250 781250
1569321337.21 8053647 24.917 480923.973 406250 1 2 1 6.962 13141012 20.000 0.812 66863104.000 346730496.000 1569321334.572 1569321334.436 284 2 218750 406250 781250
1569321337.31 8041462 24.783 480923.973 406250 1 2 1 6.962 13141012 10.000 0.812 66863104.000 346730496.000 1569321334.572 1569321334.436 284 2 218750 406250 781250
1569321337.41 8034716 24.717 480923.973 406250 1 2 1 6.962 13141012 20.000 0.812 66863104.000 346730496.000 1569321334.572 1569321334.436 284 2 218750 406250 781250
1569321337.51 8020350 24.583 480923.973 406250 1 2 1 6.962 13141012 9.091 0.812 66863104.000 346730496.000 1569321334.572 1569321334.436 284 2 218750 406250 781250
1569321337.62 8014719 24.517 480923.973 406250 1 2 1 6.962 13141012 20.000 0.812 66863104.000 346730496.000 1569321334.572 1569321334.436 284 2 218750 406250 781250
1569321337.72 7960323 24.417 480923.973 406250 1 2 1 6.962 13141012 10.000 0.812 66863104.000 346730496.000 1569321334.572 1569321334.436 284 2 218750 406250 781250
1569321337.82 7949188 24.283 480923.973 406250 1 2 1 6.962 13141012 30.000 0.812 66863104.000 346730496.000 1569321334.572 1569321334.436 284 2 218750 406250 781250
1569321337.92 7943416 24.217 480923.973 406250 1 2 1 6.962 13141012 20.000 0.812 66863104.000 346730496.000 1569321334.572 1569321334.436 284 2 218750 406250 781250
1569321338.02 7927671 24.067 480923.973 406250 1 2 1 6.962 13141012 10.000 0.812 66863104.000 346730496.000 1569321334.572 1569321334.436 284 2 218750 406250 781250
1569321338.13 7921226 24.000 480923.973 406250 1 2 1 6.962 13141012 18.182 0.812 66863104.000 346730496.000 1569321334.572 1569321334.436 284 2 218750 406250 781250
1569321338.23 7866640 23.917 480923.973 406250 1 2 1 6.962 13141012 10.000 0.812 66863104.000 346730496.000 1569321334.572 1569321334.436 284 2 218750 406250 781250
1569321338.33 7854834 23.783 480923.973 406250 1 2 1 6.962 13141012 20.000 0.812 66863104.000 346730496.000 1569321334.572 1569321334.436 284 2 218750 406250 781250
1569321338.43 7847805 23.717 480923.973 406250 1 2 1 6.962 13141012 20.000 0.812 66863104.000 346730496.000 1569321334.572 1569321334.436 284 2 218750 406250 781250
1569321338.53 7833587 23.583 480923.973 406250 1 2 1 6.962 13141012 20.000 0.812 66863104.000 346730496.000 1569321334.572 1569321334.436 284 2 218750 406250 781250
1569321338.64 7828322 23.517 480923.973 406250 1 2 1 6.962 13141012 18.182 0.812 66863104.000 346730496.000 1569321334.572 1569321334.436 284 2 218750 406250 781250
1569321338.74 7776673 23.417 480923.973 406250 1 2 1 6.962 13141012 10.000 0.812 66863104.000 346730496.000 1569321334.572 1569321334.436 284 2 218750 406250 781250

1569321338.84 9268058 27.283 372922.864 406250 1 2 1 6.962 14709872 40.000 0.825 67944448.000 346730496.000 1569321338.782 1569321338.779 296 2 218750 406250 781250
1569321338.94 9254523 27.183 372922.864 406250 1 2 1 6.962 14709872 0.000 0.825 67944448.000 346730496.000 1569321338.912 1569321338.779 296 2 218750 406250 781250
1569321339.04 9242043 27.050 372922.864 406250 1 2 1 6.962 14709872 10.000 0.825 67944448.000 346730496.000 1569321338.912 1569321338.779 296 2 218750 406250 781250
1569321339.15 9235658 27.000 372922.864 406250 1 2 1 6.962 14709872 10.000 0.825 67944448.000 346730496.000 1569321338.912 1569321338.779 296 2 218750 406250 781250
1569321339.25 9184162 26.850 372922.864 406250 1 2 1 6.962 14709872 9.091 0.825 67944448.000 346730496.000 1569321338.912 1569321338.779 296 2 218750 406250 781250
1569321339.35 9178176 26.783 372922.864 406250 1 2 1 6.962 14709872 0.000 0.825 67944448.000 346730496.000 1569321338.912 1569321338.779 296 2 218750 406250 781250
1569321339.45 9165408 26.683 372922.864 406250 1 2 1 6.962 14709872 20.000 0.825 67944448.000 346730496.000 1569321338.912 1569321338.779 296 2 218750 406250 781250
1569321339.55 9153255 26.550 372922.864 406250 1 2 1 6.962 14709872 10.000 0.825 67944448.000 346730496.000 1569321338.912 1569321338.779 296 2 218750 406250 781250
1569321339.66 9146533 26.500 372922.864 406250 1 2 1 6.962 14709872 0.000 0.825 67944448.000 346730496.000 1569321338.912 1569321338.779 296 2 218750 406250 781250
1569321339.76 9095584 26.350 372922.864 406250 1 2 1 6.962 14709872 20.000 0.825 67944448.000 346730496.000 1569321338.912 1569321338.779 296 2 218750 406250 781250
1569321339.86 9086541 26.267 372922.864 406250 1 2 1 6.962 14709872 0.000 0.825 67944448.000 346730496.000 1569321338.912 1569321338.779 296 2 218750 406250 781250
1569321339.96 9069222 26.133 372922.864 406250 1 2 1 6.962 14709872 10.000 0.825 67944448.000 346730496.000 1569321338.912 1569321338.779 296 2 218750 406250 781250
1569321340.06 9061637 26.083 372922.864 406250 1 2 1 6.962 14709872 10.000 0.825 67944448.000 346730496.000 1569321338.912 1569321338.779 296 2 218750 406250 781250
1569321340.16 9043921 25.983 372922.864 406250 1 2 1 6.962 14709872 10.000 0.825 67944448.000 346730496.000 1569321338.912 1569321338.779 296 2 218750 406250 781250
1569321340.27 8993074 25.833 372922.864 406250 1 2 1 6.962 14709872 20.000 0.825 67944448.000 346730496.000 1569321338.912 1569321338.779 296 2 218750 406250 781250
1569321340.37 8986853 25.767 372922.864 406250 1 2 1 6.962 14709872 27.273 0.825 67944448.000 346730496.000 1569321338.912 1569321338.779 296 2 218750 406250 781250
1569321340.47 8972507 25.633 372922.864 406250 1 2 1 6.962 14709872 20.000 0.825 67944448.000 346730496.000 1569321338.912 1569321338.779 296 2 218750 406250 781250
1569321340.57 8964116 25.567 372922.864 406250 1 2 1 6.962 14709872 20.000 0.825 67944448.000 346730496.000 1569321338.912 1569321338.779 296 2 218750 406250 781250
1569321340.67 8950165 25.483 372922.864 406250 1 2 1 6.962 14709872 30.000 0.825 67944448.000 346730496.000 1569321338.912 1569321338.779 296 2 218750 406250 781250
1569321340.77 8901126 25.350 372922.864 406250 1 2 1 6.962 14709872 18.182 0.825 67944448.000 346730496.000 1569321338.912 1569321338.779 296 2 218750 406250 781250
1569321340.88 8888535 25.267 372922.864 406250 1 2 1 6.962 14709872 30.000 0.825 67944448.000 346730496.000 1569321338.912 1569321338.779 296 2 218750 406250 781250
1569321340.98 8878912 25.133 372922.864 406250 1 2 1 6.962 14709872 40.000 0.825 67944448.000 346730496.000 1569321338.912 1569321338.779 296 2 218750 406250 781250
1569321341.08 8870669 25.067 372922.864 406250 1 2 1 6.962 14709872 30.000 0.825 67944448.000 346730496.000 1569321338.912 1569321338.779 296 2 218750 406250 781250
1569321341.18 8813854 24.917 372922.864 406250 1 2 1 6.962 14709872 40.000 0.825 67944448.000 346730496.000 1569321338.912 1569321338.779 296 2 218750 406250 781250
1569321341.28 8808397 24.850 372922.864 406250 1 2 1 6.962 14709872 40.000 0.825 67944448.000 346730496.000 1569321338.912 1569321338.779 296 2 218750 406250 781250
1569321341.39 8794469 24.717 372922.864 406250 1 2 1 6.962 14709872 27.273 0.825 67944448.000 346730496.000 1569321338.912 1569321338.779 296 2 218750 406250 781250
1569321341.49 8785323 24.650 372922.864 406250 1 2 1 6.962 14709872 20.000 0.825 67944448.000 346730496.000 1569321338.912 1569321338.779 296 2 218750 406250 781250

1569321341.59 10272906 28.517 607178.287 406250 1 2 1 6.962 16275724 40.000 0.844 69566464.000 346730496.000 1569321341.494 1569321341.491 311 2 218750 406250 781250
1569321341.69 10220757 28.417 607178.287 406250 1 2 1 6.962 16275724 10.000 0.844 69566464.000 346730496.000 1569321341.628 1569321341.491 311 2 218750 406250 781250
1569321341.79 10214531 28.350 607178.287 406250 1 2 1 6.962 16275724 9.091 0.844 69566464.000 346730496.000 1569321341.628 1569321341.491 311 2 218750 406250 781250
1569321341.90 10201825 28.217 607178.287 406250 1 2 1 6.962 16275724 20.000 0.844 69566464.000 346730496.000 1569321341.628 1569321341.491 311 2 218750 406250 781250
1569321342.00 10194453 28.150 607178.287 406250 1 2 1 6.962 16275724 10.000 0.844 69566464.000 346730496.000 1569321341.628 1569321341.491 311 2 218750 406250 781250
1569321342.10 10180441 28.017 607178.287 406250 1 2 1 6.962 16275724 30.000 0.844 69566464.000 346730496.000 1569321341.628 1569321341.491 311 2 218750 406250 781250
1569321342.20 10127406 27.917 607178.287 406250 1 2 1 6.962 16275724 10.000 0.844 69566464.000 346730496.000 1569321341.628 1569321341.491 311 2 218750 406250 781250
1569321342.30 10121786 27.850 607178.287 406250 1 2 1 6.962 16275724 30.000 0.844 69566464.000 346730496.000 1569321341.628 1569321341.491 311 2 218750 406250 781250
1569321342.41 10106823 27.700 607178.287 406250 1 2 1 6.962 16275724 0.000 0.844 69566464.000 346730496.000 1569321341.628 1569321341.491 311 2 218750 406250 781250
1569321342.51 10097575 27.633 607178.287 406250 1 2 1 6.962 16275724 20.000 0.844 69566464.000 346730496.000 1569321341.628 1569321341.491 311 2 218750 406250 781250
1569321342.61 10081868 27.500 607178.287 406250 1 2 1 6.962 16275724 30.000 0.844 69566464.000 346730496.000 1569321341.628 1569321341.491 311 2 218750 406250 781250
1569321342.71 10033739 27.400 607178.287 406250 1 2 1 6.962 16275724 30.000 0.844 69566464.000 346730496.000 1569321341.628 1569321341.491 311 2 218750 406250 781250
1569321342.81 10029295 27.333 607178.287 406250 1 2 1 6.962 16275724 18.182 0.844 69566464.000 346730496.000 1569321341.628 1569321341.491 311 2 218750 406250 781250
1569321342.92 10016347 27.200 607178.287 406250 1 2 1 6.962 16275724 40.000 0.844 69566464.000 346730496.000 1569321341.628 1569321341.491 311 2 218750 406250 781250
1569321343.02 10009336 27.133 607178.287 406250 1 2 1 6.962 16275724 20.000 0.844 69566464.000 346730496.000 1569321341.628 1569321341.491 311 2 218750 406250 781250
1569321343.12 9994986 27.000 607178.287 406250 1 2 1 6.962 16275724 30.000 0.844 69566464.000 346730496.000 1569321341.628 1569321341.491 311 2 218750 406250 781250
1569321343.22 9944715 26.917 607178.287 406250 1 2 1 6.962 16275724 30.000 0.844 69566464.000 346730496.000 1569321341.628 1569321341.491 311 2 218750 406250 781250
1569321343.32 9932782 26.783 607178.287 406250 1 2 1 6.962 16275724 40.000 0.844 69566464.000 346730496.000 1569321341.628 1569321341.491 311 2 218750 406250 781250
1569321343.43 9925355 26.717 607178.287 406250 1 2 1 6.962 16275724 40.000 0.844 69566464.000 346730496.000 1569321341.628 1569321341.491 311 2 218750 406250 781250

1569321343.53 11408939 30.583 841344.481 406250 1 2 1 6.962 17837628 45.455 0.867 71458816.000 346730496.000 1569321343.486 1569321343.484 178 2 218750 406250 781250
1569321343.63 11400844 30.517 841344.481 406250 1 2 1 6.962 17837628 10.000 0.867 71458816.000 346730496.000 1569321343.621 1569321343.484 178 2 218750 406250 781250
1569321343.73 11347664 30.417 841344.481 406250 1 2 1 6.962 17837628 20.000 0.867 71458816.000 346730496.000 1569321343.621 1569321343.484 178 2 218750 406250 781250
1569321343.83 11334392 30.283 841344.481 406250 1 2 1 6.962 17837628 10.000 0.867 71458816.000 346730496.000 1569321343.621 1569321343.484 178 2 218750 406250 781250
1569321343.93 11326534 30.217 841344.481 406250 1 2 1 6.962 17837628 9.091 0.867 71458816.000 346730496.000 1569321343.621 1569321343.484 178 2 218750 406250 781250
1569321344.04 11310999 30.083 841344.481 406250 1 2 1 6.962 17837628 20.000 0.867 71458816.000 346730496.000 1569321343.621 1569321343.484 178 2 218750 406250 781250
1569321344.14 11304140 30.017 841344.481 406250 1 2 1 6.962 17837628 10.000 0.867 71458816.000 346730496.000 1569321343.621 1569321343.484 178 2 218750 406250 781250
1569321344.24 11245530 29.850 841344.481 406250 1 2 1 6.962 17837628 20.000 0.867 71458816.000 346730496.000 1569321343.621 1569321343.484 178 2 218750 406250 781250
1569321344.34 11238500 29.783 841344.481 406250 1 2 1 6.962 17837628 20.000 0.867 71458816.000 346730496.000 1569321343.621 1569321343.484 178 2 218750 406250 781250
1569321344.45 11223545 29.650 841344.481 406250 1 2 1 6.962 17837628 10.000 0.867 71458816.000 346730496.000 1569321343.621 1569321343.484 178 2 218750 406250 781250
1569321344.55 11216040 29.583 841344.481 406250 1 2 1 6.962 17837628 27.273 0.867 71458816.000 346730496.000 1569321343.621 1569321343.484 178 2 218750 406250 781250
1569321344.65 11202319 29.500 841344.481 406250 1 2 1 6.962 17837628 30.000 0.867 71458816.000 346730496.000 1569321343.621 1569321343.484 178 2 218750 406250 781250
1569321344.75 11151911 29.350 841344.481 406250 1 2 1 6.962 17837628 20.000 0.867 71458816.000 346730496.000 1569321343.621 1569321343.484 178 2 218750 406250 781250
1569321344.85 11145950 29.283 841344.481 406250 1 2 1 6.962 17837628 30.000 0.867 71458816.000 346730496.000 1569321343.621 1569321343.484 178 2 218750 406250 781250
1569321344.96 11131234 29.150 841344.481 406250 1 2 1 6.962 17837628 27.273 0.867 71458816.000 346730496.000 1569321343.621 1569321343.484 178 2 218750 406250 781250
1569321345.06 11122669 29.083 841344.481 406250 1 2 1 6.962 17837628 40.000 0.867 71458816.000 346730496.000 1569321343.621 1569321343.484 178 2 218750 406250 781250
1569321345.16 11107873 28.983 841344.481 406250 1 2 1 6.962 17837628 30.000 0.867 71458816.000 346730496.000 1569321343.621 1569321343.484 178 2 218750 406250 781250
1569321345.26 11056723 28.850 841344.481 406250 1 2 1 6.962 17837628 20.000 0.867 71458816.000 346730496.000 1569321343.621 1569321343.484 178 2 218750 406250 781250
1569321345.36 11049369 28.783 841344.481 406250 1 2 1 6.962 17837628 30.000 0.867 71458816.000 346730496.000 1569321343.621 1569321343.484 178 2 218750 406250 781250
1569321345.47 11033710 28.650 841344.481 406250 1 2 1 6.962 17837628 40.000 0.867 71458816.000 346730496.000 1569321343.621 1569321343.484 178 2 218750 406250 781250
1569321345.57 12025558 31.167 806645.637 406250 1 2 1 6.962 19404984 27.273 0.871 71729152.000 346730496.000 1569321343.621 1569321345.564 32 1 218750 406250 781250

1569321345.67 12516003 32.483 806645.637 406250 1 2 1 6.962 19404984 40.000 0.890 73351168.000 346730496.000 1569321345.570 1569321345.564 32 1 218750 406250 781250
1569321345.77 12465665 32.333 806645.637 406250 1 2 1 6.962 19404984 20.000 0.890 73351168.000 346730496.000 1569321345.703 1569321345.564 32 1 218750 406250 781250
1569321345.88 12458906 32.267 806645.637 406250 1 2 1 6.962 19404984 9.091 0.890 73351168.000 346730496.000 1569321345.703 1569321345.564 32 1 218750 406250 781250
1569321345.98 12445737 32.133 806645.637 406250 1 2 1 6.962 19404984 10.000 0.890 73351168.000 346730496.000 1569321345.703 1569321345.564 32 1 218750 406250 781250
1569321346.08 12438217 32.067 806645.637 406250 1 2 1 6.962 19404984 20.000 0.890 73351168.000 346730496.000 1569321345.703 1569321345.564 32 1 218750 406250 781250
1569321346.18 12380681 31.917 806645.637 406250 1 2 1 6.962 19404984 20.000 0.890 73351168.000 346730496.000 1569321345.703 1569321345.564 32 1 218750 406250 781250
1569321346.28 12373600 31.850 806645.637 406250 1 2 1 6.962 19404984 10.000 0.890 73351168.000 346730496.000 1569321345.703 1569321345.564 32 1 218750 406250 781250
1569321346.38 12360586 31.750 806645.637 406250 1 2 1 6.962 19404984 20.000 0.890 73351168.000 346730496.000 1569321345.703 1569321345.564 32 1 218750 406250 781250
1569321346.49 12348760 31.617 806645.637 406250 1 2 1 6.962 19404984 9.091 0.890 73351168.000 346730496.000 1569321345.703 1569321345.564 32 1 218750 406250 781250
1569321346.59 12342401 31.550 806645.637 406250 1 2 1 6.962 19404984 10.000 0.890 73351168.000 346730496.000 1569321345.703 1569321345.564 32 1 218750 406250 781250
1569321346.69 12286935 31.450 806645.637 406250 1 2 1 6.962 19404984 30.000 0.890 73351168.000 346730496.000 1569321345.703 1569321345.564 32 1 218750 406250 781250
1569321346.79 12275939 31.317 806645.637 406250 1 2 1 6.962 19404984 20.000 0.890 73351168.000 346730496.000 1569321345.703 1569321345.564 32 1 218750 406250 781250
1569321346.89 12266565 31.233 806645.637 406250 1 2 1 6.962 19404984 18.182 0.890 73351168.000 346730496.000 1569321345.703 1569321345.564 32 1 218750 406250 781250
1569321347.00 12250496 31.100 806645.637 406250 1 2 1 6.962 19404984 20.000 0.890 73351168.000 346730496.000 1569321345.703 1569321345.564 32 1 218750 406250 781250
1569321347.10 12242302 31.033 806645.637 406250 1 2 1 6.962 19404984 30.000 0.890 73351168.000 346730496.000 1569321345.703 1569321345.564 32 1 218750 406250 781250
1569321347.20 12187029 30.917 806645.637 406250 1 2 1 6.962 19404984 20.000 0.890 73351168.000 346730496.000 1569321345.703 1569321345.564 32 1 218750 406250 781250
1569321347.30 12180898 30.850 806645.637 406250 1 2 1 6.962 19404984 40.000 0.890 73351168.000 346730496.000 1569321345.703 1569321345.564 32 1 218750 406250 781250
1569321347.40 12167997 30.717 806645.637 406250 1 2 1 6.962 19404984 20.000 0.890 73351168.000 346730496.000 1569321345.703 1569321345.564 32 1 218750 406250 781250
1569321347.51 12158364 30.633 806645.637 406250 1 2 1 6.962 19404984 30.000 0.890 73351168.000 346730496.000 1569321345.703 1569321345.564 32 1 218750 406250 781250
1569321347.61 12141456 30.500 806645.637 406250 1 2 1 6.962 19404984 36.364 0.890 73351168.000 346730496.000 1569321345.703 1569321345.564 32 1 218750 406250 781250
1569321347.71 12092459 30.417 806645.637 406250 1 2 1 6.962 19404984 30.000 0.890 73351168.000 346730496.000 1569321345.703 1569321345.564 32 1 218750 406250 781250
1569321347.81 12082946 30.283 806645.637 406250 1 2 1 6.962 19404984 10.000 0.890 73351168.000 346730496.000 1569321345.703 1569321345.564 32 1 218750 406250 781250

1569321347.91 13558273 34.183 721237.941 406250 1 2 1 6.962 20956172 50.000 0.910 74973184.000 346730496.000 1569321347.858 1569321347.853 32 0 218750 406250 781250
1569321348.01 13550956 34.117 721237.941 406250 1 2 1 6.962 20956172 9.091 0.910 74973184.000 346730496.000 1569321347.993 1569321347.853 32 0 218750 406250 781250
1569321348.12 13538047 34.000 721237.941 406250 1 2 1 6.962 20956172 20.000 0.910 74973184.000 346730496.000 1569321347.993 1569321347.853 32 0 218750 406250 781250
1569321348.22 13491988 33.917 721237.941 406250 1 2 1 6.962 20956172 10.000 0.910 74973184.000 346730496.000 1569321347.993 1569321347.853 32 0 218750 406250 781250
1569321348.32 13479942 33.833 721237.941 406250 1 2 1 6.962 20956172 10.000 0.910 74973184.000 346730496.000 1569321347.993 1569321347.853 32 0 218750 406250 781250
1569321348.42 13470325 33.700 721237.941 406250 1 2 1 6.962 20956172 10.000 0.910 74973184.000 346730496.000 1569321347.993 1569321347.853 32 0 218750 406250 781250
1569321348.52 13453484 33.567 721237.941 406250 1 2 1 6.962 20956172 20.000 0.910 74973184.000 346730496.000 1569321347.993 1569321347.853 32 0 218750 406250 781250
1569321348.63 13447155 33.500 721237.941 406250 1 2 1 6.962 20956172 18.182 0.910 74973184.000 346730496.000 1569321347.993 1569321347.853 32 0 218750 406250 781250
1569321348.73 13402403 33.417 721237.941 406250 1 2 1 6.962 20956172 20.000 0.910 74973184.000 346730496.000 1569321347.993 1569321347.853 32 0 218750 406250 781250
1569321348.83 13390421 33.283 721237.941 406250 1 2 1 6.962 20956172 10.000 0.910 74973184.000 346730496.000 1569321347.993 1569321347.853 32 0 218750 406250 781250
1569321348.93 13382376 33.217 721237.941 406250 1 2 1 6.962 20956172 10.000 0.910 74973184.000 346730496.000 1569321347.993 1569321347.853 32 0 218750 406250 781250
1569321349.03 13366953 33.117 721237.941 406250 1 2 1 6.962 20956172 20.000 0.910 74973184.000 346730496.000 1569321347.993 1569321347.853 32 0 218750 406250 781250
1569321349.14 13345095 33.000 721237.941 406250 1 2 1 6.962 20956172 27.273 0.910 74973184.000 346730496.000 1569321347.993 1569321347.853 32 0 218750 406250 781250
1569321349.24 13304961 32.917 721237.941 406250 1 2 1 6.962 20956172 20.000 0.910 74973184.000 346730496.000 1569321347.993 1569321347.853 32 0 218750 406250 781250
1569321349.34 13293509 32.783 721237.941 406250 1 2 1 6.962 20956172 30.000 0.910 74973184.000 346730496.000 1569321347.993 1569321347.853 32 0 218750 406250 781250
1569321349.44 13277225 32.650 721237.941 406250 1 2 1 6.962 20956172 20.000 0.910 74973184.000 346730496.000 1569321347.993 1569321347.853 32 0 218750 406250 781250
1569321349.54 13268619 32.583 721237.941 406250 1 2 1 6.962 20956172 30.000 0.910 74973184.000 346730496.000 1569321347.993 1569321347.853 32 0 218750 406250 781250
1569321349.64 13253650 32.500 721237.941 406250 1 2 1 6.962 20956172 30.000 0.910 74973184.000 346730496.000 1569321347.993 1569321347.853 32 0 218750 406250 781250
1569321349.75 13207125 32.383 721237.941 406250 1 2 1 6.962 20956172 27.273 0.910 74973184.000 346730496.000 1569321347.993 1569321347.853 32 0 218750 406250 781250
1569321349.85 13195315 32.250 721237.941 406250 1 2 1 6.962 20956172 30.000 0.910 74973184.000 346730496.000 1569321347.993 1569321347.853 32 0 218750 406250 781250
1569321349.95 13188480 32.183 721237.941 406250 1 2 1 6.962 20956172 40.000 0.910 74973184.000 346730496.000 1569321347.993 1569321347.853 32 0 218750 406250 781250
1569321350.05 13173931 32.050 721237.941 406250 1 2 1 6.962 20956172 30.000 0.910 74973184.000 346730496.000 1569321347.993 1569321347.853 32 0 218750 406250 781250
1569321350.16 13166649 32.000 721237.941 406250 1 2 1 6.962 20956172 27.273 0.910 74973184.000 346730496.000 1569321347.993 1569321347.853 32 0 218750 406250 781250
1569321350.26 13016163 31.850 721237.941 406250 1 2 1 6.962 20956172 0.000 0.910 74973184.000 346730496.000 1569321347.993 1569321347.853 32 0 218750 406250 781250
1569321350.37 14471495 35.783 654717.811 406250 1 2 1 6.962 22500028 27.273 0.930 76595200.000 346730496.000 1569321350.354 1569321350.351 206 2 218750 406250 781250

1569321350.47 14407728 35.650 654717.811 406250 1 2 1 6.962 22500028 10.000 0.930 76595200.000 346730496.000 1569321350.354 1569321350.351 206 2 218750 406250 781250
1569321350.57 14345224 35.517 654717.811 406250 1 2 1 6.962 22500028 9.091 0.930 76595200.000 346730496.000 1569321350.487 1569321350.351 206 2 218750 406250 781250
1569321350.68 14187146 35.417 654717.811 406250 1 2 1 6.962 22500028 20.000 0.930 76595200.000 346730496.000 1569321350.487 1569321350.351 206 2 218750 406250 781250
1569321350.78 14161696 35.350 654717.811 406250 1 2 1 6.962 22500028 10.000 0.930 76595200.000 346730496.000 1569321350.487 1569321350.351 206 2 218750 406250 781250
1569321350.88 14094541 35.217 654717.811 406250 1 2 1 6.962 22500028 20.000 0.930 76595200.000 346730496.000 1569321350.487 1569321350.351 206 2 218750 406250 781250
1569321350.98 14059700 35.150 654717.811 406250 1 2 1 6.962 22500028 10.000 0.930 76595200.000 346730496.000 1569321350.487 1569321350.351 206 2 218750 406250 781250
1569321351.08 14029164 35.067 654717.811 406250 1 2 1 6.962 22500028 20.000 0.930 76595200.000 346730496.000 1569321350.487 1569321350.351 206 2 218750 406250 781250
1569321351.19 13849100 34.917 654717.811 406250 1 2 1 6.962 22500028 30.000 0.930 76595200.000 346730496.000 1569321350.487 1569321350.351 206 2 218750 406250 781250
1569321351.29 13826269 34.850 654717.811 406250 1 2 1 6.962 22500028 0.000 0.930 76595200.000 346730496.000 1569321350.487 1569321350.351 206 2 218750 406250 781250
1569321351.39 13771263 34.717 654717.811 406250 1 2 1 6.962 22500028 20.000 0.930 76595200.000 346730496.000 1569321350.487 1569321350.351 206 2 218750 406250 781250
1569321351.49 13739262 34.650 654717.811 406250 1 2 1 6.962 22500028 40.000 0.930 76595200.000 346730496.000 1569321350.487 1569321350.351 206 2 218750 406250 781250
1569321351.59 13672609 34.517 654717.811 406250 1 2 1 6.962 22500028 20.000 0.930 76595200.000 346730496.000 1569321350.487 1569321350.351 206 2 218750 406250 781250
1569321351.70 13519478 34.417 654717.811 406250 1 2 1 6.962 22500028 27.273 0.930 76595200.000 346730496.000 1569321350.487 1569321350.351 206 2 218750 406250 781250
1569321351.80 13497654 34.350 654717.811 406250 1 2 1 6.962 22500028 30.000 0.930 76595200.000 346730496.000 1569321350.487 1569321350.351 206 2 218750 406250 781250
1569321351.90 13437105 34.217 654717.811 406250 1 2 1 6.962 22500028 40.000 0.930 76595200.000 346730496.000 1569321350.487 1569321350.351 206 2 218750 406250 781250
1569321352.00 13401958 34.150 654717.811 406250 1 2 1 6.962 22500028 30.000 0.930 76595200.000 346730496.000 1569321350.487 1569321350.351 206 2 218750 406250 781250
1569321352.10 13337851 34.017 654717.811 406250 1 2 1 6.962 22500028 30.000 0.930 76595200.000 346730496.000 1569321350.487 1569321350.351 206 2 218750 406250 781250
1569321352.20 13186300 33.917 654717.811 406250 1 2 1 6.962 22500028 40.000 0.930 76595200.000 346730496.000 1569321350.487 1569321350.351 206 2 218750 406250 781250
1569321352.31 13157117 33.850 654717.811 406250 1 2 1 6.962 22500028 9.091 0.930 76595200.000 346730496.000 1569321350.487 1569321350.351 206 2 218750 406250 781250
1569321352.41 14615012 37.717 841269.512 781250 2 2 1 6.962 24086372 70.000 0.943 77676544.000 346869760.000 1569321352.378 1569321352.373 206 2 218750 406250 781250

1569321352.51 14547987 37.583 841269.512 781250 2 2 1 6.962 24086372 0.000 0.943 77725696.000 346869760.000 1569321352.378 1569321352.373 206 2 218750 406250 781250
1569321352.62 14520828 37.517 841269.512 781250 2 2 1 6.962 24086372 10.000 0.943 77725696.000 346869760.000 1569321352.515 1569321352.373 206 2 218750 406250 781250
1569321352.72 14367639 37.417 841269.512 781250 2 2 1 6.962 24086372 10.000 0.943 77725696.000 346869760.000 1569321352.515 1569321352.373 206 2 218750 406250 781250
1569321352.82 14327813 37.317 841269.512 781250 2 2 1 6.962 24086372 20.000 0.943 77725696.000 346869760.000 1569321352.515 1569321352.373 206 2 218750 406250 781250
1569321352.92 14271751 37.183 841269.512 781250 2 2 1 6.962 24086372 20.000 0.943 77725696.000 346869760.000 1569321352.515 1569321352.373 206 2 218750 406250 781250
1569321353.02 14238808 37.117 841269.512 781250 2 2 1 6.962 24086372 20.000 0.943 77725696.000 346869760.000 1569321352.515 1569321352.373 206 2 218750 406250 781250
1569321353.13 14181786 37.000 841269.512 781250 2 2 1 6.962 24086372 20.000 0.943 77725696.000 346869760.000 1569321352.515 1569321352.373 206 2 218750 406250 781250
1569321353.23 14045073 36.900 841269.512 781250 2 2 1 6.962 24086372 9.091 0.943 77725696.000 346869760.000 1569321352.515 1569321352.373 206 2 218750 406250 781250
1569321353.33 13995796 36.783 841269.512 781250 2 2 1 6.962 24086372 20.000 0.943 77725696.000 346869760.000 1569321352.515 1569321352.373 206 2 218750 406250 781250
1569321353.43 13964842 36.717 841269.512 781250 2 2 1 6.962 24086372 20.000 0.943 77725696.000 346869760.000 1569321352.515 1569321352.373 206 2 218750 406250 781250
1569321353.53 13891500 36.583 841269.512 781250 2 2 1 6.962 24086372 30.000 0.943 77725696.000 346869760.000 1569321352.515 1569321352.373 206 2 218750 406250 781250
1569321353.64 13860648 36.517 841269.512 781250 2 2 1 6.962 24086372 18.182 0.943 77725696.000 346869760.000 1569321352.515 1569321352.373 206 2 218750 406250 781250
1569321353.74 13704480 36.417 841269.512 781250 2 2 1 6.962 24086372 30.000 0.943 77725696.000 346869760.000 1569321352.515 1569321352.373 206 2 218750 406250 781250
1569321353.84 13650408 36.283 841269.512 781250 2 2 1 6.962 24086372 30.000 0.943 77725696.000 346869760.000 1569321352.515 1569321352.373 206 2 218750 406250 781250
1569321353.94 13587660 36.150 841269.512 781250 2 2 1 6.962 24086372 30.000 0.943 77725696.000 346869760.000 1569321352.515 1569321352.373 206 2 218750 406250 781250
1569321354.04 13553025 36.083 841269.512 781250 2 2 1 6.962 24086372 40.000 0.943 77725696.000 346869760.000 1569321352.515 1569321352.373 206 2 218750 406250 781250
1569321354.14 13492596 36.000 841269.512 781250 2 2 1 6.962 24086372 20.000 0.943 77725696.000 346869760.000 1569321352.515 1569321352.373 206 2 218750 406250 781250
1569321354.25 13402055 35.850 841269.512 781250 2 2 1 6.962 24086372 45.455 0.943 77725696.000 346869760.000 1569321352.515 1569321352.373 206 2 218750 406250 781250
1569321354.35 13388379 35.783 841269.512 781250 2 2 1 6.962 24086372 10.000 0.943 77725696.000 346869760.000 1569321352.515 1569321352.373 206 2 218750 406250 781250
1569321354.45 13356808 35.650 841269.512 781250 2 2 1 6.962 24086372 30.000 0.945 77725696.000 346869760.000 1569321352.515 1569321352.373 206 2 218750 406250 781250
1569321354.55 13340044 35.583 841269.512 781250 2 2 1 6.962 24086372 45.455 0.948 77852672.000 347164672.000 1569321352.515 1569321352.373 206 2 218750 406250 781250
1569321354.66 13308995 35.483 841269.512 781250 2 2 1 6.962 24086372 40.000 0.951 78110720.000 347451392.000 1569321352.515 1569321352.373 206 2 218750 406250 781250
1569321354.76 13218305 35.333 841269.512 781250 2 2 1 6.962 24086372 50.000 0.954 78360576.000 347729920.000 1569321352.515 1569321352.373 206 2 218750 406250 781250
1569321354.86 13203647 35.267 841269.512 781250 2 2 1 6.962 24086372 40.000 0.957 78626816.000 348016640.000 1569321352.515 1569321352.373 206 2 218750 406250 781250
1569321354.96 13167453 35.133 841269.512 781250 2 2 1 6.962 24086372 50.000 0.960 78884864.000 348160000.000 1569321352.515 1569321352.373 206 2 218750 406250 781250
1569321355.07 13152803 35.083 841269.512 781250 2 2 1 6.962 24086372 50.000 0.964 79134720.000 348446720.000 1569321352.515 1569321352.373 206 2 218750 406250 781250
1569321355.17 13117284 34.983 841269.512 781250 2 2 1 6.962 24086372 45.455 0.967 79392768.000 348733440.000 1569321352.515 1569321352.373 206 2 218750 406250 781250
1569321355.27 13023593 34.850 841269.512 781250 2 2 1 6.962 24086372 50.000 0.970 79654912.000 349011968.000 1569321352.515 1569321352.373 206 2 218750 406250 781250
1569321355.37 12995274 34.717 841269.512 781250 2 2 1 6.962 24086372 36.364 0.972 79904768.000 349155328.000 1569321352.515 1569321352.373 206 2 218750 406250 781250
1569321355.48 12980366 34.650 841269.512 781250 2 2 1 6.962 24086372 60.000 0.976 80355328.000 349437952.000 1569321352.515 1569321352.373 206 2 218750 406250 781250
1569321355.58 12950011 34.517 841269.512 781250 2 2 1 6.962 24086372 50.000 0.979 80662528.000 349724672.000 1569321352.515 1569321352.373 206 2 218750 406250 781250
1569321355.68 12859870 34.467 841269.512 781250 2 2 1 6.962 24086372 60.000 0.983 80953344.000 349995008.000 1569321352.515 1569321352.373 206 2 218750 406250 781250
1569321355.78 12848330 34.333 841269.512 781250 2 2 1 6.962 24086372 80.000 0.986 81272832.000 350425088.000 1569321352.515 1569321352.373 206 2 218750 406250 781250

1569321355.88 15518300 38.267 847734.596 781250 2 2 1 6.962 26861816 40.000 0.937 77234176.000 344895488.000 1569321355.792 1569321355.789 50 1 218750 406250 781250
1569321355.99 15481866 38.133 847734.596 781250 2 2 1 6.962 26861816 20.000 0.937 77234176.000 344895488.000 1569321355.921 1569321355.789 50 1 218750 406250 781250
1569321356.09 15463434 38.067 847734.596 781250 2 2 1 6.962 26861816 18.182 0.937 77234176.000 344895488.000 1569321355.921 1569321355.789 50 1 218750 406250 781250
1569321356.19 15350704 37.900 847734.596 781250 2 2 1 6.962 26861816 10.000 0.937 77234176.000 344895488.000 1569321355.921 1569321355.789 50 1 218750 406250 781250
1569321356.29 15338278 37.833 847734.596 781250 2 2 1 6.962 26861816 20.000 0.937 77234176.000 344895488.000 1569321355.921 1569321355.789 50 1 218750 406250 781250
1569321356.39 15310939 37.700 847734.596 781250 2 2 1 6.962 26861816 20.000 0.937 77234176.000 344895488.000 1569321355.921 1569321355.789 50 1 218750 406250 781250
1569321356.50 15295883 37.633 847734.596 781250 2 2 1 6.962 26861816 18.182 0.937 77234176.000 344895488.000 1569321355.921 1569321355.789 50 1 218750 406250 781250
1569321356.60 15270155 37.550 847734.596 781250 2 2 1 6.962 26861816 20.000 0.937 77234176.000 344895488.000 1569321355.921 1569321355.789 50 1 218750 406250 781250
1569321356.70 15173431 37.450 847734.596 781250 2 2 1 6.962 26861816 20.000 0.937 77234176.000 344895488.000 1569321355.921 1569321355.789 50 1 218750 406250 781250
1569321356.80 15150669 37.317 847734.596 781250 2 2 1 6.962 26861816 30.000 0.937 77234176.000 344895488.000 1569321355.921 1569321355.789 50 1 218750 406250 781250
1569321356.90 15135836 37.250 847734.596 781250 2 2 1 6.962 26861816 30.000 0.937 77234176.000 344895488.000 1569321355.921 1569321355.789 50 1 218750 406250 781250
1569321357.01 15107913 37.150 847734.596 781250 2 2 1 6.962 26861816 30.000 0.940 77234176.000 345178112.000 1569321355.921 1569321355.789 50 1 218750 406250 781250
1569321357.11 15072708 37.017 847734.596 781250 2 2 1 6.962 26861816 36.364 0.943 77717504.000 345464832.000 1569321355.921 1569321355.789 50 1 218750 406250 781250
1569321357.21 14978879 36.917 847734.596 781250 2 2 1 6.962 26861816 30.000 0.947 78004224.000 345751552.000 1569321355.921 1569321355.789 50 1 218750 406250 781250
1569321357.31 14951387 36.783 847734.596 781250 2 2 1 6.962 26861816 40.000 0.951 78307328.000 346038272.000 1569321355.921 1569321355.789 50 1 218750 406250 781250
1569321357.41 14936660 36.717 847734.596 781250 2 2 1 6.962 26861816 40.000 0.954 78594048.000 346316800.000 1569321355.921 1569321355.789 50 1 218750 406250 781250
1569321357.51 14902403 36.583 847734.596 781250 2 2 1 6.962 26861816 9.091 0.958 78884864.000 346705920.000 1569321355.921 1569321355.789 50 1 218750 406250 781250
1569321357.62 14888292 36.517 847734.596 781250 2 2 1 6.962 26861816 50.000 0.961 79179776.000 346992640.000 1569321355.921 1569321355.789 50 1 218750 406250 781250
1569321357.72 14783026 36.383 847734.596 781250 2 2 1 6.962 26861816 50.000 0.965 79466496.000 347271168.000 1569321355.921 1569321355.789 50 1 218750 406250 781250
1569321357.82 14767708 36.317 847734.596 781250 2 2 1 6.962 26861816 50.000 0.968 79769600.000 347557888.000 1569321355.921 1569321355.789 50 1 218750 406250 781250
1569321357.93 14733572 36.167 847734.596 781250 2 2 1 6.962 26861816 50.000 0.972 80056320.000 347848704.000 1569321355.921 1569321355.789 50 1 218750 406250 781250
1569321358.03 14704008 36.083 847734.596 781250 2 2 1 6.962 26861816 45.455 0.976 80359424.000 348135424.000 1569321355.921 1569321355.789 50 1 218750 406250 781250
1569321358.13 14687144 36.017 847734.596 781250 2 2 1 6.962 26861816 50.000 0.979 80646144.000 348413952.000 1569321355.921 1569321355.789 50 1 218750 406250 781250
1569321358.23 14593890 35.917 847734.596 781250 2 2 1 6.962 26861816 60.000 0.983 80936960.000 348700672.000 1569321355.921 1569321355.789 50 1 218750 406250 781250
1569321358.33 14568982 35.783 847734.596 781250 2 2 1 6.962 26861816 60.000 0.986 81235968.000 348987392.000 1569321355.921 1569321355.789 50 1 218750 406250 781250
1569321358.43 14554069 35.717 847734.596 781250 2 2 1 6.962 26861816 54.545 0.990 81522688.000 349270016.000 1569321355.921 1569321355.789 50 1 218750 406250 781250
1569321358.54 14512541 35.567 847734.596 781250 2 2 1 6.962 26861816 30.000 0.993 81797120.000 349634560.000 1569321355.921 1569321355.789 50 1 218750 406250 781250
1569321358.64 14499107 35.500 847734.596 781250 2 2 1 6.962 26861816 70.000 0.997 82108416.000 349921280.000 1569321355.921 1569321355.789 50 1 218750 406250 781250
1569321358.74 14402158 35.350 847734.596 781250 2 2 1 6.962 26861816 60.000 1.000 82407424.000 350212096.000 1569321355.921 1569321355.789 50 1 218750 406250 781250
1569321358.85 17071137 39.300 957855.407 781250 2 2 1 6.962 29641772 81.818 0.927 76353536.000 342122496.000 1569321358.833 1569321358.823 354 2 218750 406250 781250

1569321358.95 17056541 39.167 957855.407 781250 2 2 1 6.962 29641772 20.000 0.927 76353536.000 342122496.000 1569321358.833 1569321358.823 354 2 218750 406250 781250
1569321359.05 17025105 39.050 957855.407 781250 2 2 1 6.962 29641772 10.000 0.928 76353536.000 342261760.000 1569321358.966 1569321358.823 354 2 218750 406250 781250
1569321359.16 17009957 39.000 957855.407 781250 2 2 1 6.962 29641772 18.182 0.932 76754944.000 342556672.000 1569321358.966 1569321358.823 354 2 218750 406250 781250
1569321359.26 16915461 38.883 957855.407 781250 2 2 1 6.962 29641772 10.000 0.935 77041664.000 342847488.000 1569321358.966 1569321358.823 354 2 218750 406250 781250
1569321359.36 16882419 38.733 957855.407 781250 2 2 1 6.962 29641772 20.000 0.939 77344768.000 343134208.000 1569321358.966 1569321358.823 354 2 218750 406250 781250
1569321359.46 16863404 38.667 957855.407 781250 2 2 1 6.962 29641772 20.000 0.943 77631488.000 343556096.000 1569321358.966 1569321358.823 354 2 218750 406250 781250
1569321359.56 16833566 38.583 957855.407 781250 2 2 1 6.962 29641772 20.000 0.946 77922304.000 343834624.000 1569321358.966 1569321358.823 354 2 218750 406250 781250
1569321359.67 16800640 38.483 957855.407 781250 2 2 1 6.962 29641772 10.000 0.948 77946880.000 344002560.000 1569321358.966 1569321358.823 354 2 218750 406250 781250
1569321359.77 16715894 38.383 957855.407 781250 2 2 1 6.962 29641772 27.273 0.953 78368768.000 344326144.000 1569321358.966 1569321358.823 354 2 218750 406250 781250
1569321359.87 16686733 38.233 957855.407 781250 2 2 1 6.962 29641772 20.000 0.957 78794752.000 344612864.000 1569321358.966 1569321358.823 354 2 218750 406250 781250
1569321359.97 16669312 38.167 957855.407 781250 2 2 1 6.962 29641772 40.000 0.960 79093760.000 344899584.000 1569321358.966 1569321358.823 354 2 218750 406250 781250
1569321360.07 16636354 38.033 957855.407 781250 2 2 1 6.962 29641772 40.000 0.964 79380480.000 345186304.000 1569321358.966 1569321358.823 354 2 218750 406250 781250
1569321360.18 16538365 37.950 957855.407 781250 2 2 1 6.962 29641772 18.182 0.967 79679488.000 345485312.000 1569321358.966 1569321358.823 354 2 218750 406250 781250
1569321360.28 16522756 37.833 957855.407 781250 2 2 1 6.962 29641772 40.000 0.971 79966208.000 345772032.000 1569321358.966 1569321358.823 354 2 218750 406250 781250
1569321360.38 16509402 37.767 957855.407 781250 2 2 1 6.962 29641772 30.000 0.973 80003072.000 346058752.000 1569321358.966 1569321358.823 354 2 218750 406250 781250
1569321360.48 16465905 37.650 957855.407 781250 2 2 1 6.962 29641772 30.000 0.976 80183296.000 346193920.000 1569321358.966 1569321358.823 354 2 218750 406250 781250
1569321360.58 16440330 37.517 957855.407 781250 2 2 1 6.962 29641772 30.000 0.979 80412672.000 346484736.000 1569321358.966 1569321358.823 354 2 218750 406250 781250
1569321360.69 16344051 37.417 957855.407 781250 2 2 1 6.962 29641772 40.000 0.981 80633856.000 346619904.000 1569321358.966 1569321358.823 354 2 218750 406250 781250
1569321360.79 16331760 37.350 957855.407 781250 2 2 1 6.962 29641772 27.273 0.984 80850944.000 346910720.000 1569321358.966 1569321358.823 354 2 218750 406250 781250
1569321360.89 16304889 37.217 957855.407 781250 2 2 1 6.962 29641772 40.000 0.987 81072128.000 347197440.000 1569321358.966 1569321358.823 354 2 218750 406250 781250
1569321360.99 16280691 37.150 957855.407 781250 2 2 1 6.962 29641772 40.000 0.989 81297408.000 347344896.000 1569321358.966 1569321358.823 354 2 218750 406250 781250
1569321361.09 16256644 37.000 957855.407 781250 2 2 1 6.962 29641772 36.364 0.992 81522688.000 347631616.000 1569321358.966 1569321358.823 354 2 218750 406250 781250
1569321361.20 16158875 36.917 957855.407 781250 2 2 1 6.962 29641772 50.000 0.995 81743872.000 347774976.000 1569321358.966 1569321358.823 354 2 218750 406250 781250
1569321361.30 16146162 36.850 957855.407 781250 2 2 1 6.962 29641772 40.000 0.997 81952768.000 348061696.000 1569321358.966 1569321358.823 354 2 218750 406250 781250
1569321361.40 16120632 36.717 957855.407 781250 2 2 1 6.962 29641772 40.000 1.000 82173952.000 348205056.000 1569321358.966 1569321358.823 354 2 218750 406250 781250
1569321361.50 16106715 36.650 957855.407 781250 2 2 1 6.962 29641772 40.000 1.003 82395136.000 348491776.000 1569321358.966 1569321358.823 354 2 218750 406250 781250
1569321361.60 16074889 36.500 957855.407 781250 2 2 1 6.962 29641772 50.000 1.005 82616320.000 348635136.000 1569321358.966 1569321358.823 354 2 218750 406250 781250
1569321361.71 15977068 36.417 957855.407 781250 2 2 1 6.962 29641772 40.000 1.008 82825216.000 348925952.000 1569321358.966 1569321358.823 354 2 218750 406250 781250
1569321361.81 15950057 36.283 957855.407 781250 2 2 1 6.962 29641772 9.091 1.011 83025920.000 349102080.000 1569321358.966 1569321358.823 354 2 218750 406250 781250
1569321361.91 15934932 36.217 957855.407 781250 2 2 1 6.962 29641772 50.000 1.013 83267584.000 349388800.000 1569321358.966 1569321358.823 354 2 218750 406250 781250
1569321362.01 15906386 36.083 957855.407 781250 2 2 1 6.962 29641772 40.000 1.016 83488768.000 349532160.000 1569321358.966 1569321358.823 354 2 218750 406250 781250
1569321362.11 15893775 36.017 957855.407 781250 2 2 1 6.962 29641772 36.364 1.019 83709952.000 349818880.000 1569321358.966 1569321358.823 354 2 218750 406250 781250
1569321362.22 15795082 35.917 957855.407 781250 2 2 1 6.962 29641772 60.000 1.021 83931136.000 349962240.000 1569321358.966 1569321358.823 354 2 218750 406250 781250
1569321362.32 15760426 35.833 957855.407 781250 2 2 1 6.962 29641772 50.000 1.024 84152320.000 350248960.000 1569321358.966 1569321358.823 354 2 218750 406250 781250
1569321362.42 18419233 39.700 809770.778 781250 2 2 1 6.962 32405936 70.000 0.956 78585856.000 342118400.000 1569321362.384 1569321362.379 17 1 218750 406250 781250
1569321362.52 18387402 39.633 809770.778 781250 2 2 1 6.962 32405936 10.000 0.956 78790656.000 342118400.000 1569321362.384 1569321362.379 17 1 218750 406250 781250
1569321362.62 18371397 39.500 809770.778 781250 2 2 1 6.962 32405936 0.000 0.956 78790656.000 342118400.000 1569321362.384 1569321362.379 17 1 218750 406250 781250
1569321362.73 18266963 39.367 809770.778 781250 2 2 1 6.962 32405936 0.000 0.956 78790656.000 342118400.000 1569321362.384 1569321362.379 17 1 218750 406250 781250
1569321362.83 18253837 39.300 809770.778 781250 2 2 1 6.962 32405936 0.000 0.956 78790656.000 342118400.000 1569321362.384 1569321362.379 17 1 218750 406250 781250
1569321362.93 18233761 39.217 809770.778 781250 2 2 1 6.962 32405936 10.000 0.956 78790656.000 342118400.000 1569321362.384 1569321362.379 17 1 218750 406250 781250
1569321363.03 18200411 39.083 809770.778 781250 2 2 1 6.962 32405936 0.000 0.956 78790656.000 342118400.000 1569321362.384 1569321362.379 17 1 218750 406250 781250
1569321363.13 18186885 39.017 809770.778 781250 2 2 1 6.962 32405936 0.000 0.956 78790656.000 342118400.000 1569321362.384 1569321362.379 17 1 218750 406250 781250
1569321363.23 18079625 38.867 809770.778 781250 2 2 1 6.962 32405936 10.000 0.956 78790656.000 342118400.000 1569321362.384 1569321362.379 17 1 218750 406250 781250
1569321363.33 18064190 38.800 809770.778 781250 2 2 1 6.962 32405936 0.000 0.956 78790656.000 342118400.000 1569321362.384 1569321362.379 17 1 218750 406250 781250
1569321363.44 18032952 38.683 809770.778 781250 2 2 1 6.962 32405936 10.000 0.956 78790656.000 342118400.000 1569321362.384 1569321362.379 17 1 218750 406250 781250
1569321363.54 18016747 38.617 809770.778 781250 2 2 1 6.962 32405936 0.000 0.956 78790656.000 342118400.000 1569321362.384 1569321362.379 17 1 218750 406250 781250
1569321363.64 17992171 38.517 809770.778 781250 2 2 1 6.962 32405936 0.000 0.956 78790656.000 342118400.000 1569321362.384 1569321362.379 17 1 218750 406250 781250
1569321363.74 17878415 38.350 809770.778 781250 2 2 1 6.962 32405936 10.000 0.956 78790656.000 342118400.000 1569321362.384 1569321362.379 17 1 218750 406250 781250
1569321363.84 17864160 38.267 809770.778 781250 2 2 1 6.962 32405936 0.000 0.956 78790656.000 342118400.000 1569321362.384 1569321362.379 17 1 218750 406250 781250
1569321363.94 17846087 38.200 809770.778 781250 2 2 1 6.962 32405936 0.000 0.956 78790656.000 342118400.000 1569321362.384 1569321362.379 17 1 218750 406250 781250
1569321364.05 17805208 38.083 809770.778 781250 2 2 1 6.962 32405936 0.000 0.956 78790656.000 342118400.000 1569321362.384 1569321362.379 17 1 218750 406250 781250
1569321364.15 17784987 38.000 809770.778 781250 2 2 1 6.962 32405936 0.000 0.956 78790656.000 342118400.000 1569321362.384 1569321362.379 17 1 218750 406250 781250
1569321364.25 17687847 37.850 809770.778 781250 2 2 1 6.962 32405936 0.000 0.956 78790656.000 342118400.000 1569321362.384 1569321362.379 17 1 218750 406250 781250
1569321364.35 17671639 37.767 809770.778 781250 2 2 1 6.962 32405936 10.000 0.956 78790656.000 342118400.000 1569321362.384 1569321362.379 17 1 218750 406250 781250

1569321364.45 17655303 37.700 809770.778 781250 2 2 1 6.962 32405936 0.000 0.956 78790656.000 342118400.000 1569321362.384 1569321362.379 17 1 218750 406250 781250
1569321364.56 17624404 37.583 809770.778 781250 2 2 1 6.962 32405936 9.091 0.956 78790656.000 342118400.000 1569321364.549 1569321362.379 17 1 218750 406250 781250
1569321364.66 17594030 37.483 809770.778 781250 2 2 1 6.962 32405936 10.000 0.958 78790656.000 342261760.000 1569321364.549 1569321362.379 17 1 218750 406250 781250
1569321364.76 17507305 37.367 809770.778 781250 2 2 1 6.962 32405936 20.000 0.960 78913536.000 342544384.000 1569321364.549 1569321362.379 17 1 218750 406250 781250
1569321364.86 17481727 37.233 809770.778 781250 2 2 1 6.962 32405936 10.000 0.963 79122432.000 342687744.000 1569321364.549 1569321362.379 17 1 218750 406250 781250
1569321364.96 17466373 37.183 809770.778 781250 2 2 1 6.962 32405936 10.000 0.966 79343616.000 342974464.000 1569321364.549 1569321362.379 17 1 218750 406250 781250
1569321365.06 17435784 37.083 809770.778 781250 2 2 1 6.962 32405936 20.000 0.968 79564800.000 343117824.000 1569321364.549 1569321362.379 17 1 218750 406250 781250
1569321365.17 17409980 36.983 809770.778 781250 2 2 1 6.962 32405936 18.182 0.971 79790080.000 343404544.000 1569321364.549 1569321362.379 17 1 218750 406250 781250
1569321365.27 17315479 36.850 809770.778 781250 2 2 1 6.962 32405936 10.000 0.974 80011264.000 343691264.000 1569321364.549 1569321362.379 17 1 218750 406250 781250
1569321365.37 17303470 36.783 809770.778 781250 2 2 1 6.962 32405936 20.000 0.975 80232448.000 343691264.000 1569321364.549 1569321362.379 17 1 218750 406250 781250
1569321365.47 17272304 36.650 809770.778 781250 2 2 1 6.962 32405936 0.000 0.975 80297984.000 343691264.000 1569321364.549 1569321362.379 17 1 218750 406250 781250
1569321365.58 17245270 36.517 809770.778 781250 2 2 1 6.962 32405936 0.000 0.975 80338944.000 343691264.000 1569321364.549 1569321362.379 17 1 218750 406250 781250
1569321365.68 17153290 36.417 809770.778 781250 2 2 1 6.962 32405936 10.000 0.975 80338944.000 343691264.000 1569321364.549 1569321362.379 17 1 218750 406250 781250
1569321365.78 17140874 36.350 809770.778 781250 2 2 1 6.962 32405936 20.000 0.981 80605184.000 344276992.000 1569321364.549 1569321362.379 17 1 218750 406250 781250
1569321365.88 17111783 36.217 809770.778 781250 2 2 1 6.962 32405936 30.000 0.984 81084416.000 344563712.000 1569321364.549 1569321362.379 17 1 218750 406250 781250
1569321365.98 17095209 36.150 809770.778 781250 2 2 1 6.962 32405936 30.000 0.988 81371136.000 344850432.000 1569321364.549 1569321362.379 17 1 218750 406250 781250
1569321366.08 17063633 36.017 809770.778 781250 2 2 1 6.962 32405936 30.000 0.991 81670144.000 345137152.000 1569321364.549 1569321362.379 17 1 218750 406250 781250
1569321366.19 16969789 35.917 809770.778 781250 2 2 1 6.962 32405936 9.091 0.995 81956864.000 345395200.000 1569321364.549 1569321362.379 17 1 218750 406250 781250
1569321366.29 16955495 35.850 809770.778 781250 2 2 1 6.962 32405936 30.000 0.999 82243584.000 345673728.000 1569321364.549 1569321362.379 17 1 218750 406250 781250
1569321366.39 16918664 35.700 809770.778 781250 2 2 1 6.962 32405936 30.000 1.002 82546688.000 345960448.000 1569321364.549 1569321362.379 17 1 218750 406250 781250
1569321366.49 16898866 35.633 809770.778 781250 2 2 1 6.962 32405936 50.000 1.006 82833408.000 346247168.000 1569321364.549 1569321362.379 17 1 218750 406250 781250
