#ts enqueued_b enqueued_t,visible=1,subplot=2 bwe,visible=1,subplot=1 cur,visible=1,subplot=1 level,visible=1,subplot=3 max_level player_status,visible=1,subplot=3 paused_time downloaded_bytes cpu,visible=1,subplot=4 mem,visible=1,subplot=5 rss vms ts_start_req ts_stop_req alpha view q0,visible=0 q1,visible=0 q2,visible=0
#Host: 10.73.0.27
1569314889.37 0 0.000 0.000 218750 0 2 0 0.000 0 0.000 0.538 43966464.000 342044672.000 -1.000 -1.000 0 0 218750 406250 781250
1569314889.47 0 0.000 0.000 218750 0 2 0 0.000 0 0.000 0.541 44363776.000 342179840.000 1569314889.366 -1.000 0 0 218750 406250 781250
1569314889.57 0 0.000 0.000 218750 0 2 0 0.000 0 10.000 0.543 44556288.000 342462464.000 1569314889.366 -1.000 0 0 218750 406250 781250
1569314889.67 0 0.000 0.000 218750 0 2 0 0.000 0 10.000 0.545 44736512.000 342605824.000 1569314889.366 -1.000 0 0 218750 406250 781250
1569314889.77 0 0.000 0.000 218750 0 2 0 0.000 0 20.000 0.547 44920832.000 342749184.000 1569314889.366 -1.000 0 0 218750 406250 781250
1569314889.87 0 0.000 0.000 218750 0 2 0 0.000 0 9.091 0.548 45101056.000 342749184.000 1569314889.366 -1.000 0 0 218750 406250 781250
1569314889.98 0 0.000 0.000 218750 0 2 0 0.000 0 10.000 0.549 45117440.000 342892544.000 1569314889.366 -1.000 0 0 218750 406250 781250
1569314890.08 0 0.000 0.000 218750 0 2 0 0.000 0 10.000 0.551 45264896.000 343027712.000 1569314889.366 -1.000 0 0 218750 406250 781250
1569314890.18 0 0.000 0.000 218750 0 2 0 0.000 0 10.000 0.553 45408256.000 343171072.000 1569314889.366 -1.000 0 0 218750 406250 781250
1569314890.28 0 0.000 0.000 218750 0 2 0 0.000 0 20.000 0.555 45551616.000 343314432.000 1569314889.366 -1.000 0 0 218750 406250 781250
1569314890.38 0 0.000 0.000 218750 0 2 0 0.000 0 10.000 0.557 45711360.000 343457792.000 1569314889.366 -1.000 0 0 218750 406250 781250
1569314890.48 0 0.000 0.000 218750 0 2 0 0.000 0 10.000 0.558 45854720.000 343601152.000 1569314889.366 -1.000 0 0 218750 406250 781250
1569314890.59 0 0.000 0.000 218750 0 2 0 0.000 0 18.182 0.560 45998080.000 343744512.000 1569314889.366 -1.000 0 0 218750 406250 781250
1569314890.69 0 0.000 0.000 218750 0 2 0 0.000 0 20.000 0.562 46141440.000 343887872.000 1569314889.366 -1.000 0 0 218750 406250 781250
1569314890.79 0 0.000 0.000 218750 0 2 0 0.000 0 10.000 0.564 46284800.000 344174592.000 1569314889.366 -1.000 0 0 218750 406250 781250
1569314890.89 0 0.000 0.000 218750 0 2 0 0.000 0 10.000 0.565 46440448.000 344317952.000 1569314889.366 -1.000 0 0 218750 406250 781250
1569314890.99 0 0.000 0.000 218750 0 2 0 0.000 0 30.000 0.550 45285376.000 342888448.000 1569314889.366 -1.000 0 0 218750 406250 781250
1569314891.10 0 0.000 0.000 218750 0 2 0 0.000 0 27.273 0.549 45207552.000 342937600.000 1569314889.366 -1.000 0 0 218750 406250 781250
#Host: 10.73.0.27
1569314891.20 815149 3.967 484377.906 218750 0 2 0 0.000 863296 60.000 0.581 47747072.000 343830528.000 1569314891.152 1569314891.148 0 0 218750 406250 781250
1569314891.30 815149 3.967 484377.906 218750 0 2 0 0.000 863296 0.000 0.581 47841280.000 343830528.000 1569314891.282 1569314891.148 0 0 218750 406250 781250
1569314891.40 815149 3.967 484377.906 218750 0 2 0 0.000 863296 10.000 0.581 47841280.000 343830528.000 1569314891.282 1569314891.148 0 0 218750 406250 781250
1569314891.50 815149 3.967 484377.906 218750 0 2 0 0.000 863296 10.000 0.581 47841280.000 343830528.000 1569314891.282 1569314891.148 0 0 218750 406250 781250
1569314891.61 815149 3.967 484377.906 218750 0 2 0 0.000 863296 9.091 0.581 47841280.000 343830528.000 1569314891.282 1569314891.148 0 0 218750 406250 781250
1569314891.71 815149 3.967 484377.906 218750 0 2 0 0.000 863296 10.000 0.581 47841280.000 343830528.000 1569314891.282 1569314891.148 0 0 218750 406250 781250
1569314891.81 815149 3.967 484377.906 218750 0 2 0 0.000 863296 10.000 0.581 47841280.000 343830528.000 1569314891.282 1569314891.148 0 0 218750 406250 781250
1569314891.91 815149 3.967 484377.906 218750 0 2 0 0.000 863296 10.000 0.581 47841280.000 343830528.000 1569314891.282 1569314891.148 0 0 218750 406250 781250
1569314892.01 815149 3.967 484377.906 218750 0 2 0 0.000 863296 20.000 0.581 47841280.000 343830528.000 1569314891.282 1569314891.148 0 0 218750 406250 781250
1569314892.12 815149 3.967 484377.906 218750 0 2 0 0.000 863296 9.091 0.581 47841280.000 343830528.000 1569314891.282 1569314891.148 0 0 218750 406250 781250
1569314892.22 815149 3.967 484377.906 218750 0 2 0 0.000 863296 10.000 0.581 47841280.000 343830528.000 1569314891.282 1569314891.148 0 0 218750 406250 781250
1569314892.32 815149 3.967 484377.906 218750 0 2 0 0.000 863296 10.000 0.581 47841280.000 343830528.000 1569314891.282 1569314891.148 0 0 218750 406250 781250
1569314892.42 815149 3.967 484377.906 218750 0 2 0 0.000 863296 30.000 0.581 47841280.000 343830528.000 1569314891.282 1569314891.148 0 0 218750 406250 781250
1569314892.52 815149 3.967 484377.906 218750 0 2 0 0.000 863296 10.000 0.581 47841280.000 343830528.000 1569314891.282 1569314891.148 0 0 218750 406250 781250
1569314892.63 815149 3.967 484377.906 218750 0 2 0 0.000 863296 20.000 0.581 47841280.000 343830528.000 1569314891.282 1569314891.148 0 0 218750 406250 781250
1569314892.73 1576157 7.967 565205.192 218750 0 2 0 0.000 1672260 36.364 0.600 49463296.000 343830528.000 1569314892.715 1569314892.714 327 0 218750 406250 781250
#Host: 10.73.0.27
1569314892.84 1576157 7.967 565205.192 218750 0 2 0 0.000 1672260 9.091 0.600 49463296.000 343830528.000 1569314892.715 1569314892.714 327 0 218750 406250 781250
1569314892.94 1576157 7.967 565205.192 218750 0 2 0 0.000 1672260 20.000 0.600 49463296.000 343830528.000 1569314892.852 1569314892.714 327 0 218750 406250 781250
1569314893.04 1576157 7.967 565205.192 218750 0 2 0 0.000 1672260 10.000 0.600 49463296.000 343830528.000 1569314892.852 1569314892.714 327 0 218750 406250 781250
1569314893.14 1576157 7.967 565205.192 218750 0 2 0 0.000 1672260 10.000 0.600 49463296.000 343830528.000 1569314892.852 1569314892.714 327 0 218750 406250 781250
1569314893.24 1576157 7.967 565205.192 218750 0 2 0 0.000 1672260 20.000 0.600 49463296.000 343830528.000 1569314892.852 1569314892.714 327 0 218750 406250 781250
1569314893.35 1576157 7.967 565205.192 218750 0 2 0 0.000 1672260 10.000 0.600 49463296.000 343830528.000 1569314892.852 1569314892.714 327 0 218750 406250 781250
1569314893.45 1576157 7.967 565205.192 218750 0 2 0 0.000 1672260 9.091 0.600 49463296.000 343830528.000 1569314892.852 1569314892.714 327 0 218750 406250 781250
1569314893.55 1576157 7.967 565205.192 218750 0 2 0 0.000 1672260 10.000 0.600 49463296.000 343830528.000 1569314892.852 1569314892.714 327 0 218750 406250 781250
1569314893.65 1576157 7.967 565205.192 218750 0 2 0 0.000 1672260 30.000 0.600 49463296.000 343830528.000 1569314892.852 1569314892.714 327 0 218750 406250 781250
1569314893.75 1576157 7.967 565205.192 218750 0 2 0 0.000 1672260 10.000 0.600 49463296.000 343830528.000 1569314892.852 1569314892.714 327 0 218750 406250 781250
1569314893.85 1576157 7.967 565205.192 218750 0 2 0 0.000 1672260 9.091 0.600 49463296.000 343830528.000 1569314892.852 1569314892.714 327 0 218750 406250 781250
1569314893.96 1576157 7.967 565205.192 218750 0 2 0 0.000 1672260 0.000 0.600 49463296.000 343830528.000 1569314892.852 1569314892.714 327 0 218750 406250 781250
1569314894.06 1576157 7.967 565205.192 218750 0 2 0 0.000 1672260 10.000 0.600 49463296.000 343830528.000 1569314892.852 1569314892.714 327 0 218750 406250 781250
1569314894.16 1576157 7.967 565205.192 218750 0 2 0 0.000 1672260 0.000 0.600 49463296.000 343830528.000 1569314892.852 1569314892.714 327 0 218750 406250 781250
1569314894.26 1576157 7.967 565205.192 218750 0 2 0 0.000 1672260 10.000 0.600 49463296.000 343830528.000 1569314892.852 1569314892.714 327 0 218750 406250 781250
1569314894.36 1576157 7.967 565205.192 218750 0 2 0 0.000 1672260 20.000 0.600 49463296.000 343830528.000 1569314892.852 1569314892.714 327 0 218750 406250 781250
#Host: 10.73.0.27
1569314894.46 2321019 11.983 520615.541 218750 0 2 1 6.177 2466748 40.000 0.630 51621888.000 344625152.000 1569314894.380 1569314894.378 327 0 218750 406250 781250
1569314894.57 2321019 11.983 520615.541 218750 0 2 1 6.177 2466748 9.091 0.630 51875840.000 344625152.000 1569314894.512 1569314894.378 327 0 218750 406250 781250
1569314894.67 2321019 11.983 520615.541 218750 0 2 1 6.177 2466748 20.000 0.630 51875840.000 344625152.000 1569314894.512 1569314894.378 327 0 218750 406250 781250
1569314894.77 2321019 11.983 520615.541 218750 0 2 1 6.177 2466748 20.000 0.630 51875840.000 344625152.000 1569314894.512 1569314894.378 327 0 218750 406250 781250
1569314894.87 2321019 11.983 520615.541 218750 0 2 1 6.177 2466748 10.000 0.630 51875840.000 344625152.000 1569314894.512 1569314894.378 327 0 218750 406250 781250
1569314894.97 2321019 11.983 520615.541 218750 0 2 1 6.177 2466748 9.091 0.630 51875840.000 344625152.000 1569314894.512 1569314894.378 327 0 218750 406250 781250
1569314895.08 2321019 11.983 520615.541 218750 0 2 1 6.177 2466748 30.000 0.630 51875840.000 344625152.000 1569314894.512 1569314894.378 327 0 218750 406250 781250
1569314895.18 2288410 11.933 520615.541 218750 0 2 1 6.177 2466748 20.000 0.630 51875840.000 344625152.000 1569314894.512 1569314894.378 327 0 218750 406250 781250
1569314895.28 2286337 11.833 520615.541 218750 0 2 1 6.177 2466748 10.000 0.630 51875840.000 344625152.000 1569314894.512 1569314894.378 327 0 218750 406250 781250
1569314895.38 2277797 11.683 520615.541 218750 0 2 1 6.177 2466748 20.000 0.630 51875840.000 344625152.000 1569314894.512 1569314894.378 327 0 218750 406250 781250
1569314895.49 3020327 15.600 846000.366 218750 0 2 1 6.177 3267440 36.364 0.649 53497856.000 344625152.000 1569314894.512 1569314895.459 124 1 218750 406250 781250
1569314895.59 3011341 15.500 846000.366 218750 0 2 1 6.177 3267440 10.000 0.649 53497856.000 344625152.000 1569314894.512 1569314895.459 124 1 218750 406250 781250
1569314895.69 2963593 15.367 846000.366 218750 0 2 1 6.177 3267440 0.000 0.649 53497856.000 344625152.000 1569314894.512 1569314895.459 124 1 218750 406250 781250
1569314895.79 2957418 15.283 846000.366 218750 0 2 1 6.177 3267440 9.091 0.649 53497856.000 344625152.000 1569314894.512 1569314895.459 124 1 218750 406250 781250
1569314895.90 2945965 15.183 846000.366 218750 0 2 1 6.177 3267440 0.000 0.649 53497856.000 344625152.000 1569314894.512 1569314895.459 124 1 218750 406250 781250
1569314896.00 2931925 15.050 846000.366 218750 0 2 1 6.177 3267440 10.000 0.649 53497856.000 344625152.000 1569314894.512 1569314895.459 124 1 218750 406250 781250
1569314896.10 2928389 14.983 846000.366 218750 0 2 1 6.177 3267440 0.000 0.649 53497856.000 344625152.000 1569314894.512 1569314895.459 124 1 218750 406250 781250
1569314896.20 2874011 14.850 846000.366 218750 0 2 1 6.177 3267440 0.000 0.649 53497856.000 344625152.000 1569314894.512 1569314895.459 124 1 218750 406250 781250
1569314896.30 2860946 14.783 846000.366 218750 0 2 1 6.177 3267440 0.000 0.649 53497856.000 344625152.000 1569314894.512 1569314895.459 124 1 218750 406250 781250
1569314896.41 2844959 14.683 846000.366 218750 0 2 1 6.177 3267440 9.091 0.649 53497856.000 344625152.000 1569314894.512 1569314895.459 124 1 218750 406250 781250
1569314896.51 2829296 14.567 846000.366 218750 0 2 1 6.177 3267440 0.000 0.649 53497856.000 344625152.000 1569314894.512 1569314895.459 124 1 218750 406250 781250
#Host: 10.73.0.27
1569314896.61 2817091 14.483 846000.366 218750 0 2 1 6.177 3267440 10.000 0.649 53497856.000 344625152.000 1569314896.576 1569314895.459 124 1 218750 406250 781250
1569314896.71 2757477 14.383 846000.366 218750 0 2 1 6.177 3267440 20.000 0.649 53497856.000 344625152.000 1569314896.576 1569314895.459 124 1 218750 406250 781250
1569314896.81 2743944 14.250 846000.366 218750 0 2 1 6.177 3267440 10.000 0.649 53497856.000 344625152.000 1569314896.576 1569314895.459 124 1 218750 406250 781250
1569314896.91 2727242 14.167 846000.366 218750 0 2 1 6.177 3267440 9.091 0.649 53497856.000 344625152.000 1569314896.576 1569314895.459 124 1 218750 406250 781250
1569314897.02 2712211 14.067 846000.366 218750 0 2 1 6.177 3267440 20.000 0.649 53497856.000 344625152.000 1569314896.576 1569314895.459 124 1 218750 406250 781250
1569314897.12 2696456 13.967 846000.366 218750 0 2 1 6.177 3267440 10.000 0.649 53497856.000 344625152.000 1569314896.576 1569314895.459 124 1 218750 406250 781250
1569314897.22 2634011 13.867 846000.366 218750 0 2 1 6.177 3267440 20.000 0.649 53497856.000 344625152.000 1569314896.576 1569314895.459 124 1 218750 406250 781250
1569314897.32 2625273 13.767 846000.366 218750 0 2 1 6.177 3267440 20.000 0.649 53497856.000 344625152.000 1569314896.576 1569314895.459 124 1 218750 406250 781250
1569314897.42 2613099 13.667 846000.366 218750 0 2 1 6.177 3267440 10.000 0.649 53497856.000 344625152.000 1569314896.576 1569314895.459 124 1 218750 406250 781250
1569314897.53 2598680 13.567 846000.366 218750 0 2 1 6.177 3267440 10.000 0.649 53497856.000 344625152.000 1569314896.576 1569314895.459 124 1 218750 406250 781250
1569314897.63 2584204 13.467 846000.366 218750 0 2 1 6.177 3267440 18.182 0.649 53497856.000 344625152.000 1569314896.576 1569314895.459 124 1 218750 406250 781250
#Host: 10.73.0.27
1569314897.73 3272492 17.333 725028.798 218750 0 2 1 6.177 4069448 40.000 0.662 54579200.000 344625152.000 1569314897.683 1569314897.682 124 1 218750 406250 781250
1569314897.83 3259746 17.233 725028.798 218750 0 2 1 6.177 4069448 10.000 0.662 54579200.000 344625152.000 1569314897.815 1569314897.682 124 1 218750 406250 781250
1569314897.93 3245485 17.133 725028.798 218750 0 2 1 6.177 4069448 18.182 0.662 54579200.000 344625152.000 1569314897.815 1569314897.682 124 1 218750 406250 781250
1569314898.04 3232990 17.033 725028.798 218750 0 2 1 6.177 4069448 10.000 0.662 54579200.000 344625152.000 1569314897.815 1569314897.682 124 1 218750 406250 781250
1569314898.14 3164958 16.933 725028.798 218750 0 2 1 6.177 4069448 10.000 0.662 54579200.000 344625152.000 1569314897.815 1569314897.682 124 1 218750 406250 781250
1569314898.24 3156737 16.833 725028.798 218750 0 2 1 6.177 4069448 10.000 0.662 54579200.000 344625152.000 1569314897.815 1569314897.682 124 1 218750 406250 781250
1569314898.34 3147141 16.733 725028.798 218750 0 2 1 6.177 4069448 20.000 0.662 54579200.000 344625152.000 1569314897.815 1569314897.682 124 1 218750 406250 781250
1569314898.44 3136103 16.633 725028.798 218750 0 2 1 6.177 4069448 20.000 0.662 54579200.000 344625152.000 1569314897.815 1569314897.682 124 1 218750 406250 781250
1569314898.55 3122896 16.533 725028.798 218750 0 2 1 6.177 4069448 20.000 0.662 54579200.000 344625152.000 1569314897.815 1569314897.682 124 1 218750 406250 781250
1569314898.65 3055961 16.433 725028.798 218750 0 2 1 6.177 4069448 27.273 0.662 54579200.000 344625152.000 1569314897.815 1569314897.682 124 1 218750 406250 781250
#Host: 10.73.0.27
1569314898.75 3050788 16.333 725028.798 218750 0 2 1 6.177 4069448 30.000 0.662 54579200.000 344625152.000 1569314897.815 1569314897.682 124 1 218750 406250 781250
1569314898.85 3040127 16.233 725028.798 218750 0 2 1 6.177 4069448 10.000 0.662 54579200.000 344625152.000 1569314898.815 1569314897.682 124 1 218750 406250 781250
1569314898.95 3028183 16.133 725028.798 218750 0 2 1 6.177 4069448 20.000 0.662 54579200.000 344625152.000 1569314898.815 1569314897.682 124 1 218750 406250 781250
1569314899.06 3017659 16.000 725028.798 218750 0 2 1 6.177 4069448 0.000 0.662 54579200.000 344625152.000 1569314898.815 1569314897.682 124 1 218750 406250 781250
1569314899.16 2962547 15.917 725028.798 218750 0 2 1 6.177 4069448 20.000 0.662 54579200.000 344625152.000 1569314898.815 1569314897.682 124 1 218750 406250 781250
1569314899.26 2958779 15.850 725028.798 218750 0 2 1 6.177 4069448 20.000 0.662 54579200.000 344625152.000 1569314898.815 1569314897.682 124 1 218750 406250 781250
1569314899.36 2949928 15.717 725028.798 218750 0 2 1 6.177 4069448 20.000 0.662 54579200.000 344625152.000 1569314898.815 1569314897.682 124 1 218750 406250 781250
1569314899.46 2942111 15.650 725028.798 218750 0 2 1 6.177 4069448 20.000 0.662 54579200.000 344625152.000 1569314898.815 1569314897.682 124 1 218750 406250 781250
1569314899.56 2933196 15.517 725028.798 218750 0 2 1 6.177 4069448 10.000 0.662 54579200.000 344625152.000 1569314898.815 1569314897.682 124 1 218750 406250 781250
1569314899.67 2902185 15.433 725028.798 218750 0 2 1 6.177 4069448 20.000 0.662 54579200.000 344625152.000 1569314898.815 1569314897.682 124 1 218750 406250 781250
1569314899.78 3647519 19.267 845827.228 218750 0 2 1 6.177 4868260 25.000 0.676 55660544.000 344625152.000 1569314898.815 1569314899.759 128 1 218750 406250 781250
1569314899.88 3643773 19.200 845827.228 218750 0 2 1 6.177 4868260 10.000 0.676 55660544.000 344625152.000 1569314898.815 1569314899.759 128 1 218750 406250 781250
1569314899.98 3637932 19.083 845827.228 218750 0 2 1 6.177 4868260 10.000 0.676 55660544.000 344625152.000 1569314898.815 1569314899.759 128 1 218750 406250 781250
1569314900.08 3612105 18.983 845827.228 218750 0 2 1 6.177 4868260 10.000 0.676 55660544.000 344625152.000 1569314898.815 1569314899.759 128 1 218750 406250 781250
1569314900.19 3564133 18.900 845827.228 218750 0 2 1 6.177 4868260 0.000 0.676 55660544.000 344625152.000 1569314898.815 1569314899.759 128 1 218750 406250 781250
1569314900.29 3545899 18.767 845827.228 218750 0 2 1 6.177 4868260 0.000 0.676 55660544.000 344625152.000 1569314898.815 1569314899.759 128 1 218750 406250 781250
1569314900.39 3534386 18.700 845827.228 218750 0 2 1 6.177 4868260 0.000 0.676 55660544.000 344625152.000 1569314898.815 1569314899.759 128 1 218750 406250 781250
1569314900.49 3515884 18.567 845827.228 218750 0 2 1 6.177 4868260 0.000 0.676 55660544.000 344625152.000 1569314898.815 1569314899.759 128 1 218750 406250 781250
1569314900.59 3506344 18.500 845827.228 218750 0 2 1 6.177 4868260 0.000 0.676 55660544.000 344625152.000 1569314898.815 1569314899.759 128 1 218750 406250 781250
1569314900.69 3446675 18.400 845827.228 218750 0 2 1 6.177 4868260 10.000 0.676 55660544.000 344625152.000 1569314898.815 1569314899.759 128 1 218750 406250 781250
1569314900.79 3433107 18.267 845827.228 218750 0 2 1 6.177 4868260 0.000 0.676 55660544.000 344625152.000 1569314898.815 1569314899.759 128 1 218750 406250 781250
#Host: 10.73.0.27
1569314900.90 3417110 18.133 845827.228 218750 0 2 1 6.177 4868260 10.000 0.676 55660544.000 344625152.000 1569314900.880 1569314899.759 128 1 218750 406250 781250
1569314901.00 3409257 18.067 845827.228 218750 0 2 1 6.177 4868260 20.000 0.676 55660544.000 344625152.000 1569314900.880 1569314899.759 128 1 218750 406250 781250
1569314901.10 3395203 17.983 845827.228 218750 0 2 1 6.177 4868260 10.000 0.676 55660544.000 344625152.000 1569314900.880 1569314899.759 128 1 218750 406250 781250
1569314901.20 3336902 17.833 845827.228 218750 0 2 1 6.177 4868260 10.000 0.676 55660544.000 344625152.000 1569314900.880 1569314899.759 128 1 218750 406250 781250
1569314901.30 3330013 17.767 845827.228 218750 0 2 1 6.177 4868260 10.000 0.676 55660544.000 344625152.000 1569314900.880 1569314899.759 128 1 218750 406250 781250
1569314901.41 3313448 17.633 845827.228 218750 0 2 1 6.177 4868260 27.273 0.676 55660544.000 344625152.000 1569314900.880 1569314899.759 128 1 218750 406250 781250
1569314901.51 3306204 17.567 845827.228 218750 0 2 1 6.177 4868260 20.000 0.676 55660544.000 344625152.000 1569314900.880 1569314899.759 128 1 218750 406250 781250
1569314901.61 3293166 17.483 845827.228 218750 0 2 1 6.177 4868260 0.000 0.676 55660544.000 344625152.000 1569314900.880 1569314899.759 128 1 218750 406250 781250
1569314901.71 3237860 17.383 845827.228 218750 0 2 1 6.177 4868260 20.000 0.676 55660544.000 344625152.000 1569314900.880 1569314899.759 128 1 218750 406250 781250
1569314901.81 3229860 17.250 845827.228 218750 0 2 1 6.177 4868260 30.000 0.676 55660544.000 344625152.000 1569314900.880 1569314899.759 128 1 218750 406250 781250
1569314901.92 3964836 21.133 845638.481 218750 0 2 1 6.177 5667824 36.364 0.689 56741888.000 344625152.000 1569314900.880 1569314901.825 14 0 218750 406250 781250
1569314902.02 3956389 21.067 845638.481 218750 0 2 1 6.177 5667824 10.000 0.689 56741888.000 344625152.000 1569314900.880 1569314901.825 14 0 218750 406250 781250
#Host: 10.73.0.27
1569314902.12 3943429 20.983 845638.481 218750 0 2 1 6.177 5667824 0.000 0.689 56741888.000 344625152.000 1569314900.880 1569314901.825 14 0 218750 406250 781250
1569314902.22 3887920 20.850 845638.481 218750 0 2 1 6.177 5667824 0.000 0.689 56741888.000 344625152.000 1569314900.880 1569314901.825 14 0 218750 406250 781250
1569314902.32 3881897 20.783 845638.481 218750 0 2 1 6.177 5667824 0.000 0.689 56741888.000 344625152.000 1569314900.880 1569314901.825 14 0 218750 406250 781250
1569314902.43 3869079 20.650 845638.481 218750 0 2 1 6.177 5667824 10.000 0.689 56741888.000 344625152.000 1569314900.880 1569314901.825 14 0 218750 406250 781250
1569314902.53 3862125 20.583 845638.481 218750 0 2 1 6.177 5667824 0.000 0.689 56741888.000 344625152.000 1569314900.880 1569314901.825 14 0 218750 406250 781250
1569314902.63 3850852 20.483 845638.481 218750 0 2 1 6.177 5667824 0.000 0.689 56741888.000 344625152.000 1569314900.880 1569314901.825 14 0 218750 406250 781250
1569314902.73 3796183 20.350 845638.481 218750 0 2 1 6.177 5667824 0.000 0.689 56741888.000 344625152.000 1569314900.880 1569314901.825 14 0 218750 406250 781250
1569314902.83 3783831 20.217 845638.481 218750 0 2 1 6.177 5667824 0.000 0.689 56741888.000 344625152.000 1569314900.880 1569314901.825 14 0 218750 406250 781250
1569314902.93 3774212 20.133 845638.481 218750 0 2 1 6.177 5667824 10.000 0.689 56741888.000 344625152.000 1569314902.915 1569314901.825 14 0 218750 406250 781250
1569314903.04 3765650 20.067 845638.481 218750 0 2 1 6.177 5667824 9.091 0.689 56741888.000 344625152.000 1569314902.947 1569314901.825 14 0 218750 406250 781250
1569314903.14 3704627 19.917 845638.481 218750 0 2 1 6.177 5667824 20.000 0.689 56741888.000 344625152.000 1569314902.947 1569314901.825 14 0 218750 406250 781250
1569314903.24 3699255 19.850 845638.481 218750 0 2 1 6.177 5667824 10.000 0.689 56741888.000 344625152.000 1569314903.229 1569314901.825 14 0 218750 406250 781250
1569314903.34 3688225 19.717 845638.481 218750 0 2 1 6.177 5667824 20.000 0.689 56741888.000 344625152.000 1569314903.229 1569314901.825 14 0 218750 406250 781250
1569314903.44 3680519 19.650 845638.481 218750 0 2 1 6.177 5667824 10.000 0.689 56741888.000 344625152.000 1569314903.229 1569314901.825 14 0 218750 406250 781250
1569314903.55 3667424 19.517 845638.481 218750 0 2 1 6.177 5667824 20.000 0.689 56741888.000 344625152.000 1569314903.229 1569314901.825 14 0 218750 406250 781250
1569314903.65 3614230 19.417 845638.481 218750 0 2 1 6.177 5667824 45.455 0.689 56741888.000 344625152.000 1569314903.229 1569314901.825 14 0 218750 406250 781250
1569314903.75 3608059 19.350 845638.481 218750 0 2 1 6.177 5667824 0.000 0.689 56741888.000 344625152.000 1569314903.229 1569314901.825 14 0 218750 406250 781250
1569314903.85 3594402 19.217 845638.481 218750 0 2 1 6.177 5667824 0.000 0.689 56741888.000 344625152.000 1569314903.229 1569314901.825 14 0 218750 406250 781250
1569314903.95 3587445 19.150 845638.481 218750 0 2 1 6.177 5667824 0.000 0.689 56741888.000 344625152.000 1569314903.229 1569314901.825 14 0 218750 406250 781250
1569314904.05 3574824 19.017 845638.481 218750 0 2 1 6.177 5667824 10.000 0.689 56741888.000 344625152.000 1569314903.229 1569314901.825 14 0 218750 406250 781250
1569314904.16 3520992 18.917 845638.481 218750 0 2 1 6.177 5667824 0.000 0.689 56741888.000 344625152.000 1569314903.229 1569314901.825 14 0 218750 406250 781250
1569314904.26 3514845 18.850 845638.481 218750 0 2 1 6.177 5667824 10.000 0.689 56741888.000 344625152.000 1569314903.229 1569314901.825 14 0 218750 406250 781250
1569314904.36 3501888 18.717 845638.481 218750 0 2 1 6.177 5667824 0.000 0.689 56741888.000 344625152.000 1569314903.229 1569314901.825 14 0 218750 406250 781250
1569314904.46 3494981 18.650 845638.481 218750 0 2 1 6.177 5667824 0.000 0.689 56741888.000 344625152.000 1569314903.229 1569314901.825 14 0 218750 406250 781250
1569314904.56 3482693 18.517 845638.481 218750 0 2 1 6.177 5667824 0.000 0.689 56741888.000 344625152.000 1569314903.229 1569314901.825 14 0 218750 406250 781250
1569314904.66 3427214 18.417 845638.481 218750 0 2 1 6.177 5667824 0.000 0.689 56741888.000 344625152.000 1569314903.229 1569314901.825 14 0 218750 406250 781250
#Host: 10.73.0.27
1569314904.76 3416569 18.333 845638.481 218750 0 2 1 6.177 5667824 10.000 0.689 56741888.000 344625152.000 1569314903.229 1569314901.825 14 0 218750 406250 781250
1569314904.87 3407128 18.200 845638.481 218750 0 2 1 6.177 5667824 0.000 0.689 56741888.000 344625152.000 1569314903.229 1569314901.825 14 0 218750 406250 781250
1569314904.97 3400001 18.133 845638.481 218750 0 2 1 6.177 5667824 0.000 0.689 56741888.000 344625152.000 1569314903.229 1569314901.825 14 0 218750 406250 781250
1569314905.07 3386835 18.000 845638.481 218750 0 2 1 6.177 5667824 0.000 0.689 56741888.000 344625152.000 1569314903.229 1569314901.825 14 0 218750 406250 781250
1569314905.17 3330979 17.917 845638.481 218750 0 2 1 6.177 5667824 10.000 0.689 56741888.000 344625152.000 1569314903.229 1569314901.825 14 0 218750 406250 781250
1569314905.27 3318657 17.783 845638.481 218750 0 2 1 6.177 5667824 9.091 0.689 56741888.000 344625152.000 1569314903.229 1569314901.825 14 0 218750 406250 781250
1569314905.38 3312155 17.717 845638.481 218750 0 2 1 6.177 5667824 0.000 0.689 56741888.000 344625152.000 1569314903.229 1569314901.825 14 0 218750 406250 781250
1569314905.48 3298368 17.583 845638.481 218750 0 2 1 6.177 5667824 0.000 0.689 56741888.000 344625152.000 1569314903.229 1569314901.825 14 0 218750 406250 781250
1569314905.58 3292825 17.517 845638.481 218750 0 2 1 6.177 5667824 0.000 0.689 56741888.000 344625152.000 1569314903.229 1569314901.825 14 0 218750 406250 781250
1569314905.68 3239345 17.417 845638.481 218750 0 2 1 6.177 5667824 10.000 0.689 56741888.000 344625152.000 1569314903.229 1569314901.825 14 0 218750 406250 781250
1569314905.78 3226727 17.283 845638.481 218750 0 2 1 6.177 5667824 0.000 0.689 56741888.000 344625152.000 1569314903.229 1569314901.825 14 0 218750 406250 781250
1569314905.88 3220083 17.217 845638.481 218750 0 2 1 6.177 5667824 0.000 0.689 56741888.000 344625152.000 1569314903.229 1569314901.825 14 0 218750 406250 781250
1569314905.99 3205073 17.083 845638.481 218750 0 2 1 6.177 5667824 9.091 0.689 56741888.000 344625152.000 1569314905.915 1569314901.825 14 0 218750 406250 781250
1569314906.09 3199195 17.017 845638.481 218750 0 2 1 6.177 5667824 10.000 0.689 56741888.000 344625152.000 1569314905.915 1569314901.825 14 0 218750 406250 781250
1569314906.19 3144346 16.917 845638.481 218750 0 2 1 6.177 5667824 10.000 0.689 56741888.000 344625152.000 1569314905.915 1569314901.825 14 0 218750 406250 781250
1569314906.29 3131024 16.783 845638.481 218750 0 2 1 6.177 5667824 0.000 0.689 56741888.000 344625152.000 1569314905.915 1569314901.825 14 0 218750 406250 781250
1569314906.39 3124608 16.717 845638.481 218750 0 2 1 6.177 5667824 9.091 0.689 56741888.000 344625152.000 1569314905.915 1569314901.825 14 0 218750 406250 781250
1569314906.50 3109463 16.583 845638.481 218750 0 2 1 6.177 5667824 20.000 0.689 56741888.000 344625152.000 1569314905.915 1569314901.825 14 0 218750 406250 781250
1569314906.60 3098142 16.500 845638.481 218750 0 2 1 6.177 5667824 0.000 0.689 56741888.000 344625152.000 1569314905.915 1569314901.825 14 0 218750 406250 781250
1569314906.70 3042884 16.350 845638.481 218750 0 2 1 6.177 5667824 20.000 0.689 56741888.000 344625152.000 1569314905.915 1569314901.825 14 0 218750 406250 781250
1569314906.80 3037065 16.283 845638.481 218750 0 2 1 6.177 5667824 20.000 0.689 56741888.000 344625152.000 1569314905.915 1569314901.825 14 0 218750 406250 781250
1569314906.90 3024645 16.150 845638.481 218750 0 2 1 6.177 5667824 20.000 0.689 56741888.000 344625152.000 1569314905.915 1569314901.825 14 0 218750 406250 781250
1569314907.01 3018010 16.083 845638.481 218750 0 2 1 6.177 5667824 9.091 0.689 56741888.000 344625152.000 1569314905.915 1569314901.825 14 0 218750 406250 781250
1569314907.11 3007092 16.000 845638.481 218750 0 2 1 6.177 5667824 20.000 0.689 56741888.000 344625152.000 1569314905.915 1569314901.825 14 0 218750 406250 781250
1569314907.21 2950701 15.850 845638.481 218750 0 2 1 6.177 5667824 10.000 0.689 56741888.000 344625152.000 1569314905.915 1569314901.825 14 0 218750 406250 781250
1569314907.31 2944004 15.783 845638.481 218750 0 2 1 6.177 5667824 20.000 0.689 56741888.000 344625152.000 1569314905.915 1569314901.825 14 0 218750 406250 781250
1569314907.41 3677256 19.650 537907.561 218750 0 2 1 6.177 6463628 30.000 0.695 57282560.000 344625152.000 1569314905.915 1569314907.395 130 1 218750 406250 781250
1569314907.52 3668882 19.583 537907.561 218750 0 2 1 6.177 6463628 9.091 0.695 57282560.000 344625152.000 1569314905.915 1569314907.395 130 1 218750 406250 781250
1569314907.62 3656691 19.483 537907.561 218750 0 2 1 6.177 6463628 10.000 0.695 57282560.000 344625152.000 1569314905.915 1569314907.395 130 1 218750 406250 781250
1569314907.72 3604742 19.350 537907.561 218750 0 2 1 6.177 6463628 10.000 0.695 57282560.000 344625152.000 1569314905.915 1569314907.395 130 1 218750 406250 781250
1569314907.82 3598169 19.283 537907.561 218750 0 2 1 6.177 6463628 0.000 0.695 57282560.000 344625152.000 1569314905.915 1569314907.395 130 1 218750 406250 781250
1569314907.92 3583578 19.150 537907.561 218750 0 2 1 6.177 6463628 0.000 0.695 57282560.000 344625152.000 1569314905.915 1569314907.395 130 1 218750 406250 781250
#Host: 10.73.0.27
1569314908.02 3576644 19.067 537907.561 218750 0 2 1 6.177 6463628 10.000 0.695 57282560.000 344625152.000 1569314907.981 1569314907.395 130 1 218750 406250 781250
1569314908.13 3564004 18.983 537907.561 218750 0 2 1 6.177 6463628 10.000 0.695 57282560.000 344625152.000 1569314907.981 1569314907.395 130 1 218750 406250 781250
1569314908.23 3511343 18.850 537907.561 218750 0 2 1 6.177 6463628 9.091 0.695 57282560.000 344625152.000 1569314907.981 1569314907.395 130 1 218750 406250 781250
1569314908.33 3504880 18.783 537907.561 218750 0 2 1 6.177 6463628 0.000 0.695 57282560.000 344625152.000 1569314907.981 1569314907.395 130 1 218750 406250 781250
1569314908.43 3491207 18.650 537907.561 218750 0 2 1 6.177 6463628 0.000 0.695 57282560.000 344625152.000 1569314907.981 1569314907.395 130 1 218750 406250 781250
1569314908.53 3479556 18.517 537907.561 218750 0 2 1 6.177 6463628 20.000 0.695 57282560.000 344625152.000 1569314907.981 1569314907.395 130 1 218750 406250 781250
1569314908.64 3430044 18.417 537907.561 218750 0 2 1 6.177 6463628 9.091 0.695 57282560.000 344625152.000 1569314908.606 1569314907.395 130 1 218750 406250 781250
1569314908.74 3424294 18.350 537907.561 218750 0 2 1 6.177 6463628 10.000 0.695 57282560.000 344625152.000 1569314908.606 1569314907.395 130 1 218750 406250 781250
1569314908.84 3409975 18.217 537907.561 218750 0 2 1 6.177 6463628 20.000 0.695 57282560.000 344625152.000 1569314908.606 1569314907.395 130 1 218750 406250 781250
1569314908.94 3401694 18.150 537907.561 218750 0 2 1 6.177 6463628 20.000 0.695 57282560.000 344625152.000 1569314908.606 1569314907.395 130 1 218750 406250 781250
1569314909.04 3386243 18.017 537907.561 218750 0 2 1 6.177 6463628 20.000 0.695 57282560.000 344625152.000 1569314908.606 1569314907.395 130 1 218750 406250 781250
1569314909.16 3337894 17.917 537907.561 218750 0 2 1 6.177 6463628 25.000 0.695 57282560.000 344625152.000 1569314908.606 1569314907.395 130 1 218750 406250 781250
1569314909.26 3325140 17.783 537907.561 218750 0 2 1 6.177 6463628 20.000 0.695 57282560.000 344625152.000 1569314908.606 1569314907.395 130 1 218750 406250 781250
1569314909.37 3317574 17.717 537907.561 218750 0 2 1 6.177 6463628 0.000 0.695 57282560.000 344625152.000 1569314908.606 1569314907.395 130 1 218750 406250 781250
1569314909.47 3301766 17.583 537907.561 218750 0 2 1 6.177 6463628 0.000 0.695 57282560.000 344625152.000 1569314908.606 1569314907.395 130 1 218750 406250 781250
1569314909.57 3293874 17.517 537907.561 218750 0 2 1 6.177 6463628 10.000 0.695 57282560.000 344625152.000 1569314908.606 1569314907.395 130 1 218750 406250 781250
1569314909.67 3241559 17.417 537907.561 218750 0 2 1 6.177 6463628 0.000 0.695 57282560.000 344625152.000 1569314908.606 1569314907.395 130 1 218750 406250 781250
#Host: 10.73.0.27
1569314909.77 3227239 17.283 537907.561 218750 0 2 1 6.177 6463628 0.000 0.695 57282560.000 344625152.000 1569314908.606 1569314907.395 130 1 218750 406250 781250
1569314909.87 3219238 17.217 537907.561 218750 0 2 1 6.177 6463628 9.091 0.695 57282560.000 344625152.000 1569314908.606 1569314907.395 130 1 218750 406250 781250
1569314909.98 3206492 17.083 537907.561 218750 0 2 1 6.177 6463628 0.000 0.695 57282560.000 344625152.000 1569314908.606 1569314907.395 130 1 218750 406250 781250
1569314910.08 3199597 17.017 537907.561 218750 0 2 1 6.177 6463628 10.000 0.695 57282560.000 344625152.000 1569314908.606 1569314907.395 130 1 218750 406250 781250
1569314910.18 3142522 16.900 537907.561 218750 0 2 1 6.177 6463628 0.000 0.695 57282560.000 344625152.000 1569314908.606 1569314907.395 130 1 218750 406250 781250
1569314910.28 3132480 16.767 537907.561 218750 0 2 1 6.177 6463628 0.000 0.695 57282560.000 344625152.000 1569314908.606 1569314907.395 130 1 218750 406250 781250
1569314910.38 3126025 16.700 537907.561 218750 0 2 1 6.177 6463628 10.000 0.695 57282560.000 344625152.000 1569314908.606 1569314907.395 130 1 218750 406250 781250
1569314910.49 3111524 16.567 537907.561 218750 0 2 1 6.177 6463628 9.091 0.695 57282560.000 344625152.000 1569314910.388 1569314907.395 130 1 218750 406250 781250
1569314910.59 3099851 16.500 537907.561 218750 0 2 1 6.177 6463628 0.000 0.695 57282560.000 344625152.000 1569314910.388 1569314907.395 130 1 218750 406250 781250
1569314910.69 3048721 16.400 537907.561 218750 0 2 1 6.177 6463628 10.000 0.695 57282560.000 344625152.000 1569314910.388 1569314907.395 130 1 218750 406250 781250
1569314910.79 3037347 16.267 537907.561 218750 0 2 1 6.177 6463628 10.000 0.695 57282560.000 344625152.000 1569314910.388 1569314907.395 130 1 218750 406250 781250
1569314910.89 3030389 16.200 537907.561 218750 0 2 1 6.177 6463628 20.000 0.695 57282560.000 344625152.000 1569314910.388 1569314907.395 130 1 218750 406250 781250
1569314911.00 3016497 16.067 537907.561 218750 0 2 1 6.177 6463628 9.091 0.695 57282560.000 344625152.000 1569314910.388 1569314907.395 130 1 218750 406250 781250
1569314911.10 3010258 16.000 537907.561 218750 0 2 1 6.177 6463628 10.000 0.695 57282560.000 344625152.000 1569314910.388 1569314907.395 130 1 218750 406250 781250
1569314911.20 2949899 15.850 537907.561 218750 0 2 1 6.177 6463628 10.000 0.695 57282560.000 344625152.000 1569314910.388 1569314907.395 130 1 218750 406250 781250
1569314911.30 2943693 15.783 537907.561 218750 0 2 1 6.177 6463628 10.000 0.695 57282560.000 344625152.000 1569314910.388 1569314907.395 130 1 218750 406250 781250
1569314911.40 2935222 15.700 537907.561 218750 0 2 1 6.177 6463628 30.000 0.695 57282560.000 344625152.000 1569314910.388 1569314907.395 130 1 218750 406250 781250
1569314911.51 2921539 15.567 537907.561 218750 0 2 1 6.177 6463628 10.000 0.695 57282560.000 344625152.000 1569314910.388 1569314907.395 130 1 218750 406250 781250
1569314911.61 2915191 15.500 537907.561 218750 0 2 1 6.177 6463628 9.091 0.695 57282560.000 344625152.000 1569314910.388 1569314907.395 130 1 218750 406250 781250
1569314911.71 2855029 15.350 537907.561 218750 0 2 1 6.177 6463628 20.000 0.695 57282560.000 344625152.000 1569314910.388 1569314907.395 130 1 218750 406250 781250
1569314911.81 2848138 15.283 537907.561 218750 0 2 1 6.177 6463628 0.000 0.695 57282560.000 344625152.000 1569314910.388 1569314907.395 130 1 218750 406250 781250
1569314911.91 2832916 15.150 537907.561 218750 0 2 1 6.177 6463628 10.000 0.695 57282560.000 344625152.000 1569314910.388 1569314907.395 130 1 218750 406250 781250
1569314912.01 2826372 15.083 537907.561 218750 0 2 1 6.177 6463628 18.182 0.695 57282560.000 344625152.000 1569314910.388 1569314907.395 130 1 218750 406250 781250
1569314912.12 3556218 18.967 483604.097 218750 0 2 1 6.177 7252852 30.000 0.699 57552896.000 344625152.000 1569314910.388 1569314912.020 130 1 218750 406250 781250
1569314912.22 3503271 18.817 483604.097 218750 0 2 1 6.177 7252852 10.000 0.699 57552896.000 344625152.000 1569314910.388 1569314912.020 130 1 218750 406250 781250
1569314912.32 3497334 18.750 483604.097 218750 0 2 1 6.177 7252852 0.000 0.699 57552896.000 344625152.000 1569314910.388 1569314912.020 130 1 218750 406250 781250
1569314912.42 3484038 18.617 483604.097 218750 0 2 1 6.177 7252852 0.000 0.699 57552896.000 344625152.000 1569314910.388 1569314912.020 130 1 218750 406250 781250
#Host: 10.73.0.27
1569314912.52 3477786 18.550 483604.097 218750 0 2 1 6.177 7252852 20.000 0.699 57552896.000 344625152.000 1569314912.454 1569314912.020 130 1 218750 406250 781250
1569314912.62 3465508 18.467 483604.097 218750 0 2 1 6.177 7252852 10.000 0.699 57552896.000 344625152.000 1569314912.454 1569314912.020 130 1 218750 406250 781250
1569314912.73 3410991 18.333 483604.097 218750 0 2 1 6.177 7252852 9.091 0.699 57552896.000 344625152.000 1569314912.454 1569314912.020 130 1 218750 406250 781250
1569314912.83 3404851 18.267 483604.097 218750 0 2 1 6.177 7252852 20.000 0.699 57552896.000 344625152.000 1569314912.454 1569314912.020 130 1 218750 406250 781250
1569314912.93 3389068 18.133 483604.097 218750 0 2 1 6.177 7252852 20.000 0.699 57552896.000 344625152.000 1569314912.926 1569314912.020 130 1 218750 406250 781250
1569314913.03 3376654 18.033 483604.097 218750 0 2 1 6.177 7252852 10.000 0.699 57552896.000 344625152.000 1569314912.926 1569314912.020 130 1 218750 406250 781250
1569314913.13 3320207 17.933 483604.097 218750 0 2 1 6.177 7252852 20.000 0.699 57552896.000 344625152.000 1569314912.926 1569314912.020 130 1 218750 406250 781250
1569314913.24 3313275 17.833 483604.097 218750 0 2 1 6.177 7252852 0.000 0.699 57552896.000 344625152.000 1569314912.926 1569314912.020 130 1 218750 406250 781250
1569314913.34 3301351 17.700 483604.097 218750 0 2 1 6.177 7252852 40.000 0.699 57552896.000 344625152.000 1569314912.926 1569314912.020 130 1 218750 406250 781250
1569314913.44 3292315 17.617 483604.097 218750 0 2 1 6.177 7252852 0.000 0.699 57552896.000 344625152.000 1569314912.926 1569314912.020 130 1 218750 406250 781250
1569314913.54 3283646 17.550 483604.097 218750 0 2 1 6.177 7252852 0.000 0.699 57552896.000 344625152.000 1569314912.926 1569314912.020 130 1 218750 406250 781250
1569314913.64 3224908 17.400 483604.097 218750 0 2 1 6.177 7252852 0.000 0.699 57552896.000 344625152.000 1569314912.926 1569314912.020 130 1 218750 406250 781250
#Host: 10.73.0.27
1569314913.74 3219521 17.317 483604.097 218750 0 2 1 6.177 7252852 10.000 0.699 57552896.000 344625152.000 1569314912.926 1569314912.020 130 1 218750 406250 781250
1569314913.85 3212856 17.250 483604.097 218750 0 2 1 6.177 7252852 0.000 0.699 57552896.000 344625152.000 1569314912.926 1569314912.020 130 1 218750 406250 781250
1569314913.95 3199007 17.117 483604.097 218750 0 2 1 6.177 7252852 0.000 0.699 57552896.000 344625152.000 1569314912.926 1569314912.020 130 1 218750 406250 781250
1569314914.05 3187453 16.983 483604.097 218750 0 2 1 6.177 7252852 10.000 0.699 57552896.000 344625152.000 1569314912.926 1569314912.020 130 1 218750 406250 781250
1569314914.15 3136337 16.900 483604.097 218750 0 2 1 6.177 7252852 10.000 0.699 57552896.000 344625152.000 1569314912.926 1569314912.020 130 1 218750 406250 781250
1569314914.25 3131528 16.833 483604.097 218750 0 2 1 6.177 7252852 0.000 0.699 57552896.000 344625152.000 1569314914.174 1569314912.020 130 1 218750 406250 781250
1569314914.36 3120198 16.700 483604.097 218750 0 2 1 6.177 7252852 9.091 0.699 57552896.000 344625152.000 1569314914.174 1569314912.020 130 1 218750 406250 781250
1569314914.46 3112355 16.633 483604.097 218750 0 2 1 6.177 7252852 40.000 0.699 57552896.000 344625152.000 1569314914.174 1569314912.020 130 1 218750 406250 781250
1569314914.56 3097751 16.500 483604.097 218750 0 2 1 6.177 7252852 20.000 0.699 57552896.000 344625152.000 1569314914.174 1569314912.020 130 1 218750 406250 781250
1569314914.66 3048411 16.400 483604.097 218750 0 2 1 6.177 7252852 10.000 0.699 57552896.000 344625152.000 1569314914.174 1569314912.020 130 1 218750 406250 781250
1569314914.76 3798001 20.267 1456992.009 218750 0 2 1 6.177 8062192 60.000 0.705 58093568.000 344625152.000 1569314914.174 1569314914.729 298 2 218750 406250 781250
