#ts enqueued_b enqueued_t,visible=1,subplot=2 bwe,visible=1,subplot=1 cur,visible=1,subplot=1 level,visible=1,subplot=3 max_level player_status,visible=1,subplot=3 paused_time downloaded_bytes cpu,visible=1,subplot=4 mem,visible=1,subplot=5 rss vms ts_start_req ts_stop_req alpha view q0,visible=0 q1,visible=0 q2,visible=0
#Host: 10.73.0.27
1569315686.03 0 0.000 0.000 218750 0 2 0 0.000 0 0.000 0.537 43954176.000 342048768.000 -1.000 -1.000 0 0 218750 406250 781250
1569315686.13 0 0.000 0.000 218750 0 2 0 0.000 0 18.182 0.540 44294144.000 342183936.000 1569315686.026 -1.000 0 0 218750 406250 781250
1569315686.23 0 0.000 0.000 218750 0 2 0 0.000 0 10.000 0.542 44470272.000 342466560.000 1569315686.026 -1.000 0 0 218750 406250 781250
1569315686.33 0 0.000 0.000 218750 0 2 0 0.000 0 10.000 0.544 44654592.000 342609920.000 1569315686.026 -1.000 0 0 218750 406250 781250
1569315686.43 0 0.000 0.000 218750 0 2 0 0.000 0 20.000 0.546 44826624.000 342753280.000 1569315686.026 -1.000 0 0 218750 406250 781250
1569315686.54 0 0.000 0.000 218750 0 2 0 0.000 0 9.091 0.548 45006848.000 342896640.000 1569315686.026 -1.000 0 0 218750 406250 781250
1569315686.64 0 0.000 0.000 218750 0 2 0 0.000 0 10.000 0.551 45178880.000 343040000.000 1569315686.026 -1.000 0 0 218750 406250 781250
1569315686.74 0 0.000 0.000 218750 0 2 0 0.000 0 10.000 0.553 45359104.000 343326720.000 1569315686.026 -1.000 0 0 218750 406250 781250
1569315686.84 0 0.000 0.000 218750 0 2 0 0.000 0 20.000 0.555 45531136.000 343470080.000 1569315686.026 -1.000 0 0 218750 406250 781250
1569315686.94 0 0.000 0.000 218750 0 2 0 0.000 0 20.000 0.557 45711360.000 343613440.000 1569315686.026 -1.000 0 0 218750 406250 781250
1569315687.05 0 0.000 0.000 218750 0 2 0 0.000 0 10.000 0.559 45883392.000 343756800.000 1569315686.026 -1.000 0 0 218750 406250 781250
1569315687.15 0 0.000 0.000 218750 0 2 0 0.000 0 0.000 0.559 46026752.000 343756800.000 1569315686.026 -1.000 0 0 218750 406250 781250
1569315687.25 0 0.000 0.000 218750 0 2 0 0.000 0 20.000 0.563 46292992.000 344158208.000 1569315686.026 -1.000 0 0 218750 406250 781250
1569315687.35 0 0.000 0.000 218750 0 2 0 0.000 0 30.000 0.566 46538752.000 344403968.000 1569315686.026 -1.000 0 0 218750 406250 781250
1569315687.45 0 0.000 0.000 218750 0 2 0 0.000 0 30.000 0.548 45121536.000 342929408.000 1569315686.026 -1.000 0 0 218750 406250 781250
1569315687.57 815149 3.967 579212.834 218750 0 2 0 0.000 863296 58.333 0.580 47669248.000 343830528.000 1569315687.526 1569315687.516 0 0 218750 406250 781250
#Host: 10.73.0.27
1569315687.67 815149 3.967 579212.834 218750 0 2 0 0.000 863296 0.000 0.580 47755264.000 343830528.000 1569315687.526 1569315687.516 0 0 218750 406250 781250
1569315687.77 815149 3.967 579212.834 218750 0 2 0 0.000 863296 20.000 0.580 47755264.000 343830528.000 1569315687.669 1569315687.516 0 0 218750 406250 781250
1569315687.87 815149 3.967 579212.834 218750 0 2 0 0.000 863296 0.000 0.580 47755264.000 343830528.000 1569315687.669 1569315687.516 0 0 218750 406250 781250
1569315687.97 815149 3.967 579212.834 218750 0 2 0 0.000 863296 10.000 0.580 47755264.000 343830528.000 1569315687.669 1569315687.516 0 0 218750 406250 781250
1569315688.07 815149 3.967 579212.834 218750 0 2 0 0.000 863296 10.000 0.580 47755264.000 343830528.000 1569315687.669 1569315687.516 0 0 218750 406250 781250
1569315688.17 815149 3.967 579212.834 218750 0 2 0 0.000 863296 9.091 0.580 47755264.000 343830528.000 1569315687.669 1569315687.516 0 0 218750 406250 781250
1569315688.28 815149 3.967 579212.834 218750 0 2 0 0.000 863296 20.000 0.580 47755264.000 343830528.000 1569315687.669 1569315687.516 0 0 218750 406250 781250
1569315688.38 815149 3.967 579212.834 218750 0 2 0 0.000 863296 20.000 0.580 47755264.000 343830528.000 1569315687.669 1569315687.516 0 0 218750 406250 781250
1569315688.48 815149 3.967 579212.834 218750 0 2 0 0.000 863296 10.000 0.580 47755264.000 343830528.000 1569315687.669 1569315687.516 0 0 218750 406250 781250
1569315688.58 815149 3.967 579212.834 218750 0 2 0 0.000 863296 10.000 0.580 47755264.000 343830528.000 1569315687.669 1569315687.516 0 0 218750 406250 781250
1569315688.68 815149 3.967 579212.834 218750 0 2 0 0.000 863296 10.000 0.580 47755264.000 343830528.000 1569315687.669 1569315687.516 0 0 218750 406250 781250
1569315688.79 815149 3.967 579212.834 218750 0 2 0 0.000 863296 9.091 0.580 47755264.000 343830528.000 1569315687.669 1569315687.516 0 0 218750 406250 781250
1569315688.89 815149 3.967 579212.834 218750 0 2 0 0.000 863296 20.000 0.580 47755264.000 343830528.000 1569315687.669 1569315687.516 0 0 218750 406250 781250
1569315688.99 815149 3.967 579212.834 218750 0 2 0 0.000 863296 10.000 0.580 47755264.000 343830528.000 1569315687.669 1569315687.516 0 0 218750 406250 781250
1569315689.10 1576157 7.967 579904.202 218750 0 2 0 0.000 1672260 54.545 0.599 49377280.000 343830528.000 1569315689.067 1569315689.064 327 0 218750 406250 781250
#Host: 10.73.0.27
1569315689.20 1576157 7.967 579904.202 218750 0 2 0 0.000 1672260 10.000 0.599 49377280.000 343830528.000 1569315689.067 1569315689.064 327 0 218750 406250 781250
1569315689.31 1576157 7.967 579904.202 218750 0 2 0 0.000 1672260 0.000 0.599 49377280.000 343830528.000 1569315689.204 1569315689.064 327 0 218750 406250 781250
1569315689.41 1576157 7.967 579904.202 218750 0 2 0 0.000 1672260 18.182 0.599 49377280.000 343830528.000 1569315689.204 1569315689.064 327 0 218750 406250 781250
1569315689.51 1576157 7.967 579904.202 218750 0 2 0 0.000 1672260 10.000 0.599 49377280.000 343830528.000 1569315689.204 1569315689.064 327 0 218750 406250 781250
1569315689.61 1576157 7.967 579904.202 218750 0 2 0 0.000 1672260 10.000 0.599 49377280.000 343830528.000 1569315689.204 1569315689.064 327 0 218750 406250 781250
1569315689.71 1576157 7.967 579904.202 218750 0 2 0 0.000 1672260 10.000 0.599 49377280.000 343830528.000 1569315689.204 1569315689.064 327 0 218750 406250 781250
1569315689.81 1576157 7.967 579904.202 218750 0 2 0 0.000 1672260 0.000 0.599 49377280.000 343830528.000 1569315689.204 1569315689.064 327 0 218750 406250 781250
1569315689.92 1576157 7.967 579904.202 218750 0 2 0 0.000 1672260 20.000 0.599 49377280.000 343830528.000 1569315689.204 1569315689.064 327 0 218750 406250 781250
1569315690.02 1576157 7.967 579904.202 218750 0 2 0 0.000 1672260 20.000 0.599 49377280.000 343830528.000 1569315689.204 1569315689.064 327 0 218750 406250 781250
1569315690.12 1576157 7.967 579904.202 218750 0 2 0 0.000 1672260 10.000 0.599 49377280.000 343830528.000 1569315689.204 1569315689.064 327 0 218750 406250 781250
1569315690.22 1576157 7.967 579904.202 218750 0 2 0 0.000 1672260 20.000 0.599 49377280.000 343830528.000 1569315689.204 1569315689.064 327 0 218750 406250 781250
1569315690.32 1576157 7.967 579904.202 218750 0 2 0 0.000 1672260 20.000 0.599 49377280.000 343830528.000 1569315689.204 1569315689.064 327 0 218750 406250 781250
1569315690.42 1576157 7.967 579904.202 218750 0 2 0 0.000 1672260 10.000 0.599 49377280.000 343830528.000 1569315689.204 1569315689.064 327 0 218750 406250 781250
1569315690.53 1576157 7.967 579904.202 218750 0 2 0 0.000 1672260 18.182 0.599 49377280.000 343830528.000 1569315689.204 1569315689.064 327 0 218750 406250 781250
1569315690.63 1576157 7.967 579904.202 218750 0 2 0 0.000 1672260 20.000 0.599 49377280.000 343830528.000 1569315689.204 1569315689.064 327 0 218750 406250 781250
#Host: 10.73.0.27
1569315690.73 2321019 11.983 535047.019 218750 0 2 0 0.000 2466748 50.000 0.619 50999296.000 343830528.000 1569315690.690 1569315690.689 327 0 218750 406250 781250
1569315690.83 2321019 11.983 535047.019 218750 0 2 1 5.060 2466748 10.000 0.619 50999296.000 343830528.000 1569315690.827 1569315690.689 327 0 218750 406250 781250
1569315690.94 2321019 11.983 535047.019 218750 0 2 1 5.060 2466748 9.091 0.619 50999296.000 343830528.000 1569315690.827 1569315690.689 327 0 218750 406250 781250
1569315691.04 2321019 11.983 535047.019 218750 0 2 1 5.060 2466748 10.000 0.619 50999296.000 343830528.000 1569315690.827 1569315690.689 327 0 218750 406250 781250
1569315691.14 2321019 11.983 535047.019 218750 0 2 1 5.060 2466748 20.000 0.619 50999296.000 343830528.000 1569315690.827 1569315690.689 327 0 218750 406250 781250
1569315691.24 2321019 11.983 535047.019 218750 0 2 1 5.060 2466748 10.000 0.619 50999296.000 343830528.000 1569315690.827 1569315690.689 327 0 218750 406250 781250
1569315691.34 2321019 11.983 535047.019 218750 0 2 1 5.060 2466748 10.000 0.619 50999296.000 343830528.000 1569315690.827 1569315690.689 327 0 218750 406250 781250
1569315691.44 2321019 11.983 535047.019 218750 0 2 1 5.060 2466748 10.000 0.619 50999296.000 343830528.000 1569315690.827 1569315690.689 327 0 218750 406250 781250
1569315691.55 2287312 11.883 535047.019 218750 0 2 1 5.060 2466748 9.091 0.619 50999296.000 343830528.000 1569315690.827 1569315690.689 327 0 218750 406250 781250
1569315691.65 2285204 11.817 535047.019 218750 0 2 1 5.060 2466748 20.000 0.619 50999296.000 343830528.000 1569315690.827 1569315690.689 327 0 218750 406250 781250
1569315691.75 2277797 11.683 535047.019 218750 0 2 1 5.060 2466748 20.000 0.619 50999296.000 343830528.000 1569315690.827 1569315690.689 327 0 218750 406250 781250
1569315691.85 2268506 11.617 535047.019 218750 0 2 1 5.060 2466748 0.000 0.619 50999296.000 343830528.000 1569315690.827 1569315690.689 327 0 218750 406250 781250
1569315691.95 2259520 11.517 535047.019 218750 0 2 1 5.060 2466748 0.000 0.619 50999296.000 343830528.000 1569315690.827 1569315690.689 327 0 218750 406250 781250
1569315692.06 2211772 11.383 535047.019 218750 0 2 1 5.060 2466748 10.000 0.619 50999296.000 343830528.000 1569315690.827 1569315690.689 327 0 218750 406250 781250
1569315692.16 2205597 11.300 535047.019 218750 0 2 1 5.060 2466748 20.000 0.619 50999296.000 343830528.000 1569315690.827 1569315690.689 327 0 218750 406250 781250
1569315692.26 2194144 11.200 535047.019 218750 0 2 1 5.060 2466748 20.000 0.619 50999296.000 343830528.000 1569315690.827 1569315690.689 327 0 218750 406250 781250
1569315692.36 2180104 11.067 535047.019 218750 0 2 1 5.060 2466748 10.000 0.619 50999296.000 343830528.000 1569315690.827 1569315690.689 327 0 218750 406250 781250
1569315692.47 2176568 11.000 535047.019 218750 0 2 1 5.060 2466748 20.000 0.619 50999296.000 343830528.000 1569315690.827 1569315690.689 327 0 218750 406250 781250
#Host: 10.73.0.27
1569315692.57 2874011 14.850 479795.263 218750 0 2 1 5.060 3267440 36.364 0.639 52621312.000 343830528.000 1569315692.498 1569315692.496 327 0 218750 406250 781250
1569315692.67 2860946 14.783 479795.263 218750 0 2 1 5.060 3267440 10.000 0.639 52621312.000 343830528.000 1569315692.628 1569315692.496 327 0 218750 406250 781250
1569315692.77 2844959 14.683 479795.263 218750 0 2 1 5.060 3267440 10.000 0.639 52621312.000 343830528.000 1569315692.628 1569315692.496 327 0 218750 406250 781250
1569315692.87 2829296 14.567 479795.263 218750 0 2 1 5.060 3267440 9.091 0.639 52621312.000 343830528.000 1569315692.628 1569315692.496 327 0 218750 406250 781250
1569315692.98 2810705 14.467 479795.263 218750 0 2 1 5.060 3267440 20.000 0.639 52621312.000 343830528.000 1569315692.628 1569315692.496 327 0 218750 406250 781250
1569315693.08 2753834 14.367 479795.263 218750 0 2 1 5.060 3267440 20.000 0.639 52621312.000 343830528.000 1569315692.628 1569315692.496 327 0 218750 406250 781250
1569315693.18 2743944 14.250 479795.263 218750 0 2 1 5.060 3267440 10.000 0.639 52621312.000 343830528.000 1569315692.628 1569315692.496 327 0 218750 406250 781250
1569315693.28 2727242 14.167 479795.263 218750 0 2 1 5.060 3267440 10.000 0.639 52621312.000 343830528.000 1569315692.628 1569315692.496 327 0 218750 406250 781250
1569315693.38 2712211 14.067 479795.263 218750 0 2 1 5.060 3267440 20.000 0.639 52621312.000 343830528.000 1569315692.628 1569315692.496 327 0 218750 406250 781250
1569315693.49 2696456 13.967 479795.263 218750 0 2 1 5.060 3267440 9.091 0.639 52621312.000 343830528.000 1569315692.628 1569315692.496 327 0 218750 406250 781250
1569315693.59 2634011 13.867 479795.263 218750 0 2 1 5.060 3267440 20.000 0.639 52621312.000 343830528.000 1569315692.628 1569315692.496 327 0 218750 406250 781250
1569315693.69 2625273 13.767 479795.263 218750 0 2 1 5.060 3267440 0.000 0.639 52621312.000 343830528.000 1569315692.628 1569315692.496 327 0 218750 406250 781250
1569315693.79 2608568 13.617 479795.263 218750 0 2 1 5.060 3267440 10.000 0.639 52621312.000 343830528.000 1569315692.628 1569315692.496 327 0 218750 406250 781250
1569315693.89 2592607 13.517 479795.263 218750 0 2 1 5.060 3267440 10.000 0.639 52621312.000 343830528.000 1569315692.628 1569315692.496 327 0 218750 406250 781250
1569315694.00 2524763 13.417 479795.263 218750 0 2 1 5.060 3267440 9.091 0.639 52621312.000 343830528.000 1569315692.628 1569315692.496 327 0 218750 406250 781250
1569315694.10 2517872 13.317 479795.263 218750 0 2 1 5.060 3267440 20.000 0.639 52621312.000 343830528.000 1569315692.628 1569315692.496 327 0 218750 406250 781250
#Host: 10.73.0.27
1569315694.20 3256841 17.233 536010.914 218750 0 2 1 5.060 4068696 40.000 0.652 53702656.000 343830528.000 1569315694.124 1569315694.123 124 1 218750 406250 781250
1569315694.30 3242580 17.133 536010.914 218750 0 2 1 5.060 4068696 10.000 0.652 53702656.000 343830528.000 1569315694.256 1569315694.123 124 1 218750 406250 781250
1569315694.40 3230085 17.033 536010.914 218750 0 2 1 5.060 4068696 10.000 0.652 53702656.000 343830528.000 1569315694.256 1569315694.123 124 1 218750 406250 781250
1569315694.51 3162053 16.933 536010.914 218750 0 2 1 5.060 4068696 10.000 0.652 53702656.000 343830528.000 1569315694.256 1569315694.123 124 1 218750 406250 781250
1569315694.61 3153832 16.833 536010.914 218750 0 2 1 5.060 4068696 9.091 0.652 53702656.000 343830528.000 1569315694.256 1569315694.123 124 1 218750 406250 781250
1569315694.71 3144236 16.733 536010.914 218750 0 2 1 5.060 4068696 20.000 0.652 53702656.000 343830528.000 1569315694.256 1569315694.123 124 1 218750 406250 781250
1569315694.81 3133198 16.633 536010.914 218750 0 2 1 5.060 4068696 10.000 0.652 53702656.000 343830528.000 1569315694.256 1569315694.123 124 1 218750 406250 781250
1569315694.91 3119991 16.533 536010.914 218750 0 2 1 5.060 4068696 20.000 0.652 53702656.000 343830528.000 1569315694.256 1569315694.123 124 1 218750 406250 781250
1569315695.01 3053056 16.433 536010.914 218750 0 2 1 5.060 4068696 10.000 0.652 53702656.000 343830528.000 1569315694.256 1569315694.123 124 1 218750 406250 781250
1569315695.12 3047883 16.333 536010.914 218750 0 2 1 5.060 4068696 9.091 0.652 53702656.000 343830528.000 1569315694.256 1569315694.123 124 1 218750 406250 781250
1569315695.22 3037222 16.233 536010.914 218750 0 2 1 5.060 4068696 10.000 0.652 53702656.000 343830528.000 1569315694.256 1569315694.123 124 1 218750 406250 781250
1569315695.32 3025278 16.133 536010.914 218750 0 2 1 5.060 4068696 20.000 0.652 53702656.000 343830528.000 1569315694.256 1569315694.123 124 1 218750 406250 781250
1569315695.42 3014754 16.000 536010.914 218750 0 2 1 5.060 4068696 10.000 0.652 53702656.000 343830528.000 1569315694.256 1569315694.123 124 1 218750 406250 781250
1569315695.52 2959642 15.917 536010.914 218750 0 2 1 5.060 4068696 10.000 0.652 53702656.000 343830528.000 1569315694.256 1569315694.123 124 1 218750 406250 781250
1569315695.62 2951760 15.783 536010.914 218750 0 2 1 5.060 4068696 20.000 0.652 53702656.000 343830528.000 1569315694.256 1569315694.123 124 1 218750 406250 781250
1569315695.73 3696768 19.700 580092.266 218750 0 2 1 5.060 4867508 36.364 0.668 55054336.000 343830528.000 1569315694.256 1569315695.633 124 1 218750 406250 781250
1569315695.83 3686153 19.567 580092.266 218750 0 2 1 5.060 4867508 10.000 0.668 55054336.000 343830528.000 1569315694.256 1569315695.633 124 1 218750 406250 781250
1569315695.93 3680036 19.500 580092.266 218750 0 2 1 5.060 4867508 0.000 0.668 55054336.000 343830528.000 1569315694.256 1569315695.633 124 1 218750 406250 781250
1569315696.03 3649025 19.417 580092.266 218750 0 2 1 5.060 4867508 10.000 0.668 55054336.000 343830528.000 1569315694.256 1569315695.633 124 1 218750 406250 781250
1569315696.14 3644710 19.267 580092.266 218750 0 2 1 5.060 4867508 0.000 0.668 55054336.000 343830528.000 1569315694.256 1569315695.633 124 1 218750 406250 781250
1569315696.24 3640964 19.200 580092.266 218750 0 2 1 5.060 4867508 0.000 0.668 55054336.000 343830528.000 1569315694.256 1569315695.633 124 1 218750 406250 781250
#Host: 10.73.0.27
1569315696.34 3635123 19.083 580092.266 218750 0 2 1 5.060 4867508 0.000 0.668 55054336.000 343830528.000 1569315696.323 1569315695.633 124 1 218750 406250 781250
1569315696.44 3616808 19.017 580092.266 218750 0 2 1 5.060 4867508 20.000 0.668 55054336.000 343830528.000 1569315696.323 1569315695.633 124 1 218750 406250 781250
1569315696.54 3561324 18.900 580092.266 218750 0 2 1 5.060 4867508 10.000 0.668 55054336.000 343830528.000 1569315696.323 1569315695.633 124 1 218750 406250 781250
1569315696.64 3543090 18.767 580092.266 218750 0 2 1 5.060 4867508 10.000 0.668 55054336.000 343830528.000 1569315696.323 1569315695.633 124 1 218750 406250 781250
1569315696.75 3531577 18.700 580092.266 218750 0 2 1 5.060 4867508 9.091 0.668 55054336.000 343830528.000 1569315696.323 1569315695.633 124 1 218750 406250 781250
1569315696.85 3513075 18.567 580092.266 218750 0 2 1 5.060 4867508 10.000 0.668 55054336.000 343830528.000 1569315696.323 1569315695.633 124 1 218750 406250 781250
1569315696.95 3503535 18.500 580092.266 218750 0 2 1 5.060 4867508 20.000 0.668 55054336.000 343830528.000 1569315696.323 1569315695.633 124 1 218750 406250 781250
1569315697.05 3443866 18.400 580092.266 218750 0 2 1 5.060 4867508 20.000 0.668 55054336.000 343830528.000 1569315697.048 1569315695.633 124 1 218750 406250 781250
1569315697.16 3430298 18.267 580092.266 218750 0 2 1 5.060 4867508 10.000 0.668 55054336.000 343830528.000 1569315697.048 1569315695.633 124 1 218750 406250 781250
1569315697.26 3422814 18.200 580092.266 218750 0 2 1 5.060 4867508 18.182 0.668 55054336.000 343830528.000 1569315697.048 1569315695.633 124 1 218750 406250 781250
1569315697.36 3406448 18.067 580092.266 218750 0 2 1 5.060 4867508 40.000 0.668 55054336.000 343830528.000 1569315697.048 1569315695.633 124 1 218750 406250 781250
1569315697.46 3392394 17.983 580092.266 218750 0 2 1 5.060 4867508 0.000 0.668 55054336.000 343830528.000 1569315697.048 1569315695.633 124 1 218750 406250 781250
1569315697.56 3334093 17.833 580092.266 218750 0 2 1 5.060 4867508 10.000 0.668 55054336.000 343830528.000 1569315697.048 1569315695.633 124 1 218750 406250 781250
1569315697.66 3327204 17.767 580092.266 218750 0 2 1 5.060 4867508 0.000 0.668 55054336.000 343830528.000 1569315697.048 1569315695.633 124 1 218750 406250 781250
1569315697.77 3310639 17.633 580092.266 218750 0 2 1 5.060 4867508 0.000 0.668 55054336.000 343830528.000 1569315697.048 1569315695.633 124 1 218750 406250 781250
1569315697.87 3303395 17.567 580092.266 218750 0 2 1 5.060 4867508 0.000 0.668 55054336.000 343830528.000 1569315697.048 1569315695.633 124 1 218750 406250 781250
1569315697.97 3290357 17.483 580092.266 218750 0 2 1 5.060 4867508 10.000 0.668 55054336.000 343830528.000 1569315697.048 1569315695.633 124 1 218750 406250 781250
#Host: 10.73.0.27
1569315698.07 3235051 17.383 580092.266 218750 0 2 1 5.060 4867508 0.000 0.668 55054336.000 343830528.000 1569315697.048 1569315695.633 124 1 218750 406250 781250
1569315698.17 3227051 17.250 580092.266 218750 0 2 1 5.060 4867508 10.000 0.668 55054336.000 343830528.000 1569315697.048 1569315695.633 124 1 218750 406250 781250
1569315698.27 3211025 17.117 580092.266 218750 0 2 1 5.060 4867508 0.000 0.668 55054336.000 343830528.000 1569315697.048 1569315695.633 124 1 218750 406250 781250
1569315698.38 3202578 17.050 580092.266 218750 0 2 1 5.060 4867508 0.000 0.668 55054336.000 343830528.000 1569315697.048 1569315695.633 124 1 218750 406250 781250
1569315698.48 3189618 16.967 580092.266 218750 0 2 1 5.060 4867508 0.000 0.668 55054336.000 343830528.000 1569315697.048 1569315695.633 124 1 218750 406250 781250
1569315698.58 3134109 16.833 580092.266 218750 0 2 1 5.060 4867508 10.000 0.668 55054336.000 343830528.000 1569315697.048 1569315695.633 124 1 218750 406250 781250
1569315698.68 3128086 16.767 580092.266 218750 0 2 1 5.060 4867508 0.000 0.668 55054336.000 343830528.000 1569315697.048 1569315695.633 124 1 218750 406250 781250
1569315698.79 3115268 16.633 580092.266 218750 0 2 1 5.060 4867508 10.000 0.668 55054336.000 343830528.000 1569315698.760 1569315695.633 124 1 218750 406250 781250
1569315698.89 3108314 16.567 580092.266 218750 0 2 1 5.060 4867508 0.000 0.668 55054336.000 343830528.000 1569315698.760 1569315695.633 124 1 218750 406250 781250
1569315698.99 3097041 16.467 580092.266 218750 0 2 1 5.060 4867508 20.000 0.668 55054336.000 343830528.000 1569315698.760 1569315695.633 124 1 218750 406250 781250
1569315699.09 3042372 16.333 580092.266 218750 0 2 1 5.060 4867508 10.000 0.668 55054336.000 343830528.000 1569315698.760 1569315695.633 124 1 218750 406250 781250
1569315699.19 3030020 16.200 580092.266 218750 0 2 1 5.060 4867508 10.000 0.668 55054336.000 343830528.000 1569315698.760 1569315695.633 124 1 218750 406250 781250
1569315699.29 3020401 16.117 580092.266 218750 0 2 1 5.060 4867508 18.182 0.668 55054336.000 343830528.000 1569315698.760 1569315695.633 124 1 218750 406250 781250
1569315699.40 3011839 16.050 580092.266 218750 0 2 1 5.060 4867508 10.000 0.668 55054336.000 343830528.000 1569315698.760 1569315695.633 124 1 218750 406250 781250
1569315699.50 2950816 15.900 580092.266 218750 0 2 1 5.060 4867508 20.000 0.668 55054336.000 343830528.000 1569315698.760 1569315695.633 124 1 218750 406250 781250
1569315699.60 2945444 15.833 580092.266 218750 0 2 1 5.060 4867508 10.000 0.668 55054336.000 343830528.000 1569315698.760 1569315695.633 124 1 218750 406250 781250
1569315699.70 2934414 15.700 580092.266 218750 0 2 1 5.060 4867508 20.000 0.668 55054336.000 343830528.000 1569315698.760 1569315695.633 124 1 218750 406250 781250
1569315699.80 2926708 15.633 580092.266 218750 0 2 1 5.060 4867508 10.000 0.668 55054336.000 343830528.000 1569315698.760 1569315695.633 124 1 218750 406250 781250
1569315699.91 2913613 15.500 580092.266 218750 0 2 1 5.060 4867508 0.000 0.668 55054336.000 343830528.000 1569315698.760 1569315695.633 124 1 218750 406250 781250
1569315700.01 2860419 15.400 580092.266 218750 0 2 1 5.060 4867508 10.000 0.668 55054336.000 343830528.000 1569315698.760 1569315695.633 124 1 218750 406250 781250
1569315700.11 2854248 15.333 580092.266 218750 0 2 1 5.060 4867508 0.000 0.668 55054336.000 343830528.000 1569315698.760 1569315695.633 124 1 218750 406250 781250
1569315700.21 2840591 15.200 580092.266 218750 0 2 1 5.060 4867508 20.000 0.668 55054336.000 343830528.000 1569315698.760 1569315695.633 124 1 218750 406250 781250
1569315700.31 3584636 19.150 538104.381 218750 0 2 1 5.060 5667072 50.000 0.671 55324672.000 343830528.000 1569315698.760 1569315700.246 14 0 218750 406250 781250
1569315700.41 3572015 19.017 538104.381 218750 0 2 1 5.060 5667072 9.091 0.671 55324672.000 343830528.000 1569315698.760 1569315700.246 14 0 218750 406250 781250
1569315700.52 3518183 18.917 538104.381 218750 0 2 1 5.060 5667072 0.000 0.671 55324672.000 343830528.000 1569315698.760 1569315700.246 14 0 218750 406250 781250
1569315700.62 3512036 18.850 538104.381 218750 0 2 1 5.060 5667072 0.000 0.671 55324672.000 343830528.000 1569315698.760 1569315700.246 14 0 218750 406250 781250
1569315700.72 3499079 18.717 538104.381 218750 0 2 1 5.060 5667072 0.000 0.671 55324672.000 343830528.000 1569315698.760 1569315700.246 14 0 218750 406250 781250
#Host: 10.73.0.27
1569315700.82 3492172 18.650 538104.381 218750 0 2 1 5.060 5667072 0.000 0.671 55324672.000 343830528.000 1569315698.760 1569315700.246 14 0 218750 406250 781250
1569315700.92 3479884 18.517 538104.381 218750 0 2 1 5.060 5667072 20.000 0.671 55324672.000 343830528.000 1569315700.826 1569315700.246 14 0 218750 406250 781250
1569315701.03 3424405 18.417 538104.381 218750 0 2 1 5.060 5667072 9.091 0.671 55324672.000 343830528.000 1569315700.826 1569315700.246 14 0 218750 406250 781250
1569315701.13 3413760 18.333 538104.381 218750 0 2 1 5.060 5667072 10.000 0.671 55324672.000 343830528.000 1569315700.826 1569315700.246 14 0 218750 406250 781250
1569315701.23 3404319 18.200 538104.381 218750 0 2 1 5.060 5667072 10.000 0.671 55324672.000 343830528.000 1569315700.826 1569315700.246 14 0 218750 406250 781250
1569315701.33 3397192 18.133 538104.381 218750 0 2 1 5.060 5667072 20.000 0.671 55324672.000 343830528.000 1569315700.826 1569315700.246 14 0 218750 406250 781250
1569315701.43 3384026 18.000 538104.381 218750 0 2 1 5.060 5667072 10.000 0.671 55324672.000 343830528.000 1569315700.826 1569315700.246 14 0 218750 406250 781250
1569315701.54 3328170 17.917 538104.381 218750 0 2 1 5.060 5667072 9.091 0.671 55324672.000 343830528.000 1569315701.444 1569315700.246 14 0 218750 406250 781250
1569315701.64 3315848 17.783 538104.381 218750 0 2 1 5.060 5667072 20.000 0.671 55324672.000 343830528.000 1569315701.444 1569315700.246 14 0 218750 406250 781250
1569315701.74 3309346 17.717 538104.381 218750 0 2 1 5.060 5667072 10.000 0.671 55324672.000 343830528.000 1569315701.444 1569315700.246 14 0 218750 406250 781250
1569315701.84 3295559 17.583 538104.381 218750 0 2 1 5.060 5667072 10.000 0.671 55324672.000 343830528.000 1569315701.444 1569315700.246 14 0 218750 406250 781250
1569315701.94 3290016 17.517 538104.381 218750 0 2 1 5.060 5667072 20.000 0.671 55324672.000 343830528.000 1569315701.444 1569315700.246 14 0 218750 406250 781250
1569315702.04 3236536 17.417 538104.381 218750 0 2 1 5.060 5667072 20.000 0.671 55324672.000 343830528.000 1569315701.444 1569315700.246 14 0 218750 406250 781250
1569315702.15 3223918 17.283 538104.381 218750 0 2 1 5.060 5667072 0.000 0.671 55324672.000 343830528.000 1569315701.444 1569315700.246 14 0 218750 406250 781250
1569315702.25 3217274 17.217 538104.381 218750 0 2 1 5.060 5667072 0.000 0.671 55324672.000 343830528.000 1569315701.444 1569315700.246 14 0 218750 406250 781250
1569315702.35 3202264 17.083 538104.381 218750 0 2 1 5.060 5667072 10.000 0.671 55324672.000 343830528.000 1569315701.444 1569315700.246 14 0 218750 406250 781250
1569315702.45 3196386 17.017 538104.381 218750 0 2 1 5.060 5667072 10.000 0.671 55324672.000 343830528.000 1569315701.444 1569315700.246 14 0 218750 406250 781250
#Host: 10.73.0.27
1569315702.55 3141537 16.917 538104.381 218750 0 2 1 5.060 5667072 0.000 0.671 55324672.000 343830528.000 1569315701.444 1569315700.246 14 0 218750 406250 781250
1569315702.65 3128215 16.783 538104.381 218750 0 2 1 5.060 5667072 0.000 0.671 55324672.000 343830528.000 1569315701.444 1569315700.246 14 0 218750 406250 781250
1569315702.76 3121799 16.717 538104.381 218750 0 2 1 5.060 5667072 0.000 0.671 55324672.000 343830528.000 1569315701.444 1569315700.246 14 0 218750 406250 781250
1569315702.86 3106654 16.583 538104.381 218750 0 2 1 5.060 5667072 10.000 0.671 55324672.000 343830528.000 1569315701.444 1569315700.246 14 0 218750 406250 781250
1569315702.96 3095333 16.500 538104.381 218750 0 2 1 5.060 5667072 0.000 0.671 55324672.000 343830528.000 1569315701.444 1569315700.246 14 0 218750 406250 781250
1569315703.06 3040075 16.350 538104.381 218750 0 2 1 5.060 5667072 0.000 0.671 55324672.000 343830528.000 1569315701.444 1569315700.246 14 0 218750 406250 781250
1569315703.17 3034256 16.283 538104.381 218750 0 2 1 5.060 5667072 10.000 0.671 55324672.000 343830528.000 1569315703.153 1569315700.246 14 0 218750 406250 781250
1569315703.27 3021836 16.150 538104.381 218750 0 2 1 5.060 5667072 0.000 0.671 55324672.000 343830528.000 1569315703.153 1569315700.246 14 0 218750 406250 781250
1569315703.37 3015201 16.083 538104.381 218750 0 2 1 5.060 5667072 20.000 0.671 55324672.000 343830528.000 1569315703.153 1569315700.246 14 0 218750 406250 781250
1569315703.47 3004283 16.000 538104.381 218750 0 2 1 5.060 5667072 10.000 0.671 55324672.000 343830528.000 1569315703.153 1569315700.246 14 0 218750 406250 781250
1569315703.57 2947892 15.850 538104.381 218750 0 2 1 5.060 5667072 10.000 0.671 55324672.000 343830528.000 1569315703.153 1569315700.246 14 0 218750 406250 781250
1569315703.67 2941195 15.783 538104.381 218750 0 2 1 5.060 5667072 9.091 0.671 55324672.000 343830528.000 1569315703.153 1569315700.246 14 0 218750 406250 781250
1569315703.78 2926076 15.650 538104.381 218750 0 2 1 5.060 5667072 20.000 0.671 55324672.000 343830528.000 1569315703.153 1569315700.246 14 0 218750 406250 781250
1569315703.88 2917702 15.583 538104.381 218750 0 2 1 5.060 5667072 10.000 0.671 55324672.000 343830528.000 1569315703.153 1569315700.246 14 0 218750 406250 781250
1569315703.98 2905511 15.483 538104.381 218750 0 2 1 5.060 5667072 20.000 0.671 55324672.000 343830528.000 1569315703.153 1569315700.246 14 0 218750 406250 781250
1569315704.08 2853562 15.350 538104.381 218750 0 2 1 5.060 5667072 20.000 0.671 55324672.000 343830528.000 1569315703.153 1569315700.246 14 0 218750 406250 781250
1569315704.18 2846989 15.283 538104.381 218750 0 2 1 5.060 5667072 10.000 0.671 55324672.000 343830528.000 1569315703.153 1569315700.246 14 0 218750 406250 781250
1569315704.29 2832398 15.150 538104.381 218750 0 2 1 5.060 5667072 9.091 0.671 55324672.000 343830528.000 1569315703.153 1569315700.246 14 0 218750 406250 781250
1569315704.39 2825464 15.067 538104.381 218750 0 2 1 5.060 5667072 10.000 0.671 55324672.000 343830528.000 1569315703.153 1569315700.246 14 0 218750 406250 781250
1569315704.49 2812824 14.983 538104.381 218750 0 2 1 5.060 5667072 20.000 0.671 55324672.000 343830528.000 1569315703.153 1569315700.246 14 0 218750 406250 781250
#Host: 10.73.0.27
1569315704.59 3508534 18.850 567828.365 218750 0 2 1 5.060 6462876 50.000 0.678 55865344.000 343830528.000 1569315704.556 1569315704.555 130 1 218750 406250 781250
1569315704.69 3495348 18.717 567828.365 218750 0 2 1 5.060 6462876 10.000 0.678 55865344.000 343830528.000 1569315704.689 1569315704.555 130 1 218750 406250 781250
1569315704.80 3488398 18.650 567828.365 218750 0 2 1 5.060 6462876 0.000 0.678 55865344.000 343830528.000 1569315704.689 1569315704.555 130 1 218750 406250 781250
1569315704.90 3476747 18.517 567828.365 218750 0 2 1 5.060 6462876 10.000 0.678 55865344.000 343830528.000 1569315704.689 1569315704.555 130 1 218750 406250 781250
1569315705.00 3427235 18.417 567828.365 218750 0 2 1 5.060 6462876 20.000 0.678 55865344.000 343830528.000 1569315704.689 1569315704.555 130 1 218750 406250 781250
1569315705.10 3421485 18.350 567828.365 218750 0 2 1 5.060 6462876 10.000 0.678 55865344.000 343830528.000 1569315704.689 1569315704.555 130 1 218750 406250 781250
1569315705.20 3407166 18.217 567828.365 218750 0 2 1 5.060 6462876 10.000 0.678 55865344.000 343830528.000 1569315704.689 1569315704.555 130 1 218750 406250 781250
1569315705.30 3398885 18.150 567828.365 218750 0 2 1 5.060 6462876 10.000 0.678 55865344.000 343830528.000 1569315704.689 1569315704.555 130 1 218750 406250 781250
1569315705.41 3383434 18.017 567828.365 218750 0 2 1 5.060 6462876 9.091 0.678 55865344.000 343830528.000 1569315704.689 1569315704.555 130 1 218750 406250 781250
1569315705.51 3335085 17.917 567828.365 218750 0 2 1 5.060 6462876 20.000 0.678 55865344.000 343830528.000 1569315704.689 1569315704.555 130 1 218750 406250 781250
1569315705.61 3328980 17.850 567828.365 218750 0 2 1 5.060 6462876 20.000 0.678 55865344.000 343830528.000 1569315704.689 1569315704.555 130 1 218750 406250 781250
1569315705.71 3314765 17.717 567828.365 218750 0 2 1 5.060 6462876 10.000 0.678 55865344.000 343830528.000 1569315704.689 1569315704.555 130 1 218750 406250 781250
1569315705.81 3306895 17.650 567828.365 218750 0 2 1 5.060 6462876 0.000 0.678 55865344.000 343830528.000 1569315704.689 1569315704.555 130 1 218750 406250 781250
1569315705.92 3291065 17.517 567828.365 218750 0 2 1 5.060 6462876 20.000 0.678 55865344.000 343830528.000 1569315704.689 1569315704.555 130 1 218750 406250 781250
1569315706.02 3238750 17.417 567828.365 218750 0 2 1 5.060 6462876 10.000 0.678 55865344.000 343830528.000 1569315704.689 1569315704.555 130 1 218750 406250 781250
1569315706.12 3974501 21.333 580173.587 218750 0 2 1 5.060 7252100 50.000 0.691 56946688.000 343830528.000 1569315704.689 1569315706.049 130 1 218750 406250 781250
1569315706.22 3958925 21.200 580173.587 218750 0 2 1 5.060 7252100 0.000 0.691 56946688.000 343830528.000 1569315704.689 1569315706.049 130 1 218750 406250 781250
1569315706.32 3952483 21.133 580173.587 218750 0 2 1 5.060 7252100 0.000 0.691 56946688.000 343830528.000 1569315704.689 1569315706.049 130 1 218750 406250 781250
1569315706.42 3939284 21.000 580173.587 218750 0 2 1 5.060 7252100 0.000 0.691 56946688.000 343830528.000 1569315704.689 1569315706.049 130 1 218750 406250 781250
1569315706.53 3882209 20.883 580173.587 218750 0 2 1 5.060 7252100 9.091 0.691 56946688.000 343830528.000 1569315704.689 1569315706.049 130 1 218750 406250 781250
1569315706.63 3877530 20.817 580173.587 218750 0 2 1 5.060 7252100 10.000 0.691 56946688.000 343830528.000 1569315704.689 1569315706.049 130 1 218750 406250 781250
#Host: 10.73.0.27
1569315706.73 3865712 20.683 580173.587 218750 0 2 1 5.060 7252100 0.000 0.691 56946688.000 343830528.000 1569315704.689 1569315706.049 130 1 218750 406250 781250
1569315706.83 3857752 20.617 580173.587 218750 0 2 1 5.060 7252100 10.000 0.691 56946688.000 343830528.000 1569315706.752 1569315706.049 130 1 218750 406250 781250
1569315706.94 3844807 20.517 580173.587 218750 0 2 1 5.060 7252100 9.091 0.691 56946688.000 343830528.000 1569315706.752 1569315706.049 130 1 218750 406250 781250
1569315707.04 3788408 20.383 580173.587 218750 0 2 1 5.060 7252100 10.000 0.691 56946688.000 343830528.000 1569315706.752 1569315706.049 130 1 218750 406250 781250
1569315707.14 3783494 20.317 580173.587 218750 0 2 1 5.060 7252100 10.000 0.691 56946688.000 343830528.000 1569315706.752 1569315706.049 130 1 218750 406250 781250
1569315707.24 3770076 20.183 580173.587 218750 0 2 1 5.060 7252100 20.000 0.691 56946688.000 343830528.000 1569315706.752 1569315706.049 130 1 218750 406250 781250
1569315707.34 3756184 20.050 580173.587 218750 0 2 1 5.060 7252100 10.000 0.691 56946688.000 343830528.000 1569315706.752 1569315706.049 130 1 218750 406250 781250
1569315707.44 3749945 19.983 580173.587 218750 0 2 1 5.060 7252100 20.000 0.691 56946688.000 343830528.000 1569315706.752 1569315706.049 130 1 218750 406250 781250
1569315707.55 3695276 19.900 580173.587 218750 0 2 1 5.060 7252100 9.091 0.691 56946688.000 343830528.000 1569315707.499 1569315706.049 130 1 218750 406250 781250
1569315707.65 3683230 19.767 580173.587 218750 0 2 1 5.060 7252100 20.000 0.691 56946688.000 343830528.000 1569315707.499 1569315706.049 130 1 218750 406250 781250
1569315707.75 3675057 19.683 580173.587 218750 0 2 1 5.060 7252100 20.000 0.691 56946688.000 343830528.000 1569315707.499 1569315706.049 130 1 218750 406250 781250
1569315707.85 3660773 19.550 580173.587 218750 0 2 1 5.060 7252100 30.000 0.691 56946688.000 343830528.000 1569315707.499 1569315706.049 130 1 218750 406250 781250
1569315707.95 3654320 19.483 580173.587 218750 0 2 1 5.060 7252100 0.000 0.691 56946688.000 343830528.000 1569315707.499 1569315706.049 130 1 218750 406250 781250
1569315708.06 3599203 19.400 580173.587 218750 0 2 1 5.060 7252100 10.000 0.691 56946688.000 343830528.000 1569315707.499 1569315706.049 130 1 218750 406250 781250
1569315708.16 3587301 19.267 580173.587 218750 0 2 1 5.060 7252100 0.000 0.691 56946688.000 343830528.000 1569315707.499 1569315706.049 130 1 218750 406250 781250
1569315708.26 3572777 19.133 580173.587 218750 0 2 1 5.060 7252100 10.000 0.691 56946688.000 343830528.000 1569315707.499 1569315706.049 130 1 218750 406250 781250
1569315708.36 3566461 19.067 580173.587 218750 0 2 1 5.060 7252100 0.000 0.691 56946688.000 343830528.000 1569315707.499 1569315706.049 130 1 218750 406250 781250
1569315708.46 3559948 18.983 580173.587 218750 0 2 1 5.060 7252100 0.000 0.691 56946688.000 343830528.000 1569315707.499 1569315706.049 130 1 218750 406250 781250
#Host: 10.73.0.27
1569315708.56 3503064 18.883 580173.587 218750 0 2 1 5.060 7252100 0.000 0.691 56946688.000 343830528.000 1569315707.499 1569315706.049 130 1 218750 406250 781250
1569315708.66 3492758 18.750 580173.587 218750 0 2 1 5.060 7252100 10.000 0.691 56946688.000 343830528.000 1569315707.499 1569315706.049 130 1 218750 406250 781250
1569315708.77 3487359 18.683 580173.587 218750 0 2 1 5.060 7252100 0.000 0.691 56946688.000 343830528.000 1569315707.499 1569315706.049 130 1 218750 406250 781250
1569315708.87 3473928 18.550 580173.587 218750 0 2 1 5.060 7252100 0.000 0.691 56946688.000 343830528.000 1569315707.499 1569315706.049 130 1 218750 406250 781250
1569315708.97 3468129 18.483 580173.587 218750 0 2 1 5.060 7252100 0.000 0.691 56946688.000 343830528.000 1569315707.499 1569315706.049 130 1 218750 406250 781250
1569315709.07 3411100 18.333 580173.587 218750 0 2 1 5.060 7252100 10.000 0.691 56946688.000 343830528.000 1569315707.499 1569315706.049 130 1 218750 406250 781250
1569315709.17 3404941 18.267 580173.587 218750 0 2 1 5.060 7252100 0.000 0.691 56946688.000 343830528.000 1569315707.499 1569315706.049 130 1 218750 406250 781250
1569315709.28 3390445 18.133 580173.587 218750 0 2 1 5.060 7252100 0.000 0.691 56946688.000 343830528.000 1569315709.267 1569315706.049 130 1 218750 406250 781250
1569315709.38 3384518 18.067 580173.587 218750 0 2 1 5.060 7252100 10.000 0.691 56946688.000 343830528.000 1569315709.267 1569315706.049 130 1 218750 406250 781250
1569315709.48 3373895 17.967 580173.587 218750 0 2 1 5.060 7252100 20.000 0.691 56946688.000 343830528.000 1569315709.267 1569315706.049 130 1 218750 406250 781250
1569315709.58 3318896 17.867 580173.587 218750 0 2 1 5.060 7252100 10.000 0.691 56946688.000 343830528.000 1569315709.267 1569315706.049 130 1 218750 406250 781250
1569315709.68 3304801 17.733 580173.587 218750 0 2 1 5.060 7252100 10.000 0.691 56946688.000 343830528.000 1569315709.267 1569315706.049 130 1 218750 406250 781250
1569315709.79 3297670 17.667 580173.587 218750 0 2 1 5.060 7252100 10.000 0.691 56946688.000 343830528.000 1569315709.267 1569315706.049 130 1 218750 406250 781250
1569315709.89 3282077 17.517 580173.587 218750 0 2 1 5.060 7252100 18.182 0.691 56946688.000 343830528.000 1569315709.267 1569315706.049 130 1 218750 406250 781250
1569315709.99 3272261 17.467 580173.587 218750 0 2 1 5.060 7252100 10.000 0.691 56946688.000 343830528.000 1569315709.267 1569315706.049 130 1 218750 406250 781250
1569315710.09 3216273 17.317 580173.587 218750 0 2 1 5.060 7252100 10.000 0.691 56946688.000 343830528.000 1569315709.267 1569315706.049 130 1 218750 406250 781250
1569315710.19 3209206 17.250 580173.587 218750 0 2 1 5.060 7252100 20.000 0.691 56946688.000 343830528.000 1569315709.267 1569315706.049 130 1 218750 406250 781250
1569315710.30 3194598 17.117 580173.587 218750 0 2 1 5.060 7252100 9.091 0.691 56946688.000 343830528.000 1569315709.267 1569315706.049 130 1 218750 406250 781250
1569315710.40 3187578 17.050 580173.587 218750 0 2 1 5.060 7252100 10.000 0.691 56946688.000 343830528.000 1569315709.267 1569315706.049 130 1 218750 406250 781250
1569315710.50 3130997 16.900 580173.587 218750 0 2 1 5.060 7252100 10.000 0.691 56946688.000 343830528.000 1569315709.267 1569315706.049 130 1 218750 406250 781250
1569315710.60 3126371 16.833 580173.587 218750 0 2 1 5.060 7252100 10.000 0.691 56946688.000 343830528.000 1569315709.267 1569315706.049 130 1 218750 406250 781250
1569315710.70 3115573 16.700 580173.587 218750 0 2 1 5.060 7252100 20.000 0.691 56946688.000 343830528.000 1569315709.267 1569315706.049 130 1 218750 406250 781250
1569315710.81 3107974 16.633 580173.587 218750 0 2 1 5.060 7252100 27.273 0.691 56946688.000 343830528.000 1569315709.267 1569315706.049 130 1 218750 406250 781250
1569315710.91 3857243 20.500 521788.545 218750 0 2 1 5.060 8061440 40.000 0.694 57217024.000 343830528.000 1569315709.267 1569315710.818 298 2 218750 406250 781250
1569315711.01 3807241 20.400 521788.545 218750 0 2 1 5.060 8061440 0.000 0.694 57217024.000 343830528.000 1569315709.267 1569315710.818 298 2 218750 406250 781250
1569315711.11 3800840 20.333 521788.545 218750 0 2 1 5.060 8061440 0.000 0.694 57217024.000 343830528.000 1569315709.267 1569315710.818 298 2 218750 406250 781250
1569315711.21 3786179 20.200 521788.545 218750 0 2 1 5.060 8061440 0.000 0.694 57217024.000 343830528.000 1569315709.267 1569315710.818 298 2 218750 406250 781250
#Host: 10.73.0.27
1569315711.32 3778098 20.133 521788.545 218750 0 2 1 5.060 8061440 9.091 0.694 57217024.000 343830528.000 1569315709.267 1569315710.818 298 2 218750 406250 781250
1569315711.42 3762834 20.000 521788.545 218750 0 2 1 5.060 8061440 0.000 0.694 57217024.000 343830528.000 1569315711.332 1569315710.818 298 2 218750 406250 781250
1569315711.52 3709220 19.933 521788.545 218750 0 2 1 5.060 8061440 20.000 0.694 57217024.000 343830528.000 1569315711.332 1569315710.818 298 2 218750 406250 781250
1569315711.62 3699297 19.800 521788.545 218750 0 2 1 5.060 8061440 10.000 0.694 57217024.000 343830528.000 1569315711.332 1569315710.818 298 2 218750 406250 781250
1569315711.72 3691351 19.717 521788.545 218750 0 2 1 5.060 8061440 10.000 0.694 57217024.000 343830528.000 1569315711.332 1569315710.818 298 2 218750 406250 781250
1569315711.83 3676804 19.583 521788.545 218750 0 2 1 5.060 8061440 10.000 0.694 57217024.000 343830528.000 1569315711.332 1569315710.818 298 2 218750 406250 781250
1569315711.93 3670380 19.517 521788.545 218750 0 2 1 5.060 8061440 18.182 0.694 57217024.000 343830528.000 1569315711.885 1569315710.818 298 2 218750 406250 781250
1569315712.03 3615104 19.400 521788.545 218750 0 2 1 5.060 8061440 20.000 0.694 57217024.000 343830528.000 1569315711.885 1569315710.818 298 2 218750 406250 781250
1569315712.13 3603435 19.267 521788.545 218750 0 2 1 5.060 8061440 10.000 0.694 57217024.000 343830528.000 1569315711.885 1569315710.818 298 2 218750 406250 781250
1569315712.23 3596870 19.200 521788.545 218750 0 2 1 5.060 8061440 10.000 0.694 57217024.000 343830528.000 1569315711.885 1569315710.818 298 2 218750 406250 781250
1569315712.34 3584141 19.067 521788.545 218750 0 2 1 5.060 8061440 18.182 0.694 57217024.000 343830528.000 1569315711.885 1569315710.818 298 2 218750 406250 781250
1569315712.44 3577528 19.000 521788.545 218750 0 2 1 5.060 8061440 0.000 0.694 57217024.000 343830528.000 1569315711.885 1569315710.818 298 2 218750 406250 781250
1569315712.54 3520902 18.900 521788.545 218750 0 2 1 5.060 8061440 10.000 0.694 57217024.000 343830528.000 1569315711.885 1569315710.818 298 2 218750 406250 781250
1569315712.64 3508885 18.767 521788.545 218750 0 2 1 5.060 8061440 40.000 0.694 57217024.000 343830528.000 1569315711.885 1569315710.818 298 2 218750 406250 781250
1569315712.74 3502516 18.700 521788.545 218750 0 2 1 5.060 8061440 0.000 0.694 57217024.000 343830528.000 1569315711.885 1569315710.818 298 2 218750 406250 781250
1569315712.84 3488455 18.567 521788.545 218750 0 2 1 5.060 8061440 0.000 0.694 57217024.000 343830528.000 1569315711.885 1569315710.818 298 2 218750 406250 781250
1569315712.94 3482842 18.500 521788.545 218750 0 2 1 5.060 8061440 10.000 0.694 57217024.000 343830528.000 1569315711.885 1569315710.818 298 2 218750 406250 781250
1569315713.05 3428546 18.400 521788.545 218750 0 2 1 5.060 8061440 9.091 0.694 57217024.000 343830528.000 1569315711.885 1569315710.818 298 2 218750 406250 781250
#Host: 10.73.0.27
1569315713.15 3417341 18.267 521788.545 218750 0 2 1 5.060 8061440 0.000 0.694 57217024.000 343830528.000 1569315711.885 1569315710.818 298 2 218750 406250 781250
1569315713.25 3410611 18.200 521788.545 218750 0 2 1 5.060 8061440 0.000 0.694 57217024.000 343830528.000 1569315711.885 1569315710.818 298 2 218750 406250 781250
1569315713.35 3396869 18.067 521788.545 218750 0 2 1 5.060 8061440 10.000 0.694 57217024.000 343830528.000 1569315711.885 1569315710.818 298 2 218750 406250 781250
1569315713.46 3391285 18.000 521788.545 218750 0 2 1 5.060 8061440 0.000 0.694 57217024.000 343830528.000 1569315711.885 1569315710.818 298 2 218750 406250 781250
1569315713.56 3332831 17.850 521788.545 218750 0 2 1 5.060 8061440 0.000 0.694 57217024.000 343830528.000 1569315711.885 1569315710.818 298 2 218750 406250 781250
1569315713.66 3326424 17.783 521788.545 218750 0 2 1 5.060 8061440 0.000 0.694 57217024.000 343830528.000 1569315711.885 1569315710.818 298 2 218750 406250 781250
1569315713.76 3311918 17.667 521788.545 218750 0 2 1 5.060 8061440 10.000 0.694 57217024.000 343830528.000 1569315713.696 1569315710.818 298 2 218750 406250 781250
1569315713.86 3297772 17.533 521788.545 218750 0 2 1 5.060 8061440 10.000 0.694 57217024.000 343830528.000 1569315713.696 1569315710.818 298 2 218750 406250 781250
1569315713.96 3290607 17.483 521788.545 218750 0 2 1 5.060 8061440 10.000 0.694 57217024.000 343830528.000 1569315713.696 1569315710.818 298 2 218750 406250 781250
1569315714.07 3232881 17.333 521788.545 218750 0 2 1 5.060 8061440 18.182 0.694 57217024.000 343830528.000 1569315713.696 1569315710.818 298 2 218750 406250 781250
1569315714.17 3226448 17.267 521788.545 218750 0 2 1 5.060 8061440 10.000 0.694 57217024.000 343830528.000 1569315713.696 1569315710.818 298 2 218750 406250 781250
1569315714.27 3211543 17.133 521788.545 218750 0 2 1 5.060 8061440 10.000 0.694 57217024.000 343830528.000 1569315713.696 1569315710.818 298 2 218750 406250 781250
1569315714.37 3204152 17.067 521788.545 218750 0 2 1 5.060 8061440 10.000 0.694 57217024.000 343830528.000 1569315713.696 1569315710.818 298 2 218750 406250 781250
1569315714.48 3191926 16.967 521788.545 218750 0 2 1 5.060 8061440 9.091 0.694 57217024.000 343830528.000 1569315713.696 1569315710.818 298 2 218750 406250 781250
1569315714.58 3138251 16.833 521788.545 218750 0 2 1 5.060 8061440 10.000 0.694 57217024.000 343830528.000 1569315713.696 1569315710.818 298 2 218750 406250 781250
1569315714.68 3131870 16.767 521788.545 218750 0 2 1 5.060 8061440 10.000 0.694 57217024.000 343830528.000 1569315713.696 1569315710.818 298 2 218750 406250 781250
1569315714.78 3117639 16.633 521788.545 218750 0 2 1 5.060 8061440 20.000 0.694 57217024.000 343830528.000 1569315713.696 1569315710.818 298 2 218750 406250 781250
1569315714.88 3110758 16.567 521788.545 218750 0 2 1 5.060 8061440 20.000 0.694 57217024.000 343830528.000 1569315713.696 1569315710.818 298 2 218750 406250 781250
1569315714.98 3098689 16.467 521788.545 218750 0 2 1 5.060 8061440 20.000 0.694 57217024.000 343830528.000 1569315713.696 1569315710.818 298 2 218750 406250 781250
1569315715.09 3045793 16.333 521788.545 218750 0 2 1 5.060 8061440 18.182 0.694 57217024.000 343830528.000 1569315713.696 1569315710.818 298 2 218750 406250 781250
1569315715.19 3039596 16.267 521788.545 218750 0 2 1 5.060 8061440 20.000 0.694 57217024.000 343830528.000 1569315713.696 1569315710.818 298 2 218750 406250 781250
1569315715.29 3778038 20.150 532735.724 218750 0 2 1 5.060 8859876 40.000 0.698 57487360.000 343830528.000 1569315713.696 1569315715.195 251 2 218750 406250 781250
1569315715.39 3769031 20.067 532735.724 218750 0 2 1 5.060 8859876 0.000 0.698 57487360.000 343830528.000 1569315713.696 1569315715.195 251 2 218750 406250 781250
1569315715.49 3708000 19.917 532735.724 218750 0 2 1 5.060 8859876 9.091 0.698 57487360.000 343830528.000 1569315713.696 1569315715.195 251 2 218750 406250 781250
1569315715.60 3701252 19.850 532735.724 218750 0 2 1 5.060 8859876 0.000 0.698 57487360.000 343830528.000 1569315713.696 1569315715.195 251 2 218750 406250 781250
1569315715.70 3689165 19.717 532735.724 218750 0 2 1 5.060 8859876 0.000 0.698 57487360.000 343830528.000 1569315713.696 1569315715.195 251 2 218750 406250 781250
#Host: 10.73.0.27
1569315715.80 3682391 19.650 532735.724 218750 0 2 1 5.060 8859876 10.000 0.698 57487360.000 343830528.000 1569315715.760 1569315715.195 251 2 218750 406250 781250
1569315715.90 3669682 19.517 532735.724 218750 0 2 1 5.060 8859876 10.000 0.698 57487360.000 343830528.000 1569315715.760 1569315715.195 251 2 218750 406250 781250
1569315716.00 3618033 19.417 532735.724 218750 0 2 1 5.060 8859876 20.000 0.698 57487360.000 343830528.000 1569315715.760 1569315715.195 251 2 218750 406250 781250
1569315716.10 3609743 19.317 532735.724 218750 0 2 1 5.060 8859876 10.000 0.698 57487360.000 343830528.000 1569315715.760 1569315715.195 251 2 218750 406250 781250
1569315716.21 3597700 19.217 532735.724 218750 0 2 1 5.060 8859876 9.091 0.698 57487360.000 343830528.000 1569315715.760 1569315715.195 251 2 218750 406250 781250
1569315716.31 3583956 19.117 532735.724 218750 0 2 1 5.060 8859876 10.000 0.698 57487360.000 343830528.000 1569315715.760 1569315715.195 251 2 218750 406250 781250
1569315716.41 3576452 19.050 532735.724 218750 0 2 1 5.060 8859876 10.000 0.698 57487360.000 343830528.000 1569315716.367 1569315715.195 251 2 218750 406250 781250
1569315716.51 3523668 18.917 532735.724 218750 0 2 1 5.060 8859876 10.000 0.698 57487360.000 343830528.000 1569315716.367 1569315715.195 251 2 218750 406250 781250
1569315716.61 3518571 18.850 532735.724 218750 0 2 1 5.060 8859876 20.000 0.698 57487360.000 343830528.000 1569315716.367 1569315715.195 251 2 218750 406250 781250
1569315716.71 3506202 18.717 532735.724 218750 0 2 1 5.060 8859876 20.000 0.698 57487360.000 343830528.000 1569315716.367 1569315715.195 251 2 218750 406250 781250
1569315716.82 3494846 18.617 532735.724 218750 0 2 1 5.060 8859876 18.182 0.698 57487360.000 343830528.000 1569315716.367 1569315715.195 251 2 218750 406250 781250
1569315716.92 3487664 18.550 532735.724 218750 0 2 1 5.060 8859876 20.000 0.698 57487360.000 343830528.000 1569315716.367 1569315715.195 251 2 218750 406250 781250
1569315717.02 3435065 18.417 532735.724 218750 0 2 1 5.060 8859876 0.000 0.698 57487360.000 343830528.000 1569315716.367 1569315715.195 251 2 218750 406250 781250
1569315717.12 3429993 18.350 532735.724 218750 0 2 1 5.060 8859876 10.000 0.698 57487360.000 343830528.000 1569315716.367 1569315715.195 251 2 218750 406250 781250
1569315717.22 3411455 18.200 532735.724 218750 0 2 1 5.060 8859876 0.000 0.698 57487360.000 343830528.000 1569315716.367 1569315715.195 251 2 218750 406250 781250
1569315717.33 3403631 18.133 532735.724 218750 0 2 1 5.060 8859876 0.000 0.698 57487360.000 343830528.000 1569315716.367 1569315715.195 251 2 218750 406250 781250
#Host: 10.73.0.27
1569315717.43 3386673 18.000 532735.724 218750 0 2 1 5.060 8859876 10.000 0.698 57487360.000 343830528.000 1569315716.367 1569315715.195 251 2 218750 406250 781250
1569315717.53 3332529 17.900 532735.724 218750 0 2 1 5.060 8859876 0.000 0.698 57487360.000 343830528.000 1569315716.367 1569315715.195 251 2 218750 406250 781250
1569315717.63 3327483 17.833 532735.724 218750 0 2 1 5.060 8859876 0.000 0.698 57487360.000 343830528.000 1569315716.367 1569315715.195 251 2 218750 406250 781250
1569315717.73 3314537 17.700 532735.724 218750 0 2 1 5.060 8859876 0.000 0.698 57487360.000 343830528.000 1569315716.367 1569315715.195 251 2 218750 406250 781250
1569315717.83 3306916 17.633 532735.724 218750 0 2 1 5.060 8859876 0.000 0.698 57487360.000 343830528.000 1569315716.367 1569315715.195 251 2 218750 406250 781250
1569315717.94 3291989 17.500 532735.724 218750 0 2 1 5.060 8859876 10.000 0.698 57487360.000 343830528.000 1569315716.367 1569315715.195 251 2 218750 406250 781250
1569315718.04 3240267 17.417 532735.724 218750 0 2 1 5.060 8859876 10.000 0.698 57487360.000 343830528.000 1569315718.004 1569315715.195 251 2 218750 406250 781250
1569315718.14 3229206 17.283 532735.724 218750 0 2 1 5.060 8859876 10.000 0.698 57487360.000 343830528.000 1569315718.004 1569315715.195 251 2 218750 406250 781250
1569315718.24 3221590 17.200 532735.724 218750 0 2 1 5.060 8859876 10.000 0.698 57487360.000 343830528.000 1569315718.004 1569315715.195 251 2 218750 406250 781250
1569315718.34 3205078 17.067 532735.724 218750 0 2 1 5.060 8859876 10.000 0.698 57487360.000 343830528.000 1569315718.004 1569315715.195 251 2 218750 406250 781250
1569315718.45 3198092 17.000 532735.724 218750 0 2 1 5.060 8859876 9.091 0.698 57487360.000 343830528.000 1569315718.004 1569315715.195 251 2 218750 406250 781250
1569315718.55 3148263 16.917 532735.724 218750 0 2 1 5.060 8859876 20.000 0.698 57487360.000 343830528.000 1569315718.004 1569315715.195 251 2 218750 406250 781250
1569315718.65 3136150 16.783 532735.724 218750 0 2 1 5.060 8859876 0.000 0.698 57487360.000 343830528.000 1569315718.004 1569315715.195 251 2 218750 406250 781250
1569315718.75 3128878 16.717 532735.724 218750 0 2 1 5.060 8859876 30.000 0.698 57487360.000 343830528.000 1569315718.004 1569315715.195 251 2 218750 406250 781250
1569315718.85 3112055 16.583 532735.724 218750 0 2 1 5.060 8859876 9.091 0.698 57487360.000 343830528.000 1569315718.004 1569315715.195 251 2 218750 406250 781250
1569315718.96 3104777 16.517 532735.724 218750 0 2 1 5.060 8859876 20.000 0.698 57487360.000 343830528.000 1569315718.004 1569315715.195 251 2 218750 406250 781250
1569315719.06 3046402 16.350 532735.724 218750 0 2 1 5.060 8859876 10.000 0.698 57487360.000 343830528.000 1569315718.004 1569315715.195 251 2 218750 406250 781250
1569315719.16 3040252 16.283 532735.724 218750 0 2 1 5.060 8859876 20.000 0.698 57487360.000 343830528.000 1569315718.004 1569315715.195 251 2 218750 406250 781250
1569315719.26 3026324 16.150 532735.724 218750 0 2 1 5.060 8859876 10.000 0.698 57487360.000 343830528.000 1569315718.004 1569315715.195 251 2 218750 406250 781250
1569315719.36 3018643 16.083 532735.724 218750 0 2 1 5.060 8859876 20.000 0.698 57487360.000 343830528.000 1569315718.004 1569315715.195 251 2 218750 406250 781250
1569315719.46 3744345 20.000 568645.700 218750 0 2 1 5.060 9646280 40.000 0.701 57757696.000 343830528.000 1569315718.004 1569315719.387 311 2 218750 406250 781250
1569315719.57 3692992 19.850 568645.700 218750 0 2 1 5.060 9646280 0.000 0.701 57757696.000 343830528.000 1569315718.004 1569315719.387 311 2 218750 406250 781250
1569315719.67 3686715 19.783 568645.700 218750 0 2 1 5.060 9646280 10.000 0.701 57757696.000 343830528.000 1569315718.004 1569315719.387 311 2 218750 406250 781250
1569315719.77 3679334 19.700 568645.700 218750 0 2 1 5.060 9646280 0.000 0.701 57757696.000 343830528.000 1569315718.004 1569315719.387 311 2 218750 406250 781250
1569315719.87 3664240 19.567 568645.700 218750 0 2 1 5.060 9646280 0.000 0.701 57757696.000 343830528.000 1569315718.004 1569315719.387 311 2 218750 406250 781250
1569315719.97 3657762 19.500 568645.700 218750 0 2 1 5.060 9646280 10.000 0.701 57757696.000 343830528.000 1569315718.004 1569315719.387 311 2 218750 406250 781250
#Host: 10.73.0.27
1569315720.08 3601814 19.333 568645.700 218750 0 2 1 5.060 9646280 0.000 0.701 57757696.000 343830528.000 1569315720.067 1569315719.387 311 2 218750 406250 781250
1569315720.18 3594968 19.267 568645.700 218750 0 2 1 5.060 9646280 10.000 0.701 57757696.000 343830528.000 1569315720.067 1569315719.387 311 2 218750 406250 781250
1569315720.28 3581772 19.133 568645.700 218750 0 2 1 5.060 9646280 20.000 0.701 57757696.000 343830528.000 1569315720.067 1569315719.387 311 2 218750 406250 781250
1569315720.38 3574862 19.067 568645.700 218750 0 2 1 5.060 9646280 10.000 0.701 57757696.000 343830528.000 1569315720.067 1569315719.387 311 2 218750 406250 781250
1569315720.48 3558807 18.983 568645.700 218750 0 2 1 5.060 9646280 10.000 0.701 57757696.000 343830528.000 1569315720.067 1569315719.387 311 2 218750 406250 781250
1569315720.58 3511095 18.850 568645.700 218750 0 2 1 5.060 9646280 0.000 0.701 57757696.000 343830528.000 1569315720.067 1569315719.387 311 2 218750 406250 781250
1569315720.69 3504580 18.783 568645.700 218750 0 2 1 5.060 9646280 0.000 0.701 57757696.000 343830528.000 1569315720.067 1569315719.387 311 2 218750 406250 781250
1569315720.79 3489237 18.650 568645.700 218750 0 2 1 5.060 9646280 10.000 0.701 57757696.000 343830528.000 1569315720.067 1569315719.387 311 2 218750 406250 781250
1569315720.89 3481183 18.583 568645.700 218750 0 2 1 5.060 9646280 20.000 0.701 57757696.000 343830528.000 1569315720.790 1569315719.387 311 2 218750 406250 781250
1569315720.99 3419805 18.417 568645.700 218750 0 2 1 5.060 9646280 10.000 0.701 57757696.000 343830528.000 1569315720.790 1569315719.387 311 2 218750 406250 781250
1569315721.09 3414532 18.350 568645.700 218750 0 2 1 5.060 9646280 10.000 0.701 57757696.000 343830528.000 1569315720.790 1569315719.387 311 2 218750 406250 781250
1569315721.20 3399001 18.217 568645.700 218750 0 2 1 5.060 9646280 9.091 0.701 57757696.000 343830528.000 1569315720.790 1569315719.387 311 2 218750 406250 781250
1569315721.30 3390748 18.150 568645.700 218750 0 2 1 5.060 9646280 20.000 0.701 57757696.000 343830528.000 1569315720.790 1569315719.387 311 2 218750 406250 781250
1569315721.40 3375822 18.017 568645.700 218750 0 2 1 5.060 9646280 20.000 0.701 57757696.000 343830528.000 1569315720.790 1569315719.387 311 2 218750 406250 781250
1569315721.51 3322748 17.917 568645.700 218750 0 2 1 5.060 9646280 27.273 0.701 57757696.000 343830528.000 1569315720.790 1569315719.387 311 2 218750 406250 781250
1569315721.61 3316513 17.850 568645.700 218750 0 2 1 5.060 9646280 20.000 0.701 57757696.000 343830528.000 1569315720.790 1569315719.387 311 2 218750 406250 781250
1569315721.72 3303301 17.717 568645.700 218750 0 2 1 5.060 9646280 0.000 0.701 57757696.000 343830528.000 1569315720.790 1569315719.387 311 2 218750 406250 781250
1569315721.82 3295809 17.650 568645.700 218750 0 2 1 5.060 9646280 0.000 0.701 57757696.000 343830528.000 1569315720.790 1569315719.387 311 2 218750 406250 781250
1569315721.92 3282177 17.517 568645.700 218750 0 2 1 5.060 9646280 10.000 0.701 57757696.000 343830528.000 1569315720.790 1569315719.387 311 2 218750 406250 781250
1569315722.02 3229405 17.417 568645.700 218750 0 2 1 5.060 9646280 0.000 0.701 57757696.000 343830528.000 1569315720.790 1569315719.387 311 2 218750 406250 781250
1569315722.12 3223383 17.350 568645.700 218750 0 2 1 5.060 9646280 0.000 0.701 57757696.000 343830528.000 1569315720.790 1569315719.387 311 2 218750 406250 781250
#Host: 10.73.0.27
1569315722.22 3210937 17.217 568645.700 218750 0 2 1 5.060 9646280 0.000 0.701 57757696.000 343830528.000 1569315720.790 1569315719.387 311 2 218750 406250 781250
1569315722.33 3193048 17.083 568645.700 218750 0 2 1 5.060 9646280 10.000 0.701 57757696.000 343830528.000 1569315720.790 1569315719.387 311 2 218750 406250 781250
1569315722.43 3185808 17.017 568645.700 218750 0 2 1 5.060 9646280 0.000 0.701 57757696.000 343830528.000 1569315720.790 1569315719.387 311 2 218750 406250 781250
1569315722.53 3133343 16.917 568645.700 218750 0 2 1 5.060 9646280 0.000 0.701 57757696.000 343830528.000 1569315720.790 1569315719.387 311 2 218750 406250 781250
1569315722.63 3120431 16.783 568645.700 218750 0 2 1 5.060 9646280 10.000 0.701 57757696.000 343830528.000 1569315720.790 1569315719.387 311 2 218750 406250 781250
1569315722.73 3112811 16.717 568645.700 218750 0 2 1 5.060 9646280 10.000 0.701 57757696.000 343830528.000 1569315720.790 1569315719.387 311 2 218750 406250 781250
1569315722.84 3097308 16.583 568645.700 218750 0 2 1 5.060 9646280 0.000 0.701 57757696.000 343830528.000 1569315720.790 1569315719.387 311 2 218750 406250 781250
1569315722.94 3091259 16.517 568645.700 218750 0 2 1 5.060 9646280 0.000 0.701 57757696.000 343830528.000 1569315722.926 1569315719.387 311 2 218750 406250 781250
1569315723.04 3041211 16.417 568645.700 218750 0 2 1 5.060 9646280 10.000 0.701 57757696.000 343830528.000 1569315722.926 1569315719.387 311 2 218750 406250 781250
1569315723.14 3028952 16.283 568645.700 218750 0 2 1 5.060 9646280 10.000 0.701 57757696.000 343830528.000 1569315722.926 1569315719.387 311 2 218750 406250 781250
1569315723.24 3022917 16.217 568645.700 218750 0 2 1 5.060 9646280 10.000 0.701 57757696.000 343830528.000 1569315722.926 1569315719.387 311 2 218750 406250 781250
1569315723.34 3008858 16.083 568645.700 218750 0 2 1 5.060 9646280 10.000 0.701 57757696.000 343830528.000 1569315722.926 1569315719.387 311 2 218750 406250 781250
1569315723.45 3002763 16.017 568645.700 218750 0 2 1 5.060 9646280 10.000 0.701 57757696.000 343830528.000 1569315722.926 1569315719.387 311 2 218750 406250 781250
1569315723.55 2952564 15.917 568645.700 218750 0 2 1 5.060 9646280 18.182 0.701 57757696.000 343830528.000 1569315722.926 1569315719.387 311 2 218750 406250 781250
1569315723.65 2940951 15.783 568645.700 218750 0 2 1 5.060 9646280 20.000 0.701 57757696.000 343830528.000 1569315722.926 1569315719.387 311 2 218750 406250 781250
1569315723.75 2930427 15.683 568645.700 218750 0 2 1 5.060 9646280 10.000 0.701 57757696.000 343830528.000 1569315722.926 1569315719.387 311 2 218750 406250 781250
1569315723.85 2923362 15.617 568645.700 218750 0 2 1 5.060 9646280 20.000 0.701 57757696.000 343830528.000 1569315722.926 1569315719.387 311 2 218750 406250 781250
1569315723.96 2910309 15.500 568645.700 218750 0 2 1 5.060 9646280 9.091 0.701 57757696.000 343830528.000 1569315722.926 1569315719.387 311 2 218750 406250 781250
1569315724.06 2857622 15.383 568645.700 218750 0 2 1 5.060 9646280 10.000 0.701 57757696.000 343830528.000 1569315722.926 1569315719.387 311 2 218750 406250 781250
1569315724.16 2842752 15.300 568645.700 218750 0 2 1 5.060 9646280 10.000 0.701 57757696.000 343830528.000 1569315722.926 1569315719.387 311 2 218750 406250 781250
1569315724.26 2832124 15.167 568645.700 218750 0 2 1 5.060 9646280 20.000 0.701 57757696.000 343830528.000 1569315722.926 1569315719.387 311 2 218750 406250 781250
1569315724.36 3578522 19.100 580139.608 218750 0 2 1 5.060 10449040 40.000 0.704 58028032.000 343830528.000 1569315722.926 1569315724.310 178 2 218750 406250 781250
1569315724.46 3562826 19.000 580139.608 218750 0 2 1 5.060 10449040 10.000 0.704 58028032.000 343830528.000 1569315722.926 1569315724.310 178 2 218750 406250 781250
1569315724.56 3511437 18.850 580139.608 218750 0 2 1 5.060 10449040 0.000 0.704 58028032.000 343830528.000 1569315722.926 1569315724.310 178 2 218750 406250 781250
1569315724.67 3505224 18.783 580139.608 218750 0 2 1 5.060 10449040 0.000 0.704 58028032.000 343830528.000 1569315722.926 1569315724.310 178 2 218750 406250 781250
1569315724.77 3491032 18.650 580139.608 218750 0 2 1 5.060 10449040 0.000 0.704 58028032.000 343830528.000 1569315722.926 1569315724.310 178 2 218750 406250 781250
1569315724.87 3483739 18.583 580139.608 218750 0 2 1 5.060 10449040 0.000 0.704 58028032.000 343830528.000 1569315722.926 1569315724.310 178 2 218750 406250 781250
#Host: 10.73.0.27
1569315724.97 3469099 18.500 580139.608 218750 0 2 1 5.060 10449040 10.000 0.704 58028032.000 343830528.000 1569315722.926 1569315724.310 178 2 218750 406250 781250
1569315725.07 3418264 18.350 580139.608 218750 0 2 1 5.060 10449040 10.000 0.704 58028032.000 343830528.000 1569315724.990 1569315724.310 178 2 218750 406250 781250
1569315725.18 3412192 18.283 580139.608 218750 0 2 1 5.060 10449040 9.091 0.704 58028032.000 343830528.000 1569315724.990 1569315724.310 178 2 218750 406250 781250
1569315725.28 3399130 18.183 580139.608 218750 0 2 1 5.060 10449040 10.000 0.704 58028032.000 343830528.000 1569315724.990 1569315724.310 178 2 218750 406250 781250
1569315725.38 3381778 18.033 580139.608 218750 0 2 1 5.060 10449040 20.000 0.704 58028032.000 343830528.000 1569315724.990 1569315724.310 178 2 218750 406250 781250
1569315725.48 3372302 17.983 580139.608 218750 0 2 1 5.060 10449040 10.000 0.704 58028032.000 343830528.000 1569315724.990 1569315724.310 178 2 218750 406250 781250
1569315725.58 3324798 17.850 580139.608 218750 0 2 1 5.060 10449040 10.000 0.704 58028032.000 343830528.000 1569315724.990 1569315724.310 178 2 218750 406250 781250
1569315725.69 3319176 17.783 580139.608 218750 0 2 1 5.060 10449040 18.182 0.704 58028032.000 343830528.000 1569315724.990 1569315724.310 178 2 218750 406250 781250
1569315725.79 3305563 17.650 580139.608 218750 0 2 1 5.060 10449040 20.000 0.704 58028032.000 343830528.000 1569315725.712 1569315724.310 178 2 218750 406250 781250
1569315725.89 3292686 17.617 580139.608 218750 0 2 1 5.060 10449040 10.000 0.704 58028032.000 343830528.000 1569315725.712 1569315724.310 178 2 218750 406250 781250
1569315725.99 3244348 17.417 580139.608 218750 0 2 1 5.060 10449040 10.000 0.704 58028032.000 343830528.000 1569315725.712 1569315724.310 178 2 218750 406250 781250
1569315726.09 3239267 17.350 580139.608 218750 0 2 1 5.060 10449040 30.000 0.704 58028032.000 343830528.000 1569315725.712 1569315724.310 178 2 218750 406250 781250
1569315726.20 3225471 17.217 580139.608 218750 0 2 1 5.060 10449040 9.091 0.704 58028032.000 343830528.000 1569315725.712 1569315724.310 178 2 218750 406250 781250
1569315726.30 3217272 17.150 580139.608 218750 0 2 1 5.060 10449040 10.000 0.704 58028032.000 343830528.000 1569315725.712 1569315724.310 178 2 218750 406250 781250
1569315726.40 3201017 17.017 580139.608 218750 0 2 1 5.060 10449040 0.000 0.704 58028032.000 343830528.000 1569315725.712 1569315724.310 178 2 218750 406250 781250
1569315726.50 3151858 16.917 580139.608 218750 0 2 1 5.060 10449040 0.000 0.704 58028032.000 343830528.000 1569315725.712 1569315724.310 178 2 218750 406250 781250
1569315726.60 3145897 16.850 580139.608 218750 0 2 1 5.060 10449040 0.000 0.704 58028032.000 343830528.000 1569315725.712 1569315724.310 178 2 218750 406250 781250
#Host: 10.73.0.27
1569315726.70 3131832 16.717 580139.608 218750 0 2 1 5.060 10449040 10.000 0.704 58028032.000 343830528.000 1569315725.712 1569315724.310 178 2 218750 406250 781250
1569315726.81 3123413 16.650 580139.608 218750 0 2 1 5.060 10449040 0.000 0.704 58028032.000 343830528.000 1569315725.712 1569315724.310 178 2 218750 406250 781250
1569315726.91 3107005 16.517 580139.608 218750 0 2 1 5.060 10449040 0.000 0.704 58028032.000 343830528.000 1569315725.712 1569315724.310 178 2 218750 406250 781250
1569315727.01 3056956 16.417 580139.608 218750 0 2 1 5.060 10449040 10.000 0.704 58028032.000 343830528.000 1569315725.712 1569315724.310 178 2 218750 406250 781250
1569315727.11 3047185 16.317 580139.608 218750 0 2 1 5.060 10449040 10.000 0.704 58028032.000 343830528.000 1569315725.712 1569315724.310 178 2 218750 406250 781250
1569315727.21 3039127 16.250 580139.608 218750 0 2 1 5.060 10449040 0.000 0.704 58028032.000 343830528.000 1569315725.712 1569315724.310 178 2 218750 406250 781250
1569315727.32 3024720 16.117 580139.608 218750 0 2 1 5.060 10449040 0.000 0.704 58028032.000 343830528.000 1569315725.712 1569315724.310 178 2 218750 406250 781250
1569315727.42 3017421 16.050 580139.608 218750 0 2 1 5.060 10449040 0.000 0.704 58028032.000 343830528.000 1569315725.712 1569315724.310 178 2 218750 406250 781250
1569315727.52 2963307 15.917 580139.608 218750 0 2 1 5.060 10449040 10.000 0.704 58028032.000 343830528.000 1569315727.447 1569315724.310 178 2 218750 406250 781250
1569315727.62 2955837 15.850 580139.608 218750 0 2 1 5.060 10449040 20.000 0.704 58028032.000 343830528.000 1569315727.447 1569315724.310 178 2 218750 406250 781250
1569315727.72 2940942 15.717 580139.608 218750 0 2 1 5.060 10449040 10.000 0.704 58028032.000 343830528.000 1569315727.447 1569315724.310 178 2 218750 406250 781250
1569315727.83 2922979 15.583 580139.608 218750 0 2 1 5.060 10449040 9.091 0.704 58028032.000 343830528.000 1569315727.447 1569315724.310 178 2 218750 406250 781250
1569315727.93 2915552 15.517 580139.608 218750 0 2 1 5.060 10449040 10.000 0.704 58028032.000 343830528.000 1569315727.447 1569315724.310 178 2 218750 406250 781250
1569315728.03 2864433 15.417 580139.608 218750 0 2 1 5.060 10449040 10.000 0.704 58028032.000 343830528.000 1569315727.447 1569315724.310 178 2 218750 406250 781250
1569315728.13 2849950 15.283 580139.608 218750 0 2 1 5.060 10449040 20.000 0.704 58028032.000 343830528.000 1569315727.447 1569315724.310 178 2 218750 406250 781250
1569315728.23 2841392 15.217 580139.608 218750 0 2 1 5.060 10449040 20.000 0.704 58028032.000 343830528.000 1569315727.447 1569315724.310 178 2 218750 406250 781250
1569315728.34 2825289 15.133 580139.608 218750 0 2 1 5.060 10449040 18.182 0.704 58028032.000 343830528.000 1569315727.447 1569315724.310 178 2 218750 406250 781250
1569315728.44 2817889 15.000 580139.608 218750 0 2 1 5.060 10449040 10.000 0.704 58028032.000 343830528.000 1569315727.447 1569315724.310 178 2 218750 406250 781250
1569315728.54 2767813 14.917 580139.608 218750 0 2 1 5.060 10449040 10.000 0.704 58028032.000 343830528.000 1569315727.447 1569315724.310 178 2 218750 406250 781250
1569315728.64 2756481 14.783 580139.608 218750 0 2 1 5.060 10449040 10.000 0.704 58028032.000 343830528.000 1569315727.447 1569315724.310 178 2 218750 406250 781250
1569315728.74 2749887 14.717 580139.608 218750 0 2 1 5.060 10449040 20.000 0.704 58028032.000 343830528.000 1569315727.447 1569315724.310 178 2 218750 406250 781250
1569315728.85 2732634 14.583 580139.608 218750 0 2 1 5.060 10449040 0.000 0.704 58028032.000 343830528.000 1569315727.447 1569315724.310 178 2 218750 406250 781250
1569315728.96 3467484 18.500 535634.170 218750 0 2 1 5.060 11246348 33.333 0.704 58028032.000 343830528.000 1569315728.937 1569315728.935 64 1 218750 406250 781250
#Host: 10.73.0.27
1569315729.06 3421491 18.350 535634.170 218750 0 2 1 5.060 11246348 20.000 0.704 58028032.000 343830528.000 1569315728.937 1569315728.935 64 1 218750 406250 781250
1569315729.16 3414318 18.283 535634.170 218750 0 2 1 5.060 11246348 0.000 0.704 58028032.000 343830528.000 1569315729.074 1569315728.935 64 1 218750 406250 781250
1569315729.26 3398610 18.150 535634.170 218750 0 2 1 5.060 11246348 20.000 0.704 58028032.000 343830528.000 1569315729.074 1569315728.935 64 1 218750 406250 781250
1569315729.37 3389387 18.067 535634.170 218750 0 2 1 5.060 11246348 10.000 0.704 58028032.000 343830528.000 1569315729.074 1569315728.935 64 1 218750 406250 781250
1569315729.47 3382472 18.000 535634.170 218750 0 2 1 5.060 11246348 18.182 0.704 58028032.000 343830528.000 1569315729.074 1569315728.935 64 1 218750 406250 781250
1569315729.57 3326524 17.850 535634.170 218750 0 2 1 5.060 11246348 10.000 0.704 58028032.000 343830528.000 1569315729.074 1569315728.935 64 1 218750 406250 781250
1569315729.67 3318037 17.767 535634.170 218750 0 2 1 5.060 11246348 10.000 0.704 58028032.000 343830528.000 1569315729.074 1569315728.935 64 1 218750 406250 781250
1569315729.77 3310141 17.700 535634.170 218750 0 2 1 5.060 11246348 20.000 0.704 58028032.000 343830528.000 1569315729.074 1569315728.935 64 1 218750 406250 781250
1569315729.88 3293304 17.567 535634.170 218750 0 2 1 5.060 11246348 9.091 0.704 58028032.000 343830528.000 1569315729.074 1569315728.935 64 1 218750 406250 781250
1569315729.98 3277550 17.483 535634.170 218750 0 2 1 5.060 11246348 20.000 0.704 58028032.000 343830528.000 1569315729.074 1569315728.935 64 1 218750 406250 781250
1569315730.08 3232491 17.350 535634.170 218750 0 2 1 5.060 11246348 10.000 0.704 58028032.000 343830528.000 1569315729.074 1569315728.935 64 1 218750 406250 781250
1569315730.18 3225861 17.283 535634.170 218750 0 2 1 5.060 11246348 0.000 0.704 58028032.000 343830528.000 1569315729.074 1569315728.935 64 1 218750 406250 781250
1569315730.28 3207751 17.133 535634.170 218750 0 2 1 5.060 11246348 20.000 0.704 58028032.000 343830528.000 1569315729.074 1569315728.935 64 1 218750 406250 781250
1569315730.39 3199698 17.067 535634.170 218750 0 2 1 5.060 11246348 18.182 0.704 58028032.000 343830528.000 1569315729.074 1569315728.935 64 1 218750 406250 781250
1569315730.49 3931993 20.983 580239.721 218750 0 2 1 5.060 12040084 50.000 0.711 58568704.000 343830528.000 1569315729.074 1569315730.442 206 2 218750 406250 781250
1569315730.59 3886743 20.833 580239.721 218750 0 2 1 5.060 12040084 10.000 0.711 58568704.000 343830528.000 1569315729.074 1569315730.442 206 2 218750 406250 781250
1569315730.69 3881055 20.767 580239.721 218750 0 2 1 5.060 12040084 0.000 0.711 58568704.000 343830528.000 1569315729.074 1569315730.442 206 2 218750 406250 781250
1569315730.79 3866143 20.633 580239.721 218750 0 2 1 5.060 12040084 0.000 0.711 58568704.000 343830528.000 1569315729.074 1569315730.442 206 2 218750 406250 781250
1569315730.90 3856736 20.567 580239.721 218750 0 2 1 5.060 12040084 0.000 0.711 58568704.000 343830528.000 1569315729.074 1569315730.442 206 2 218750 406250 781250
1569315731.00 3796636 20.417 580239.721 218750 0 2 1 5.060 12040084 0.000 0.711 58568704.000 343830528.000 1569315729.074 1569315730.442 206 2 218750 406250 781250
1569315731.10 3791731 20.350 580239.721 218750 0 2 1 5.060 12040084 10.000 0.711 58568704.000 343830528.000 1569315729.074 1569315730.442 206 2 218750 406250 781250
#Host: 10.73.0.27
1569315731.20 3777698 20.267 580239.721 218750 0 2 1 5.060 12040084 10.000 0.711 58568704.000 343830528.000 1569315731.146 1569315730.442 206 2 218750 406250 781250
1569315731.30 3768223 20.133 580239.721 218750 0 2 1 5.060 12040084 10.000 0.711 58568704.000 343830528.000 1569315731.146 1569315730.442 206 2 218750 406250 781250
1569315731.40 3760083 20.067 580239.721 218750 0 2 1 5.060 12040084 20.000 0.711 58568704.000 343830528.000 1569315731.146 1569315730.442 206 2 218750 406250 781250
1569315731.51 3701338 19.917 580239.721 218750 0 2 1 5.060 12040084 9.091 0.711 58568704.000 343830528.000 1569315731.146 1569315730.442 206 2 218750 406250 781250
1569315731.61 3695784 19.850 580239.721 218750 0 2 1 5.060 12040084 10.000 0.711 58568704.000 343830528.000 1569315731.146 1569315730.442 206 2 218750 406250 781250
1569315731.71 3683099 19.717 580239.721 218750 0 2 1 5.060 12040084 10.000 0.711 58568704.000 343830528.000 1569315731.146 1569315730.442 206 2 218750 406250 781250
1569315731.81 3675350 19.650 580239.721 218750 0 2 1 5.060 12040084 20.000 0.711 58568704.000 343830528.000 1569315731.146 1569315730.442 206 2 218750 406250 781250
1569315731.91 3660525 19.517 580239.721 218750 0 2 1 5.060 12040084 9.091 0.711 58568704.000 343830528.000 1569315731.879 1569315730.442 206 2 218750 406250 781250
1569315732.02 3609475 19.417 580239.721 218750 0 2 1 5.060 12040084 20.000 0.711 58568704.000 343830528.000 1569315731.879 1569315730.442 206 2 218750 406250 781250
1569315732.12 3604103 19.350 580239.721 218750 0 2 1 5.060 12040084 20.000 0.711 58568704.000 343830528.000 1569315731.879 1569315730.442 206 2 218750 406250 781250
1569315732.22 3590738 19.217 580239.721 218750 0 2 1 5.060 12040084 40.000 0.711 58568704.000 343830528.000 1569315731.879 1569315730.442 206 2 218750 406250 781250
1569315732.32 3582848 19.150 580239.721 218750 0 2 1 5.060 12040084 0.000 0.711 58568704.000 343830528.000 1569315731.879 1569315730.442 206 2 218750 406250 781250
1569315732.42 3569580 19.017 580239.721 218750 0 2 1 5.060 12040084 0.000 0.711 58568704.000 343830528.000 1569315731.879 1569315730.442 206 2 218750 406250 781250
1569315732.53 3518540 18.917 580239.721 218750 0 2 1 5.060 12040084 10.000 0.711 58568704.000 343830528.000 1569315731.879 1569315730.442 206 2 218750 406250 781250
1569315732.63 3504755 18.783 580239.721 218750 0 2 1 5.060 12040084 0.000 0.711 58568704.000 343830528.000 1569315731.879 1569315730.442 206 2 218750 406250 781250
1569315732.73 3496798 18.717 580239.721 218750 0 2 1 5.060 12040084 0.000 0.711 58568704.000 343830528.000 1569315731.879 1569315730.442 206 2 218750 406250 781250
1569315732.83 3481708 18.583 580239.721 218750 0 2 1 5.060 12040084 0.000 0.711 58568704.000 343830528.000 1569315731.879 1569315730.442 206 2 218750 406250 781250
#Host: 10.73.0.27
1569315732.93 3474084 18.517 580239.721 218750 0 2 1 5.060 12040084 0.000 0.711 58568704.000 343830528.000 1569315731.879 1569315730.442 206 2 218750 406250 781250
1569315733.03 3424538 18.400 580239.721 218750 0 2 1 5.060 12040084 9.091 0.711 58568704.000 343830528.000 1569315731.879 1569315730.442 206 2 218750 406250 781250
1569315733.14 3419459 18.333 580239.721 218750 0 2 1 5.060 12040084 0.000 0.711 58568704.000 343830528.000 1569315731.879 1569315730.442 206 2 218750 406250 781250
1569315733.24 3404485 18.200 580239.721 218750 0 2 1 5.060 12040084 0.000 0.711 58568704.000 343830528.000 1569315731.879 1569315730.442 206 2 218750 406250 781250
1569315733.34 3396576 18.133 580239.721 218750 0 2 1 5.060 12040084 0.000 0.711 58568704.000 343830528.000 1569315731.879 1569315730.442 206 2 218750 406250 781250
1569315733.44 3380756 18.000 580239.721 218750 0 2 1 5.060 12040084 10.000 0.711 58568704.000 343830528.000 1569315731.879 1569315730.442 206 2 218750 406250 781250
1569315733.54 3329625 17.900 580239.721 218750 0 2 1 5.060 12040084 0.000 0.711 58568704.000 343830528.000 1569315731.879 1569315730.442 206 2 218750 406250 781250
1569315733.65 3316031 17.767 580239.721 218750 0 2 1 5.060 12040084 10.000 0.711 58568704.000 343830528.000 1569315733.609 1569315730.442 206 2 218750 406250 781250
1569315733.75 3307852 17.700 580239.721 218750 0 2 1 5.060 12040084 9.091 0.711 58568704.000 343830528.000 1569315733.609 1569315730.442 206 2 218750 406250 781250
1569315733.85 3292411 17.567 580239.721 218750 0 2 1 5.060 12040084 10.000 0.711 58568704.000 343830528.000 1569315733.609 1569315730.442 206 2 218750 406250 781250
1569315733.95 3286555 17.500 580239.721 218750 0 2 1 5.060 12040084 20.000 0.711 58568704.000 343830528.000 1569315733.609 1569315730.442 206 2 218750 406250 781250
1569315734.05 3234298 17.383 580239.721 218750 0 2 1 5.060 12040084 10.000 0.711 58568704.000 343830528.000 1569315733.609 1569315730.442 206 2 218750 406250 781250
1569315734.16 3228191 17.317 580239.721 218750 0 2 1 5.060 12040084 9.091 0.711 58568704.000 343830528.000 1569315733.609 1569315730.442 206 2 218750 406250 781250
1569315734.26 3213325 17.183 580239.721 218750 0 2 1 5.060 12040084 20.000 0.711 58568704.000 343830528.000 1569315733.609 1569315730.442 206 2 218750 406250 781250
1569315734.36 3197850 17.100 580239.721 218750 0 2 1 5.060 12040084 20.000 0.711 58568704.000 343830528.000 1569315733.609 1569315730.442 206 2 218750 406250 781250
1569315734.46 3189624 17.000 580239.721 218750 0 2 1 5.060 12040084 10.000 0.711 58568704.000 343830528.000 1569315733.609 1569315730.442 206 2 218750 406250 781250
1569315734.56 3135613 16.850 580239.721 218750 0 2 1 5.060 12040084 10.000 0.711 58568704.000 343830528.000 1569315733.609 1569315730.442 206 2 218750 406250 781250
1569315734.66 3128918 16.783 580239.721 218750 0 2 1 5.060 12040084 20.000 0.711 58568704.000 343830528.000 1569315733.609 1569315730.442 206 2 218750 406250 781250
1569315734.77 3113763 16.650 580239.721 218750 0 2 1 5.060 12040084 0.000 0.711 58568704.000 343830528.000 1569315733.609 1569315730.442 206 2 218750 406250 781250
1569315734.87 3106271 16.583 580239.721 218750 0 2 1 5.060 12040084 18.182 0.711 58568704.000 343830528.000 1569315733.609 1569315730.442 206 2 218750 406250 781250
1569315734.97 3847331 20.500 620609.807 218750 0 2 1 5.060 12840400 50.000 0.711 58568704.000 343830528.000 1569315733.609 1569315734.898 50 1 218750 406250 781250
1569315735.07 3800905 20.383 620609.807 218750 0 2 1 5.060 12840400 0.000 0.711 58568704.000 343830528.000 1569315733.609 1569315734.898 50 1 218750 406250 781250
1569315735.17 3785240 20.233 620609.807 218750 0 2 1 5.060 12840400 9.091 0.711 58568704.000 343830528.000 1569315733.609 1569315734.898 50 1 218750 406250 781250
1569315735.28 3777604 20.167 620609.807 218750 0 2 1 5.060 12840400 0.000 0.711 58568704.000 343830528.000 1569315733.609 1569315734.898 50 1 218750 406250 781250
1569315735.38 3764153 20.083 620609.807 218750 0 2 1 5.060 12840400 10.000 0.711 58568704.000 343830528.000 1569315733.609 1569315734.898 50 1 218750 406250 781250
1569315735.48 3747227 19.983 620609.807 218750 0 2 1 5.060 12840400 0.000 0.711 58568704.000 343830528.000 1569315733.609 1569315734.898 50 1 218750 406250 781250
1569315735.58 3698197 19.850 620609.807 218750 0 2 1 5.060 12840400 0.000 0.711 58568704.000 343830528.000 1569315733.609 1569315734.898 50 1 218750 406250 781250
#Host: 10.73.0.27
1569315735.68 3692286 19.783 620609.807 218750 0 2 1 5.060 12840400 0.000 0.711 58568704.000 343830528.000 1569315733.609 1569315734.898 50 1 218750 406250 781250
1569315735.78 3677212 19.633 620609.807 218750 0 2 1 5.060 12840400 10.000 0.711 58568704.000 343830528.000 1569315735.682 1569315734.898 50 1 218750 406250 781250
1569315735.89 3669650 19.567 620609.807 218750 0 2 1 5.060 12840400 10.000 0.711 58568704.000 343830528.000 1569315735.682 1569315734.898 50 1 218750 406250 781250
1569315735.99 3655533 19.483 620609.807 218750 0 2 1 5.060 12840400 18.182 0.711 58568704.000 343830528.000 1569315735.682 1569315734.898 50 1 218750 406250 781250
1569315736.09 3609764 19.350 620609.807 218750 0 2 1 5.060 12840400 0.000 0.711 58568704.000 343830528.000 1569315735.682 1569315734.898 50 1 218750 406250 781250
1569315736.19 3599112 19.233 620609.807 218750 0 2 1 5.060 12840400 20.000 0.711 58568704.000 343830528.000 1569315735.682 1569315734.898 50 1 218750 406250 781250
1569315736.29 3592918 19.167 620609.807 218750 0 2 1 5.060 12840400 20.000 0.711 58568704.000 343830528.000 1569315735.682 1569315734.898 50 1 218750 406250 781250
1569315736.39 3577938 19.050 620609.807 218750 0 2 1 5.060 12840400 9.091 0.711 58568704.000 343830528.000 1569315735.682 1569315734.898 50 1 218750 406250 781250
1569315736.50 3522919 18.950 620609.807 218750 0 2 1 5.060 12840400 20.000 0.711 58568704.000 343830528.000 1569315736.489 1569315734.898 50 1 218750 406250 781250
1569315736.60 3513837 18.817 620609.807 218750 0 2 1 5.060 12840400 0.000 0.711 58568704.000 343830528.000 1569315736.489 1569315734.898 50 1 218750 406250 781250
1569315736.70 3506898 18.750 620609.807 218750 0 2 1 5.060 12840400 10.000 0.711 58568704.000 343830528.000 1569315736.489 1569315734.898 50 1 218750 406250 781250
1569315736.81 3492491 18.650 620609.807 218750 0 2 1 5.060 12840400 45.455 0.711 58568704.000 343830528.000 1569315736.489 1569315734.898 50 1 218750 406250 781250
1569315736.91 3481255 18.517 620609.807 218750 0 2 1 5.060 12840400 0.000 0.711 58568704.000 343830528.000 1569315736.489 1569315734.898 50 1 218750 406250 781250
1569315737.01 3428683 18.450 620609.807 218750 0 2 1 5.060 12840400 0.000 0.711 58568704.000 343830528.000 1569315736.489 1569315734.898 50 1 218750 406250 781250
1569315737.11 3418846 18.317 620609.807 218750 0 2 1 5.060 12840400 0.000 0.711 58568704.000 343830528.000 1569315736.489 1569315734.898 50 1 218750 406250 781250
1569315737.22 3409830 18.233 620609.807 218750 0 2 1 5.060 12840400 0.000 0.711 58568704.000 343830528.000 1569315736.489 1569315734.898 50 1 218750 406250 781250
1569315737.32 3393033 18.100 620609.807 218750 0 2 1 5.060 12840400 10.000 0.711 58568704.000 343830528.000 1569315736.489 1569315734.898 50 1 218750 406250 781250
1569315737.42 3385563 18.033 620609.807 218750 0 2 1 5.060 12840400 0.000 0.711 58568704.000 343830528.000 1569315736.489 1569315734.898 50 1 218750 406250 781250
1569315737.52 3333141 17.950 620609.807 218750 0 2 1 5.060 12840400 0.000 0.711 58568704.000 343830528.000 1569315736.489 1569315734.898 50 1 218750 406250 781250
#Host: 10.73.0.27
1569315737.62 3324633 17.817 620609.807 218750 0 2 1 5.060 12840400 0.000 0.711 58568704.000 343830528.000 1569315736.489 1569315734.898 50 1 218750 406250 781250
1569315737.73 3310060 17.683 620609.807 218750 0 2 1 5.060 12840400 10.000 0.711 58568704.000 343830528.000 1569315736.489 1569315734.898 50 1 218750 406250 781250
1569315737.83 3297045 17.583 620609.807 218750 0 2 1 5.060 12840400 0.000 0.711 58568704.000 343830528.000 1569315736.489 1569315734.898 50 1 218750 406250 781250
1569315737.93 3289482 17.517 620609.807 218750 0 2 1 5.060 12840400 0.000 0.711 58568704.000 343830528.000 1569315736.489 1569315734.898 50 1 218750 406250 781250
1569315738.03 3235982 17.417 620609.807 218750 0 2 1 5.060 12840400 10.000 0.711 58568704.000 343830528.000 1569315736.489 1569315734.898 50 1 218750 406250 781250
1569315738.13 3225309 17.283 620609.807 218750 0 2 1 5.060 12840400 0.000 0.711 58568704.000 343830528.000 1569315736.489 1569315734.898 50 1 218750 406250 781250
1569315738.24 3219541 17.217 620609.807 218750 0 2 1 5.060 12840400 0.000 0.711 58568704.000 343830528.000 1569315736.489 1569315734.898 50 1 218750 406250 781250
1569315738.34 3208753 17.117 620609.807 218750 0 2 1 5.060 12840400 0.000 0.711 58568704.000 343830528.000 1569315736.489 1569315734.898 50 1 218750 406250 781250
1569315738.44 3194066 17.000 620609.807 218750 0 2 1 5.060 12840400 10.000 0.711 58568704.000 343830528.000 1569315738.397 1569315734.898 50 1 218750 406250 781250
1569315738.54 3147363 16.917 620609.807 218750 0 2 1 5.060 12840400 20.000 0.711 58568704.000 343830528.000 1569315738.397 1569315734.898 50 1 218750 406250 781250
1569315738.65 3137532 16.783 620609.807 218750 0 2 1 5.060 12840400 10.000 0.711 58568704.000 343830528.000 1569315738.397 1569315734.898 50 1 218750 406250 781250
1569315738.75 3131748 16.717 620609.807 218750 0 2 1 5.060 12840400 18.182 0.711 58568704.000 343830528.000 1569315738.397 1569315734.898 50 1 218750 406250 781250
1569315738.85 3121389 16.617 620609.807 218750 0 2 1 5.060 12840400 10.000 0.711 58568704.000 343830528.000 1569315738.397 1569315734.898 50 1 218750 406250 781250
1569315738.95 3107178 16.500 620609.807 218750 0 2 1 5.060 12840400 20.000 0.711 58568704.000 343830528.000 1569315738.397 1569315734.898 50 1 218750 406250 781250
1569315739.05 3059887 16.417 620609.807 218750 0 2 1 5.060 12840400 0.000 0.711 58568704.000 343830528.000 1569315738.397 1569315734.898 50 1 218750 406250 781250
1569315739.16 3046033 16.283 620609.807 218750 0 2 1 5.060 12840400 0.000 0.711 58568704.000 343830528.000 1569315738.397 1569315734.898 50 1 218750 406250 781250
1569315739.26 3030381 16.150 620609.807 218750 0 2 1 5.060 12840400 20.000 0.711 58568704.000 343830528.000 1569315738.397 1569315734.898 50 1 218750 406250 781250
1569315739.36 3022215 16.083 620609.807 218750 0 2 1 5.060 12840400 20.000 0.711 58568704.000 343830528.000 1569315738.397 1569315734.898 50 1 218750 406250 781250
1569315739.46 3008813 16.000 620609.807 218750 0 2 1 5.060 12840400 20.000 0.711 58568704.000 343830528.000 1569315738.397 1569315734.898 50 1 218750 406250 781250
1569315739.56 2956430 15.850 620609.807 218750 0 2 1 5.060 12840400 10.000 0.711 58568704.000 343830528.000 1569315738.397 1569315734.898 50 1 218750 406250 781250
1569315739.67 2948261 15.767 620609.807 218750 0 2 1 5.060 12840400 10.000 0.711 58568704.000 343830528.000 1569315738.397 1569315734.898 50 1 218750 406250 781250
1569315739.77 2940564 15.700 620609.807 218750 0 2 1 5.060 12840400 27.273 0.711 58568704.000 343830528.000 1569315738.397 1569315734.898 50 1 218750 406250 781250
1569315739.87 2925327 15.583 620609.807 218750 0 2 1 5.060 12840400 20.000 0.711 58568704.000 343830528.000 1569315738.397 1569315734.898 50 1 218750 406250 781250
1569315739.97 3657200 19.483 532674.819 218750 0 2 1 5.060 13630752 30.000 0.711 58568704.000 343830528.000 1569315738.397 1569315739.881 17 0 218750 406250 781250
1569315740.07 3606110 19.333 532674.819 218750 0 2 1 5.060 13630752 10.000 0.711 58568704.000 343830528.000 1569315738.397 1569315739.881 17 0 218750 406250 781250
1569315740.17 3600242 19.267 532674.819 218750 0 2 1 5.060 13630752 9.091 0.711 58568704.000 343830528.000 1569315738.397 1569315739.881 17 0 218750 406250 781250
1569315740.28 3587429 19.133 532674.819 218750 0 2 1 5.060 13630752 0.000 0.711 58568704.000 343830528.000 1569315738.397 1569315739.881 17 0 218750 406250 781250
1569315740.38 3579848 19.067 532674.819 218750 0 2 1 5.060 13630752 0.000 0.711 58568704.000 343830528.000 1569315738.397 1569315739.881 17 0 218750 406250 781250
#Host: 10.73.0.27
1569315740.48 3567203 18.967 532674.819 218750 0 2 1 5.060 13630752 0.000 0.711 58568704.000 343830528.000 1569315740.462 1569315739.881 17 0 218750 406250 781250
1569315740.58 3516941 18.850 532674.819 218750 0 2 1 5.060 13630752 10.000 0.711 58568704.000 343830528.000 1569315740.462 1569315739.881 17 0 218750 406250 781250
1569315740.68 3502686 18.717 532674.819 218750 0 2 1 5.060 13630752 20.000 0.711 58568704.000 343830528.000 1569315740.462 1569315739.881 17 0 218750 406250 781250
1569315740.79 3494875 18.650 532674.819 218750 0 2 1 5.060 13630752 10.000 0.711 58568704.000 343830528.000 1569315740.462 1569315739.881 17 0 218750 406250 781250
1569315740.89 3481935 18.567 532674.819 218750 0 2 1 5.060 13630752 18.182 0.711 58568704.000 343830528.000 1569315740.462 1569315739.881 17 0 218750 406250 781250
1569315740.99 3469705 18.467 532674.819 218750 0 2 1 5.060 13630752 10.000 0.711 58568704.000 343830528.000 1569315740.462 1569315739.881 17 0 218750 406250 781250
1569315741.09 3417157 18.333 532674.819 218750 0 2 1 5.060 13630752 10.000 0.711 58568704.000 343830528.000 1569315741.084 1569315739.881 17 0 218750 406250 781250
1569315741.19 3410623 18.250 532674.819 218750 0 2 1 5.060 13630752 10.000 0.711 58568704.000 343830528.000 1569315741.084 1569315739.881 17 0 218750 406250 781250
1569315741.29 3391802 18.100 532674.819 218750 0 2 1 5.060 13630752 9.091 0.711 58568704.000 343830528.000 1569315741.084 1569315739.881 17 0 218750 406250 781250
1569315741.40 3379413 18.000 532674.819 218750 0 2 1 5.060 13630752 20.000 0.711 58568704.000 343830528.000 1569315741.084 1569315739.881 17 0 218750 406250 781250
1569315741.50 3325248 17.900 532674.819 218750 0 2 1 5.060 13630752 10.000 0.711 58568704.000 343830528.000 1569315741.084 1569315739.881 17 0 218750 406250 781250
1569315741.60 3320249 17.833 532674.819 218750 0 2 1 5.060 13630752 40.000 0.711 58568704.000 343830528.000 1569315741.084 1569315739.881 17 0 218750 406250 781250
1569315741.70 3313528 17.750 532674.819 218750 0 2 1 5.060 13630752 10.000 0.711 58568704.000 343830528.000 1569315741.084 1569315739.881 17 0 218750 406250 781250
1569315741.80 3299132 17.617 532674.819 218750 0 2 1 5.060 13630752 10.000 0.711 58568704.000 343830528.000 1569315741.084 1569315739.881 17 0 218750 406250 781250
1569315741.90 3291618 17.550 532674.819 218750 0 2 1 5.060 13630752 0.000 0.711 58568704.000 343830528.000 1569315741.084 1569315739.881 17 0 218750 406250 781250
1569315742.01 3231670 17.433 532674.819 218750 0 2 1 5.060 13630752 0.000 0.711 58568704.000 343830528.000 1569315741.084 1569315739.881 17 0 218750 406250 781250
1569315742.11 3223022 17.283 532674.819 218750 0 2 1 5.060 13630752 0.000 0.711 58568704.000 343830528.000 1569315741.084 1569315739.881 17 0 218750 406250 781250
#Host: 10.73.0.27
1569315742.21 3217070 17.217 532674.819 218750 0 2 1 5.060 13630752 10.000 0.711 58568704.000 343830528.000 1569315741.084 1569315739.881 17 0 218750 406250 781250
1569315742.31 3202090 17.083 532674.819 218750 0 2 1 5.060 13630752 0.000 0.711 58568704.000 343830528.000 1569315741.084 1569315739.881 17 0 218750 406250 781250
1569315742.41 3194435 17.017 532674.819 218750 0 2 1 5.060 13630752 0.000 0.711 58568704.000 343830528.000 1569315741.084 1569315739.881 17 0 218750 406250 781250
1569315742.51 3139421 16.900 532674.819 218750 0 2 1 5.060 13630752 9.091 0.711 58568704.000 343830528.000 1569315741.084 1569315739.881 17 0 218750 406250 781250
1569315742.62 3133626 16.833 532674.819 218750 0 2 1 5.060 13630752 0.000 0.711 58568704.000 343830528.000 1569315741.084 1569315739.881 17 0 218750 406250 781250
1569315742.72 3120245 16.700 532674.819 218750 0 2 1 5.060 13630752 0.000 0.711 58568704.000 343830528.000 1569315741.084 1569315739.881 17 0 218750 406250 781250
1569315742.82 3111899 16.633 532674.819 218750 0 2 1 5.060 13630752 10.000 0.711 58568704.000 343830528.000 1569315742.795 1569315739.881 17 0 218750 406250 781250
1569315742.92 3098835 16.500 532674.819 218750 0 2 1 5.060 13630752 0.000 0.711 58568704.000 343830528.000 1569315742.795 1569315739.881 17 0 218750 406250 781250
1569315743.02 3049111 16.400 532674.819 218750 0 2 1 5.060 13630752 20.000 0.711 58568704.000 343830528.000 1569315742.795 1569315739.881 17 0 218750 406250 781250
1569315743.13 3037889 16.267 532674.819 218750 0 2 1 5.060 13630752 9.091 0.711 58568704.000 343830528.000 1569315742.795 1569315739.881 17 0 218750 406250 781250
1569315743.23 3030606 16.200 532674.819 218750 0 2 1 5.060 13630752 20.000 0.711 58568704.000 343830528.000 1569315742.795 1569315739.881 17 0 218750 406250 781250
1569315743.33 3014579 16.067 532674.819 218750 0 2 1 5.060 13630752 0.000 0.711 58568704.000 343830528.000 1569315742.795 1569315739.881 17 0 218750 406250 781250
1569315743.43 3007489 16.000 532674.819 218750 0 2 1 5.060 13630752 20.000 0.711 58568704.000 343830528.000 1569315742.795 1569315739.881 17 0 218750 406250 781250
1569315743.53 2956872 15.900 532674.819 218750 0 2 1 5.060 13630752 10.000 0.711 58568704.000 343830528.000 1569315742.795 1569315739.881 17 0 218750 406250 781250
1569315743.64 2944313 15.767 532674.819 218750 0 2 1 5.060 13630752 18.182 0.711 58568704.000 343830528.000 1569315742.795 1569315739.881 17 0 218750 406250 781250
1569315743.74 2935712 15.683 532674.819 218750 0 2 1 5.060 13630752 20.000 0.711 58568704.000 343830528.000 1569315742.795 1569315739.881 17 0 218750 406250 781250
