#ts enqueued_b enqueued_t,visible=1,subplot=2 bwe,visible=1,subplot=1 cur,visible=1,subplot=1 level,visible=1,subplot=3 max_level player_status,visible=1,subplot=3 paused_time downloaded_bytes cpu,visible=1,subplot=4 mem,visible=1,subplot=5 rss vms ts_start_req ts_stop_req alpha view q0,visible=0 q1,visible=0 q2,visible=0
#Host: 10.73.0.27
1569315896.31 0 0.000 0.000 218750 0 2 0 0.000 0 0.000 0.535 43839488.000 342044672.000 -1.000 -1.000 0 0 218750 406250 781250
1569315896.41 0 0.000 0.000 218750 0 2 0 0.000 0 10.000 0.539 44388352.000 342319104.000 1569315896.309 -1.000 0 0 218750 406250 781250
1569315896.51 0 0.000 0.000 218750 0 2 0 0.000 0 20.000 0.543 44683264.000 342597632.000 1569315896.309 -1.000 0 0 218750 406250 781250
1569315896.61 0 0.000 0.000 218750 0 2 0 0.000 0 9.091 0.546 44986368.000 342884352.000 1569315896.309 -1.000 0 0 218750 406250 781250
1569315896.72 0 0.000 0.000 218750 0 2 0 0.000 0 20.000 0.550 45273088.000 343162880.000 1569315896.309 -1.000 0 0 218750 406250 781250
1569315896.82 0 0.000 0.000 218750 0 2 0 0.000 0 20.000 0.553 45563904.000 343449600.000 1569315896.309 -1.000 0 0 218750 406250 781250
1569315896.92 0 0.000 0.000 218750 0 2 0 0.000 0 20.000 0.556 45600768.000 343736320.000 1569315896.309 -1.000 0 0 218750 406250 781250
1569315897.02 0 0.000 0.000 218750 0 2 0 0.000 0 20.000 0.560 46112768.000 344104960.000 1569315896.309 -1.000 0 0 218750 406250 781250
1569315897.12 0 0.000 0.000 218750 0 2 0 0.000 0 30.000 0.555 45572096.000 343670784.000 1569315896.309 -1.000 0 0 218750 406250 781250
1569315897.23 815149 3.967 965122.377 218750 0 2 0 0.000 863296 72.727 0.577 47427584.000 343830528.000 1569315897.208 1569315897.203 0 0 218750 406250 781250
#Host: 10.73.0.27
1569315897.33 815149 3.967 965122.377 218750 0 2 0 0.000 863296 10.000 0.577 47501312.000 343830528.000 1569315897.208 1569315897.203 0 0 218750 406250 781250
1569315897.43 815149 3.967 965122.377 218750 0 2 0 0.000 863296 20.000 0.577 47517696.000 343830528.000 1569315897.348 1569315897.203 0 0 218750 406250 781250
1569315897.53 815149 3.967 965122.377 218750 0 2 0 0.000 863296 9.091 0.577 47517696.000 343830528.000 1569315897.348 1569315897.203 0 0 218750 406250 781250
1569315897.64 815149 3.967 965122.377 218750 0 2 0 0.000 863296 10.000 0.577 47517696.000 343830528.000 1569315897.348 1569315897.203 0 0 218750 406250 781250
1569315897.74 815149 3.967 965122.377 218750 0 2 0 0.000 863296 30.000 0.577 47517696.000 343830528.000 1569315897.348 1569315897.203 0 0 218750 406250 781250
1569315897.84 815149 3.967 965122.377 218750 0 2 0 0.000 863296 20.000 0.577 47517696.000 343830528.000 1569315897.348 1569315897.203 0 0 218750 406250 781250
1569315897.94 815149 3.967 965122.377 218750 0 2 0 0.000 863296 10.000 0.577 47517696.000 343830528.000 1569315897.348 1569315897.203 0 0 218750 406250 781250
1569315898.04 815149 3.967 965122.377 218750 0 2 0 0.000 863296 10.000 0.577 47517696.000 343830528.000 1569315897.348 1569315897.203 0 0 218750 406250 781250
1569315898.15 815149 3.967 965122.377 218750 0 2 0 0.000 863296 18.182 0.577 47517696.000 343830528.000 1569315897.348 1569315897.203 0 0 218750 406250 781250
#Host: 10.73.0.27
1569315898.25 1576157 7.967 966431.354 406250 1 2 0 0.000 1672260 50.000 0.600 49410048.000 343830528.000 1569315898.187 1569315898.185 261 2 218750 406250 781250
1569315898.35 1576157 7.967 966431.354 406250 1 2 0 0.000 1672260 20.000 0.600 49410048.000 343830528.000 1569315898.318 1569315898.185 261 2 218750 406250 781250
1569315898.45 1576157 7.967 966431.354 406250 1 2 0 0.000 1672260 10.000 0.600 49410048.000 343830528.000 1569315898.318 1569315898.185 261 2 218750 406250 781250
1569315898.55 1576157 7.967 966431.354 406250 1 2 0 0.000 1672260 20.000 0.600 49410048.000 343830528.000 1569315898.318 1569315898.185 261 2 218750 406250 781250
1569315898.66 1576157 7.967 966431.354 406250 1 2 0 0.000 1672260 18.182 0.600 49410048.000 343830528.000 1569315898.318 1569315898.185 261 2 218750 406250 781250
1569315898.76 1576157 7.967 966431.354 406250 1 2 0 0.000 1672260 20.000 0.600 49410048.000 343830528.000 1569315898.318 1569315898.185 261 2 218750 406250 781250
1569315898.86 1576157 7.967 966431.354 406250 1 2 0 0.000 1672260 10.000 0.600 49410048.000 343830528.000 1569315898.318 1569315898.185 261 2 218750 406250 781250
1569315898.96 1576157 7.967 966431.354 406250 1 2 0 0.000 1672260 20.000 0.600 49410048.000 343830528.000 1569315898.318 1569315898.185 261 2 218750 406250 781250
1569315899.06 1576157 7.967 966431.354 406250 1 2 0 0.000 1672260 20.000 0.600 49410048.000 343830528.000 1569315898.318 1569315898.185 261 2 218750 406250 781250
1569315899.17 1576157 7.967 966431.354 406250 1 2 0 0.000 1672260 27.273 0.600 49410048.000 343830528.000 1569315898.318 1569315898.185 261 2 218750 406250 781250
1569315899.27 1576157 7.967 966431.354 406250 1 2 0 0.000 1672260 40.000 0.611 50323456.000 344743936.000 1569315898.318 1569315898.185 261 2 218750 406250 781250
1569315899.37 1576157 7.967 966431.354 406250 1 2 0 0.000 1672260 50.000 0.614 50556928.000 344850432.000 1569315898.318 1569315898.185 261 2 218750 406250 781250
1569315899.47 1576157 7.967 966431.354 406250 1 2 0 0.000 1672260 60.000 0.615 50655232.000 344948736.000 1569315898.318 1569315898.185 261 2 218750 406250 781250
1569315899.58 1576157 7.967 966431.354 406250 1 2 0 0.000 1672260 54.545 0.629 51691520.000 346251264.000 1569315898.318 1569315898.185 261 2 218750 406250 781250
1569315899.68 1576157 7.967 966431.354 406250 1 2 0 0.000 1672260 70.000 0.631 51789824.000 346447872.000 1569315898.318 1569315898.185 261 2 218750 406250 781250
1569315899.78 1576157 7.967 966431.354 406250 1 2 0 0.000 1672260 80.000 0.618 50950144.000 345243648.000 1569315898.318 1569315898.185 261 2 218750 406250 781250
1569315899.88 1576157 7.967 966431.354 406250 1 2 0 0.000 1672260 80.000 0.618 50913280.000 345337856.000 1569315898.318 1569315898.185 261 2 218750 406250 781250
1569315899.99 3084799 11.983 960145.485 406250 1 2 0 0.000 3244504 72.727 0.648 53411840.000 345407488.000 1569315899.959 1569315899.956 327 0 218750 406250 781250
#Host: 10.73.0.27
1569315900.10 3084799 11.983 960145.485 406250 1 2 1 4.063 3244504 0.000 0.648 53411840.000 345407488.000 1569315899.959 1569315899.956 327 0 218750 406250 781250
1569315900.20 3084799 11.983 960145.485 406250 1 2 1 4.063 3244504 20.000 0.648 53411840.000 345407488.000 1569315900.096 1569315899.956 327 0 218750 406250 781250
1569315900.30 3084799 11.983 960145.485 406250 1 2 1 4.063 3244504 10.000 0.648 53411840.000 345407488.000 1569315900.096 1569315899.956 327 0 218750 406250 781250
1569315900.40 3084799 11.983 960145.485 406250 1 2 1 4.063 3244504 20.000 0.648 53411840.000 345407488.000 1569315900.096 1569315899.956 327 0 218750 406250 781250
1569315900.50 3084799 11.983 960145.485 406250 1 2 1 4.063 3244504 30.000 0.648 53411840.000 345407488.000 1569315900.096 1569315899.956 327 0 218750 406250 781250
1569315900.60 3084799 11.983 960145.485 406250 1 2 1 4.063 3244504 10.000 0.648 53411840.000 345407488.000 1569315900.096 1569315899.956 327 0 218750 406250 781250
1569315900.71 3084799 11.983 960145.485 406250 1 2 1 4.063 3244504 27.273 0.648 53411840.000 345407488.000 1569315900.096 1569315899.956 327 0 218750 406250 781250
1569315900.81 3052190 11.933 960145.485 406250 1 2 1 4.063 3244504 10.000 0.648 53411840.000 345407488.000 1569315900.096 1569315899.956 327 0 218750 406250 781250
1569315900.91 3050117 11.833 960145.485 406250 1 2 1 4.063 3244504 20.000 0.648 53411840.000 345407488.000 1569315900.096 1569315899.956 327 0 218750 406250 781250
1569315901.01 3043640 11.733 960145.485 406250 1 2 1 4.063 3244504 40.000 0.661 54218752.000 346431488.000 1569315900.096 1569315899.956 327 0 218750 406250 781250
1569315901.11 3035400 11.633 960145.485 406250 1 2 1 4.063 3244504 30.000 0.665 54747136.000 346714112.000 1569315900.096 1569315899.956 327 0 218750 406250 781250
1569315901.22 3024887 11.533 960145.485 406250 1 2 1 4.063 3244504 27.273 0.668 55037952.000 347000832.000 1569315900.096 1569315899.956 327 0 218750 406250 781250
1569315901.32 2976210 11.433 960145.485 406250 1 2 1 4.063 3244504 40.000 0.672 55324672.000 347287552.000 1569315900.096 1569315899.956 327 0 218750 406250 781250
1569315901.42 2971454 11.333 960145.485 406250 1 2 1 4.063 3244504 30.000 0.675 55627776.000 347570176.000 1569315900.096 1569315899.956 327 0 218750 406250 781250
1569315901.52 2962293 11.233 960145.485 406250 1 2 1 4.063 3244504 40.000 0.679 55922688.000 347856896.000 1569315900.096 1569315899.956 327 0 218750 406250 781250
1569315901.62 2947548 11.117 960145.485 406250 1 2 1 4.063 3244504 50.000 0.683 56209408.000 348147712.000 1569315900.096 1569315899.956 327 0 218750 406250 781250
1569315901.74 4440345 14.983 961470.434 406250 1 2 1 4.063 4806032 41.667 0.662 54497280.000 343834624.000 1569315901.721 1569315901.720 327 0 218750 406250 781250
#Host: 10.73.0.27
1569315901.84 4385967 14.850 961470.434 406250 1 2 1 4.063 4806032 10.000 0.662 54521856.000 343834624.000 1569315901.721 1569315901.720 327 0 218750 406250 781250
1569315901.94 4372902 14.783 961470.434 406250 1 2 1 4.063 4806032 10.000 0.662 54521856.000 343834624.000 1569315901.853 1569315901.720 327 0 218750 406250 781250
1569315902.04 4356915 14.683 961470.434 406250 1 2 1 4.063 4806032 10.000 0.662 54521856.000 343834624.000 1569315901.853 1569315901.720 327 0 218750 406250 781250
1569315902.15 4341252 14.567 961470.434 406250 1 2 1 4.063 4806032 27.273 0.662 54521856.000 343834624.000 1569315901.853 1569315901.720 327 0 218750 406250 781250
1569315902.25 4329047 14.483 961470.434 406250 1 2 1 4.063 4806032 10.000 0.662 54521856.000 343834624.000 1569315901.853 1569315901.720 327 0 218750 406250 781250
1569315902.35 4269433 14.383 961470.434 406250 1 2 1 4.063 4806032 30.000 0.662 54521856.000 343834624.000 1569315901.853 1569315901.720 327 0 218750 406250 781250
1569315902.45 4255900 14.250 961470.434 406250 1 2 1 4.063 4806032 10.000 0.662 54521856.000 343834624.000 1569315901.853 1569315901.720 327 0 218750 406250 781250
1569315902.55 4248691 14.183 961470.434 406250 1 2 1 4.063 4806032 10.000 0.662 54521856.000 343834624.000 1569315901.853 1569315901.720 327 0 218750 406250 781250
1569315902.66 4228559 14.083 961470.434 406250 1 2 1 4.063 4806032 27.273 0.662 54521856.000 343834624.000 1569315901.853 1569315901.720 327 0 218750 406250 781250
1569315902.76 4212511 13.983 961470.434 406250 1 2 1 4.063 4806032 30.000 0.662 54521856.000 343834624.000 1569315901.853 1569315901.720 327 0 218750 406250 781250
1569315902.86 4145967 13.867 961470.434 406250 1 2 1 4.063 4806032 30.000 0.695 57221120.000 346566656.000 1569315901.853 1569315901.720 327 0 218750 406250 781250
1569315902.96 4137229 13.767 961470.434 406250 1 2 1 4.063 4806032 30.000 0.698 57507840.000 346853376.000 1569315901.853 1569315901.720 327 0 218750 406250 781250
1569315903.07 4125055 13.667 961470.434 406250 1 2 1 4.063 4806032 40.000 0.702 57806848.000 347144192.000 1569315901.853 1569315901.720 327 0 218750 406250 781250
1569315903.17 4110636 13.567 961470.434 406250 1 2 1 4.063 4806032 36.364 0.705 58097664.000 347426816.000 1569315901.853 1569315901.720 327 0 218750 406250 781250
1569315903.27 4096160 13.467 961470.434 406250 1 2 1 4.063 4806032 40.000 0.709 58380288.000 347865088.000 1569315901.853 1569315901.720 327 0 218750 406250 781250
1569315903.37 4032929 13.367 961470.434 406250 1 2 1 4.063 4806032 36.364 0.713 58687488.000 348151808.000 1569315901.853 1569315901.720 327 0 218750 406250 781250
1569315903.48 4017082 13.217 961470.434 406250 1 2 1 4.063 4806032 20.000 0.698 57409536.000 346918912.000 1569315901.853 1569315901.720 327 0 218750 406250 781250
1569315903.58 5501571 17.133 951085.979 406250 1 2 1 4.063 6367936 50.000 0.685 56438784.000 343834624.000 1569315901.853 1569315903.495 124 1 218750 406250 781250
1569315903.68 5489076 17.033 951085.979 406250 1 2 1 4.063 6367936 10.000 0.685 56459264.000 343834624.000 1569315901.853 1569315903.495 124 1 218750 406250 781250
1569315903.78 5421044 16.933 951085.979 406250 1 2 1 4.063 6367936 0.000 0.685 56459264.000 343834624.000 1569315901.853 1569315903.495 124 1 218750 406250 781250
1569315903.88 5412823 16.833 951085.979 406250 1 2 1 4.063 6367936 0.000 0.685 56459264.000 343834624.000 1569315901.853 1569315903.495 124 1 218750 406250 781250
#Host: 10.73.0.27
1569315903.99 5403227 16.733 951085.979 406250 1 2 1 4.063 6367936 20.000 0.685 56459264.000 343834624.000 1569315903.918 1569315903.495 124 1 218750 406250 781250
1569315904.09 5392189 16.633 951085.979 406250 1 2 1 4.063 6367936 9.091 0.685 56459264.000 343834624.000 1569315903.918 1569315903.495 124 1 218750 406250 781250
1569315904.19 5378982 16.533 951085.979 406250 1 2 1 4.063 6367936 20.000 0.685 56459264.000 343834624.000 1569315903.918 1569315903.495 124 1 218750 406250 781250
1569315904.29 5312047 16.433 951085.979 406250 1 2 1 4.063 6367936 20.000 0.685 56459264.000 343834624.000 1569315903.918 1569315903.495 124 1 218750 406250 781250
1569315904.39 5306874 16.333 951085.979 406250 1 2 1 4.063 6367936 10.000 0.685 56459264.000 343834624.000 1569315904.385 1569315903.495 124 1 218750 406250 781250
1569315904.50 5296213 16.233 951085.979 406250 1 2 1 4.063 6367936 18.182 0.685 56459264.000 343834624.000 1569315904.385 1569315903.495 124 1 218750 406250 781250
1569315904.60 5284269 16.133 951085.979 406250 1 2 1 4.063 6367936 20.000 0.685 56459264.000 343834624.000 1569315904.385 1569315903.495 124 1 218750 406250 781250
1569315904.70 5273745 16.000 951085.979 406250 1 2 1 4.063 6367936 20.000 0.685 56459264.000 343834624.000 1569315904.385 1569315903.495 124 1 218750 406250 781250
1569315904.80 5218633 15.917 951085.979 406250 1 2 1 4.063 6367936 30.000 0.685 56459264.000 343834624.000 1569315904.385 1569315903.495 124 1 218750 406250 781250
1569315904.90 5214865 15.850 951085.979 406250 1 2 1 4.063 6367936 20.000 0.718 59158528.000 346570752.000 1569315904.385 1569315903.495 124 1 218750 406250 781250
1569315905.00 5206014 15.717 951085.979 406250 1 2 1 4.063 6367936 30.000 0.722 59432960.000 346857472.000 1569315904.385 1569315903.495 124 1 218750 406250 781250
1569315905.11 5198197 15.650 951085.979 406250 1 2 1 4.063 6367936 36.364 0.725 59719680.000 347148288.000 1569315904.385 1569315903.495 124 1 218750 406250 781250
1569315905.21 5189282 15.517 951085.979 406250 1 2 1 4.063 6367936 30.000 0.729 60010496.000 347435008.000 1569315904.385 1569315903.495 124 1 218750 406250 781250
1569315905.31 5158271 15.433 951085.979 406250 1 2 1 4.063 6367936 40.000 0.732 60309504.000 347713536.000 1569315904.385 1569315903.495 124 1 218750 406250 781250
1569315905.41 5153956 15.283 951085.979 406250 1 2 1 4.063 6367936 50.000 0.685 56459264.000 343834624.000 1569315904.385 1569315903.495 124 1 218750 406250 781250
1569315905.51 5150210 15.217 951085.979 406250 1 2 1 4.063 6367936 0.000 0.685 56459264.000 343834624.000 1569315904.385 1569315903.495 124 1 218750 406250 781250
1569315905.62 5144369 15.100 951085.979 406250 1 2 1 4.063 6367936 0.000 0.685 56459264.000 343834624.000 1569315904.385 1569315903.495 124 1 218750 406250 781250
1569315905.72 5126054 15.033 951085.979 406250 1 2 1 4.063 6367936 0.000 0.685 56459264.000 343834624.000 1569315904.385 1569315903.495 124 1 218750 406250 781250
#Host: 10.73.0.27
1569315905.82 5070570 14.917 951085.979 406250 1 2 1 4.063 6367936 10.000 0.685 56459264.000 343834624.000 1569315904.385 1569315903.495 124 1 218750 406250 781250
1569315905.92 5052336 14.783 951085.979 406250 1 2 1 4.063 6367936 0.000 0.685 56459264.000 343834624.000 1569315904.385 1569315903.495 124 1 218750 406250 781250
1569315906.02 5040823 14.717 951085.979 406250 1 2 1 4.063 6367936 0.000 0.685 56459264.000 343834624.000 1569315904.385 1569315903.495 124 1 218750 406250 781250
1569315906.13 5022321 14.583 951085.979 406250 1 2 1 4.063 6367936 10.000 0.685 56459264.000 343834624.000 1569315904.385 1569315903.495 124 1 218750 406250 781250
1569315906.23 5012781 14.517 951085.979 406250 1 2 1 4.063 6367936 0.000 0.685 56459264.000 343834624.000 1569315904.385 1569315903.495 124 1 218750 406250 781250
1569315906.33 4953112 14.417 951085.979 406250 1 2 1 4.063 6367936 20.000 0.685 56459264.000 343834624.000 1569315906.238 1569315903.495 124 1 218750 406250 781250
1569315906.43 4939544 14.283 951085.979 406250 1 2 1 4.063 6367936 20.000 0.685 56459264.000 343834624.000 1569315906.238 1569315903.495 124 1 218750 406250 781250
1569315906.54 4932060 14.217 951085.979 406250 1 2 1 4.063 6367936 9.091 0.685 56459264.000 343834624.000 1569315906.238 1569315903.495 124 1 218750 406250 781250
1569315906.64 4915694 14.083 951085.979 406250 1 2 1 4.063 6367936 20.000 0.685 56459264.000 343834624.000 1569315906.238 1569315903.495 124 1 218750 406250 781250
1569315906.74 4908806 14.017 951085.979 406250 1 2 1 4.063 6367936 20.000 0.685 56459264.000 343834624.000 1569315906.238 1569315903.495 124 1 218750 406250 781250
1569315906.84 4850874 13.917 951085.979 406250 1 2 1 4.063 6367936 10.000 0.685 56459264.000 343834624.000 1569315906.238 1569315903.495 124 1 218750 406250 781250
1569315906.94 4836450 13.783 951085.979 406250 1 2 1 4.063 6367936 10.000 0.685 56459264.000 343834624.000 1569315906.238 1569315903.495 124 1 218750 406250 781250
1569315907.05 4819885 13.650 951085.979 406250 1 2 1 4.063 6367936 30.000 0.685 56459264.000 343834624.000 1569315906.238 1569315903.495 124 1 218750 406250 781250
1569315907.15 4812641 13.583 951085.979 406250 1 2 1 4.063 6367936 27.273 0.715 58888192.000 346427392.000 1569315906.238 1569315903.495 124 1 218750 406250 781250
1569315907.25 4799603 13.500 951085.979 406250 1 2 1 4.063 6367936 30.000 0.719 59211776.000 346718208.000 1569315906.238 1569315903.495 124 1 218750 406250 781250
1569315907.35 4744297 13.400 951085.979 406250 1 2 1 4.063 6367936 30.000 0.722 59502592.000 347004928.000 1569315906.238 1569315903.495 124 1 218750 406250 781250
1569315907.45 4736297 13.267 951085.979 406250 1 2 1 4.063 6367936 40.000 0.726 59789312.000 347283456.000 1569315906.238 1569315903.495 124 1 218750 406250 781250
1569315907.55 4728578 13.200 951085.979 406250 1 2 1 4.063 6367936 36.364 0.730 60092416.000 347570176.000 1569315906.238 1569315903.495 124 1 218750 406250 781250
1569315907.66 4711824 13.067 951085.979 406250 1 2 1 4.063 6367936 40.000 0.733 60379136.000 347860992.000 1569315906.238 1569315903.495 124 1 218750 406250 781250
1569315907.76 4706007 13.000 951085.979 406250 1 2 1 4.063 6367936 10.000 0.737 60669952.000 348184576.000 1569315906.238 1569315903.495 124 1 218750 406250 781250
1569315907.86 4643355 12.850 951085.979 406250 1 2 1 4.063 6367936 60.000 0.704 58015744.000 345391104.000 1569315906.238 1569315903.495 124 1 218750 406250 781250
#Host: 10.73.0.27
1569315907.97 6140623 16.767 961048.269 406250 1 2 1 4.063 7935104 40.000 0.717 59101184.000 345399296.000 1569315907.871 1569315907.869 128 1 218750 406250 781250
1569315908.07 6127805 16.633 961048.269 406250 1 2 1 4.063 7935104 9.091 0.717 59101184.000 345399296.000 1569315907.999 1569315907.869 128 1 218750 406250 781250
1569315908.17 6120851 16.567 961048.269 406250 1 2 1 4.063 7935104 10.000 0.717 59101184.000 345399296.000 1569315907.999 1569315907.869 128 1 218750 406250 781250
1569315908.27 6109578 16.467 961048.269 406250 1 2 1 4.063 7935104 20.000 0.717 59101184.000 345399296.000 1569315907.999 1569315907.869 128 1 218750 406250 781250
1569315908.37 6054909 16.333 961048.269 406250 1 2 1 4.063 7935104 20.000 0.717 59101184.000 345399296.000 1569315907.999 1569315907.869 128 1 218750 406250 781250
1569315908.47 6048747 16.267 961048.269 406250 1 2 1 4.063 7935104 18.182 0.717 59101184.000 345399296.000 1569315907.999 1569315907.869 128 1 218750 406250 781250
1569315908.58 6032938 16.117 961048.269 406250 1 2 1 4.063 7935104 20.000 0.717 59101184.000 345399296.000 1569315907.999 1569315907.869 128 1 218750 406250 781250
1569315908.68 6024376 16.050 961048.269 406250 1 2 1 4.063 7935104 10.000 0.717 59101184.000 345399296.000 1569315907.999 1569315907.869 128 1 218750 406250 781250
1569315908.78 5918409 15.900 961048.269 406250 1 2 1 4.063 7935104 20.000 0.717 59101184.000 345399296.000 1569315907.999 1569315907.869 128 1 218750 406250 781250
1569315908.88 5902607 15.833 961048.269 406250 1 2 1 4.063 7935104 20.000 0.717 59101184.000 345399296.000 1569315907.999 1569315907.869 128 1 218750 406250 781250
1569315908.98 5874471 15.700 961048.269 406250 1 2 1 4.063 7935104 40.000 0.731 60178432.000 346570752.000 1569315907.999 1569315907.869 128 1 218750 406250 781250
1569315909.09 5851641 15.617 961048.269 406250 1 2 1 4.063 7935104 18.182 0.735 60510208.000 346857472.000 1569315907.999 1569315907.869 128 1 218750 406250 781250
1569315909.19 5830856 15.550 961048.269 406250 1 2 1 4.063 7935104 40.000 0.738 60796928.000 347144192.000 1569315907.999 1569315907.869 128 1 218750 406250 781250
1569315909.29 5720565 15.400 961048.269 406250 1 2 1 4.063 7935104 40.000 0.742 61095936.000 347426816.000 1569315907.999 1569315907.869 128 1 218750 406250 781250
1569315909.39 5711320 15.333 961048.269 406250 1 2 1 4.063 7935104 40.000 0.745 61378560.000 347717632.000 1569315907.999 1569315907.869 128 1 218750 406250 781250
1569315909.49 5685348 15.200 961048.269 406250 1 2 1 4.063 7935104 36.364 0.749 61681664.000 348004352.000 1569315907.999 1569315907.869 128 1 218750 406250 781250
1569315909.60 5670017 15.133 961048.269 406250 1 2 1 4.063 7935104 30.000 0.751 61702144.000 348291072.000 1569315907.999 1569315907.869 128 1 218750 406250 781250
1569315909.70 7157815 19.000 960987.196 406250 1 2 1 4.063 9510732 60.000 0.722 59383808.000 343834624.000 1569315907.999 1569315909.638 14 0 218750 406250 781250
1569315909.80 7054064 18.900 960987.196 406250 1 2 1 4.063 9510732 0.000 0.722 59482112.000 343834624.000 1569315907.999 1569315909.638 14 0 218750 406250 781250
1569315909.90 7041949 18.833 960987.196 406250 1 2 1 4.063 9510732 10.000 0.722 59482112.000 343834624.000 1569315907.999 1569315909.638 14 0 218750 406250 781250
1569315910.00 7013744 18.700 960987.196 406250 1 2 1 4.063 9510732 0.000 0.722 59482112.000 343834624.000 1569315907.999 1569315909.638 14 0 218750 406250 781250
#Host: 10.73.0.27
1569315910.10 6999727 18.633 960987.196 406250 1 2 1 4.063 9510732 10.000 0.722 59482112.000 343834624.000 1569315910.066 1569315909.638 14 0 218750 406250 781250
1569315910.21 6974043 18.500 960987.196 406250 1 2 1 4.063 9510732 18.182 0.722 59482112.000 343834624.000 1569315910.066 1569315909.638 14 0 218750 406250 781250
1569315910.31 6868997 18.400 960987.196 406250 1 2 1 4.063 9510732 10.000 0.722 59482112.000 343834624.000 1569315910.066 1569315909.638 14 0 218750 406250 781250
1569315910.41 6857774 18.333 960987.196 406250 1 2 1 4.063 9510732 10.000 0.722 59482112.000 343834624.000 1569315910.066 1569315909.638 14 0 218750 406250 781250
1569315910.51 6826427 18.183 960987.196 406250 1 2 1 4.063 9510732 30.000 0.722 59482112.000 343834624.000 1569315910.066 1569315909.638 14 0 218750 406250 781250
1569315910.61 6795790 18.067 960987.196 406250 1 2 1 4.063 9510732 10.000 0.722 59482112.000 343834624.000 1569315910.529 1569315909.638 14 0 218750 406250 781250
1569315910.72 6781773 18.000 960987.196 406250 1 2 1 4.063 9510732 18.182 0.722 59482112.000 343834624.000 1569315910.529 1569315909.638 14 0 218750 406250 781250
1569315910.82 6671513 17.917 960987.196 406250 1 2 1 4.063 9510732 30.000 0.722 59482112.000 343834624.000 1569315910.529 1569315909.638 14 0 218750 406250 781250
1569315910.92 6656806 17.783 960987.196 406250 1 2 1 4.063 9510732 10.000 0.722 59482112.000 343834624.000 1569315910.529 1569315909.638 14 0 218750 406250 781250
1569315911.02 6645112 17.717 960987.196 406250 1 2 1 4.063 9510732 30.000 0.754 61911040.000 346574848.000 1569315910.529 1569315909.638 14 0 218750 406250 781250
1569315911.12 6619251 17.583 960987.196 406250 1 2 1 4.063 9510732 40.000 0.757 62369792.000 346861568.000 1569315910.529 1569315909.638 14 0 218750 406250 781250
1569315911.23 6595158 17.483 960987.196 406250 1 2 1 4.063 9510732 50.000 0.761 62656512.000 347140096.000 1569315910.529 1569315909.638 14 0 218750 406250 781250
1569315911.33 6495831 17.400 960987.196 406250 1 2 1 4.063 9510732 27.273 0.764 62947328.000 347430912.000 1569315910.529 1569315909.638 14 0 218750 406250 781250
1569315911.43 6465861 17.267 960987.196 406250 1 2 1 4.063 9510732 40.000 0.768 63250432.000 347717632.000 1569315910.529 1569315909.638 14 0 218750 406250 781250
1569315911.53 6450050 17.200 960987.196 406250 1 2 1 4.063 9510732 40.000 0.722 59482112.000 343834624.000 1569315910.529 1569315909.638 14 0 218750 406250 781250
1569315911.63 6415521 17.067 960987.196 406250 1 2 1 4.063 9510732 9.091 0.722 59482112.000 343834624.000 1569315910.529 1569315909.638 14 0 218750 406250 781250
1569315911.74 6401446 17.000 960987.196 406250 1 2 1 4.063 9510732 0.000 0.722 59482112.000 343834624.000 1569315910.529 1569315909.638 14 0 218750 406250 781250
1569315911.84 6297679 16.900 960987.196 406250 1 2 1 4.063 9510732 0.000 0.722 59482112.000 343834624.000 1569315910.529 1569315909.638 14 0 218750 406250 781250
#Host: 10.73.0.27
1569315911.94 6269129 16.767 960987.196 406250 1 2 1 4.063 9510732 0.000 0.722 59482112.000 343834624.000 1569315910.529 1569315909.638 14 0 218750 406250 781250
1569315912.04 6255590 16.700 960987.196 406250 1 2 1 4.063 9510732 0.000 0.722 59482112.000 343834624.000 1569315910.529 1569315909.638 14 0 218750 406250 781250
1569315912.14 6222679 16.567 960987.196 406250 1 2 1 4.063 9510732 0.000 0.722 59482112.000 343834624.000 1569315910.529 1569315909.638 14 0 218750 406250 781250
1569315912.24 6197667 16.483 960987.196 406250 1 2 1 4.063 9510732 10.000 0.722 59482112.000 343834624.000 1569315910.529 1569315909.638 14 0 218750 406250 781250
1569315912.35 6095206 16.333 960987.196 406250 1 2 1 4.063 9510732 0.000 0.722 59482112.000 343834624.000 1569315910.529 1569315909.638 14 0 218750 406250 781250
1569315912.45 6082443 16.267 960987.196 406250 1 2 1 4.063 9510732 10.000 0.722 59482112.000 343834624.000 1569315912.381 1569315909.638 14 0 218750 406250 781250
1569315912.55 6055335 16.133 960987.196 406250 1 2 1 4.063 9510732 20.000 0.722 59482112.000 343834624.000 1569315912.381 1569315909.638 14 0 218750 406250 781250
1569315912.65 6040573 16.067 960987.196 406250 1 2 1 4.063 9510732 20.000 0.722 59482112.000 343834624.000 1569315912.381 1569315909.638 14 0 218750 406250 781250
1569315912.75 6015720 15.983 960987.196 406250 1 2 1 4.063 9510732 9.091 0.722 59482112.000 343834624.000 1569315912.381 1569315909.638 14 0 218750 406250 781250
1569315912.86 5908855 15.833 960987.196 406250 1 2 1 4.063 9510732 30.000 0.722 59482112.000 343834624.000 1569315912.381 1569315909.638 14 0 218750 406250 781250
1569315912.96 5894413 15.767 960987.196 406250 1 2 1 4.063 9510732 20.000 0.722 59482112.000 343834624.000 1569315912.381 1569315909.638 14 0 218750 406250 781250
1569315913.06 5862112 15.633 960987.196 406250 1 2 1 4.063 9510732 10.000 0.722 59482112.000 343834624.000 1569315912.381 1569315909.638 14 0 218750 406250 781250
1569315913.16 5845593 15.567 960987.196 406250 1 2 1 4.063 9510732 20.000 0.722 59482112.000 343834624.000 1569315912.381 1569315909.638 14 0 218750 406250 781250
1569315913.27 5819473 15.467 960987.196 406250 1 2 1 4.063 9510732 30.000 0.722 59482112.000 343834624.000 1569315912.381 1569315909.638 14 0 218750 406250 781250
1569315913.37 5719465 15.333 960987.196 406250 1 2 1 4.063 9510732 27.273 0.755 62181376.000 346566656.000 1569315912.381 1569315909.638 14 0 218750 406250 781250
1569315913.47 5705080 15.267 960987.196 406250 1 2 1 4.063 9510732 40.000 0.758 62455808.000 346853376.000 1569315912.381 1569315909.638 14 0 218750 406250 781250
1569315913.57 5675990 15.133 960987.196 406250 1 2 1 4.063 9510732 30.000 0.762 62742528.000 347131904.000 1569315912.381 1569315909.638 14 0 218750 406250 781250
1569315913.67 5661887 15.050 960987.196 406250 1 2 1 4.063 9510732 40.000 0.765 63033344.000 347418624.000 1569315912.381 1569315909.638 14 0 218750 406250 781250
1569315913.77 5632510 14.967 960987.196 406250 1 2 1 4.063 9510732 36.364 0.769 63332352.000 347709440.000 1569315912.381 1569315909.638 14 0 218750 406250 781250
1569315913.88 5533555 14.833 960987.196 406250 1 2 1 4.063 9510732 50.000 0.772 63623168.000 348000256.000 1569315912.381 1569315909.638 14 0 218750 406250 781250
1569315913.98 5506740 14.700 960987.196 406250 1 2 1 4.063 9510732 20.000 0.774 63647744.000 348147712.000 1569315912.381 1569315909.638 14 0 218750 406250 781250
#Host: 10.73.0.27
1569315914.08 6993743 18.633 960583.795 406250 1 2 1 4.063 11074892 50.000 0.728 59985920.000 343834624.000 1569315914.012 1569315914.010 14 0 218750 406250 781250
1569315914.18 6969070 18.500 960583.795 406250 1 2 1 4.063 11074892 0.000 0.728 60014592.000 343834624.000 1569315914.143 1569315914.010 14 0 218750 406250 781250
1569315914.28 6877358 18.400 960583.795 406250 1 2 1 4.063 11074892 20.000 0.728 60014592.000 343834624.000 1569315914.143 1569315914.010 14 0 218750 406250 781250
1569315914.39 6864937 18.333 960583.795 406250 1 2 1 4.063 11074892 9.091 0.728 60014592.000 343834624.000 1569315914.143 1569315914.010 14 0 218750 406250 781250
1569315914.49 6835138 18.200 960583.795 406250 1 2 1 4.063 11074892 20.000 0.728 60014592.000 343834624.000 1569315914.143 1569315914.010 14 0 218750 406250 781250
1569315914.59 6818483 18.133 960583.795 406250 1 2 1 4.063 11074892 20.000 0.728 60014592.000 343834624.000 1569315914.143 1569315914.010 14 0 218750 406250 781250
1569315914.69 6785745 18.000 960583.795 406250 1 2 1 4.063 11074892 20.000 0.728 60014592.000 343834624.000 1569315914.143 1569315914.010 14 0 218750 406250 781250
1569315914.80 6691967 17.900 960583.795 406250 1 2 1 4.063 11074892 9.091 0.728 60014592.000 343834624.000 1569315914.143 1569315914.010 14 0 218750 406250 781250
1569315914.90 6677736 17.833 960583.795 406250 1 2 1 4.063 11074892 20.000 0.728 60014592.000 343834624.000 1569315914.143 1569315914.010 14 0 218750 406250 781250
1569315915.00 6647166 17.700 960583.795 406250 1 2 1 4.063 11074892 30.000 0.728 60014592.000 343834624.000 1569315914.143 1569315914.010 14 0 218750 406250 781250
1569315915.10 6629250 17.633 960583.795 406250 1 2 1 4.063 11074892 30.000 0.759 62443520.000 346423296.000 1569315914.143 1569315914.010 14 0 218750 406250 781250
1569315915.20 6596378 17.500 960583.795 406250 1 2 1 4.063 11074892 30.000 0.763 62832640.000 346701824.000 1569315914.143 1569315914.010 14 0 218750 406250 781250
1569315915.30 6494753 17.400 960583.795 406250 1 2 1 4.063 11074892 30.000 0.767 63135744.000 346988544.000 1569315914.143 1569315914.010 14 0 218750 406250 781250
1569315915.41 6480826 17.333 960583.795 406250 1 2 1 4.063 11074892 40.000 0.770 63422464.000 347275264.000 1569315914.143 1569315914.010 14 0 218750 406250 781250
1569315915.51 6447286 17.200 960583.795 406250 1 2 1 4.063 11074892 36.364 0.774 63709184.000 347566080.000 1569315914.143 1569315914.010 14 0 218750 406250 781250
1569315915.61 6419053 17.067 960583.795 406250 1 2 1 4.063 11074892 40.000 0.777 64012288.000 347852800.000 1569315914.143 1569315914.010 14 0 218750 406250 781250
1569315915.71 6407278 17.000 960583.795 406250 1 2 1 4.063 11074892 40.000 0.781 64299008.000 348143616.000 1569315914.143 1569315914.010 14 0 218750 406250 781250
1569315915.82 7790021 20.900 947616.894 406250 1 2 1 4.063 12627208 45.455 0.745 61362176.000 343834624.000 1569315914.143 1569315915.781 130 1 218750 406250 781250
1569315915.93 7779534 20.833 947616.894 406250 1 2 1 4.063 12627208 0.000 0.745 61362176.000 343834624.000 1569315914.143 1569315915.781 130 1 218750 406250 781250
1569315916.03 7755493 20.700 947616.894 406250 1 2 1 4.063 12627208 0.000 0.745 61362176.000 343834624.000 1569315914.143 1569315915.781 130 1 218750 406250 781250
1569315916.13 7729012 20.583 947616.894 406250 1 2 1 4.063 12627208 0.000 0.745 61362176.000 343834624.000 1569315914.143 1569315915.781 130 1 218750 406250 781250
#Host: 10.73.0.27
1569315916.23 7716073 20.517 947616.894 406250 1 2 1 4.063 12627208 20.000 0.745 61362176.000 343834624.000 1569315916.217 1569315915.781 130 1 218750 406250 781250
1569315916.33 7607869 20.400 947616.894 406250 1 2 1 4.063 12627208 10.000 0.745 61362176.000 343834624.000 1569315916.217 1569315915.781 130 1 218750 406250 781250
1569315916.43 7581204 20.267 947616.894 406250 1 2 1 4.063 12627208 9.091 0.745 61362176.000 343834624.000 1569315916.217 1569315915.781 130 1 218750 406250 781250
1569315916.54 7565331 20.200 947616.894 406250 1 2 1 4.063 12627208 30.000 0.745 61362176.000 343834624.000 1569315916.217 1569315915.781 130 1 218750 406250 781250
1569315916.64 7533401 20.067 947616.894 406250 1 2 1 4.063 12627208 10.000 0.745 61362176.000 343834624.000 1569315916.217 1569315915.781 130 1 218750 406250 781250
1569315916.74 7520242 20.000 947616.894 406250 1 2 1 4.063 12627208 20.000 0.745 61362176.000 343834624.000 1569315916.680 1569315915.781 130 1 218750 406250 781250
1569315916.84 7421458 19.917 947616.894 406250 1 2 1 4.063 12627208 20.000 0.745 61362176.000 343834624.000 1569315916.680 1569315915.781 130 1 218750 406250 781250
1569315916.94 7394133 19.783 947616.894 406250 1 2 1 4.063 12627208 10.000 0.745 61362176.000 343834624.000 1569315916.680 1569315915.781 130 1 218750 406250 781250
1569315917.05 7375307 19.700 947616.894 406250 1 2 1 4.063 12627208 27.273 0.745 61362176.000 343834624.000 1569315916.680 1569315915.781 130 1 218750 406250 781250
1569315917.15 7343354 19.583 947616.894 406250 1 2 1 4.063 12627208 20.000 0.776 63791104.000 346427392.000 1569315916.680 1569315915.781 130 1 218750 406250 781250
1569315917.25 7328401 19.500 947616.894 406250 1 2 1 4.063 12627208 30.000 0.779 64180224.000 346714112.000 1569315916.680 1569315915.781 130 1 218750 406250 781250
1569315917.35 7226283 19.400 947616.894 406250 1 2 1 4.063 12627208 40.000 0.783 64466944.000 347000832.000 1569315916.680 1569315915.781 130 1 218750 406250 781250
1569315917.45 7200740 19.267 947616.894 406250 1 2 1 4.063 12627208 36.364 0.786 64765952.000 347287552.000 1569315916.680 1569315915.781 130 1 218750 406250 781250
1569315917.56 7184949 19.200 947616.894 406250 1 2 1 4.063 12627208 30.000 0.790 65052672.000 347574272.000 1569315916.680 1569315915.781 130 1 218750 406250 781250
1569315917.67 7156775 19.083 947616.894 406250 1 2 1 4.063 12627208 54.545 0.745 61362176.000 343834624.000 1569315916.680 1569315915.781 130 1 218750 406250 781250
1569315917.77 7124089 18.983 947616.894 406250 1 2 1 4.063 12627208 10.000 0.745 61362176.000 343834624.000 1569315916.680 1569315915.781 130 1 218750 406250 781250
1569315917.87 7022201 18.833 947616.894 406250 1 2 1 4.063 12627208 0.000 0.745 61362176.000 343834624.000 1569315916.680 1569315915.781 130 1 218750 406250 781250
1569315917.97 7010239 18.783 947616.894 406250 1 2 1 4.063 12627208 0.000 0.745 61362176.000 343834624.000 1569315916.680 1569315915.781 130 1 218750 406250 781250
1569315918.07 6975945 18.633 947616.894 406250 1 2 1 4.063 12627208 9.091 0.745 61362176.000 343834624.000 1569315916.680 1569315915.781 130 1 218750 406250 781250
#Host: 10.73.0.27
1569315918.18 6959855 18.567 947616.894 406250 1 2 1 4.063 12627208 0.000 0.745 61362176.000 343834624.000 1569315916.680 1569315915.781 130 1 218750 406250 781250
1569315918.28 6848567 18.417 947616.894 406250 1 2 1 4.063 12627208 0.000 0.745 61362176.000 343834624.000 1569315916.680 1569315915.781 130 1 218750 406250 781250
1569315918.38 6838716 18.350 947616.894 406250 1 2 1 4.063 12627208 10.000 0.745 61362176.000 343834624.000 1569315916.680 1569315915.781 130 1 218750 406250 781250
1569315918.48 6810311 18.217 947616.894 406250 1 2 1 4.063 12627208 0.000 0.745 61362176.000 343834624.000 1569315916.680 1569315915.781 130 1 218750 406250 781250
1569315918.58 6794932 18.150 947616.894 406250 1 2 1 4.063 12627208 0.000 0.745 61362176.000 343834624.000 1569315918.571 1569315915.781 130 1 218750 406250 781250
1569315918.68 6770706 18.050 947616.894 406250 1 2 1 4.063 12627208 10.000 0.745 61362176.000 343834624.000 1569315918.571 1569315915.781 130 1 218750 406250 781250
1569315918.79 6665587 17.950 947616.894 406250 1 2 1 4.063 12627208 18.182 0.745 61362176.000 343834624.000 1569315918.571 1569315915.781 130 1 218750 406250 781250
1569315918.89 6648403 17.850 947616.894 406250 1 2 1 4.063 12627208 10.000 0.745 61362176.000 343834624.000 1569315918.571 1569315915.781 130 1 218750 406250 781250
1569315918.99 6623466 17.750 947616.894 406250 1 2 1 4.063 12627208 20.000 0.745 61362176.000 343834624.000 1569315918.571 1569315915.781 130 1 218750 406250 781250
1569315919.09 6602086 17.633 947616.894 406250 1 2 1 4.063 12627208 30.000 0.745 61362176.000 343834624.000 1569315918.571 1569315915.781 130 1 218750 406250 781250
1569315919.20 6570606 17.500 947616.894 406250 1 2 1 4.063 12627208 18.182 0.745 61362176.000 343834624.000 1569315918.571 1569315915.781 130 1 218750 406250 781250
1569315919.30 6467354 17.417 947616.894 406250 1 2 1 4.063 12627208 10.000 0.745 61362176.000 343834624.000 1569315918.571 1569315915.781 130 1 218750 406250 781250
1569315919.40 6453708 17.333 947616.894 406250 1 2 1 4.063 12627208 30.000 0.745 61362176.000 343834624.000 1569315918.571 1569315915.781 130 1 218750 406250 781250
1569315919.50 6425864 17.200 947616.894 406250 1 2 1 4.063 12627208 30.000 0.776 63791104.000 346427392.000 1569315918.571 1569315915.781 130 1 218750 406250 781250
1569315919.60 6412106 17.133 947616.894 406250 1 2 1 4.063 12627208 20.000 0.779 64180224.000 346714112.000 1569315918.571 1569315915.781 130 1 218750 406250 781250
1569315919.71 6387491 17.000 947616.894 406250 1 2 1 4.063 12627208 30.000 0.783 64466944.000 347000832.000 1569315918.571 1569315915.781 130 1 218750 406250 781250
1569315919.81 6295795 16.917 947616.894 406250 1 2 1 4.063 12627208 45.455 0.786 64753664.000 347291648.000 1569315918.571 1569315915.781 130 1 218750 406250 781250
1569315919.91 6274581 16.783 947616.894 406250 1 2 1 4.063 12627208 30.000 0.790 65056768.000 347578368.000 1569315918.571 1569315915.781 130 1 218750 406250 781250
1569315920.01 6261636 16.717 947616.894 406250 1 2 1 4.063 12627208 50.000 0.793 65343488.000 347856896.000 1569315918.571 1569315915.781 130 1 218750 406250 781250
1569315920.12 6229340 16.583 947616.894 406250 1 2 1 4.063 12627208 45.455 0.797 65638400.000 348143616.000 1569315918.571 1569315915.781 130 1 218750 406250 781250
1569315920.22 7732035 20.500 961376.926 406250 1 2 1 4.063 14208100 20.000 0.751 61902848.000 343834624.000 1569315918.571 1569315920.216 130 1 218750 406250 781250
1569315920.32 7638949 20.400 961376.926 406250 1 2 1 4.063 14208100 30.000 0.751 61902848.000 343834624.000 1569315918.571 1569315920.216 130 1 218750 406250 781250
1569315920.42 7609136 20.267 961376.926 406250 1 2 1 4.063 14208100 0.000 0.751 61902848.000 343834624.000 1569315918.571 1569315920.216 130 1 218750 406250 781250
1569315920.53 7593234 20.200 961376.926 406250 1 2 1 4.063 14208100 0.000 0.751 61902848.000 343834624.000 1569315918.571 1569315920.216 130 1 218750 406250 781250
#Host: 10.73.0.27
1569315920.63 7558470 20.067 961376.926 406250 1 2 1 4.063 14208100 0.000 0.751 61902848.000 343834624.000 1569315918.571 1569315920.216 130 1 218750 406250 781250
1569315920.73 7543376 20.000 961376.926 406250 1 2 1 4.063 14208100 10.000 0.751 61902848.000 343834624.000 1569315920.639 1569315920.216 130 1 218750 406250 781250
1569315920.83 7432397 19.867 961376.926 406250 1 2 1 4.063 14208100 30.000 0.751 61902848.000 343834624.000 1569315920.639 1569315920.216 130 1 218750 406250 781250
1569315920.93 7415793 19.800 961376.926 406250 1 2 1 4.063 14208100 9.091 0.751 61902848.000 343834624.000 1569315920.639 1569315920.216 130 1 218750 406250 781250
1569315921.04 7378784 19.650 961376.926 406250 1 2 1 4.063 14208100 30.000 0.751 61902848.000 343834624.000 1569315920.639 1569315920.216 130 1 218750 406250 781250
1569315921.14 7360874 19.583 961376.926 406250 1 2 1 4.063 14208100 20.000 0.751 61902848.000 343834624.000 1569315921.099 1569315920.216 130 1 218750 406250 781250
1569315921.24 7331673 19.483 961376.926 406250 1 2 1 4.063 14208100 20.000 0.751 61902848.000 343834624.000 1569315921.099 1569315920.216 130 1 218750 406250 781250
1569315921.34 7241676 19.400 961376.926 406250 1 2 1 4.063 14208100 20.000 0.751 61902848.000 343834624.000 1569315921.099 1569315920.216 130 1 218750 406250 781250
1569315921.44 7218544 19.267 961376.926 406250 1 2 1 4.063 14208100 20.000 0.751 61902848.000 343834624.000 1569315921.099 1569315920.216 130 1 218750 406250 781250
1569315921.55 7191284 19.133 961376.926 406250 1 2 1 4.063 14208100 18.182 0.781 64331776.000 346427392.000 1569315921.099 1569315920.216 130 1 218750 406250 781250
1569315921.65 7177791 19.067 961376.926 406250 1 2 1 4.063 14208100 30.000 0.785 64647168.000 346714112.000 1569315921.099 1569315920.216 130 1 218750 406250 781250
1569315921.75 7148368 18.983 961376.926 406250 1 2 1 4.063 14208100 30.000 0.789 64946176.000 346992640.000 1569315921.099 1569315920.216 130 1 218750 406250 781250
1569315921.85 7042950 18.833 961376.926 406250 1 2 1 4.063 14208100 40.000 0.792 65236992.000 347271168.000 1569315921.099 1569315920.216 130 1 218750 406250 781250
1569315921.95 7029618 18.767 961376.926 406250 1 2 1 4.063 14208100 27.273 0.796 65527808.000 347549696.000 1569315921.099 1569315920.216 130 1 218750 406250 781250
1569315922.06 7001014 18.633 961376.926 406250 1 2 1 4.063 14208100 40.000 0.799 65818624.000 347836416.000 1569315921.099 1569315920.216 130 1 218750 406250 781250
1569315922.16 6985420 18.567 961376.926 406250 1 2 1 4.063 14208100 40.000 0.751 61902848.000 343834624.000 1569315921.099 1569315920.216 130 1 218750 406250 781250
1569315922.26 6957848 18.483 961376.926 406250 1 2 1 4.063 14208100 0.000 0.751 61902848.000 343834624.000 1569315921.099 1569315920.216 130 1 218750 406250 781250
1569315922.36 6859191 18.333 961376.926 406250 1 2 1 4.063 14208100 10.000 0.751 61902848.000 343834624.000 1569315921.099 1569315920.216 130 1 218750 406250 781250
1569315922.46 6845579 18.267 961376.926 406250 1 2 1 4.063 14208100 0.000 0.751 61902848.000 343834624.000 1569315921.099 1569315920.216 130 1 218750 406250 781250
#Host: 10.73.0.27
1569315922.56 6817364 18.133 961376.926 406250 1 2 1 4.063 14208100 0.000 0.751 61902848.000 343834624.000 1569315921.099 1569315920.216 130 1 218750 406250 781250
1569315922.67 6803744 18.067 961376.926 406250 1 2 1 4.063 14208100 0.000 0.751 61902848.000 343834624.000 1569315921.099 1569315920.216 130 1 218750 406250 781250
1569315922.77 6778037 17.967 961376.926 406250 1 2 1 4.063 14208100 10.000 0.751 61902848.000 343834624.000 1569315921.099 1569315920.216 130 1 218750 406250 781250
1569315922.87 6680556 17.850 961376.926 406250 1 2 1 4.063 14208100 0.000 0.751 61902848.000 343834624.000 1569315921.099 1569315920.216 130 1 218750 406250 781250
1569315922.97 6651227 17.733 961376.926 406250 1 2 1 4.063 14208100 10.000 0.751 61902848.000 343834624.000 1569315921.099 1569315920.216 130 1 218750 406250 781250
1569315923.07 6636884 17.667 961376.926 406250 1 2 1 4.063 14208100 10.000 0.751 61902848.000 343834624.000 1569315922.976 1569315920.216 130 1 218750 406250 781250
1569315923.17 6607274 17.533 961376.926 406250 1 2 1 4.063 14208100 9.091 0.751 61902848.000 343834624.000 1569315922.976 1569315920.216 130 1 218750 406250 781250
1569315923.28 6495353 17.400 961376.926 406250 1 2 1 4.063 14208100 20.000 0.751 61902848.000 343834624.000 1569315922.976 1569315920.216 130 1 218750 406250 781250
1569315923.38 6482241 17.333 961376.926 406250 1 2 1 4.063 14208100 30.000 0.751 61902848.000 343834624.000 1569315922.976 1569315920.216 130 1 218750 406250 781250
1569315923.48 6453516 17.200 961376.926 406250 1 2 1 4.063 14208100 10.000 0.751 61902848.000 343834624.000 1569315922.976 1569315920.216 130 1 218750 406250 781250
1569315923.58 6437754 17.133 961376.926 406250 1 2 1 4.063 14208100 20.000 0.751 61902848.000 343834624.000 1569315922.976 1569315920.216 130 1 218750 406250 781250
1569315923.68 6410624 17.000 961376.926 406250 1 2 1 4.063 14208100 10.000 0.751 61902848.000 343834624.000 1569315922.976 1569315920.216 130 1 218750 406250 781250
1569315923.79 6307861 16.900 961376.926 406250 1 2 1 4.063 14208100 36.364 0.751 61902848.000 343834624.000 1569315922.976 1569315920.216 130 1 218750 406250 781250
1569315923.89 6294968 16.833 961376.926 406250 1 2 1 4.063 14208100 30.000 0.782 64331776.000 346427392.000 1569315922.976 1569315920.216 130 1 218750 406250 781250
1569315923.99 6267432 16.700 961376.926 406250 1 2 1 4.063 14208100 30.000 0.785 64667648.000 346718208.000 1569315922.976 1569315920.216 130 1 218750 406250 781250
1569315924.09 6252453 16.633 961376.926 406250 1 2 1 4.063 14208100 30.000 0.789 64958464.000 346996736.000 1569315922.976 1569315920.216 130 1 218750 406250 781250
1569315924.19 6224495 16.500 961376.926 406250 1 2 1 4.063 14208100 27.273 0.792 65249280.000 347283456.000 1569315922.976 1569315920.216 130 1 218750 406250 781250
1569315924.30 6121603 16.400 961376.926 406250 1 2 1 4.063 14208100 40.000 0.796 65536000.000 347561984.000 1569315922.976 1569315920.216 130 1 218750 406250 781250
1569315924.40 6110748 16.333 961376.926 406250 1 2 1 4.063 14208100 40.000 0.799 65830912.000 347836416.000 1569315922.976 1569315920.216 130 1 218750 406250 781250
1569315924.50 6084535 16.200 961376.926 406250 1 2 1 4.063 14208100 40.000 0.803 66134016.000 348106752.000 1569315922.976 1569315920.216 130 1 218750 406250 781250
1569315924.60 6069516 16.133 961376.926 406250 1 2 1 4.063 14208100 60.000 0.806 66428928.000 348508160.000 1569315922.976 1569315920.216 130 1 218750 406250 781250
1569315924.70 7541567 20.000 961097.077 406250 1 2 1 4.063 15775832 40.000 0.759 62509056.000 343834624.000 1569315922.976 1569315924.607 284 2 218750 406250 781250
1569315924.81 7440131 19.917 961097.077 406250 1 2 1 4.063 15775832 10.000 0.759 62545920.000 343834624.000 1569315922.976 1569315924.607 284 2 218750 406250 781250
1569315924.91 7424720 19.850 961097.077 406250 1 2 1 4.063 15775832 0.000 0.759 62545920.000 343834624.000 1569315922.976 1569315924.607 284 2 218750 406250 781250
1569315925.01 7396931 19.717 961097.077 406250 1 2 1 4.063 15775832 0.000 0.759 62545920.000 343834624.000 1569315922.976 1569315924.607 284 2 218750 406250 781250
#Host: 10.73.0.27
1569315925.11 7363818 19.583 961097.077 406250 1 2 1 4.063 15775832 10.000 0.759 62545920.000 343834624.000 1569315925.044 1569315924.607 284 2 218750 406250 781250
1569315925.21 7351149 19.517 961097.077 406250 1 2 1 4.063 15775832 20.000 0.759 62545920.000 343834624.000 1569315925.044 1569315924.607 284 2 218750 406250 781250
1569315925.32 7255725 19.417 961097.077 406250 1 2 1 4.063 15775832 18.182 0.759 62545920.000 343834624.000 1569315925.044 1569315924.607 284 2 218750 406250 781250
1569315925.42 7237381 19.317 961097.077 406250 1 2 1 4.063 15775832 10.000 0.759 62545920.000 343834624.000 1569315925.044 1569315924.607 284 2 218750 406250 781250
1569315925.52 7212782 19.217 961097.077 406250 1 2 1 4.063 15775832 20.000 0.759 62545920.000 343834624.000 1569315925.516 1569315924.607 284 2 218750 406250 781250
1569315925.62 7175830 19.133 961097.077 406250 1 2 1 4.063 15775832 30.000 0.759 62545920.000 343834624.000 1569315925.516 1569315924.607 284 2 218750 406250 781250
1569315925.72 7163034 19.000 961097.077 406250 1 2 1 4.063 15775832 0.000 0.759 62545920.000 343834624.000 1569315925.516 1569315924.607 284 2 218750 406250 781250
1569315925.82 7066462 18.917 961097.077 406250 1 2 1 4.063 15775832 20.000 0.759 62545920.000 343834624.000 1569315925.516 1569315924.607 284 2 218750 406250 781250
1569315925.93 7040169 18.783 961097.077 406250 1 2 1 4.063 15775832 30.000 0.759 62545920.000 343834624.000 1569315925.516 1569315924.607 284 2 218750 406250 781250
1569315926.03 7027167 18.717 961097.077 406250 1 2 1 4.063 15775832 27.273 0.792 64974848.000 346574848.000 1569315925.516 1569315924.607 284 2 218750 406250 781250
1569315926.13 7004888 18.617 961097.077 406250 1 2 1 4.063 15775832 40.000 0.795 65511424.000 346861568.000 1569315925.516 1569315924.607 284 2 218750 406250 781250
1569315926.23 6975255 18.500 961097.077 406250 1 2 1 4.063 15775832 30.000 0.799 65798144.000 347144192.000 1569315925.516 1569315924.607 284 2 218750 406250 781250
1569315926.33 6891219 18.417 961097.077 406250 1 2 1 4.063 15775832 40.000 0.803 66093056.000 347430912.000 1569315925.516 1569315924.607 284 2 218750 406250 781250
1569315926.43 6861670 18.267 961097.077 406250 1 2 1 4.063 15775832 36.364 0.806 66392064.000 347717632.000 1569315925.516 1569315924.607 284 2 218750 406250 781250
1569315926.54 6838662 18.200 961097.077 406250 1 2 1 4.063 15775832 40.000 0.759 62545920.000 343834624.000 1569315925.516 1569315924.607 284 2 218750 406250 781250
1569315926.64 6804730 18.083 961097.077 406250 1 2 1 4.063 15775832 0.000 0.759 62545920.000 343834624.000 1569315925.516 1569315924.607 284 2 218750 406250 781250
1569315926.74 6786691 18.000 961097.077 406250 1 2 1 4.063 15775832 0.000 0.759 62545920.000 343834624.000 1569315925.516 1569315924.607 284 2 218750 406250 781250
1569315926.84 6686592 17.900 961097.077 406250 1 2 1 4.063 15775832 0.000 0.759 62545920.000 343834624.000 1569315925.516 1569315924.607 284 2 218750 406250 781250
#Host: 10.73.0.27
1569315926.94 6662799 17.783 961097.077 406250 1 2 1 4.063 15775832 10.000 0.759 62545920.000 343834624.000 1569315925.516 1569315924.607 284 2 218750 406250 781250
1569315927.04 6633272 17.650 961097.077 406250 1 2 1 4.063 15775832 0.000 0.759 62545920.000 343834624.000 1569315925.516 1569315924.607 284 2 218750 406250 781250
1569315927.15 6617228 17.583 961097.077 406250 1 2 1 4.063 15775832 0.000 0.759 62545920.000 343834624.000 1569315925.516 1569315924.607 284 2 218750 406250 781250
1569315927.25 6588330 17.500 961097.077 406250 1 2 1 4.063 15775832 10.000 0.759 62545920.000 343834624.000 1569315925.516 1569315924.607 284 2 218750 406250 781250
1569315927.35 6506049 17.400 961097.077 406250 1 2 1 4.063 15775832 0.000 0.759 62545920.000 343834624.000 1569315925.516 1569315924.607 284 2 218750 406250 781250
1569315927.45 6480566 17.283 961097.077 406250 1 2 1 4.063 15775832 20.000 0.759 62545920.000 343834624.000 1569315927.383 1569315924.607 284 2 218750 406250 781250
1569315927.55 6463200 17.200 961097.077 406250 1 2 1 4.063 15775832 10.000 0.759 62545920.000 343834624.000 1569315927.383 1569315924.607 284 2 218750 406250 781250
1569315927.66 6429363 17.083 961097.077 406250 1 2 1 4.063 15775832 18.182 0.759 62545920.000 343834624.000 1569315927.383 1569315924.607 284 2 218750 406250 781250
1569315927.76 6411899 17.000 961097.077 406250 1 2 1 4.063 15775832 10.000 0.759 62545920.000 343834624.000 1569315927.383 1569315924.607 284 2 218750 406250 781250
1569315927.86 6313046 16.900 961097.077 406250 1 2 1 4.063 15775832 30.000 0.759 62545920.000 343834624.000 1569315927.383 1569315924.607 284 2 218750 406250 781250
1569315927.96 6285894 16.767 961097.077 406250 1 2 1 4.063 15775832 20.000 0.759 62545920.000 343834624.000 1569315927.383 1569315924.607 284 2 218750 406250 781250
1569315928.06 6252194 16.633 961097.077 406250 1 2 1 4.063 15775832 0.000 0.759 62545920.000 343834624.000 1569315927.383 1569315924.607 284 2 218750 406250 781250
1569315928.17 6236103 16.583 961097.077 406250 1 2 1 4.063 15775832 20.000 0.759 62545920.000 343834624.000 1569315927.383 1569315924.607 284 2 218750 406250 781250
1569315928.27 6200486 16.483 961097.077 406250 1 2 1 4.063 15775832 27.273 0.759 62545920.000 343834624.000 1569315927.383 1569315924.607 284 2 218750 406250 781250
1569315928.37 6106714 16.350 961097.077 406250 1 2 1 4.063 15775832 40.000 0.792 65245184.000 346570752.000 1569315927.383 1569315924.607 284 2 218750 406250 781250
1569315928.47 6094005 16.283 961097.077 406250 1 2 1 4.063 15775832 40.000 0.796 65523712.000 346857472.000 1569315927.383 1569315924.607 284 2 218750 406250 781250
1569315928.57 6062655 16.133 961097.077 406250 1 2 1 4.063 15775832 30.000 0.799 65810432.000 347144192.000 1569315927.383 1569315924.607 284 2 218750 406250 781250
1569315928.68 6045708 16.083 961097.077 406250 1 2 1 4.063 15775832 36.364 0.803 66097152.000 347422720.000 1569315927.383 1569315924.607 284 2 218750 406250 781250
1569315928.78 5929327 15.917 961097.077 406250 1 2 1 4.063 15775832 40.000 0.806 66400256.000 347844608.000 1569315927.383 1569315924.607 284 2 218750 406250 781250
1569315928.88 5918488 15.850 961097.077 406250 1 2 1 4.063 15775832 30.000 0.810 66691072.000 348131328.000 1569315927.383 1569315924.607 284 2 218750 406250 781250
1569315928.98 7309644 19.550 961171.842 406250 1 2 1 4.063 17310288 20.000 0.813 66711552.000 348266496.000 1569315927.383 1569315928.980 296 2 218750 406250 781250
1569315929.09 7345880 19.633 961171.842 406250 1 2 1 4.063 17310288 36.364 0.765 62996480.000 343830528.000 1569315927.383 1569315928.980 296 2 218750 406250 781250
1569315929.19 7328997 19.567 961171.842 406250 1 2 1 4.063 17310288 0.000 0.765 62996480.000 343830528.000 1569315927.383 1569315928.980 296 2 218750 406250 781250
1569315929.29 7224453 19.467 961171.842 406250 1 2 1 4.063 17310288 0.000 0.765 62996480.000 343830528.000 1569315927.383 1569315928.980 296 2 218750 406250 781250
1569315929.39 7213422 19.333 961171.842 406250 1 2 1 4.063 17310288 10.000 0.765 62996480.000 343830528.000 1569315927.383 1569315928.980 296 2 218750 406250 781250
#Host: 10.73.0.27
1569315929.49 7199796 19.267 961171.842 406250 1 2 1 4.063 17310288 10.000 0.765 62996480.000 343830528.000 1569315929.451 1569315928.980 296 2 218750 406250 781250
1569315929.59 7170530 19.133 961171.842 406250 1 2 1 4.063 17310288 9.091 0.765 62996480.000 343830528.000 1569315929.451 1569315928.980 296 2 218750 406250 781250
1569315929.70 7138503 19.000 961171.842 406250 1 2 1 4.063 17310288 20.000 0.765 62996480.000 343830528.000 1569315929.451 1569315928.980 296 2 218750 406250 781250
1569315929.80 7045276 18.917 961171.842 406250 1 2 1 4.063 17310288 10.000 0.765 62996480.000 343830528.000 1569315929.451 1569315928.980 296 2 218750 406250 781250
1569315929.90 7033514 18.850 961171.842 406250 1 2 1 4.063 17310288 20.000 0.765 62996480.000 343830528.000 1569315929.451 1569315928.980 296 2 218750 406250 781250
1569315930.00 7001086 18.717 961171.842 406250 1 2 1 4.063 17310288 20.000 0.765 62996480.000 343830528.000 1569315929.958 1569315928.980 296 2 218750 406250 781250
1569315930.10 6982068 18.650 961171.842 406250 1 2 1 4.063 17310288 20.000 0.765 62996480.000 343830528.000 1569315929.958 1569315928.980 296 2 218750 406250 781250
1569315930.21 6945851 18.517 961171.842 406250 1 2 1 4.063 17310288 20.000 0.765 62996480.000 343830528.000 1569315929.958 1569315928.980 296 2 218750 406250 781250
1569315930.31 6847105 18.417 961171.842 406250 1 2 1 4.063 17310288 27.273 0.765 62996480.000 343830528.000 1569315929.958 1569315928.980 296 2 218750 406250 781250
1569315930.41 6825369 18.300 961171.842 406250 1 2 1 4.063 17310288 20.000 0.796 65425408.000 346570752.000 1569315929.958 1569315928.980 296 2 218750 406250 781250
1569315930.51 6809051 18.233 961171.842 406250 1 2 1 4.063 17310288 30.000 0.800 65884160.000 346857472.000 1569315929.958 1569315928.980 296 2 218750 406250 781250
1569315930.61 6774702 18.117 961171.842 406250 1 2 1 4.063 17310288 40.000 0.804 66183168.000 347144192.000 1569315929.958 1569315928.980 296 2 218750 406250 781250
1569315930.72 6739662 18.017 961171.842 406250 1 2 1 4.063 17310288 40.000 0.807 66469888.000 347422720.000 1569315929.958 1569315928.980 296 2 218750 406250 781250
1569315930.82 6645064 17.883 961171.842 406250 1 2 1 4.063 17310288 36.364 0.811 66764800.000 347705344.000 1569315929.958 1569315928.980 296 2 218750 406250 781250
1569315930.93 6632208 17.817 961171.842 406250 1 2 1 4.063 17310288 54.545 0.765 62996480.000 343830528.000 1569315929.958 1569315928.980 296 2 218750 406250 781250
1569315931.03 6603731 17.683 961171.842 406250 1 2 1 4.063 17310288 0.000 0.765 62996480.000 343830528.000 1569315929.958 1569315928.980 296 2 218750 406250 781250
1569315931.13 6588286 17.617 961171.842 406250 1 2 1 4.063 17310288 0.000 0.765 62996480.000 343830528.000 1569315929.958 1569315928.980 296 2 218750 406250 781250
1569315931.23 6560120 17.500 961171.842 406250 1 2 1 4.063 17310288 0.000 0.765 62996480.000 343830528.000 1569315929.958 1569315928.980 296 2 218750 406250 781250
1569315931.34 6469008 17.417 961171.842 406250 1 2 1 4.063 17310288 0.000 0.765 62996480.000 343830528.000 1569315929.958 1569315928.980 296 2 218750 406250 781250
#Host: 10.73.0.27
1569315931.44 6442590 17.283 961171.842 406250 1 2 1 4.063 17310288 10.000 0.765 62996480.000 343830528.000 1569315929.958 1569315928.980 296 2 218750 406250 781250
1569315931.54 6428277 17.217 961171.842 406250 1 2 1 4.063 17310288 10.000 0.765 62996480.000 343830528.000 1569315929.958 1569315928.980 296 2 218750 406250 781250
1569315931.64 6394700 17.083 961171.842 406250 1 2 1 4.063 17310288 0.000 0.765 62996480.000 343830528.000 1569315929.958 1569315928.980 296 2 218750 406250 781250
1569315931.74 6364957 17.000 961171.842 406250 1 2 1 4.063 17310288 0.000 0.765 62996480.000 343830528.000 1569315929.958 1569315928.980 296 2 218750 406250 781250
1569315931.85 6266035 16.850 961171.842 406250 1 2 1 4.063 17310288 9.091 0.765 62996480.000 343830528.000 1569315929.958 1569315928.980 296 2 218750 406250 781250
1569315931.95 6250998 16.783 961171.842 406250 1 2 1 4.063 17310288 0.000 0.765 62996480.000 343830528.000 1569315931.902 1569315928.980 296 2 218750 406250 781250
1569315932.05 6217877 16.650 961171.842 406250 1 2 1 4.063 17310288 20.000 0.765 62996480.000 343830528.000 1569315931.902 1569315928.980 296 2 218750 406250 781250
1569315932.15 6201975 16.583 961171.842 406250 1 2 1 4.063 17310288 20.000 0.765 62996480.000 343830528.000 1569315931.902 1569315928.980 296 2 218750 406250 781250
1569315932.25 6173418 16.500 961171.842 406250 1 2 1 4.063 17310288 20.000 0.765 62996480.000 343830528.000 1569315931.902 1569315928.980 296 2 218750 406250 781250
1569315932.35 6077959 16.400 961171.842 406250 1 2 1 4.063 17310288 9.091 0.765 62996480.000 343830528.000 1569315931.902 1569315928.980 296 2 218750 406250 781250
1569315932.46 6061651 16.267 961171.842 406250 1 2 1 4.063 17310288 30.000 0.765 62996480.000 343830528.000 1569315931.902 1569315928.980 296 2 218750 406250 781250
1569315932.56 6047742 16.200 961171.842 406250 1 2 1 4.063 17310288 10.000 0.765 62996480.000 343830528.000 1569315931.902 1569315928.980 296 2 218750 406250 781250
1569315932.66 6016202 16.067 961171.842 406250 1 2 1 4.063 17310288 10.000 0.765 62996480.000 343830528.000 1569315931.902 1569315928.980 296 2 218750 406250 781250
1569315932.76 5986428 15.983 961171.842 406250 1 2 1 4.063 17310288 30.000 0.765 62996480.000 343830528.000 1569315931.902 1569315928.980 296 2 218750 406250 781250
1569315932.87 5893728 15.850 961171.842 406250 1 2 1 4.063 17310288 30.000 0.797 65425408.000 346570752.000 1569315931.902 1569315928.980 296 2 218750 406250 781250
1569315932.97 5881484 15.783 961171.842 406250 1 2 1 4.063 17310288 36.364 0.800 65912832.000 346857472.000 1569315931.902 1569315928.980 296 2 218750 406250 781250
1569315933.07 5858282 15.683 961171.842 406250 1 2 1 4.063 17310288 40.000 0.804 66199552.000 347144192.000 1569315931.902 1569315928.980 296 2 218750 406250 781250
1569315933.17 5828215 15.550 961171.842 406250 1 2 1 4.063 17310288 30.000 0.807 66486272.000 347430912.000 1569315931.902 1569315928.980 296 2 218750 406250 781250
1569315933.27 5809618 15.483 961171.842 406250 1 2 1 4.063 17310288 50.000 0.811 66785280.000 347717632.000 1569315931.902 1569315928.980 296 2 218750 406250 781250
1569315933.38 5710902 15.333 961171.842 406250 1 2 1 4.063 17310288 36.364 0.814 67072000.000 347987968.000 1569315931.902 1569315928.980 296 2 218750 406250 781250
1569315933.48 5697299 15.267 961171.842 406250 1 2 1 4.063 17310288 40.000 0.818 67366912.000 348266496.000 1569315931.902 1569315928.980 296 2 218750 406250 781250
1569315933.58 7174921 19.133 961036.394 406250 1 2 1 4.063 18879148 60.000 0.766 63098880.000 343830528.000 1569315931.902 1569315933.535 178 2 218750 406250 781250
1569315933.68 7160603 19.067 961036.394 406250 1 2 1 4.063 18879148 10.000 0.766 63135744.000 343830528.000 1569315931.902 1569315933.535 178 2 218750 406250 781250
1569315933.78 7047526 18.917 961036.394 406250 1 2 1 4.063 18879148 0.000 0.766 63135744.000 343830528.000 1569315931.902 1569315933.535 178 2 218750 406250 781250
1569315933.89 7032617 18.850 961036.394 406250 1 2 1 4.063 18879148 0.000 0.766 63135744.000 343830528.000 1569315931.902 1569315933.535 178 2 218750 406250 781250
#Host: 10.73.0.27
1569315933.99 7002909 18.717 961036.394 406250 1 2 1 4.063 18879148 0.000 0.766 63135744.000 343830528.000 1569315933.968 1569315933.535 178 2 218750 406250 781250
1569315934.09 6984127 18.633 961036.394 406250 1 2 1 4.063 18879148 20.000 0.766 63135744.000 343830528.000 1569315933.968 1569315933.535 178 2 218750 406250 781250
1569315934.19 6965110 18.567 961036.394 406250 1 2 1 4.063 18879148 20.000 0.766 63135744.000 343830528.000 1569315933.968 1569315933.535 178 2 218750 406250 781250
1569315934.29 6848601 18.417 961036.394 406250 1 2 1 4.063 18879148 20.000 0.766 63135744.000 343830528.000 1569315933.968 1569315933.535 178 2 218750 406250 781250
1569315934.39 6836282 18.350 961036.394 406250 1 2 1 4.063 18879148 18.182 0.766 63135744.000 343830528.000 1569315933.968 1569315933.535 178 2 218750 406250 781250
1569315934.50 6806681 18.250 961036.394 406250 1 2 1 4.063 18879148 20.000 0.766 63135744.000 343830528.000 1569315934.441 1569315933.535 178 2 218750 406250 781250
1569315934.60 6779940 18.117 961036.394 406250 1 2 1 4.063 18879148 10.000 0.766 63135744.000 343830528.000 1569315934.441 1569315933.535 178 2 218750 406250 781250
1569315934.70 6762264 18.033 961036.394 406250 1 2 1 4.063 18879148 20.000 0.766 63135744.000 343830528.000 1569315934.441 1569315933.535 178 2 218750 406250 781250
