#ts enqueued_b enqueued_t,visible=1,subplot=2 bwe,visible=1,subplot=1 cur,visible=1,subplot=1 level,visible=1,subplot=3 max_level player_status,visible=1,subplot=3 paused_time downloaded_bytes cpu,visible=1,subplot=4 mem,visible=1,subplot=5 rss vms ts_start_req ts_stop_req alpha view q0,visible=0 q1,visible=0 q2,visible=0
#Host: 10.73.0.27
1569314753.95 0 0.000 0.000 218750 0 2 0 0.000 0 0.000 0.538 43986944.000 342044672.000 -1.000 -1.000 0 0 218750 406250 781250
1569314754.05 0 0.000 0.000 218750 0 2 0 0.000 0 10.000 0.541 44380160.000 342319104.000 1569314753.948 -1.000 0 0 218750 406250 781250
1569314754.15 0 0.000 0.000 218750 0 2 0 0.000 0 20.000 0.544 44609536.000 342462464.000 1569314753.948 -1.000 0 0 218750 406250 781250
1569314754.25 0 0.000 0.000 218750 0 2 0 0.000 0 20.000 0.546 44830720.000 342605824.000 1569314753.948 -1.000 0 0 218750 406250 781250
1569314754.35 0 0.000 0.000 218750 0 2 0 0.000 0 0.000 0.546 44961792.000 342605824.000 1569314753.948 -1.000 0 0 218750 406250 781250
1569314754.46 0 0.000 0.000 218750 0 2 0 0.000 0 0.000 0.546 44961792.000 342605824.000 1569314753.948 -1.000 0 0 218750 406250 781250
1569314754.56 0 0.000 0.000 218750 0 2 0 0.000 0 20.000 0.549 44986368.000 342884352.000 1569314753.948 -1.000 0 0 218750 406250 781250
1569314754.66 0 0.000 0.000 218750 0 2 0 0.000 0 10.000 0.552 45252608.000 343171072.000 1569314753.948 -1.000 0 0 218750 406250 781250
1569314754.76 0 0.000 0.000 218750 0 2 0 0.000 0 20.000 0.556 45514752.000 343457792.000 1569314753.948 -1.000 0 0 218750 406250 781250
1569314754.87 0 0.000 0.000 218750 0 2 0 0.000 0 27.273 0.559 45772800.000 343744512.000 1569314753.948 -1.000 0 0 218750 406250 781250
1569314754.97 0 0.000 0.000 218750 0 2 0 0.000 0 20.000 0.562 46026752.000 343887872.000 1569314753.948 -1.000 0 0 218750 406250 781250
1569314755.07 0 0.000 0.000 218750 0 2 0 0.000 0 20.000 0.565 46288896.000 344174592.000 1569314753.948 -1.000 0 0 218750 406250 781250
1569314755.17 0 0.000 0.000 218750 0 2 0 0.000 0 40.000 0.548 45191168.000 342908928.000 1569314753.948 -1.000 0 0 218750 406250 781250
#Host: 10.73.0.27
1569314755.27 815149 3.967 669599.552 218750 0 2 0 0.000 863296 45.455 0.563 46395392.000 342102016.000 1569314755.241 1569314755.237 0 0 218750 406250 781250
1569314755.38 815149 3.967 669599.552 218750 0 2 0 0.000 863296 10.000 0.563 46415872.000 342102016.000 1569314755.369 1569314755.237 0 0 218750 406250 781250
1569314755.48 815149 3.967 669599.552 218750 0 2 0 0.000 863296 10.000 0.566 46415872.000 342388736.000 1569314755.369 1569314755.237 0 0 218750 406250 781250
1569314755.58 815149 3.967 669599.552 218750 0 2 0 0.000 863296 20.000 0.569 46600192.000 342532096.000 1569314755.369 1569314755.237 0 0 218750 406250 781250
1569314755.68 815149 3.967 669599.552 218750 0 2 0 0.000 863296 10.000 0.572 46845952.000 342818816.000 1569314755.369 1569314755.237 0 0 218750 406250 781250
1569314755.78 815149 3.967 669599.552 218750 0 2 0 0.000 863296 30.000 0.575 47108096.000 343105536.000 1569314755.369 1569314755.237 0 0 218750 406250 781250
1569314755.89 815149 3.967 669599.552 218750 0 2 0 0.000 863296 9.091 0.578 47370240.000 343392256.000 1569314755.369 1569314755.237 0 0 218750 406250 781250
1569314755.99 815149 3.967 669599.552 218750 0 2 0 0.000 863296 20.000 0.581 47616000.000 343670784.000 1569314755.369 1569314755.237 0 0 218750 406250 781250
1569314756.09 815149 3.967 669599.552 218750 0 2 0 0.000 863296 10.000 0.583 47869952.000 343814144.000 1569314755.369 1569314755.237 0 0 218750 406250 781250
1569314756.19 815149 3.967 669599.552 218750 0 2 0 0.000 863296 10.000 0.587 48304128.000 344125440.000 1569314755.369 1569314755.237 0 0 218750 406250 781250
1569314756.29 815149 3.967 669599.552 218750 0 2 0 0.000 863296 27.273 0.589 48386048.000 344268800.000 1569314755.369 1569314755.237 0 0 218750 406250 781250
1569314756.40 815149 3.967 669599.552 218750 0 2 0 0.000 863296 10.000 0.591 48566272.000 344432640.000 1569314755.369 1569314755.237 0 0 218750 406250 781250
#Host: 10.73.0.27
1569314756.50 1576157 7.967 766692.405 218750 0 2 0 0.000 1672260 40.000 0.584 48050176.000 342118400.000 1569314756.429 1569314756.424 100 1 218750 406250 781250
1569314756.60 1576157 7.967 766692.405 218750 0 2 0 0.000 1672260 10.000 0.584 48103424.000 342261760.000 1569314756.565 1569314756.424 100 1 218750 406250 781250
1569314756.70 1576157 7.967 766692.405 218750 0 2 0 0.000 1672260 20.000 0.585 48107520.000 342261760.000 1569314756.565 1569314756.424 100 1 218750 406250 781250
1569314756.80 1576157 7.967 766692.405 218750 0 2 0 0.000 1672260 10.000 0.588 48226304.000 342544384.000 1569314756.565 1569314756.424 100 1 218750 406250 781250
1569314756.90 1576157 7.967 766692.405 218750 0 2 0 0.000 1672260 10.000 0.590 48410624.000 342687744.000 1569314756.565 1569314756.424 100 1 218750 406250 781250
1569314757.01 1576157 7.967 766692.405 218750 0 2 0 0.000 1672260 9.091 0.592 48590848.000 342831104.000 1569314756.565 1569314756.424 100 1 218750 406250 781250
1569314757.11 1576157 7.967 766692.405 218750 0 2 0 0.000 1672260 10.000 0.594 48775168.000 342974464.000 1569314756.565 1569314756.424 100 1 218750 406250 781250
1569314757.21 1576157 7.967 766692.405 218750 0 2 0 0.000 1672260 20.000 0.596 48955392.000 343261184.000 1569314756.565 1569314756.424 100 1 218750 406250 781250
1569314757.31 1576157 7.967 766692.405 218750 0 2 0 0.000 1672260 10.000 0.599 49139712.000 343404544.000 1569314756.565 1569314756.424 100 1 218750 406250 781250
1569314757.41 1576157 7.967 766692.405 218750 0 2 0 0.000 1672260 18.182 0.601 49319936.000 343547904.000 1569314756.565 1569314756.424 100 1 218750 406250 781250
1569314757.52 1576157 7.967 766692.405 218750 0 2 0 0.000 1672260 20.000 0.603 49516544.000 343834624.000 1569314756.565 1569314756.424 100 1 218750 406250 781250
1569314757.62 1576157 7.967 766692.405 218750 0 2 0 0.000 1672260 10.000 0.603 49700864.000 343834624.000 1569314756.565 1569314756.424 100 1 218750 406250 781250
1569314757.72 1576157 7.967 766692.405 218750 0 2 0 0.000 1672260 10.000 0.608 49967104.000 344113152.000 1569314756.565 1569314756.424 100 1 218750 406250 781250
1569314757.82 1576157 7.967 766692.405 218750 0 2 0 0.000 1672260 20.000 0.610 50061312.000 344256512.000 1569314756.565 1569314756.424 100 1 218750 406250 781250
#Host: 10.73.0.27
1569314757.92 2327032 11.983 604244.517 218750 0 2 0 0.000 2472012 40.000 0.604 49655808.000 342118400.000 1569314757.890 1569314757.889 327 2 218750 406250 781250
1569314758.02 2327032 11.983 604244.517 218750 0 2 1 4.345 2472012 10.000 0.604 49774592.000 342118400.000 1569314758.021 1569314757.889 327 2 218750 406250 781250
1569314758.13 2327032 11.983 604244.517 218750 0 2 1 4.345 2472012 0.000 0.605 49774592.000 342257664.000 1569314758.021 1569314757.889 327 2 218750 406250 781250
1569314758.23 2327032 11.983 604244.517 218750 0 2 1 4.345 2472012 20.000 0.607 49856512.000 342392832.000 1569314758.021 1569314757.889 327 2 218750 406250 781250
1569314758.33 2327032 11.983 604244.517 218750 0 2 1 4.345 2472012 10.000 0.610 50036736.000 342679552.000 1569314758.021 1569314757.889 327 2 218750 406250 781250
1569314758.43 2327032 11.983 604244.517 218750 0 2 1 4.345 2472012 20.000 0.612 50221056.000 342814720.000 1569314758.021 1569314757.889 327 2 218750 406250 781250
1569314758.53 2327032 11.983 604244.517 218750 0 2 1 4.345 2472012 9.091 0.615 50393088.000 343101440.000 1569314758.021 1569314757.889 327 2 218750 406250 781250
1569314758.64 2327032 11.983 604244.517 218750 0 2 1 4.345 2472012 20.000 0.618 50655232.000 343244800.000 1569314758.021 1569314757.889 327 2 218750 406250 781250
1569314758.74 2294423 11.933 604244.517 218750 0 2 1 4.345 2472012 30.000 0.621 50900992.000 343531520.000 1569314758.021 1569314757.889 327 2 218750 406250 781250
1569314758.84 2292350 11.833 604244.517 218750 0 2 1 4.345 2472012 10.000 0.624 51163136.000 343818240.000 1569314758.021 1569314757.889 327 2 218750 406250 781250
1569314758.94 2285873 11.733 604244.517 218750 0 2 1 4.345 2472012 30.000 0.627 51421184.000 344104960.000 1569314758.021 1569314757.889 327 2 218750 406250 781250
1569314759.05 2277633 11.633 604244.517 218750 0 2 1 4.345 2472012 20.000 0.630 51671040.000 344391680.000 1569314758.021 1569314757.889 327 2 218750 406250 781250
#Host: 10.73.0.27
1569314759.15 3020979 15.517 751084.511 218750 0 2 1 4.345 3274772 45.455 0.623 51253248.000 342118400.000 1569314759.091 1569314759.089 327 0 218750 406250 781250
1569314759.25 2972302 15.417 751084.511 218750 0 2 1 4.345 3274772 10.000 0.624 51372032.000 342257664.000 1569314759.219 1569314759.089 327 0 218750 406250 781250
1569314759.35 2967546 15.317 751084.511 218750 0 2 1 4.345 3274772 10.000 0.626 51380224.000 342401024.000 1569314759.219 1569314759.089 327 0 218750 406250 781250
1569314759.45 2954016 15.183 751084.511 218750 0 2 1 4.345 3274772 20.000 0.629 51585024.000 342687744.000 1569314759.219 1569314759.089 327 0 218750 406250 781250
1569314759.56 2943640 15.100 751084.511 218750 0 2 1 4.345 3274772 9.091 0.632 51847168.000 342974464.000 1569314759.219 1569314759.089 327 0 218750 406250 781250
1569314759.66 2936440 14.983 751084.511 218750 0 2 1 4.345 3274772 20.000 0.635 52097024.000 343117824.000 1569314759.219 1569314759.089 327 0 218750 406250 781250
1569314759.76 2882062 14.850 751084.511 218750 0 2 1 4.345 3274772 20.000 0.639 52355072.000 343408640.000 1569314759.219 1569314759.089 327 0 218750 406250 781250
1569314759.87 2868997 14.783 751084.511 218750 0 2 1 4.345 3274772 20.000 0.642 52609024.000 343699456.000 1569314759.219 1569314759.089 327 0 218750 406250 781250
1569314759.97 2853010 14.683 751084.511 218750 0 2 1 4.345 3274772 9.091 0.643 52871168.000 343834624.000 1569314759.219 1569314759.089 327 0 218750 406250 781250
1569314760.07 2841628 14.600 751084.511 218750 0 2 1 4.345 3274772 20.000 0.648 53235712.000 344256512.000 1569314759.219 1569314759.089 327 0 218750 406250 781250
1569314760.19 3576906 18.500 845753.654 218750 0 2 1 4.345 4076028 41.667 0.641 52531200.000 342118400.000 1569314760.168 1569314760.167 327 0 218750 406250 781250
#Host: 10.73.0.27
1569314760.29 3513649 18.383 845753.654 218750 0 2 1 4.345 4076028 10.000 0.641 52776960.000 342118400.000 1569314760.168 1569314760.167 327 0 218750 406250 781250
1569314760.39 3503759 18.267 845753.654 218750 0 2 1 4.345 4076028 20.000 0.642 52776960.000 342257664.000 1569314760.299 1569314760.167 327 0 218750 406250 781250
1569314760.49 3487057 18.183 845753.654 218750 0 2 1 4.345 4076028 30.000 0.659 54255616.000 343764992.000 1569314760.299 1569314760.167 327 0 218750 406250 781250
1569314760.59 3472026 18.083 845753.654 218750 0 2 1 4.345 4076028 0.000 0.659 54329344.000 343764992.000 1569314760.299 1569314760.167 327 0 218750 406250 781250
1569314760.70 3456271 17.983 845753.654 218750 0 2 1 4.345 4076028 9.091 0.660 54329344.000 343764992.000 1569314760.299 1569314760.167 327 0 218750 406250 781250
1569314760.80 3393826 17.883 845753.654 218750 0 2 1 4.345 4076028 20.000 0.662 54407168.000 344043520.000 1569314760.299 1569314760.167 327 0 218750 406250 781250
1569314760.90 3385088 17.783 845753.654 218750 0 2 1 4.345 4076028 20.000 0.664 54571008.000 344186880.000 1569314760.299 1569314760.167 327 0 218750 406250 781250
1569314761.00 3372914 17.683 845753.654 218750 0 2 1 4.345 4076028 20.000 0.666 54714368.000 344330240.000 1569314760.299 1569314760.167 327 0 218750 406250 781250
1569314761.10 3358495 17.583 845753.654 218750 0 2 1 4.345 4076028 10.000 0.668 54857728.000 344473600.000 1569314760.299 1569314760.167 327 0 218750 406250 781250
1569314761.21 4034665 21.417 968037.172 218750 0 2 1 4.345 4876344 40.000 0.657 54087680.000 342118400.000 1569314760.299 1569314761.126 124 1 218750 406250 781250
1569314761.31 4027774 21.317 968037.172 218750 0 2 1 4.345 4876344 0.000 0.657 54128640.000 342118400.000 1569314760.299 1569314761.126 124 1 218750 406250 781250
1569314761.41 4015028 21.217 968037.172 218750 0 2 1 4.345 4876344 10.000 0.657 54128640.000 342118400.000 1569314760.299 1569314761.126 124 1 218750 406250 781250
1569314761.51 4000767 21.117 968037.172 218750 0 2 1 4.345 4876344 0.000 0.657 54128640.000 342118400.000 1569314760.299 1569314761.126 124 1 218750 406250 781250
1569314761.61 3988272 21.017 968037.172 218750 0 2 1 4.345 4876344 0.000 0.657 54128640.000 342118400.000 1569314760.299 1569314761.126 124 1 218750 406250 781250
1569314761.71 3920240 20.917 968037.172 218750 0 2 1 4.345 4876344 0.000 0.657 54128640.000 342118400.000 1569314760.299 1569314761.126 124 1 218750 406250 781250
1569314761.82 3912019 20.817 968037.172 218750 0 2 1 4.345 4876344 10.000 0.657 54128640.000 342118400.000 1569314760.299 1569314761.126 124 1 218750 406250 781250
1569314761.92 3902423 20.717 968037.172 218750 0 2 1 4.345 4876344 10.000 0.657 54128640.000 342118400.000 1569314760.299 1569314761.126 124 1 218750 406250 781250
1569314762.02 3891385 20.617 968037.172 218750 0 2 1 4.345 4876344 0.000 0.657 54128640.000 342118400.000 1569314760.299 1569314761.126 124 1 218750 406250 781250
1569314762.12 3878178 20.517 968037.172 218750 0 2 1 4.345 4876344 0.000 0.657 54128640.000 342118400.000 1569314760.299 1569314761.126 124 1 218750 406250 781250
1569314762.22 3811243 20.417 968037.172 218750 0 2 1 4.345 4876344 0.000 0.657 54128640.000 342118400.000 1569314760.299 1569314761.126 124 1 218750 406250 781250
1569314762.32 3806070 20.317 968037.172 218750 0 2 1 4.345 4876344 0.000 0.657 54128640.000 342118400.000 1569314760.299 1569314761.126 124 1 218750 406250 781250
#Host: 10.73.0.27
1569314762.43 3795409 20.217 968037.172 218750 0 2 1 4.345 4876344 20.000 0.657 54128640.000 342257664.000 1569314762.362 1569314761.126 124 1 218750 406250 781250
1569314762.53 3783465 20.117 968037.172 218750 0 2 1 4.345 4876344 0.000 0.658 54140928.000 342257664.000 1569314762.362 1569314761.126 124 1 218750 406250 781250
1569314762.63 3772941 19.983 968037.172 218750 0 2 1 4.345 4876344 20.000 0.661 54251520.000 342544384.000 1569314762.362 1569314761.126 124 1 218750 406250 781250
1569314762.73 3717829 19.900 968037.172 218750 0 2 1 4.345 4876344 10.000 0.665 54501376.000 342831104.000 1569314762.362 1569314761.126 124 1 218750 406250 781250
1569314762.83 3714061 19.833 968037.172 218750 0 2 1 4.345 4876344 30.000 0.668 54759424.000 343117824.000 1569314762.362 1569314761.126 124 1 218750 406250 781250
1569314762.94 3705210 19.700 968037.172 218750 0 2 1 4.345 4876344 18.182 0.671 55021568.000 343261184.000 1569314762.362 1569314761.126 124 1 218750 406250 781250
1569314763.04 3694595 19.567 968037.172 218750 0 2 1 4.345 4876344 10.000 0.674 55267328.000 343547904.000 1569314762.362 1569314761.126 124 1 218750 406250 781250
1569314763.14 3688478 19.500 968037.172 218750 0 2 1 4.345 4876344 30.000 0.677 55529472.000 343834624.000 1569314762.362 1569314761.126 124 1 218750 406250 781250
1569314763.24 3657467 19.417 968037.172 218750 0 2 1 4.345 4876344 20.000 0.680 55791616.000 344117248.000 1569314762.362 1569314761.126 124 1 218750 406250 781250
1569314763.34 3653152 19.267 968037.172 218750 0 2 1 4.345 4876344 30.000 0.683 56037376.000 344403968.000 1569314762.362 1569314761.126 124 1 218750 406250 781250
1569314763.45 4400451 23.217 786043.311 218750 0 2 1 4.345 5675908 45.455 0.694 57106432.000 344403968.000 1569314762.362 1569314763.379 124 1 218750 406250 781250
1569314763.55 4394610 23.100 786043.311 218750 0 2 1 4.345 5675908 0.000 0.694 57196544.000 344403968.000 1569314762.362 1569314763.379 124 1 218750 406250 781250
#Host: 10.73.0.27
1569314763.65 4376295 23.033 786043.311 218750 0 2 1 4.345 5675908 0.000 0.694 57196544.000 344403968.000 1569314762.362 1569314763.379 124 1 218750 406250 781250
1569314763.75 4320811 22.917 786043.311 218750 0 2 1 4.345 5675908 0.000 0.694 57196544.000 344403968.000 1569314762.362 1569314763.379 124 1 218750 406250 781250
1569314763.85 4302577 22.783 786043.311 218750 0 2 1 4.345 5675908 10.000 0.694 57196544.000 344403968.000 1569314762.362 1569314763.379 124 1 218750 406250 781250
1569314763.96 4291064 22.717 786043.311 218750 0 2 1 4.345 5675908 0.000 0.694 57196544.000 344403968.000 1569314762.362 1569314763.379 124 1 218750 406250 781250
1569314764.06 4272562 22.583 786043.311 218750 0 2 1 4.345 5675908 0.000 0.694 57196544.000 344403968.000 1569314762.362 1569314763.379 124 1 218750 406250 781250
1569314764.16 4263022 22.517 786043.311 218750 0 2 1 4.345 5675908 0.000 0.694 57196544.000 344403968.000 1569314762.362 1569314763.379 124 1 218750 406250 781250
1569314764.26 4203353 22.417 786043.311 218750 0 2 1 4.345 5675908 10.000 0.694 57196544.000 344403968.000 1569314762.362 1569314763.379 124 1 218750 406250 781250
1569314764.36 4189785 22.283 786043.311 218750 0 2 1 4.345 5675908 0.000 0.694 57196544.000 344403968.000 1569314762.362 1569314763.379 124 1 218750 406250 781250
1569314764.47 4182301 22.217 786043.311 218750 0 2 1 4.345 5675908 10.000 0.667 54935552.000 342257664.000 1569314764.431 1569314763.379 124 1 218750 406250 781250
1569314764.57 4165935 22.083 786043.311 218750 0 2 1 4.345 5675908 18.182 0.669 54984704.000 342392832.000 1569314764.431 1569314763.379 124 1 218750 406250 781250
1569314764.67 4159047 22.017 786043.311 218750 0 2 1 4.345 5675908 40.000 0.686 56492032.000 343838720.000 1569314764.431 1569314763.379 124 1 218750 406250 781250
1569314764.77 4093580 21.850 786043.311 218750 0 2 1 4.345 5675908 10.000 0.688 56524800.000 343982080.000 1569314764.759 1569314763.379 124 1 218750 406250 781250
1569314764.87 4086691 21.783 786043.311 218750 0 2 1 4.345 5675908 40.000 0.667 54935552.000 342118400.000 1569314764.759 1569314763.379 124 1 218750 406250 781250
1569314764.97 4070126 21.650 786043.311 218750 0 2 1 4.345 5675908 10.000 0.667 54935552.000 342118400.000 1569314764.759 1569314763.379 124 1 218750 406250 781250
1569314765.08 4062882 21.583 786043.311 218750 0 2 1 4.345 5675908 0.000 0.667 54935552.000 342118400.000 1569314764.759 1569314763.379 124 1 218750 406250 781250
1569314765.18 4049844 21.500 786043.311 218750 0 2 1 4.345 5675908 0.000 0.667 54935552.000 342118400.000 1569314764.759 1569314763.379 124 1 218750 406250 781250
1569314765.28 3994538 21.400 786043.311 218750 0 2 1 4.345 5675908 0.000 0.667 54935552.000 342118400.000 1569314764.759 1569314763.379 124 1 218750 406250 781250
1569314765.38 3986538 21.267 786043.311 218750 0 2 1 4.345 5675908 0.000 0.667 54935552.000 342118400.000 1569314764.759 1569314763.379 124 1 218750 406250 781250
1569314765.48 3978819 21.200 786043.311 218750 0 2 1 4.345 5675908 10.000 0.667 54935552.000 342118400.000 1569314764.759 1569314763.379 124 1 218750 406250 781250
1569314765.58 3962065 21.067 786043.311 218750 0 2 1 4.345 5675908 0.000 0.667 54935552.000 342118400.000 1569314764.759 1569314763.379 124 1 218750 406250 781250
1569314765.68 3956248 21.000 786043.311 218750 0 2 1 4.345 5675908 0.000 0.667 54935552.000 342118400.000 1569314764.759 1569314763.379 124 1 218750 406250 781250
1569314765.79 3893596 20.850 786043.311 218750 0 2 1 4.345 5675908 0.000 0.667 54935552.000 342118400.000 1569314764.759 1569314763.379 124 1 218750 406250 781250
#Host: 10.73.0.27
1569314765.89 3887573 20.783 786043.311 218750 0 2 1 4.345 5675908 10.000 0.667 54935552.000 342118400.000 1569314764.759 1569314763.379 124 1 218750 406250 781250
1569314765.99 3874755 20.650 786043.311 218750 0 2 1 4.345 5675908 10.000 0.667 54935552.000 342118400.000 1569314764.759 1569314763.379 124 1 218750 406250 781250
1569314766.09 3867801 20.583 786043.311 218750 0 2 1 4.345 5675908 0.000 0.667 54935552.000 342118400.000 1569314764.759 1569314763.379 124 1 218750 406250 781250
1569314766.19 3856528 20.483 786043.311 218750 0 2 1 4.345 5675908 0.000 0.667 54935552.000 342118400.000 1569314764.759 1569314763.379 124 1 218750 406250 781250
1569314766.30 3801859 20.350 786043.311 218750 0 2 1 4.345 5675908 10.000 0.667 54935552.000 342118400.000 1569314764.759 1569314763.379 124 1 218750 406250 781250
1569314766.40 3795697 20.283 786043.311 218750 0 2 1 4.345 5675908 0.000 0.667 54935552.000 342118400.000 1569314764.759 1569314763.379 124 1 218750 406250 781250
1569314766.50 3779888 20.133 786043.311 218750 0 2 1 4.345 5675908 0.000 0.667 54935552.000 342118400.000 1569314764.759 1569314763.379 124 1 218750 406250 781250
1569314766.60 3771326 20.067 786043.311 218750 0 2 1 4.345 5675908 0.000 0.667 54935552.000 342118400.000 1569314764.759 1569314763.379 124 1 218750 406250 781250
1569314766.70 3708996 19.917 786043.311 218750 0 2 1 4.345 5675908 0.000 0.667 54935552.000 342118400.000 1569314764.759 1569314763.379 124 1 218750 406250 781250
1569314766.81 3702143 19.850 786043.311 218750 0 2 1 4.345 5675908 10.000 0.667 54935552.000 342118400.000 1569314764.759 1569314763.379 124 1 218750 406250 781250
1569314766.91 3689457 19.717 786043.311 218750 0 2 1 4.345 5675908 0.000 0.667 54935552.000 342118400.000 1569314764.759 1569314763.379 124 1 218750 406250 781250
1569314767.01 3681312 19.650 786043.311 218750 0 2 1 4.345 5675908 10.000 0.667 54935552.000 342118400.000 1569314766.987 1569314763.379 124 1 218750 406250 781250
1569314767.11 3668049 19.517 786043.311 218750 0 2 1 4.345 5675908 0.000 0.668 54935552.000 342257664.000 1569314766.987 1569314763.379 124 1 218750 406250 781250
1569314767.21 3612949 19.417 786043.311 218750 0 2 1 4.345 5675908 20.000 0.669 55001088.000 342392832.000 1569314766.987 1569314763.379 124 1 218750 406250 781250
1569314767.32 3607260 19.350 786043.311 218750 0 2 1 4.345 5675908 9.091 0.671 55144448.000 342536192.000 1569314766.987 1569314763.379 124 1 218750 406250 781250
1569314767.42 3592999 19.217 786043.311 218750 0 2 1 4.345 5675908 10.000 0.673 55287808.000 342679552.000 1569314766.987 1569314763.379 124 1 218750 406250 781250
1569314767.52 3585257 19.150 786043.311 218750 0 2 1 4.345 5675908 10.000 0.675 55431168.000 342822912.000 1569314766.987 1569314763.379 124 1 218750 406250 781250
1569314767.62 3572498 19.017 786043.311 218750 0 2 1 4.345 5675908 10.000 0.676 55590912.000 342966272.000 1569314766.987 1569314763.379 124 1 218750 406250 781250
1569314767.72 3517229 18.917 786043.311 218750 0 2 1 4.345 5675908 20.000 0.678 55734272.000 343109632.000 1569314766.987 1569314763.379 124 1 218750 406250 781250
1569314767.82 3511854 18.850 786043.311 218750 0 2 1 4.345 5675908 10.000 0.680 55877632.000 343252992.000 1569314766.987 1569314763.379 124 1 218750 406250 781250
1569314767.93 3499716 18.717 786043.311 218750 0 2 1 4.345 5675908 18.182 0.682 56020992.000 343396352.000 1569314766.987 1569314763.379 124 1 218750 406250 781250
1569314768.03 3492844 18.650 786043.311 218750 0 2 1 4.345 5675908 10.000 0.684 56176640.000 343539712.000 1569314766.987 1569314763.379 124 1 218750 406250 781250
1569314768.13 3480716 18.517 786043.311 218750 0 2 1 4.345 5675908 10.000 0.685 56320000.000 343683072.000 1569314766.987 1569314763.379 124 1 218750 406250 781250
1569314768.23 3426910 18.417 786043.311 218750 0 2 1 4.345 5675908 20.000 0.687 56463360.000 343826432.000 1569314766.987 1569314763.379 124 1 218750 406250 781250
1569314768.33 3422094 18.350 786043.311 218750 0 2 1 4.345 5675908 20.000 0.689 56606720.000 343969792.000 1569314766.987 1569314763.379 124 1 218750 406250 781250
1569314768.44 3407384 18.200 786043.311 218750 0 2 1 4.345 5675908 18.182 0.691 56750080.000 344113152.000 1569314766.987 1569314763.379 124 1 218750 406250 781250
1569314768.54 3400078 18.133 786043.311 218750 0 2 1 4.345 5675908 0.000 0.691 56905728.000 344113152.000 1569314766.987 1569314763.379 124 1 218750 406250 781250
1569314768.64 3386789 18.000 786043.311 218750 0 2 1 4.345 5675908 10.000 0.694 57171968.000 344428544.000 1569314766.987 1569314763.379 124 1 218750 406250 781250
1569314768.74 3331611 17.917 786043.311 218750 0 2 1 4.345 5675908 0.000 0.694 57176064.000 344428544.000 1569314766.987 1569314763.379 124 1 218750 406250 781250
1569314768.84 4071375 21.767 443397.910 218750 0 2 1 4.345 6475848 30.000 0.675 55590912.000 342118400.000 1569314766.987 1569314768.791 14 0 218750 406250 781250
1569314768.94 4065132 21.700 443397.910 218750 0 2 1 4.345 6475848 10.000 0.675 55603200.000 342118400.000 1569314766.987 1569314768.791 14 0 218750 406250 781250
#Host: 10.73.0.27
1569314769.05 4051244 21.567 443397.910 218750 0 2 1 4.345 6475848 0.000 0.675 55603200.000 342118400.000 1569314766.987 1569314768.791 14 0 218750 406250 781250
1569314769.15 4045805 21.500 443397.910 218750 0 2 1 4.345 6475848 18.182 0.675 55603200.000 342257664.000 1569314769.052 1569314768.791 14 0 218750 406250 781250
1569314769.25 3992378 21.400 443397.910 218750 0 2 1 4.345 6475848 10.000 0.678 55656448.000 342392832.000 1569314769.052 1569314768.791 14 0 218750 406250 781250
1569314769.35 3980189 21.267 443397.910 218750 0 2 1 4.345 6475848 10.000 0.680 55840768.000 342536192.000 1569314769.052 1569314768.791 14 0 218750 406250 781250
1569314769.45 3973537 21.200 443397.910 218750 0 2 1 4.345 6475848 18.182 0.682 56020992.000 342822912.000 1569314769.354 1569314768.791 14 0 218750 406250 781250
1569314769.56 3958677 21.067 443397.910 218750 0 2 1 4.345 6475848 10.000 0.684 56205312.000 342966272.000 1569314769.354 1569314768.791 14 0 218750 406250 781250
1569314769.66 3953088 21.000 443397.910 218750 0 2 1 4.345 6475848 20.000 0.687 56385536.000 343109632.000 1569314769.354 1569314768.791 14 0 218750 406250 781250
1569314769.76 3898762 20.900 443397.910 218750 0 2 1 4.345 6475848 10.000 0.689 56569856.000 343396352.000 1569314769.354 1569314768.791 14 0 218750 406250 781250
1569314769.86 3885217 20.767 443397.910 218750 0 2 1 4.345 6475848 20.000 0.691 56750080.000 343539712.000 1569314769.354 1569314768.791 14 0 218750 406250 781250
1569314769.96 3878170 20.700 443397.910 218750 0 2 1 4.345 6475848 20.000 0.693 56934400.000 343683072.000 1569314769.354 1569314768.791 14 0 218750 406250 781250
1569314770.07 3861940 20.567 443397.910 218750 0 2 1 4.345 6475848 9.091 0.696 57118720.000 343826432.000 1569314769.354 1569314768.791 14 0 218750 406250 781250
1569314770.17 3855943 20.500 443397.910 218750 0 2 1 4.345 6475848 40.000 0.675 55603200.000 342118400.000 1569314769.354 1569314768.791 14 0 218750 406250 781250
1569314770.27 3801377 20.400 443397.910 218750 0 2 1 4.345 6475848 0.000 0.675 55603200.000 342118400.000 1569314769.354 1569314768.791 14 0 218750 406250 781250
#Host: 10.73.0.27
1569314770.37 3789715 20.267 443397.910 218750 0 2 1 4.345 6475848 10.000 0.675 55603200.000 342118400.000 1569314769.354 1569314768.791 14 0 218750 406250 781250
1569314770.47 3776871 20.133 443397.910 218750 0 2 1 4.345 6475848 0.000 0.675 55603200.000 342118400.000 1569314769.354 1569314768.791 14 0 218750 406250 781250
1569314770.57 3769880 20.067 443397.910 218750 0 2 1 4.345 6475848 0.000 0.675 55603200.000 342118400.000 1569314769.354 1569314768.791 14 0 218750 406250 781250
1569314770.68 3758732 19.983 443397.910 218750 0 2 1 4.345 6475848 0.000 0.675 55603200.000 342118400.000 1569314770.664 1569314768.791 14 0 218750 406250 781250
1569314770.78 3702333 19.833 443397.910 218750 0 2 1 4.345 6475848 30.000 0.682 56139776.000 342827008.000 1569314770.664 1569314768.791 14 0 218750 406250 781250
1569314770.88 3695387 19.767 443397.910 218750 0 2 1 4.345 6475848 10.000 0.685 56180736.000 342974464.000 1569314770.664 1569314768.791 14 0 218750 406250 781250
1569314770.98 3679587 19.633 443397.910 218750 0 2 1 4.345 6475848 20.000 0.687 56406016.000 343261184.000 1569314770.664 1569314768.791 14 0 218750 406250 781250
1569314771.08 3671725 19.567 443397.910 218750 0 2 1 4.345 6475848 20.000 0.690 56627200.000 343404544.000 1569314770.664 1569314768.791 14 0 218750 406250 781250
1569314771.19 3659763 19.483 443397.910 218750 0 2 1 4.345 6475848 18.182 0.692 56836096.000 343691264.000 1569314770.664 1569314768.791 14 0 218750 406250 781250
1569314771.29 3606970 19.333 443397.910 218750 0 2 1 4.345 6475848 20.000 0.695 57057280.000 343834624.000 1569314770.664 1569314768.791 14 0 218750 406250 781250
1569314771.39 3600513 19.267 443397.910 218750 0 2 1 4.345 6475848 20.000 0.698 57278464.000 344117248.000 1569314770.664 1569314768.791 14 0 218750 406250 781250
1569314771.49 3587163 19.133 443397.910 218750 0 2 1 4.345 6475848 20.000 0.701 57499648.000 344260608.000 1569314770.664 1569314768.791 14 0 218750 406250 781250
1569314771.59 4326494 23.050 895747.161 218750 0 2 1 4.345 7269960 50.000 0.681 55951360.000 342118400.000 1569314770.664 1569314771.551 14 0 218750 406250 781250
1569314771.69 4313190 22.967 895747.161 218750 0 2 1 4.345 7269960 0.000 0.681 56082432.000 342118400.000 1569314770.664 1569314771.551 14 0 218750 406250 781250
1569314771.80 4260676 22.833 895747.161 218750 0 2 1 4.345 7269960 10.000 0.681 56082432.000 342118400.000 1569314770.664 1569314771.551 14 0 218750 406250 781250
1569314771.90 4254350 22.767 895747.161 218750 0 2 1 4.345 7269960 0.000 0.681 56082432.000 342118400.000 1569314770.664 1569314771.551 14 0 218750 406250 781250
1569314772.00 4241422 22.633 895747.161 218750 0 2 1 4.345 7269960 0.000 0.681 56082432.000 342118400.000 1569314770.664 1569314771.551 14 0 218750 406250 781250
1569314772.10 4235353 22.567 895747.161 218750 0 2 1 4.345 7269960 10.000 0.681 56082432.000 342118400.000 1569314770.664 1569314771.551 14 0 218750 406250 781250
1569314772.20 4224153 22.467 895747.161 218750 0 2 1 4.345 7269960 0.000 0.681 56082432.000 342118400.000 1569314770.664 1569314771.551 14 0 218750 406250 781250
1569314772.30 4173828 22.333 895747.161 218750 0 2 1 4.345 7269960 0.000 0.681 56082432.000 342118400.000 1569314770.664 1569314771.551 14 0 218750 406250 781250
1569314772.41 4159610 22.200 895747.161 218750 0 2 1 4.345 7269960 0.000 0.681 56082432.000 342118400.000 1569314770.664 1569314771.551 14 0 218750 406250 781250
1569314772.51 4151602 22.133 895747.161 218750 0 2 1 4.345 7269960 10.000 0.681 56082432.000 342118400.000 1569314770.664 1569314771.551 14 0 218750 406250 781250
1569314772.61 4136557 22.000 895747.161 218750 0 2 1 4.345 7269960 10.000 0.681 56082432.000 342118400.000 1569314770.664 1569314771.551 14 0 218750 406250 781250
#Host: 10.73.0.27
1569314772.71 4087526 21.900 895747.161 218750 0 2 1 4.345 7269960 0.000 0.681 56082432.000 342118400.000 1569314770.664 1569314771.551 14 0 218750 406250 781250
1569314772.82 4081290 21.833 895747.161 218750 0 2 1 4.345 7269960 18.182 0.684 56082432.000 342396928.000 1569314772.732 1569314771.551 14 0 218750 406250 781250
1569314772.92 4066993 21.700 895747.161 218750 0 2 1 4.345 7269960 10.000 0.686 56336384.000 342540288.000 1569314772.732 1569314771.551 14 0 218750 406250 781250
1569314773.02 4058818 21.633 895747.161 218750 0 2 1 4.345 7269960 10.000 0.688 56504320.000 342827008.000 1569314772.732 1569314771.551 14 0 218750 406250 781250
1569314773.12 4043118 21.500 895747.161 218750 0 2 1 4.345 7269960 20.000 0.691 56725504.000 343113728.000 1569314772.732 1569314771.551 14 0 218750 406250 781250
1569314773.22 3990751 21.400 895747.161 218750 0 2 1 4.345 7269960 10.000 0.694 56946688.000 343257088.000 1569314772.732 1569314771.551 14 0 218750 406250 781250
1569314773.32 3984094 21.333 895747.161 218750 0 2 1 4.345 7269960 20.000 0.696 57155584.000 343543808.000 1569314772.732 1569314771.551 14 0 218750 406250 781250
1569314773.43 3967750 21.200 895747.161 218750 0 2 1 4.345 7269960 20.000 0.699 57376768.000 343687168.000 1569314772.732 1569314771.551 14 0 218750 406250 781250
1569314773.53 3960407 21.133 895747.161 218750 0 2 1 4.345 7269960 18.182 0.702 57597952.000 343973888.000 1569314772.732 1569314771.551 14 0 218750 406250 781250
1569314773.63 3947357 21.000 895747.161 218750 0 2 1 4.345 7269960 20.000 0.704 57819136.000 344117248.000 1569314772.732 1569314771.551 14 0 218750 406250 781250
1569314773.73 3892757 20.883 895747.161 218750 0 2 1 4.345 7269960 20.000 0.707 58028032.000 344403968.000 1569314772.732 1569314771.551 14 0 218750 406250 781250
1569314773.83 4651041 24.817 769703.109 218750 0 2 1 4.345 8078360 50.000 0.692 56934400.000 342118400.000 1569314772.732 1569314773.782 130 1 218750 406250 781250
1569314773.93 4638441 24.683 769703.109 218750 0 2 1 4.345 8078360 9.091 0.692 57053184.000 342118400.000 1569314772.732 1569314773.782 130 1 218750 406250 781250
#Host: 10.73.0.27
1569314774.04 4630259 24.617 769703.109 218750 0 2 1 4.345 8078360 0.000 0.692 57053184.000 342118400.000 1569314772.732 1569314773.782 130 1 218750 406250 781250
1569314774.14 4616311 24.483 769703.109 218750 0 2 1 4.345 8078360 10.000 0.692 57053184.000 342118400.000 1569314772.732 1569314773.782 130 1 218750 406250 781250
1569314774.24 4561307 24.383 769703.109 218750 0 2 1 4.345 8078360 0.000 0.692 57053184.000 342118400.000 1569314772.732 1569314773.782 130 1 218750 406250 781250
1569314774.34 4556747 24.317 769703.109 218750 0 2 1 4.345 8078360 0.000 0.692 57053184.000 342118400.000 1569314772.732 1569314773.782 130 1 218750 406250 781250
1569314774.44 4543665 24.183 769703.109 218750 0 2 1 4.345 8078360 0.000 0.692 57053184.000 342118400.000 1569314772.732 1569314773.782 130 1 218750 406250 781250
1569314774.55 4535582 24.117 769703.109 218750 0 2 1 4.345 8078360 9.091 0.692 57053184.000 342118400.000 1569314772.732 1569314773.782 130 1 218750 406250 781250
1569314774.65 4521026 23.983 769703.109 218750 0 2 1 4.345 8078360 0.000 0.692 57053184.000 342118400.000 1569314772.732 1569314773.782 130 1 218750 406250 781250
1569314774.75 4466367 23.900 769703.109 218750 0 2 1 4.345 8078360 0.000 0.692 57053184.000 342118400.000 1569314772.732 1569314773.782 130 1 218750 406250 781250
1569314774.85 4454321 23.767 769703.109 218750 0 2 1 4.345 8078360 40.000 0.707 58130432.000 343412736.000 1569314774.797 1569314773.782 130 1 218750 406250 781250
1569314774.95 4446148 23.683 769703.109 218750 0 2 1 4.345 8078360 0.000 0.707 58216448.000 343412736.000 1569314774.797 1569314773.782 130 1 218750 406250 781250
1569314775.06 4431864 23.550 769703.109 218750 0 2 1 4.345 8078360 0.000 0.707 58216448.000 343412736.000 1569314775.031 1569314773.782 130 1 218750 406250 781250
1569314775.16 4425411 23.483 769703.109 218750 0 2 1 4.345 8078360 30.000 0.710 58281984.000 343547904.000 1569314775.031 1569314773.782 130 1 218750 406250 781250
1569314775.26 4370294 23.400 769703.109 218750 0 2 1 4.345 8078360 10.000 0.712 58466304.000 343834624.000 1569314775.031 1569314773.782 130 1 218750 406250 781250
1569314775.36 4358392 23.267 769703.109 218750 0 2 1 4.345 8078360 20.000 0.714 58650624.000 343973888.000 1569314775.031 1569314773.782 130 1 218750 406250 781250
1569314775.47 4343868 23.133 769703.109 218750 0 2 1 4.345 8078360 41.667 0.692 57053184.000 342118400.000 1569314775.031 1569314773.782 130 1 218750 406250 781250
1569314775.58 4337552 23.067 769703.109 218750 0 2 1 4.345 8078360 0.000 0.692 57053184.000 342118400.000 1569314775.031 1569314773.782 130 1 218750 406250 781250
1569314775.68 4331039 22.983 769703.109 218750 0 2 1 4.345 8078360 10.000 0.692 57053184.000 342118400.000 1569314775.031 1569314773.782 130 1 218750 406250 781250
1569314775.78 4274155 22.883 769703.109 218750 0 2 1 4.345 8078360 0.000 0.692 57053184.000 342118400.000 1569314775.031 1569314773.782 130 1 218750 406250 781250
1569314775.88 4263849 22.750 769703.109 218750 0 2 1 4.345 8078360 0.000 0.692 57053184.000 342118400.000 1569314775.031 1569314773.782 130 1 218750 406250 781250
1569314775.98 4258450 22.683 769703.109 218750 0 2 1 4.345 8078360 0.000 0.692 57053184.000 342118400.000 1569314775.031 1569314773.782 130 1 218750 406250 781250
1569314776.08 4245019 22.550 769703.109 218750 0 2 1 4.345 8078360 0.000 0.692 57053184.000 342118400.000 1569314775.031 1569314773.782 130 1 218750 406250 781250
1569314776.19 4239220 22.483 769703.109 218750 0 2 1 4.345 8078360 0.000 0.692 57053184.000 342118400.000 1569314775.031 1569314773.782 130 1 218750 406250 781250
1569314776.29 4182191 22.333 769703.109 218750 0 2 1 4.345 8078360 10.000 0.692 57053184.000 342118400.000 1569314775.031 1569314773.782 130 1 218750 406250 781250
1569314776.39 4176032 22.267 769703.109 218750 0 2 1 4.345 8078360 10.000 0.692 57053184.000 342118400.000 1569314775.031 1569314773.782 130 1 218750 406250 781250
#Host: 10.73.0.27
1569314776.49 4161536 22.133 769703.109 218750 0 2 1 4.345 8078360 0.000 0.692 57053184.000 342118400.000 1569314775.031 1569314773.782 130 1 218750 406250 781250
1569314776.59 4155609 22.067 769703.109 218750 0 2 1 4.345 8078360 0.000 0.692 57053184.000 342118400.000 1569314775.031 1569314773.782 130 1 218750 406250 781250
1569314776.70 4144986 21.967 769703.109 218750 0 2 1 4.345 8078360 0.000 0.692 57053184.000 342118400.000 1569314775.031 1569314773.782 130 1 218750 406250 781250
1569314776.80 4089987 21.867 769703.109 218750 0 2 1 4.345 8078360 0.000 0.692 57053184.000 342118400.000 1569314775.031 1569314773.782 130 1 218750 406250 781250
1569314776.90 4075892 21.733 769703.109 218750 0 2 1 4.345 8078360 10.000 0.692 57053184.000 342118400.000 1569314775.031 1569314773.782 130 1 218750 406250 781250
1569314777.00 4068761 21.667 769703.109 218750 0 2 1 4.345 8078360 10.000 0.692 57053184.000 342118400.000 1569314775.031 1569314773.782 130 1 218750 406250 781250
1569314777.10 4053168 21.517 769703.109 218750 0 2 1 4.345 8078360 0.000 0.692 57053184.000 342118400.000 1569314775.031 1569314773.782 130 1 218750 406250 781250
1569314777.21 3993992 21.400 769703.109 218750 0 2 1 4.345 8078360 0.000 0.692 57053184.000 342118400.000 1569314775.031 1569314773.782 130 1 218750 406250 781250
1569314777.31 3987364 21.317 769703.109 218750 0 2 1 4.345 8078360 0.000 0.692 57053184.000 342118400.000 1569314775.031 1569314773.782 130 1 218750 406250 781250
1569314777.41 3980297 21.250 769703.109 218750 0 2 1 4.345 8078360 10.000 0.692 57053184.000 342118400.000 1569314775.031 1569314773.782 130 1 218750 406250 781250
1569314777.51 3965689 21.117 769703.109 218750 0 2 1 4.345 8078360 0.000 0.692 57053184.000 342118400.000 1569314775.031 1569314773.782 130 1 218750 406250 781250
1569314777.61 3958669 21.050 769703.109 218750 0 2 1 4.345 8078360 10.000 0.693 57053184.000 342257664.000 1569314777.540 1569314773.782 130 1 218750 406250 781250
1569314777.71 3902088 20.900 769703.109 218750 0 2 1 4.345 8078360 9.091 0.696 57118720.000 342536192.000 1569314777.540 1569314773.782 130 1 218750 406250 781250
1569314777.82 3897462 20.833 769703.109 218750 0 2 1 4.345 8078360 20.000 0.699 57380864.000 342822912.000 1569314777.540 1569314773.782 130 1 218750 406250 781250
1569314777.92 3886664 20.700 769703.109 218750 0 2 1 4.345 8078360 10.000 0.703 57626624.000 342966272.000 1569314777.540 1569314773.782 130 1 218750 406250 781250
1569314778.02 3879065 20.633 769703.109 218750 0 2 1 4.345 8078360 20.000 0.706 57888768.000 343252992.000 1569314777.540 1569314773.782 130 1 218750 406250 781250
1569314778.12 3865072 20.500 769703.109 218750 0 2 1 4.345 8078360 20.000 0.709 58138624.000 343539712.000 1569314777.540 1569314773.782 130 1 218750 406250 781250
1569314778.22 3815070 20.400 769703.109 218750 0 2 1 4.345 8078360 20.000 0.712 58396672.000 343826432.000 1569314777.540 1569314773.782 130 1 218750 406250 781250
1569314778.33 3808669 20.333 769703.109 218750 0 2 1 4.345 8078360 20.000 0.715 58658816.000 343969792.000 1569314777.540 1569314773.782 130 1 218750 406250 781250
1569314778.43 3794008 20.200 769703.109 218750 0 2 1 4.345 8078360 9.091 0.716 58904576.000 344117248.000 1569314777.540 1569314773.782 130 1 218750 406250 781250
1569314778.53 4527150 24.133 845821.951 218750 0 2 1 4.345 8867396 40.000 0.696 57331712.000 342118400.000 1569314777.540 1569314778.473 298 2 218750 406250 781250
1569314778.63 4511886 24.000 845821.951 218750 0 2 1 4.345 8867396 0.000 0.696 57380864.000 342118400.000 1569314777.540 1569314778.473 298 2 218750 406250 781250
1569314778.73 4457664 23.900 845821.951 218750 0 2 1 4.345 8867396 10.000 0.696 57380864.000 342118400.000 1569314777.540 1569314778.473 298 2 218750 406250 781250
1569314778.83 4450813 23.833 845821.951 218750 0 2 1 4.345 8867396 9.091 0.696 57380864.000 342118400.000 1569314777.540 1569314778.473 298 2 218750 406250 781250
1569314778.94 4436343 23.700 845821.951 218750 0 2 1 4.345 8867396 0.000 0.696 57380864.000 342118400.000 1569314777.540 1569314778.473 298 2 218750 406250 781250
1569314779.04 4426897 23.617 845821.951 218750 0 2 1 4.345 8867396 0.000 0.696 57380864.000 342118400.000 1569314777.540 1569314778.473 298 2 218750 406250 781250
1569314779.14 4411744 23.483 845821.951 218750 0 2 1 4.345 8867396 0.000 0.696 57380864.000 342118400.000 1569314777.540 1569314778.473 298 2 218750 406250 781250
1569314779.24 4359719 23.400 845821.951 218750 0 2 1 4.345 8867396 0.000 0.696 57380864.000 342118400.000 1569314777.540 1569314778.473 298 2 218750 406250 781250
1569314779.34 4349676 23.267 845821.951 218750 0 2 1 4.345 8867396 0.000 0.696 57380864.000 342118400.000 1569314777.540 1569314778.473 298 2 218750 406250 781250
1569314779.44 4343946 23.200 845821.951 218750 0 2 1 4.345 8867396 10.000 0.696 57380864.000 342118400.000 1569314777.540 1569314778.473 298 2 218750 406250 781250
1569314779.55 4331340 23.067 845821.951 218750 0 2 1 4.345 8867396 0.000 0.696 57380864.000 342118400.000 1569314777.540 1569314778.473 298 2 218750 406250 781250
#Host: 10.73.0.27
1569314779.65 4324661 23.000 845821.951 218750 0 2 1 4.345 8867396 9.091 0.697 57380864.000 342257664.000 1569314779.605 1569314778.473 298 2 218750 406250 781250
1569314779.75 4269434 22.900 845821.951 218750 0 2 1 4.345 8867396 10.000 0.699 57397248.000 342396928.000 1569314779.605 1569314778.473 298 2 218750 406250 781250
1569314779.85 4257501 22.767 845821.951 218750 0 2 1 4.345 8867396 20.000 0.703 57630720.000 342683648.000 1569314779.605 1569314778.473 298 2 218750 406250 781250
1569314779.95 4250821 22.700 845821.951 218750 0 2 1 4.345 8867396 9.091 0.706 57892864.000 342970368.000 1569314779.605 1569314778.473 298 2 218750 406250 781250
1569314780.06 4235942 22.567 845821.951 218750 0 2 1 4.345 8867396 20.000 0.709 58138624.000 343257088.000 1569314779.605 1569314778.473 298 2 218750 406250 781250
1569314780.16 4230395 22.500 845821.951 218750 0 2 1 4.345 8867396 20.000 0.712 58400768.000 343400448.000 1569314779.605 1569314778.473 298 2 218750 406250 781250
1569314780.26 4176446 22.400 845821.951 218750 0 2 1 4.345 8867396 20.000 0.715 58646528.000 343691264.000 1569314779.605 1569314778.473 298 2 218750 406250 781250
1569314780.36 4165273 22.267 845821.951 218750 0 2 1 4.345 8867396 10.000 0.716 58912768.000 343834624.000 1569314779.605 1569314778.473 298 2 218750 406250 781250
1569314780.46 4159171 22.200 845821.951 218750 0 2 1 4.345 8867396 30.000 0.721 59297792.000 344252416.000 1569314779.605 1569314778.473 298 2 218750 406250 781250
1569314780.57 4884682 26.083 845950.440 218750 0 2 1 4.345 9653800 36.364 0.706 58011648.000 342118400.000 1569314779.605 1569314780.534 298 2 218750 406250 781250
1569314780.67 4873282 26.000 845950.440 218750 0 2 1 4.345 9653800 10.000 0.706 58200064.000 342118400.000 1569314779.605 1569314780.534 298 2 218750 406250 781250
1569314780.77 4818589 25.867 845950.440 218750 0 2 1 4.345 9653800 0.000 0.706 58200064.000 342118400.000 1569314779.605 1569314780.534 298 2 218750 406250 781250
#Host: 10.73.0.27
1569314780.87 4812362 25.800 845950.440 218750 0 2 1 4.345 9653800 9.091 0.706 58200064.000 342118400.000 1569314779.605 1569314780.534 298 2 218750 406250 781250
1569314780.98 4798582 25.683 845950.440 218750 0 2 1 4.345 9653800 0.000 0.706 58200064.000 342118400.000 1569314779.605 1569314780.534 298 2 218750 406250 781250
1569314781.08 4784845 25.550 845950.440 218750 0 2 1 4.345 9653800 10.000 0.706 58200064.000 342118400.000 1569314779.605 1569314780.534 298 2 218750 406250 781250
1569314781.18 4777423 25.500 845950.440 218750 0 2 1 4.345 9653800 0.000 0.706 58200064.000 342118400.000 1569314779.605 1569314780.534 298 2 218750 406250 781250
1569314781.28 4718808 25.350 845950.440 218750 0 2 1 4.345 9653800 0.000 0.706 58200064.000 342118400.000 1569314779.605 1569314780.534 298 2 218750 406250 781250
1569314781.38 4712094 25.283 845950.440 218750 0 2 1 4.345 9653800 0.000 0.706 58200064.000 342118400.000 1569314779.605 1569314780.534 298 2 218750 406250 781250
1569314781.49 4697704 25.150 845950.440 218750 0 2 1 4.345 9653800 0.000 0.706 58200064.000 342118400.000 1569314779.605 1569314780.534 298 2 218750 406250 781250
1569314781.59 4690474 25.083 845950.440 218750 0 2 1 4.345 9653800 10.000 0.706 58200064.000 342118400.000 1569314779.605 1569314780.534 298 2 218750 406250 781250
1569314781.69 4678123 24.983 845950.440 218750 0 2 1 4.345 9653800 0.000 0.707 58200064.000 342257664.000 1569314781.672 1569314780.534 298 2 218750 406250 781250
1569314781.79 4624253 24.850 845950.440 218750 0 2 1 4.345 9653800 20.000 0.709 58216448.000 342392832.000 1569314781.672 1569314780.534 298 2 218750 406250 781250
1569314781.90 4617921 24.783 845950.440 218750 0 2 1 4.345 9653800 10.000 0.712 58408960.000 342679552.000 1569314781.672 1569314780.534 298 2 218750 406250 781250
1569314782.00 4603359 24.650 845950.440 218750 0 2 1 4.345 9653800 18.182 0.714 58630144.000 342822912.000 1569314781.982 1569314780.534 298 2 218750 406250 781250
1569314782.10 4595758 24.583 845950.440 218750 0 2 1 4.345 9653800 20.000 0.717 58855424.000 343109632.000 1569314781.982 1569314780.534 298 2 218750 406250 781250
1569314782.20 4583700 24.483 845950.440 218750 0 2 1 4.345 9653800 20.000 0.720 59076608.000 343252992.000 1569314781.982 1569314780.534 298 2 218750 406250 781250
1569314782.30 4532256 24.350 845950.440 218750 0 2 1 4.345 9653800 20.000 0.722 59297792.000 343539712.000 1569314781.982 1569314780.534 298 2 218750 406250 781250
1569314782.40 4519764 24.217 845950.440 218750 0 2 1 4.345 9653800 10.000 0.725 59506688.000 343683072.000 1569314781.982 1569314780.534 298 2 218750 406250 781250
1569314782.51 4512919 24.150 845950.440 218750 0 2 1 4.345 9653800 10.000 0.725 59715584.000 343683072.000 1569314781.982 1569314780.534 298 2 218750 406250 781250
1569314782.61 4505153 24.067 845950.440 218750 0 2 1 4.345 9653800 36.364 0.706 58200064.000 342118400.000 1569314781.982 1569314780.534 298 2 218750 406250 781250
1569314782.71 4444377 23.917 845950.440 218750 0 2 1 4.345 9653800 0.000 0.706 58200064.000 342118400.000 1569314781.982 1569314780.534 298 2 218750 406250 781250
1569314782.81 4437629 23.850 845950.440 218750 0 2 1 4.345 9653800 10.000 0.706 58200064.000 342118400.000 1569314781.982 1569314780.534 298 2 218750 406250 781250
1569314782.91 4425542 23.717 845950.440 218750 0 2 1 4.345 9653800 0.000 0.706 58200064.000 342118400.000 1569314781.982 1569314780.534 298 2 218750 406250 781250
1569314783.02 4418768 23.650 845950.440 218750 0 2 1 4.345 9653800 0.000 0.706 58200064.000 342118400.000 1569314781.982 1569314780.534 298 2 218750 406250 781250
1569314783.12 4406059 23.517 845950.440 218750 0 2 1 4.345 9653800 0.000 0.706 58200064.000 342118400.000 1569314781.982 1569314780.534 298 2 218750 406250 781250
1569314783.22 4354410 23.417 845950.440 218750 0 2 1 4.345 9653800 10.000 0.706 58200064.000 342118400.000 1569314781.982 1569314780.534 298 2 218750 406250 781250
1569314783.32 4346120 23.317 845950.440 218750 0 2 1 4.345 9653800 0.000 0.706 58200064.000 342118400.000 1569314781.982 1569314780.534 298 2 218750 406250 781250
1569314783.42 4334077 23.217 845950.440 218750 0 2 1 4.345 9653800 0.000 0.706 58200064.000 342118400.000 1569314781.982 1569314780.534 298 2 218750 406250 781250
1569314783.52 4320333 23.117 845950.440 218750 0 2 1 4.345 9653800 0.000 0.706 58200064.000 342118400.000 1569314781.982 1569314780.534 298 2 218750 406250 781250
1569314783.62 4312829 23.050 845950.440 218750 0 2 1 4.345 9653800 0.000 0.706 58200064.000 342118400.000 1569314781.982 1569314780.534 298 2 218750 406250 781250
#Host: 10.73.0.27
1569314783.73 4260045 22.917 845950.440 218750 0 2 1 4.345 9653800 9.091 0.706 58200064.000 342118400.000 1569314781.982 1569314780.534 298 2 218750 406250 781250
1569314783.83 4254948 22.850 845950.440 218750 0 2 1 4.345 9653800 10.000 0.706 58200064.000 342118400.000 1569314781.982 1569314780.534 298 2 218750 406250 781250
1569314783.93 4242579 22.717 845950.440 218750 0 2 1 4.345 9653800 0.000 0.706 58200064.000 342118400.000 1569314781.982 1569314780.534 298 2 218750 406250 781250
1569314784.03 4231223 22.617 845950.440 218750 0 2 1 4.345 9653800 0.000 0.706 58200064.000 342118400.000 1569314781.982 1569314780.534 298 2 218750 406250 781250
1569314784.13 4224041 22.550 845950.440 218750 0 2 1 4.345 9653800 0.000 0.706 58200064.000 342118400.000 1569314781.982 1569314780.534 298 2 218750 406250 781250
1569314784.24 4171442 22.417 845950.440 218750 0 2 1 4.345 9653800 20.000 0.706 58200064.000 342118400.000 1569314781.982 1569314780.534 298 2 218750 406250 781250
1569314784.34 4159137 22.333 845950.440 218750 0 2 1 4.345 9653800 0.000 0.706 58200064.000 342118400.000 1569314781.982 1569314780.534 298 2 218750 406250 781250
1569314784.44 4147832 22.200 845950.440 218750 0 2 1 4.345 9653800 0.000 0.706 58200064.000 342118400.000 1569314781.982 1569314780.534 298 2 218750 406250 781250
1569314784.54 4140008 22.133 845950.440 218750 0 2 1 4.345 9653800 0.000 0.706 58200064.000 342118400.000 1569314781.982 1569314780.534 298 2 218750 406250 781250
1569314784.64 4123050 22.000 845950.440 218750 0 2 1 4.345 9653800 0.000 0.706 58200064.000 342118400.000 1569314781.982 1569314780.534 298 2 218750 406250 781250
1569314784.75 4068906 21.900 845950.440 218750 0 2 1 4.345 9653800 0.000 0.706 58200064.000 342118400.000 1569314781.982 1569314780.534 298 2 218750 406250 781250
1569314784.85 4063860 21.833 845950.440 218750 0 2 1 4.345 9653800 10.000 0.706 58200064.000 342118400.000 1569314781.982 1569314780.534 298 2 218750 406250 781250
1569314784.95 4050914 21.700 845950.440 218750 0 2 1 4.345 9653800 10.000 0.707 58200064.000 342257664.000 1569314784.899 1569314780.534 298 2 218750 406250 781250
1569314785.05 4043293 21.633 845950.440 218750 0 2 1 4.345 9653800 10.000 0.708 58212352.000 342392832.000 1569314784.899 1569314780.534 298 2 218750 406250 781250
1569314785.15 4028366 21.500 845950.440 218750 0 2 1 4.345 9653800 0.000 0.709 58359808.000 342392832.000 1569314784.899 1569314780.534 298 2 218750 406250 781250
1569314785.26 3976644 21.417 845950.440 218750 0 2 1 4.345 9653800 0.000 0.709 58425344.000 342392832.000 1569314784.899 1569314780.534 298 2 218750 406250 781250
1569314785.36 3965583 21.283 845950.440 218750 0 2 1 4.345 9653800 20.000 0.710 58425344.000 342536192.000 1569314784.899 1569314780.534 298 2 218750 406250 781250
1569314785.46 3957967 21.200 845950.440 218750 0 2 1 4.345 9653800 10.000 0.713 58503168.000 342818816.000 1569314784.899 1569314780.534 298 2 218750 406250 781250
1569314785.56 3941455 21.067 845950.440 218750 0 2 1 4.345 9653800 10.000 0.716 58769408.000 342962176.000 1569314784.899 1569314780.534 298 2 218750 406250 781250
1569314785.67 3934469 21.000 845950.440 218750 0 2 1 4.345 9653800 30.000 0.719 59019264.000 343248896.000 1569314784.899 1569314780.534 298 2 218750 406250 781250
1569314785.77 3884640 20.917 845950.440 218750 0 2 1 4.345 9653800 9.091 0.723 59277312.000 343535616.000 1569314784.899 1569314780.534 298 2 218750 406250 781250
1569314785.87 3872527 20.783 845950.440 218750 0 2 1 4.345 9653800 20.000 0.726 59539456.000 343822336.000 1569314784.899 1569314780.534 298 2 218750 406250 781250
1569314785.97 3856109 20.650 845950.440 218750 0 2 1 4.345 9653800 20.000 0.729 59789312.000 343965696.000 1569314784.899 1569314780.534 298 2 218750 406250 781250
1569314786.07 3848432 20.583 845950.440 218750 0 2 1 4.345 9653800 30.000 0.732 60047360.000 344252416.000 1569314784.899 1569314780.534 298 2 218750 406250 781250
1569314786.18 4588888 24.500 647910.060 218750 0 2 1 4.345 10456560 45.455 0.710 58466304.000 342118400.000 1569314784.899 1569314786.138 296 2 218750 406250 781250
1569314786.28 4537855 24.350 647910.060 218750 0 2 1 4.345 10456560 0.000 0.710 58466304.000 342118400.000 1569314784.899 1569314786.138 296 2 218750 406250 781250
1569314786.38 4531705 24.283 647910.060 218750 0 2 1 4.345 10456560 0.000 0.710 58466304.000 342118400.000 1569314784.899 1569314786.138 296 2 218750 406250 781250
1569314786.48 4517777 24.150 647910.060 218750 0 2 1 4.345 10456560 10.000 0.710 58466304.000 342118400.000 1569314784.899 1569314786.138 296 2 218750 406250 781250
1569314786.58 4510096 24.083 647910.060 218750 0 2 1 4.345 10456560 0.000 0.710 58466304.000 342118400.000 1569314784.899 1569314786.138 296 2 218750 406250 781250
1569314786.69 4496534 24.000 647910.060 218750 0 2 1 4.345 10456560 0.000 0.710 58466304.000 342118400.000 1569314784.899 1569314786.138 296 2 218750 406250 781250
1569314786.79 4445110 23.850 647910.060 218750 0 2 1 4.345 10456560 10.000 0.710 58466304.000 342118400.000 1569314784.899 1569314786.138 296 2 218750 406250 781250
1569314786.89 4438812 23.783 647910.060 218750 0 2 1 4.345 10456560 0.000 0.710 58466304.000 342118400.000 1569314784.899 1569314786.138 296 2 218750 406250 781250
#Host: 10.73.0.27
1569314786.99 4420899 23.633 647910.060 218750 0 2 1 4.345 10456560 0.000 0.710 58466304.000 342118400.000 1569314786.971 1569314786.138 296 2 218750 406250 781250
1569314787.09 4411780 23.567 647910.060 218750 0 2 1 4.345 10456560 10.000 0.712 58466304.000 342401024.000 1569314786.971 1569314786.138 296 2 218750 406250 781250
1569314787.20 4398603 23.483 647910.060 218750 0 2 1 4.345 10456560 27.273 0.721 59191296.000 343171072.000 1569314786.971 1569314786.138 296 2 218750 406250 781250
1569314787.30 5103709 27.333 3051102.857 218750 0 2 1 4.345 11253868 80.000 0.720 59179008.000 342118400.000 1569314786.971 1569314787.232 311 2 218750 406250 781250
1569314787.40 5097311 27.267 3051102.857 218750 0 2 1 4.345 11253868 0.000 0.720 59338752.000 342118400.000 1569314786.971 1569314787.232 311 2 218750 406250 781250
1569314787.50 5083750 27.133 3051102.857 218750 0 2 1 4.345 11253868 0.000 0.720 59338752.000 342118400.000 1569314786.971 1569314787.232 311 2 218750 406250 781250
1569314787.60 5076988 27.067 3051102.857 218750 0 2 1 4.345 11253868 0.000 0.720 59338752.000 342118400.000 1569314786.971 1569314787.232 311 2 218750 406250 781250
1569314787.70 5019129 26.917 3051102.857 218750 0 2 1 4.345 11253868 0.000 0.720 59338752.000 342118400.000 1569314786.971 1569314787.232 311 2 218750 406250 781250
1569314787.81 5013920 26.850 3051102.857 218750 0 2 1 4.345 11253868 0.000 0.720 59338752.000 342118400.000 1569314786.971 1569314787.232 311 2 218750 406250 781250
#Host: 10.73.0.27
1569314787.91 4999769 26.717 3051102.857 218750 0 2 1 4.345 11253868 10.000 0.720 59338752.000 342118400.000 1569314786.971 1569314787.232 311 2 218750 406250 781250
1569314788.01 4991797 26.650 3051102.857 218750 0 2 1 4.345 11253868 0.000 0.720 59338752.000 342118400.000 1569314786.971 1569314787.232 311 2 218750 406250 781250
1569314788.11 4975797 26.517 3051102.857 218750 0 2 1 4.345 11253868 10.000 0.720 59338752.000 342118400.000 1569314786.971 1569314787.232 311 2 218750 406250 781250
1569314788.21 4922617 26.417 3051102.857 218750 0 2 1 4.345 11253868 0.000 0.720 59338752.000 342118400.000 1569314786.971 1569314787.232 311 2 218750 406250 781250
1569314788.32 4916482 26.350 3051102.857 218750 0 2 1 4.345 11253868 0.000 0.720 59338752.000 342118400.000 1569314786.971 1569314787.232 311 2 218750 406250 781250
1569314788.42 4901487 26.217 3051102.857 218750 0 2 1 4.345 11253868 10.000 0.720 59338752.000 342118400.000 1569314786.971 1569314787.232 311 2 218750 406250 781250
1569314788.52 4894001 26.150 3051102.857 218750 0 2 1 4.345 11253868 0.000 0.720 59338752.000 342118400.000 1569314786.971 1569314787.232 311 2 218750 406250 781250
1569314788.62 4879093 26.017 3051102.857 218750 0 2 1 4.345 11253868 10.000 0.720 59338752.000 342118400.000 1569314786.971 1569314787.232 311 2 218750 406250 781250
1569314788.72 4827231 25.917 3051102.857 218750 0 2 1 4.345 11253868 0.000 0.720 59338752.000 342118400.000 1569314786.971 1569314787.232 311 2 218750 406250 781250
1569314788.82 4820483 25.850 3051102.857 218750 0 2 1 4.345 11253868 0.000 0.720 59338752.000 342118400.000 1569314786.971 1569314787.232 311 2 218750 406250 781250
1569314788.93 4806735 25.717 3051102.857 218750 0 2 1 4.345 11253868 0.000 0.720 59338752.000 342118400.000 1569314786.971 1569314787.232 311 2 218750 406250 781250
1569314789.03 4798498 25.650 3051102.857 218750 0 2 1 4.345 11253868 10.000 0.720 59338752.000 342118400.000 1569314789.007 1569314787.232 311 2 218750 406250 781250
1569314789.13 4784748 25.517 3051102.857 218750 0 2 1 4.345 11253868 20.000 0.721 59338752.000 342257664.000 1569314789.046 1569314787.232 311 2 218750 406250 781250
1569314789.23 4733061 25.417 3051102.857 218750 0 2 1 4.345 11253868 0.000 0.724 59445248.000 342536192.000 1569314789.046 1569314787.232 311 2 218750 406250 781250
1569314789.33 4726864 25.350 3051102.857 218750 0 2 1 4.345 11253868 18.182 0.731 60162048.000 343105536.000 1569314789.046 1569314787.232 311 2 218750 406250 781250
1569314789.44 4714502 25.217 3051102.857 218750 0 2 1 4.345 11253868 20.000 0.734 60211200.000 343248896.000 1569314789.046 1569314787.232 311 2 218750 406250 781250
1569314789.54 4697622 25.083 3051102.857 218750 0 2 1 4.345 11253868 20.000 0.737 60456960.000 343527424.000 1569314789.046 1569314787.232 311 2 218750 406250 781250
1569314789.64 4690822 25.017 3051102.857 218750 0 2 1 4.345 11253868 30.000 0.740 60723200.000 343814144.000 1569314789.046 1569314787.232 311 2 218750 406250 781250
1569314789.74 4638184 24.917 3051102.857 218750 0 2 1 4.345 11253868 20.000 0.743 60968960.000 344100864.000 1569314789.707 1569314787.232 311 2 218750 406250 781250
1569314789.84 4624322 24.783 3051102.857 218750 0 2 1 4.345 11253868 30.000 0.720 59338752.000 342118400.000 1569314789.707 1569314787.232 311 2 218750 406250 781250
1569314789.94 4616323 24.717 3051102.857 218750 0 2 1 4.345 11253868 10.000 0.720 59338752.000 342118400.000 1569314789.707 1569314787.232 311 2 218750 406250 781250
1569314790.05 4600612 24.583 3051102.857 218750 0 2 1 4.345 11253868 9.091 0.720 59338752.000 342118400.000 1569314789.707 1569314787.232 311 2 218750 406250 781250
1569314790.15 4594316 24.517 3051102.857 218750 0 2 1 4.345 11253868 0.000 0.720 59338752.000 342118400.000 1569314789.707 1569314787.232 311 2 218750 406250 781250
1569314790.25 4543358 24.417 3051102.857 218750 0 2 1 4.345 11253868 0.000 0.720 59338752.000 342118400.000 1569314789.707 1569314787.232 311 2 218750 406250 781250
1569314790.35 4537056 24.333 3051102.857 218750 0 2 1 4.345 11253868 0.000 0.720 59338752.000 342118400.000 1569314789.707 1569314787.232 311 2 218750 406250 781250
1569314790.45 4524111 24.200 3051102.857 218750 0 2 1 4.345 11253868 0.000 0.720 59338752.000 342118400.000 1569314789.707 1569314787.232 311 2 218750 406250 781250
1569314790.55 4509608 24.067 3051102.857 218750 0 2 1 4.345 11253868 9.091 0.720 59338752.000 342118400.000 1569314789.707 1569314787.232 311 2 218750 406250 781250
1569314790.66 4503010 24.000 3051102.857 218750 0 2 1 4.345 11253868 0.000 0.720 59338752.000 342118400.000 1569314789.707 1569314787.232 311 2 218750 406250 781250
1569314790.76 4452072 23.917 3051102.857 218750 0 2 1 4.345 11253868 0.000 0.720 59338752.000 342118400.000 1569314789.707 1569314787.232 311 2 218750 406250 781250
1569314790.86 4438808 23.783 3051102.857 218750 0 2 1 4.345 11253868 10.000 0.720 59338752.000 342118400.000 1569314789.707 1569314787.232 311 2 218750 406250 781250
1569314790.96 4427403 23.683 3051102.857 218750 0 2 1 4.345 11253868 0.000 0.720 59338752.000 342118400.000 1569314789.707 1569314787.232 311 2 218750 406250 781250
1569314791.06 4420151 23.617 3051102.857 218750 0 2 1 4.345 11253868 0.000 0.720 59338752.000 342118400.000 1569314789.707 1569314787.232 311 2 218750 406250 781250
1569314791.17 4407554 23.500 3051102.857 218750 0 2 1 4.345 11253868 10.000 0.720 59338752.000 342118400.000 1569314789.707 1569314787.232 311 2 218750 406250 781250
1569314791.27 4355016 23.383 3051102.857 218750 0 2 1 4.345 11253868 0.000 0.720 59338752.000 342118400.000 1569314789.707 1569314787.232 311 2 218750 406250 781250
1569314791.37 4347330 23.317 3051102.857 218750 0 2 1 4.345 11253868 0.000 0.720 59338752.000 342118400.000 1569314789.707 1569314787.232 311 2 218750 406250 781250
1569314791.47 4329597 23.167 3051102.857 218750 0 2 1 4.345 11253868 0.000 0.720 59338752.000 342118400.000 1569314789.707 1569314787.232 311 2 218750 406250 781250
#Host: 10.73.0.27
1569314791.57 4321887 23.100 3051102.857 218750 0 2 1 4.345 11253868 0.000 0.720 59338752.000 342118400.000 1569314789.707 1569314787.232 311 2 218750 406250 781250
1569314791.67 4306113 23.000 3051102.857 218750 0 2 1 4.345 11253868 10.000 0.720 59338752.000 342118400.000 1569314789.707 1569314787.232 311 2 218750 406250 781250
1569314791.77 4252289 22.850 3051102.857 218750 0 2 1 4.345 11253868 0.000 0.720 59338752.000 342118400.000 1569314789.707 1569314787.232 311 2 218750 406250 781250
1569314791.88 4245907 22.783 3051102.857 218750 0 2 1 4.345 11253868 0.000 0.720 59338752.000 342118400.000 1569314789.707 1569314787.232 311 2 218750 406250 781250
1569314791.98 4232018 22.700 3051102.857 218750 0 2 1 4.345 11253868 0.000 0.720 59338752.000 342118400.000 1569314789.707 1569314787.232 311 2 218750 406250 781250
1569314792.08 4219579 22.567 3051102.857 218750 0 2 1 4.345 11253868 10.000 0.720 59338752.000 342118400.000 1569314789.707 1569314787.232 311 2 218750 406250 781250
1569314792.18 4212847 22.500 3051102.857 218750 0 2 1 4.345 11253868 0.000 0.720 59338752.000 342118400.000 1569314789.707 1569314787.232 311 2 218750 406250 781250
1569314792.28 4159624 22.350 3051102.857 218750 0 2 1 4.345 11253868 0.000 0.720 59338752.000 342118400.000 1569314789.707 1569314787.232 311 2 218750 406250 781250
1569314792.39 4154337 22.283 3051102.857 218750 0 2 1 4.345 11253868 10.000 0.720 59338752.000 342118400.000 1569314789.707 1569314787.232 311 2 218750 406250 781250
1569314792.49 4142292 22.183 3051102.857 218750 0 2 1 4.345 11253868 9.091 0.720 59338752.000 342118400.000 1569314789.707 1569314787.232 311 2 218750 406250 781250
1569314792.59 4127529 22.050 3051102.857 218750 0 2 1 4.345 11253868 0.000 0.720 59338752.000 342118400.000 1569314789.707 1569314787.232 311 2 218750 406250 781250
1569314792.69 4120246 21.983 3051102.857 218750 0 2 1 4.345 11253868 0.000 0.720 59338752.000 342118400.000 1569314789.707 1569314787.232 311 2 218750 406250 781250
1569314792.79 4070317 21.850 3051102.857 218750 0 2 1 4.345 11253868 0.000 0.720 59338752.000 342118400.000 1569314789.707 1569314787.232 311 2 218750 406250 781250
1569314792.90 4062603 21.767 3051102.857 218750 0 2 1 4.345 11253868 0.000 0.720 59338752.000 342118400.000 1569314789.707 1569314787.232 311 2 218750 406250 781250
1569314793.00 4045764 21.633 3051102.857 218750 0 2 1 4.345 11253868 10.000 0.720 59338752.000 342118400.000 1569314789.707 1569314787.232 311 2 218750 406250 781250
1569314793.10 4037503 21.567 3051102.857 218750 0 2 1 4.345 11253868 0.000 0.720 59338752.000 342118400.000 1569314789.707 1569314787.232 311 2 218750 406250 781250
1569314793.20 4023864 21.483 3051102.857 218750 0 2 1 4.345 11253868 10.000 0.720 59338752.000 342118400.000 1569314789.707 1569314787.232 311 2 218750 406250 781250
1569314793.30 3981488 21.350 3051102.857 218750 0 2 1 4.345 11253868 0.000 0.720 59338752.000 342118400.000 1569314789.707 1569314787.232 311 2 218750 406250 781250
1569314793.41 3966395 21.217 3051102.857 218750 0 2 1 4.345 11253868 0.000 0.720 59338752.000 342118400.000 1569314789.707 1569314787.232 311 2 218750 406250 781250
1569314793.51 3950972 21.117 3051102.857 218750 0 2 1 4.345 11253868 9.091 0.720 59338752.000 342257664.000 1569314793.422 1569314787.232 311 2 218750 406250 781250
1569314793.61 3939341 21.050 3051102.857 218750 0 2 1 4.345 11253868 10.000 0.722 59346944.000 342401024.000 1569314793.422 1569314787.232 311 2 218750 406250 781250
1569314793.71 3888980 20.917 3051102.857 218750 0 2 1 4.345 11253868 10.000 0.724 59502592.000 342544384.000 1569314793.422 1569314787.232 311 2 218750 406250 781250
1569314793.81 3883740 20.850 3051102.857 218750 0 2 1 4.345 11253868 20.000 0.726 59682816.000 342687744.000 1569314793.422 1569314787.232 311 2 218750 406250 781250
1569314793.92 3870108 20.717 3051102.857 218750 0 2 1 4.345 11253868 9.091 0.729 59854848.000 342831104.000 1569314793.422 1569314787.232 311 2 218750 406250 781250
1569314794.02 3861244 20.650 3051102.857 218750 0 2 1 4.345 11253868 20.000 0.731 60047360.000 343117824.000 1569314793.422 1569314787.232 311 2 218750 406250 781250
1569314794.12 3845269 20.517 3051102.857 218750 0 2 1 4.345 11253868 10.000 0.733 60231680.000 343261184.000 1569314793.422 1569314787.232 311 2 218750 406250 781250
1569314794.22 3796118 20.417 3051102.857 218750 0 2 1 4.345 11253868 20.000 0.735 60411904.000 343404544.000 1569314793.422 1569314787.232 311 2 218750 406250 781250
1569314794.32 3787146 20.317 3051102.857 218750 0 2 1 4.345 11253868 10.000 0.738 60596224.000 343691264.000 1569314793.422 1569314787.232 311 2 218750 406250 781250
1569314794.42 3779334 20.250 3051102.857 218750 0 2 1 4.345 11253868 20.000 0.740 60776448.000 343834624.000 1569314793.422 1569314787.232 311 2 218750 406250 781250
1569314794.53 3765519 20.117 3051102.857 218750 0 2 1 4.345 11253868 18.182 0.742 60960768.000 343973888.000 1569314793.422 1569314787.232 311 2 218750 406250 781250
1569314794.63 3757950 20.050 3051102.857 218750 0 2 1 4.345 11253868 20.000 0.744 61145088.000 344117248.000 1569314793.422 1569314787.232 311 2 218750 406250 781250
1569314794.73 3704475 19.917 3051102.857 218750 0 2 1 4.345 11253868 20.000 0.747 61325312.000 344403968.000 1569314793.422 1569314787.232 311 2 218750 406250 781250
1569314794.83 4446135 23.850 588181.915 218750 0 2 1 4.345 12047980 50.000 0.722 59404288.000 342118400.000 1569314793.422 1569314794.772 32 1 218750 406250 781250
1569314794.93 4431163 23.717 588181.915 218750 0 2 1 4.345 12047980 0.000 0.722 59482112.000 342118400.000 1569314793.422 1569314794.772 32 1 218750 406250 781250
1569314795.04 4421979 23.650 588181.915 218750 0 2 1 4.345 12047980 0.000 0.722 59482112.000 342118400.000 1569314793.422 1569314794.772 32 1 218750 406250 781250
1569314795.14 4405079 23.517 588181.915 218750 0 2 1 4.345 12047980 10.000 0.722 59482112.000 342118400.000 1569314793.422 1569314794.772 32 1 218750 406250 781250
1569314795.24 4355559 23.417 588181.915 218750 0 2 1 4.345 12047980 0.000 0.722 59482112.000 342118400.000 1569314793.422 1569314794.772 32 1 218750 406250 781250
1569314795.34 4341041 23.283 588181.915 218750 0 2 1 4.345 12047980 0.000 0.722 59482112.000 342118400.000 1569314793.422 1569314794.772 32 1 218750 406250 781250
1569314795.44 4332196 23.217 588181.915 218750 0 2 1 4.345 12047980 0.000 0.722 59482112.000 342118400.000 1569314793.422 1569314794.772 32 1 218750 406250 781250
#Host: 10.73.0.27
1569314795.54 4315494 23.133 588181.915 218750 0 2 1 4.345 12047980 20.000 0.726 59748352.000 342536192.000 1569314795.491 1569314794.772 32 1 218750 406250 781250
1569314795.64 4308243 23.000 588181.915 218750 0 2 1 4.345 12047980 10.000 0.729 59834368.000 342822912.000 1569314795.491 1569314794.772 32 1 218750 406250 781250
1569314795.75 4259295 22.917 588181.915 218750 0 2 1 4.345 12047980 18.182 0.732 60055552.000 342966272.000 1569314795.491 1569314794.772 32 1 218750 406250 781250
1569314795.85 4248352 22.783 588181.915 218750 0 2 1 4.345 12047980 20.000 0.734 60280832.000 343252992.000 1569314795.491 1569314794.772 32 1 218750 406250 781250
1569314795.95 4241350 22.717 588181.915 218750 0 2 1 4.345 12047980 10.000 0.737 60502016.000 343396352.000 1569314795.491 1569314794.772 32 1 218750 406250 781250
1569314796.05 4223603 22.583 588181.915 218750 0 2 1 4.345 12047980 20.000 0.740 60723200.000 343683072.000 1569314795.491 1569314794.772 32 1 218750 406250 781250
1569314796.15 4215692 22.517 588181.915 218750 0 2 1 4.345 12047980 20.000 0.742 60932096.000 343826432.000 1569314795.491 1569314794.772 32 1 218750 406250 781250
1569314796.26 4166744 22.417 588181.915 218750 0 2 1 4.345 12047980 18.182 0.745 61153280.000 344113152.000 1569314796.241 1569314794.772 32 1 218750 406250 781250
1569314796.36 4154700 22.283 588181.915 218750 0 2 1 4.345 12047980 40.000 0.722 59482112.000 342118400.000 1569314796.241 1569314794.772 32 1 218750 406250 781250
1569314796.46 4147230 22.217 588181.915 218750 0 2 1 4.345 12047980 0.000 0.722 59482112.000 342118400.000 1569314796.241 1569314794.772 32 1 218750 406250 781250
1569314796.56 4129559 22.067 588181.915 218750 0 2 1 4.345 12047980 0.000 0.722 59482112.000 342118400.000 1569314796.241 1569314794.772 32 1 218750 406250 781250
1569314796.66 4122869 22.000 588181.915 218750 0 2 1 4.345 12047980 0.000 0.722 59482112.000 342118400.000 1569314796.241 1569314794.772 32 1 218750 406250 781250
1569314796.76 4072142 21.917 588181.915 218750 0 2 1 4.345 12047980 10.000 0.722 59482112.000 342118400.000 1569314796.241 1569314794.772 32 1 218750 406250 781250
1569314796.87 4057623 21.767 588181.915 218750 0 2 1 4.345 12047980 0.000 0.722 59482112.000 342118400.000 1569314796.241 1569314794.772 32 1 218750 406250 781250
1569314796.97 4049486 21.700 588181.915 218750 0 2 1 4.345 12047980 0.000 0.722 59482112.000 342118400.000 1569314796.241 1569314794.772 32 1 218750 406250 781250
#Host: 10.73.0.27
1569314797.07 4033610 21.567 588181.915 218750 0 2 1 4.345 12047980 10.000 0.722 59482112.000 342118400.000 1569314796.241 1569314794.772 32 1 218750 406250 781250
1569314797.17 4026000 21.500 588181.915 218750 0 2 1 4.345 12047980 0.000 0.722 59482112.000 342118400.000 1569314796.241 1569314794.772 32 1 218750 406250 781250
1569314797.27 3974653 21.400 588181.915 218750 0 2 1 4.345 12047980 0.000 0.722 59482112.000 342118400.000 1569314796.241 1569314794.772 32 1 218750 406250 781250
1569314797.37 3963075 21.267 588181.915 218750 0 2 1 4.345 12047980 0.000 0.722 59482112.000 342118400.000 1569314796.241 1569314794.772 32 1 218750 406250 781250
1569314797.47 3955006 21.200 588181.915 218750 0 2 1 4.345 12047980 0.000 0.722 59482112.000 342118400.000 1569314796.241 1569314794.772 32 1 218750 406250 781250
1569314797.58 3937362 21.067 588181.915 218750 0 2 1 4.345 12047980 10.000 0.722 59482112.000 342118400.000 1569314796.241 1569314794.772 32 1 218750 406250 781250
1569314797.68 3929972 21.000 588181.915 218750 0 2 1 4.345 12047980 0.000 0.722 59482112.000 342118400.000 1569314796.241 1569314794.772 32 1 218750 406250 781250
1569314797.78 3881176 20.900 588181.915 218750 0 2 1 4.345 12047980 10.000 0.722 59482112.000 342118400.000 1569314796.241 1569314794.772 32 1 218750 406250 781250
1569314797.88 3870997 20.767 588181.915 218750 0 2 1 4.345 12047980 10.000 0.723 59482112.000 342261760.000 1569314797.783 1569314794.772 32 1 218750 406250 781250
1569314797.98 3864167 20.700 588181.915 218750 0 2 1 4.345 12047980 10.000 0.726 59580416.000 342544384.000 1569314797.783 1569314794.772 32 1 218750 406250 781250
1569314798.09 3848122 20.567 588181.915 218750 0 2 1 4.345 12047980 18.182 0.728 59801600.000 342687744.000 1569314797.783 1569314794.772 32 1 218750 406250 781250
1569314798.19 3830264 20.483 588181.915 218750 0 2 1 4.345 12047980 10.000 0.731 60022784.000 342974464.000 1569314797.783 1569314794.772 32 1 218750 406250 781250
1569314798.29 3782900 20.350 588181.915 218750 0 2 1 4.345 12047980 20.000 0.734 60243968.000 343117824.000 1569314797.783 1569314794.772 32 1 218750 406250 781250
1569314798.39 3776311 20.283 588181.915 218750 0 2 1 4.345 12047980 10.000 0.736 60452864.000 343404544.000 1569314797.783 1569314794.772 32 1 218750 406250 781250
1569314798.50 3759583 20.133 588181.915 218750 0 2 1 4.345 12047980 20.000 0.739 60674048.000 343547904.000 1569314797.783 1569314794.772 32 1 218750 406250 781250
1569314798.60 3750821 20.067 588181.915 218750 0 2 1 4.345 12047980 27.273 0.742 60895232.000 343838720.000 1569314797.783 1569314794.772 32 1 218750 406250 781250
1569314798.70 3734518 19.983 588181.915 218750 0 2 1 4.345 12047980 10.000 0.744 61120512.000 343982080.000 1569314797.783 1569314794.772 32 1 218750 406250 781250
1569314798.80 3685440 19.850 588181.915 218750 0 2 1 4.345 12047980 10.000 0.747 61329408.000 344317952.000 1569314797.783 1569314794.772 32 1 218750 406250 781250
1569314798.92 4427887 23.717 725053.645 218750 0 2 1 4.345 12847920 33.333 0.722 59482112.000 342118400.000 1569314797.783 1569314798.886 206 2 218750 406250 781250
1569314799.02 4420256 23.650 725053.645 218750 0 2 1 4.345 12847920 20.000 0.722 59482112.000 342118400.000 1569314797.783 1569314798.886 206 2 218750 406250 781250
1569314799.12 4405584 23.517 725053.645 218750 0 2 1 4.345 12847920 10.000 0.722 59482112.000 342118400.000 1569314797.783 1569314798.886 206 2 218750 406250 781250
1569314799.22 4355610 23.417 725053.645 218750 0 2 1 4.345 12847920 0.000 0.722 59482112.000 342118400.000 1569314797.783 1569314798.886 206 2 218750 406250 781250
1569314799.32 4349646 23.350 725053.645 218750 0 2 1 4.345 12847920 0.000 0.722 59482112.000 342118400.000 1569314797.783 1569314798.886 206 2 218750 406250 781250
1569314799.43 4334941 23.217 725053.645 218750 0 2 1 4.345 12847920 0.000 0.722 59482112.000 342118400.000 1569314797.783 1569314798.886 206 2 218750 406250 781250
1569314799.53 4326485 23.150 725053.645 218750 0 2 1 4.345 12847920 9.091 0.722 59482112.000 342118400.000 1569314797.783 1569314798.886 206 2 218750 406250 781250
1569314799.63 4313725 23.017 725053.645 218750 0 2 1 4.345 12847920 0.000 0.722 59482112.000 342118400.000 1569314797.783 1569314798.886 206 2 218750 406250 781250
1569314799.73 4263452 22.917 725053.645 218750 0 2 1 4.345 12847920 0.000 0.722 59482112.000 342118400.000 1569314797.783 1569314798.886 206 2 218750 406250 781250
#Host: 10.73.0.27
1569314799.83 4256546 22.850 725053.645 218750 0 2 1 4.345 12847920 10.000 0.722 59482112.000 342118400.000 1569314797.783 1569314798.886 206 2 218750 406250 781250
1569314799.93 4241730 22.717 725053.645 218750 0 2 1 4.345 12847920 9.091 0.722 59482112.000 342261760.000 1569314799.861 1569314798.886 206 2 218750 406250 781250
1569314800.04 4234519 22.650 725053.645 218750 0 2 1 4.345 12847920 20.000 0.724 59506688.000 342401024.000 1569314799.861 1569314798.886 206 2 218750 406250 781250
1569314800.14 4220377 22.517 725053.645 218750 0 2 1 4.345 12847920 10.000 0.727 59682816.000 342544384.000 1569314799.861 1569314798.886 206 2 218750 406250 781250
1569314800.24 4170236 22.400 725053.645 218750 0 2 1 4.345 12847920 10.000 0.729 59867136.000 342687744.000 1569314799.861 1569314798.886 206 2 218750 406250 781250
1569314800.34 4165143 22.333 725053.645 218750 0 2 1 4.345 12847920 20.000 0.731 60047360.000 342974464.000 1569314799.861 1569314798.886 206 2 218750 406250 781250
1569314800.44 4149510 22.200 725053.645 218750 0 2 1 4.345 12847920 10.000 0.733 60231680.000 343117824.000 1569314799.861 1569314798.886 206 2 218750 406250 781250
1569314800.54 4140541 22.133 725053.645 218750 0 2 1 4.345 12847920 10.000 0.735 60411904.000 343261184.000 1569314799.861 1569314798.886 206 2 218750 406250 781250
1569314800.65 4123634 22.000 725053.645 218750 0 2 1 4.345 12847920 9.091 0.738 60596224.000 343547904.000 1569314799.861 1569314798.886 206 2 218750 406250 781250
1569314800.75 4073496 21.900 725053.645 218750 0 2 1 4.345 12847920 20.000 0.740 60780544.000 343691264.000 1569314799.861 1569314798.886 206 2 218750 406250 781250
1569314800.85 4068021 21.833 725053.645 218750 0 2 1 4.345 12847920 20.000 0.741 60960768.000 343834624.000 1569314799.861 1569314798.886 206 2 218750 406250 781250
1569314800.96 4053787 21.700 725053.645 218750 0 2 1 4.345 12847920 27.273 0.722 59482112.000 342118400.000 1569314800.852 1569314798.886 206 2 218750 406250 781250
1569314801.06 4038052 21.567 725053.645 218750 0 2 1 4.345 12847920 0.000 0.722 59482112.000 342118400.000 1569314800.852 1569314798.886 206 2 218750 406250 781250
1569314801.16 4031880 21.500 725053.645 218750 0 2 1 4.345 12847920 10.000 0.722 59482112.000 342118400.000 1569314800.852 1569314798.886 206 2 218750 406250 781250
1569314801.27 3979263 21.383 725053.645 218750 0 2 1 4.345 12847920 0.000 0.722 59482112.000 342118400.000 1569314800.852 1569314798.886 206 2 218750 406250 781250
1569314801.37 3973136 21.317 725053.645 218750 0 2 1 4.345 12847920 9.091 0.722 59482112.000 342118400.000 1569314800.852 1569314798.886 206 2 218750 406250 781250
1569314801.47 3958582 21.183 725053.645 218750 0 2 1 4.345 12847920 0.000 0.722 59482112.000 342118400.000 1569314800.852 1569314798.886 206 2 218750 406250 781250
1569314801.57 3942723 21.100 725053.645 218750 0 2 1 4.345 12847920 0.000 0.722 59482112.000 342118400.000 1569314800.852 1569314798.886 206 2 218750 406250 781250
1569314801.67 3934037 21.000 725053.645 218750 0 2 1 4.345 12847920 0.000 0.722 59482112.000 342118400.000 1569314800.852 1569314798.886 206 2 218750 406250 781250
1569314801.77 3880608 20.850 725053.645 218750 0 2 1 4.345 12847920 9.091 0.722 59482112.000 342118400.000 1569314800.852 1569314798.886 206 2 218750 406250 781250
1569314801.88 3873767 20.783 725053.645 218750 0 2 1 4.345 12847920 0.000 0.722 59482112.000 342118400.000 1569314800.852 1569314798.886 206 2 218750 406250 781250
#Host: 10.73.0.27
1569314801.98 3858566 20.700 725053.645 218750 0 2 1 4.345 12847920 10.000 0.722 59482112.000 342118400.000 1569314800.852 1569314798.886 206 2 218750 406250 781250
1569314802.08 3849197 20.567 725053.645 218750 0 2 1 4.345 12847920 0.000 0.722 59482112.000 342118400.000 1569314800.852 1569314798.886 206 2 218750 406250 781250
1569314802.18 3842667 20.500 725053.645 218750 0 2 1 4.345 12847920 0.000 0.722 59482112.000 342118400.000 1569314800.852 1569314798.886 206 2 218750 406250 781250
1569314802.28 3791343 20.383 725053.645 218750 0 2 1 4.345 12847920 0.000 0.722 59482112.000 342118400.000 1569314800.852 1569314798.886 206 2 218750 406250 781250
1569314802.38 3777728 20.250 725053.645 218750 0 2 1 4.345 12847920 10.000 0.722 59482112.000 342118400.000 1569314800.852 1569314798.886 206 2 218750 406250 781250
1569314802.49 3771492 20.183 725053.645 218750 0 2 1 4.345 12847920 0.000 0.722 59482112.000 342118400.000 1569314800.852 1569314798.886 206 2 218750 406250 781250
1569314802.59 3757235 20.050 725053.645 218750 0 2 1 4.345 12847920 0.000 0.722 59482112.000 342118400.000 1569314800.852 1569314798.886 206 2 218750 406250 781250
1569314802.69 3748447 19.983 725053.645 218750 0 2 1 4.345 12847920 0.000 0.722 59482112.000 342118400.000 1569314800.852 1569314798.886 206 2 218750 406250 781250
1569314802.79 3699417 19.850 725053.645 218750 0 2 1 4.345 12847920 0.000 0.722 59482112.000 342118400.000 1569314800.852 1569314798.886 206 2 218750 406250 781250
1569314802.89 3693506 19.783 725053.645 218750 0 2 1 4.345 12847920 0.000 0.722 59482112.000 342118400.000 1569314800.852 1569314798.886 206 2 218750 406250 781250
1569314802.99 3678432 19.633 725053.645 218750 0 2 1 4.345 12847920 18.182 0.723 59482112.000 342261760.000 1569314802.920 1569314798.886 206 2 218750 406250 781250
1569314803.10 3670870 19.567 725053.645 218750 0 2 1 4.345 12847920 10.000 0.725 59531264.000 342401024.000 1569314802.920 1569314798.886 206 2 218750 406250 781250
1569314803.20 3656753 19.483 725053.645 218750 0 2 1 4.345 12847920 20.000 0.728 59748352.000 342687744.000 1569314802.920 1569314798.886 206 2 218750 406250 781250
1569314803.30 3610984 19.350 725053.645 218750 0 2 1 4.345 12847920 10.000 0.730 59969536.000 342831104.000 1569314802.920 1569314798.886 206 2 218750 406250 781250
1569314803.40 3600332 19.233 725053.645 218750 0 2 1 4.345 12847920 20.000 0.733 60178432.000 343117824.000 1569314802.920 1569314798.886 206 2 218750 406250 781250
1569314803.50 3594138 19.167 725053.645 218750 0 2 1 4.345 12847920 10.000 0.736 60399616.000 343261184.000 1569314802.920 1569314798.886 206 2 218750 406250 781250
1569314803.60 3579158 19.050 725053.645 218750 0 2 1 4.345 12847920 20.000 0.738 60620800.000 343547904.000 1569314802.920 1569314798.886 206 2 218750 406250 781250
1569314803.71 3524139 18.950 725053.645 218750 0 2 1 4.345 12847920 18.182 0.741 60841984.000 343691264.000 1569314802.920 1569314798.886 206 2 218750 406250 781250
1569314803.81 3515057 18.817 725053.645 218750 0 2 1 4.345 12847920 20.000 0.743 61038592.000 343982080.000 1569314802.920 1569314798.886 206 2 218750 406250 781250
1569314803.91 3508118 18.750 725053.645 218750 0 2 1 4.345 12847920 10.000 0.746 61214720.000 344125440.000 1569314802.920 1569314798.886 206 2 218750 406250 781250
1569314804.01 3493711 18.650 725053.645 218750 0 2 1 4.345 12847920 20.000 0.748 61435904.000 344412160.000 1569314802.920 1569314798.886 206 2 218750 406250 781250
1569314804.12 4226036 22.517 706428.537 218750 0 2 1 4.345 13635828 45.455 0.725 59748352.000 342118400.000 1569314802.920 1569314804.035 50 1 218750 406250 781250
1569314804.22 4173464 22.450 706428.537 218750 0 2 1 4.345 13635828 10.000 0.725 59748352.000 342118400.000 1569314802.920 1569314804.035 50 1 218750 406250 781250
1569314804.32 4163627 22.317 706428.537 218750 0 2 1 4.345 13635828 0.000 0.725 59748352.000 342118400.000 1569314802.920 1569314804.035 50 1 218750 406250 781250
1569314804.42 4154611 22.233 706428.537 218750 0 2 1 4.345 13635828 0.000 0.725 59748352.000 342118400.000 1569314802.920 1569314804.035 50 1 218750 406250 781250
1569314804.52 4137814 22.100 706428.537 218750 0 2 1 4.345 13635828 0.000 0.725 59748352.000 342118400.000 1569314802.920 1569314804.035 50 1 218750 406250 781250
1569314804.62 4130344 22.033 706428.537 218750 0 2 1 4.345 13635828 10.000 0.725 59748352.000 342118400.000 1569314802.920 1569314804.035 50 1 218750 406250 781250
1569314804.73 4077922 21.950 706428.537 218750 0 2 1 4.345 13635828 0.000 0.725 59748352.000 342118400.000 1569314802.920 1569314804.035 50 1 218750 406250 781250
1569314804.83 4069414 21.817 706428.537 218750 0 2 1 4.345 13635828 9.091 0.725 59748352.000 342118400.000 1569314802.920 1569314804.035 50 1 218750 406250 781250
1569314804.93 4062534 21.750 706428.537 218750 0 2 1 4.345 13635828 0.000 0.725 59748352.000 342118400.000 1569314802.920 1569314804.035 50 1 218750 406250 781250
#Host: 10.73.0.27
1569314805.03 4047280 21.650 706428.537 218750 0 2 1 4.345 13635828 10.000 0.725 59748352.000 342261760.000 1569314804.995 1569314804.035 50 1 218750 406250 781250
1569314805.13 4034263 21.517 706428.537 218750 0 2 1 4.345 13635828 10.000 0.727 59756544.000 342401024.000 1569314804.995 1569314804.035 50 1 218750 406250 781250
1569314805.24 3980763 21.417 706428.537 218750 0 2 1 4.345 13635828 18.182 0.730 59936768.000 342544384.000 1569314804.995 1569314804.035 50 1 218750 406250 781250
1569314805.34 3970090 21.283 706428.537 218750 0 2 1 4.345 13635828 10.000 0.733 60145664.000 342831104.000 1569314804.995 1569314804.035 50 1 218750 406250 781250
1569314805.44 3964322 21.217 706428.537 218750 0 2 1 4.345 13635828 10.000 0.735 60366848.000 342974464.000 1569314804.995 1569314804.035 50 1 218750 406250 781250
1569314805.54 3953534 21.117 706428.537 218750 0 2 1 4.345 13635828 20.000 0.738 60588032.000 343261184.000 1569314804.995 1569314804.035 50 1 218750 406250 781250
1569314805.64 3938847 21.000 706428.537 218750 0 2 1 4.345 13635828 20.000 0.741 60809216.000 343404544.000 1569314804.995 1569314804.035 50 1 218750 406250 781250
1569314805.74 3892144 20.917 706428.537 218750 0 2 1 4.345 13635828 20.000 0.743 61018112.000 343695360.000 1569314804.995 1569314804.035 50 1 218750 406250 781250
1569314805.85 3882313 20.783 706428.537 218750 0 2 1 4.345 13635828 10.000 0.745 61243392.000 343838720.000 1569314804.995 1569314804.035 50 1 218750 406250 781250
1569314805.95 3876529 20.717 706428.537 218750 0 2 1 4.345 13635828 18.182 0.748 61665280.000 344117248.000 1569314804.995 1569314804.035 50 1 218750 406250 781250
1569314806.05 3866170 20.617 706428.537 218750 0 2 1 4.345 13635828 40.000 0.725 59748352.000 342118400.000 1569314805.978 1569314804.035 50 1 218750 406250 781250
1569314806.15 3851959 20.500 706428.537 218750 0 2 1 4.345 13635828 0.000 0.725 59748352.000 342118400.000 1569314805.978 1569314804.035 50 1 218750 406250 781250
1569314806.25 3804668 20.417 706428.537 218750 0 2 1 4.345 13635828 10.000 0.725 59748352.000 342118400.000 1569314805.978 1569314804.035 50 1 218750 406250 781250
1569314806.35 3790814 20.283 706428.537 218750 0 2 1 4.345 13635828 0.000 0.725 59748352.000 342118400.000 1569314805.978 1569314804.035 50 1 218750 406250 781250
1569314806.46 3782295 20.217 706428.537 218750 0 2 1 4.345 13635828 0.000 0.725 59748352.000 342118400.000 1569314805.978 1569314804.035 50 1 218750 406250 781250
1569314806.56 3766996 20.083 706428.537 218750 0 2 1 4.345 13635828 0.000 0.725 59748352.000 342118400.000 1569314805.978 1569314804.035 50 1 218750 406250 781250
1569314806.66 3760769 20.017 706428.537 218750 0 2 1 4.345 13635828 10.000 0.725 59748352.000 342118400.000 1569314805.978 1569314804.035 50 1 218750 406250 781250
1569314806.76 3708298 19.917 706428.537 218750 0 2 1 4.345 13635828 10.000 0.725 59748352.000 342118400.000 1569314805.978 1569314804.035 50 1 218750 406250 781250
1569314806.87 3693042 19.767 706428.537 218750 0 2 1 4.345 13635828 0.000 0.725 59748352.000 342118400.000 1569314805.978 1569314804.035 50 1 218750 406250 781250
1569314806.97 3685345 19.700 706428.537 218750 0 2 1 4.345 13635828 0.000 0.725 59748352.000 342118400.000 1569314805.978 1569314804.035 50 1 218750 406250 781250
#Host: 10.73.0.27
1569314807.07 3670108 19.583 706428.537 218750 0 2 1 4.345 13635828 0.000 0.725 59748352.000 342118400.000 1569314805.978 1569314804.035 50 1 218750 406250 781250
1569314807.17 3655747 19.500 706428.537 218750 0 2 1 4.345 13635828 0.000 0.725 59748352.000 342118400.000 1569314805.978 1569314804.035 50 1 218750 406250 781250
1569314807.27 3604657 19.350 706428.537 218750 0 2 1 4.345 13635828 10.000 0.725 59748352.000 342118400.000 1569314805.978 1569314804.035 50 1 218750 406250 781250
1569314807.37 3598789 19.283 706428.537 218750 0 2 1 4.345 13635828 0.000 0.725 59748352.000 342118400.000 1569314805.978 1569314804.035 50 1 218750 406250 781250
1569314807.48 3585976 19.150 706428.537 218750 0 2 1 4.345 13635828 9.091 0.725 59748352.000 342118400.000 1569314805.978 1569314804.035 50 1 218750 406250 781250
